07:43:28.231 [main] INFO  JaguarDF - Welcome to Jaguar-DF CLI!
07:43:29.040 [main] DEBUG JaguarDF - CLI Arguments: [--projectDir, d4jprojects/closure-compiler, --classesDir, build/classes, --testsDir, build/test, --tests, tests.out, --logLevel, INFO]
Oct 23, 2021 7:44:21 AM com.google.javascript.jscomp.PhaseOptimizer$NamedPass process
INFO: checkVars
Oct 23, 2021 7:44:22 AM com.google.javascript.jscomp.PhaseOptimizer$NamedPass process
INFO: checkStrictMode
Oct 23, 2021 7:44:22 AM com.google.javascript.jscomp.PhaseOptimizer$NamedPass process
INFO: replaceMessages
Oct 23, 2021 7:44:22 AM com.google.javascript.jscomp.PhaseOptimizer$NamedPass process
INFO: processDefines
Oct 23, 2021 7:44:24 AM com.google.javascript.jscomp.PhaseOptimizer$NamedPass process
INFO: checkVars
Oct 23, 2021 7:44:24 AM com.google.javascript.jscomp.PhaseOptimizer$NamedPass process
INFO: checkStrictMode
Oct 23, 2021 7:44:24 AM com.google.javascript.jscomp.PhaseOptimizer$NamedPass process
INFO: replaceMessages
Oct 23, 2021 7:44:24 AM com.google.javascript.jscomp.PhaseOptimizer$NamedPass process
INFO: processDefines
Oct 23, 2021 7:44:26 AM com.google.javascript.jscomp.PhaseOptimizer$NamedPass process
INFO: checkVars
Oct 23, 2021 7:44:26 AM com.google.javascript.jscomp.PhaseOptimizer$NamedPass process
INFO: checkStrictMode
Oct 23, 2021 7:44:26 AM com.google.javascript.jscomp.PhaseOptimizer$NamedPass process
INFO: replaceMessages
Oct 23, 2021 7:44:26 AM com.google.javascript.jscomp.PhaseOptimizer$NamedPass process
INFO: processDefines
Oct 23, 2021 7:44:27 AM com.google.javascript.jscomp.PhaseOptimizer$NamedPass process
INFO: checkVars
Oct 23, 2021 7:44:27 AM com.google.javascript.jscomp.PhaseOptimizer$NamedPass process
INFO: checkStrictMode
Oct 23, 2021 7:44:27 AM com.google.javascript.jscomp.PhaseOptimizer$NamedPass process
INFO: replaceMessages
Oct 23, 2021 7:44:27 AM com.google.javascript.jscomp.PhaseOptimizer$NamedPass process
INFO: processDefines
Oct 23, 2021 7:44:28 AM com.google.javascript.jscomp.PhaseOptimizer$NamedPass process
INFO: checkVars
Oct 23, 2021 7:44:28 AM com.google.javascript.jscomp.PhaseOptimizer$NamedPass process
INFO: checkStrictMode
Oct 23, 2021 7:44:28 AM com.google.javascript.jscomp.PhaseOptimizer$NamedPass process
INFO: replaceMessages
Oct 23, 2021 7:44:28 AM com.google.javascript.jscomp.PhaseOptimizer$NamedPass process
INFO: processDefines
Oct 23, 2021 7:44:29 AM com.google.javascript.jscomp.PhaseOptimizer$NamedPass process
INFO: checkVars
Oct 23, 2021 7:44:29 AM com.google.javascript.jscomp.PhaseOptimizer$NamedPass process
INFO: checkStrictMode
Oct 23, 2021 7:44:29 AM com.google.javascript.jscomp.PhaseOptimizer$NamedPass process
INFO: replaceMessages
Oct 23, 2021 7:44:29 AM com.google.javascript.jscomp.PhaseOptimizer$NamedPass process
INFO: processDefines
Oct 23, 2021 7:44:30 AM com.google.javascript.jscomp.PhaseOptimizer$NamedPass process
INFO: checkVars
Oct 23, 2021 7:44:30 AM com.google.javascript.jscomp.PhaseOptimizer$NamedPass process
INFO: checkStrictMode
Oct 23, 2021 7:44:30 AM com.google.javascript.jscomp.PhaseOptimizer$NamedPass process
INFO: replaceMessages
Oct 23, 2021 7:44:31 AM com.google.javascript.jscomp.PhaseOptimizer$NamedPass process
INFO: processDefines
Oct 23, 2021 7:44:32 AM com.google.javascript.jscomp.PhaseOptimizer$NamedPass process
INFO: checkVars
Oct 23, 2021 7:44:32 AM com.google.javascript.jscomp.PhaseOptimizer$NamedPass process
INFO: checkStrictMode
Oct 23, 2021 7:44:32 AM com.google.javascript.jscomp.PhaseOptimizer$NamedPass process
INFO: replaceMessages
Oct 23, 2021 7:44:32 AM com.google.javascript.jscomp.PhaseOptimizer$NamedPass process
INFO: processDefines
Oct 23, 2021 7:44:33 AM com.google.javascript.jscomp.PhaseOptimizer$NamedPass process
INFO: checkVars
Oct 23, 2021 7:44:33 AM com.google.javascript.jscomp.PhaseOptimizer$NamedPass process
INFO: checkStrictMode
Oct 23, 2021 7:44:33 AM com.google.javascript.jscomp.PhaseOptimizer$NamedPass process
INFO: replaceMessages
Oct 23, 2021 7:44:33 AM com.google.javascript.jscomp.PhaseOptimizer$NamedPass process
INFO: processDefines
Oct 23, 2021 7:44:34 AM com.google.javascript.jscomp.PhaseOptimizer$NamedPass process
INFO: checkVars
Oct 23, 2021 7:44:34 AM com.google.javascript.jscomp.PhaseOptimizer$NamedPass process
INFO: checkStrictMode
Oct 23, 2021 7:44:34 AM com.google.javascript.jscomp.PhaseOptimizer$NamedPass process
INFO: replaceMessages
Oct 23, 2021 7:44:34 AM com.google.javascript.jscomp.PhaseOptimizer$NamedPass process
INFO: processDefines
Oct 23, 2021 7:44:34 AM com.google.javascript.jscomp.PhaseOptimizer$NamedPass process
INFO: checkVars
Oct 23, 2021 7:44:34 AM com.google.javascript.jscomp.PhaseOptimizer$NamedPass process
INFO: checkStrictMode
Oct 23, 2021 7:44:34 AM com.google.javascript.jscomp.PhaseOptimizer$NamedPass process
INFO: replaceMessages
Oct 23, 2021 7:44:34 AM com.google.javascript.jscomp.PhaseOptimizer$NamedPass process
INFO: processDefines
Oct 23, 2021 7:44:35 AM com.google.javascript.jscomp.PhaseOptimizer$NamedPass process
INFO: checkVars
Oct 23, 2021 7:44:35 AM com.google.javascript.jscomp.PhaseOptimizer$NamedPass process
INFO: checkStrictMode
Oct 23, 2021 7:44:35 AM com.google.javascript.jscomp.PhaseOptimizer$NamedPass process
INFO: replaceMessages
Oct 23, 2021 7:44:35 AM com.google.javascript.jscomp.PhaseOptimizer$NamedPass process
INFO: processDefines
Oct 23, 2021 7:44:36 AM com.google.javascript.jscomp.PhaseOptimizer$NamedPass process
INFO: checkVars
Oct 23, 2021 7:44:36 AM com.google.javascript.jscomp.PhaseOptimizer$NamedPass process
INFO: checkStrictMode
Oct 23, 2021 7:44:36 AM com.google.javascript.jscomp.PhaseOptimizer$NamedPass process
INFO: replaceMessages
Oct 23, 2021 7:44:36 AM com.google.javascript.jscomp.PhaseOptimizer$NamedPass process
INFO: processDefines
Oct 23, 2021 7:44:38 AM com.google.javascript.jscomp.PhaseOptimizer$NamedPass process
INFO: checkVars
Oct 23, 2021 7:44:38 AM com.google.javascript.jscomp.PhaseOptimizer$NamedPass process
INFO: checkStrictMode
Oct 23, 2021 7:44:38 AM com.google.javascript.jscomp.PhaseOptimizer$NamedPass process
INFO: replaceMessages
Oct 23, 2021 7:44:38 AM com.google.javascript.jscomp.PhaseOptimizer$NamedPass process
INFO: processDefines
Oct 23, 2021 7:44:40 AM com.google.javascript.jscomp.PhaseOptimizer$NamedPass process
INFO: checkVars
Oct 23, 2021 7:44:40 AM com.google.javascript.jscomp.PhaseOptimizer$NamedPass process
INFO: checkStrictMode
Oct 23, 2021 7:44:40 AM com.google.javascript.jscomp.PhaseOptimizer$NamedPass process
INFO: replaceMessages
Oct 23, 2021 7:44:40 AM com.google.javascript.jscomp.PhaseOptimizer$NamedPass process
INFO: processDefines
Oct 23, 2021 7:44:40 AM com.google.javascript.jscomp.PhaseOptimizer$NamedPass process
INFO: checkVars
Oct 23, 2021 7:44:40 AM com.google.javascript.jscomp.PhaseOptimizer$NamedPass process
INFO: checkStrictMode
Oct 23, 2021 7:44:40 AM com.google.javascript.jscomp.PhaseOptimizer$NamedPass process
INFO: replaceMessages
Oct 23, 2021 7:44:40 AM com.google.javascript.jscomp.PhaseOptimizer$NamedPass process
INFO: processDefines
Oct 23, 2021 7:44:42 AM com.google.javascript.jscomp.PhaseOptimizer$NamedPass process
INFO: checkVars
Oct 23, 2021 7:44:42 AM com.google.javascript.jscomp.PhaseOptimizer$NamedPass process
INFO: checkStrictMode
Oct 23, 2021 7:44:42 AM com.google.javascript.jscomp.PhaseOptimizer$NamedPass process
INFO: replaceMessages
Oct 23, 2021 7:44:42 AM com.google.javascript.jscomp.PhaseOptimizer$NamedPass process
INFO: processDefines
Oct 23, 2021 7:44:42 AM com.google.javascript.jscomp.PhaseOptimizer$NamedPass process
INFO: checkVars
Oct 23, 2021 7:44:42 AM com.google.javascript.jscomp.PhaseOptimizer$NamedPass process
INFO: checkStrictMode
Oct 23, 2021 7:44:42 AM com.google.javascript.jscomp.PhaseOptimizer$NamedPass process
INFO: replaceMessages
Oct 23, 2021 7:44:42 AM com.google.javascript.jscomp.PhaseOptimizer$NamedPass process
INFO: processDefines
Oct 23, 2021 7:44:44 AM com.google.javascript.jscomp.PhaseOptimizer$NamedPass process
INFO: checkVars
Oct 23, 2021 7:44:44 AM com.google.javascript.jscomp.PhaseOptimizer$NamedPass process
INFO: checkStrictMode
Oct 23, 2021 7:44:44 AM com.google.javascript.jscomp.PhaseOptimizer$NamedPass process
INFO: replaceMessages
Oct 23, 2021 7:44:44 AM com.google.javascript.jscomp.PhaseOptimizer$NamedPass process
INFO: processDefines
Oct 23, 2021 7:44:46 AM com.google.javascript.jscomp.PhaseOptimizer$NamedPass process
INFO: checkVars
Oct 23, 2021 7:44:46 AM com.google.javascript.jscomp.PhaseOptimizer$NamedPass process
INFO: checkStrictMode
Oct 23, 2021 7:44:46 AM com.google.javascript.jscomp.PhaseOptimizer$NamedPass process
INFO: replaceMessages
Oct 23, 2021 7:44:46 AM com.google.javascript.jscomp.PhaseOptimizer$NamedPass process
INFO: processDefines
Oct 23, 2021 7:44:48 AM com.google.javascript.jscomp.PhaseOptimizer$NamedPass process
INFO: checkVars
Oct 23, 2021 7:44:48 AM com.google.javascript.jscomp.PhaseOptimizer$NamedPass process
INFO: checkStrictMode
Oct 23, 2021 7:44:48 AM com.google.javascript.jscomp.PhaseOptimizer$NamedPass process
INFO: replaceMessages
Oct 23, 2021 7:44:48 AM com.google.javascript.jscomp.PhaseOptimizer$NamedPass process
INFO: processDefines
Oct 23, 2021 7:44:50 AM com.google.javascript.jscomp.PhaseOptimizer$NamedPass process
INFO: checkVars
Oct 23, 2021 7:44:50 AM com.google.javascript.jscomp.PhaseOptimizer$NamedPass process
INFO: checkStrictMode
Oct 23, 2021 7:44:50 AM com.google.javascript.jscomp.PhaseOptimizer$NamedPass process
INFO: replaceMessages
Oct 23, 2021 7:44:50 AM com.google.javascript.jscomp.PhaseOptimizer$NamedPass process
INFO: processDefines
Oct 23, 2021 7:44:52 AM com.google.javascript.jscomp.PhaseOptimizer$NamedPass process
INFO: checkVars
Oct 23, 2021 7:44:52 AM com.google.javascript.jscomp.PhaseOptimizer$NamedPass process
INFO: checkStrictMode
Oct 23, 2021 7:44:52 AM com.google.javascript.jscomp.PhaseOptimizer$NamedPass process
INFO: replaceMessages
Oct 23, 2021 7:44:52 AM com.google.javascript.jscomp.PhaseOptimizer$NamedPass process
INFO: processDefines
Oct 23, 2021 7:44:54 AM com.google.javascript.jscomp.PhaseOptimizer$NamedPass process
INFO: checkVars
Oct 23, 2021 7:44:54 AM com.google.javascript.jscomp.PhaseOptimizer$NamedPass process
INFO: checkStrictMode
Oct 23, 2021 7:44:54 AM com.google.javascript.jscomp.PhaseOptimizer$NamedPass process
INFO: replaceMessages
Oct 23, 2021 7:44:54 AM com.google.javascript.jscomp.PhaseOptimizer$NamedPass process
INFO: processDefines
Oct 23, 2021 7:44:55 AM com.google.javascript.jscomp.PhaseOptimizer$NamedPass process
INFO: checkVars
Oct 23, 2021 7:44:55 AM com.google.javascript.jscomp.PhaseOptimizer$NamedPass process
INFO: checkStrictMode
Oct 23, 2021 7:44:55 AM com.google.javascript.jscomp.PhaseOptimizer$NamedPass process
INFO: replaceMessages
Oct 23, 2021 7:44:55 AM com.google.javascript.jscomp.PhaseOptimizer$NamedPass process
INFO: processDefines
Oct 23, 2021 7:44:57 AM com.google.javascript.jscomp.PhaseOptimizer$NamedPass process
INFO: checkVars
Oct 23, 2021 7:44:57 AM com.google.javascript.jscomp.PhaseOptimizer$NamedPass process
INFO: checkStrictMode
Oct 23, 2021 7:44:57 AM com.google.javascript.jscomp.PhaseOptimizer$NamedPass process
INFO: replaceMessages
Oct 23, 2021 7:44:57 AM com.google.javascript.jscomp.PhaseOptimizer$NamedPass process
INFO: processDefines
Oct 23, 2021 7:44:59 AM com.google.javascript.jscomp.PhaseOptimizer$NamedPass process
INFO: checkVars
Oct 23, 2021 7:44:59 AM com.google.javascript.jscomp.PhaseOptimizer$NamedPass process
INFO: checkStrictMode
Oct 23, 2021 7:44:59 AM com.google.javascript.jscomp.PhaseOptimizer$NamedPass process
INFO: replaceMessages
Oct 23, 2021 7:44:59 AM com.google.javascript.jscomp.PhaseOptimizer$NamedPass process
INFO: processDefines
Oct 23, 2021 7:45:01 AM com.google.javascript.jscomp.PhaseOptimizer$NamedPass process
INFO: checkVars
Oct 23, 2021 7:45:01 AM com.google.javascript.jscomp.PhaseOptimizer$NamedPass process
INFO: checkStrictMode
Oct 23, 2021 7:45:01 AM com.google.javascript.jscomp.PhaseOptimizer$NamedPass process
INFO: replaceMessages
Oct 23, 2021 7:45:01 AM com.google.javascript.jscomp.PhaseOptimizer$NamedPass process
INFO: processDefines
Oct 23, 2021 7:45:03 AM com.google.javascript.jscomp.PhaseOptimizer$NamedPass process
INFO: checkVars
Oct 23, 2021 7:45:03 AM com.google.javascript.jscomp.PhaseOptimizer$NamedPass process
INFO: checkStrictMode
Oct 23, 2021 7:45:03 AM com.google.javascript.jscomp.PhaseOptimizer$NamedPass process
INFO: replaceMessages
Oct 23, 2021 7:45:03 AM com.google.javascript.jscomp.PhaseOptimizer$NamedPass process
INFO: processDefines
Oct 23, 2021 7:45:03 AM com.google.javascript.jscomp.PhaseOptimizer$NamedPass process
INFO: checkVars
Oct 23, 2021 7:45:03 AM com.google.javascript.jscomp.PhaseOptimizer$NamedPass process
INFO: checkStrictMode
Oct 23, 2021 7:45:03 AM com.google.javascript.jscomp.PhaseOptimizer$NamedPass process
INFO: replaceMessages
Oct 23, 2021 7:45:03 AM com.google.javascript.jscomp.PhaseOptimizer$NamedPass process
INFO: processDefines
Oct 23, 2021 7:45:05 AM com.google.javascript.jscomp.PhaseOptimizer$NamedPass process
INFO: checkVars
Oct 23, 2021 7:45:05 AM com.google.javascript.jscomp.PhaseOptimizer$NamedPass process
INFO: checkStrictMode
Oct 23, 2021 7:45:05 AM com.google.javascript.jscomp.PhaseOptimizer$NamedPass process
INFO: replaceMessages
Oct 23, 2021 7:45:05 AM com.google.javascript.jscomp.PhaseOptimizer$NamedPass process
INFO: processDefines
Oct 23, 2021 7:45:05 AM com.google.javascript.jscomp.PhaseOptimizer$NamedPass process
INFO: checkVars
Oct 23, 2021 7:45:05 AM com.google.javascript.jscomp.PhaseOptimizer$NamedPass process
INFO: checkStrictMode
Oct 23, 2021 7:45:05 AM com.google.javascript.jscomp.PhaseOptimizer$NamedPass process
INFO: replaceMessages
Oct 23, 2021 7:45:05 AM com.google.javascript.jscomp.PhaseOptimizer$NamedPass process
INFO: processDefines
Oct 23, 2021 7:45:07 AM com.google.javascript.jscomp.PhaseOptimizer$NamedPass process
INFO: checkVars
Oct 23, 2021 7:45:07 AM com.google.javascript.jscomp.PhaseOptimizer$NamedPass process
INFO: checkStrictMode
Oct 23, 2021 7:45:07 AM com.google.javascript.jscomp.PhaseOptimizer$NamedPass process
INFO: replaceMessages
Oct 23, 2021 7:45:07 AM com.google.javascript.jscomp.PhaseOptimizer$NamedPass process
INFO: processDefines
Oct 23, 2021 7:45:09 AM com.google.javascript.jscomp.PhaseOptimizer$NamedPass process
INFO: checkVars
Oct 23, 2021 7:45:09 AM com.google.javascript.jscomp.PhaseOptimizer$NamedPass process
INFO: checkStrictMode
Oct 23, 2021 7:45:09 AM com.google.javascript.jscomp.PhaseOptimizer$NamedPass process
INFO: replaceMessages
Oct 23, 2021 7:45:09 AM com.google.javascript.jscomp.PhaseOptimizer$NamedPass process
INFO: processDefines
Oct 23, 2021 7:45:17 AM com.google.javascript.jscomp.PhaseOptimizer$NamedPass process
INFO: checkVars
Oct 23, 2021 7:45:17 AM com.google.javascript.jscomp.PhaseOptimizer$NamedPass process
INFO: checkStrictMode
Oct 23, 2021 7:45:17 AM com.google.javascript.jscomp.PhaseOptimizer$NamedPass process
INFO: replaceMessages
Oct 23, 2021 7:45:17 AM com.google.javascript.jscomp.PhaseOptimizer$NamedPass process
INFO: processDefines
Oct 23, 2021 7:45:20 AM com.google.javascript.jscomp.PhaseOptimizer$NamedPass process
INFO: checkVars
Oct 23, 2021 7:45:20 AM com.google.javascript.jscomp.PhaseOptimizer$NamedPass process
INFO: checkStrictMode
Oct 23, 2021 7:45:20 AM com.google.javascript.jscomp.PhaseOptimizer$NamedPass process
INFO: replaceMessages
Oct 23, 2021 7:45:20 AM com.google.javascript.jscomp.PhaseOptimizer$NamedPass process
INFO: processDefines
Oct 23, 2021 7:45:22 AM com.google.javascript.jscomp.PhaseOptimizer$NamedPass process
INFO: checkVars
Oct 23, 2021 7:45:22 AM com.google.javascript.jscomp.PhaseOptimizer$NamedPass process
INFO: checkStrictMode
Oct 23, 2021 7:45:22 AM com.google.javascript.jscomp.PhaseOptimizer$NamedPass process
INFO: replaceMessages
Oct 23, 2021 7:45:22 AM com.google.javascript.jscomp.PhaseOptimizer$NamedPass process
INFO: processDefines
Oct 23, 2021 7:45:24 AM com.google.javascript.jscomp.PhaseOptimizer$NamedPass process
INFO: checkVars
Oct 23, 2021 7:45:24 AM com.google.javascript.jscomp.PhaseOptimizer$NamedPass process
INFO: checkStrictMode
Oct 23, 2021 7:45:24 AM com.google.javascript.jscomp.PhaseOptimizer$NamedPass process
INFO: replaceMessages
Oct 23, 2021 7:45:24 AM com.google.javascript.jscomp.PhaseOptimizer$NamedPass process
INFO: processDefines
Oct 23, 2021 7:45:26 AM com.google.javascript.jscomp.PhaseOptimizer$NamedPass process
INFO: checkVars
Oct 23, 2021 7:45:26 AM com.google.javascript.jscomp.PhaseOptimizer$NamedPass process
INFO: checkStrictMode
Oct 23, 2021 7:45:26 AM com.google.javascript.jscomp.PhaseOptimizer$NamedPass process
INFO: replaceMessages
Oct 23, 2021 7:45:26 AM com.google.javascript.jscomp.PhaseOptimizer$NamedPass process
INFO: processDefines
Oct 23, 2021 7:45:26 AM com.google.javascript.jscomp.PhaseOptimizer$NamedPass process
INFO: checkVars
Oct 23, 2021 7:45:26 AM com.google.javascript.jscomp.PhaseOptimizer$NamedPass process
INFO: checkStrictMode
Oct 23, 2021 7:45:26 AM com.google.javascript.jscomp.PhaseOptimizer$NamedPass process
INFO: replaceMessages
Oct 23, 2021 7:45:26 AM com.google.javascript.jscomp.PhaseOptimizer$NamedPass process
INFO: processDefines
Oct 23, 2021 7:45:28 AM com.google.javascript.jscomp.PhaseOptimizer$NamedPass process
INFO: checkVars
Oct 23, 2021 7:45:28 AM com.google.javascript.jscomp.PhaseOptimizer$NamedPass process
INFO: checkStrictMode
Oct 23, 2021 7:45:28 AM com.google.javascript.jscomp.PhaseOptimizer$NamedPass process
INFO: replaceMessages
Oct 23, 2021 7:45:28 AM com.google.javascript.jscomp.PhaseOptimizer$NamedPass process
INFO: processDefines
Oct 23, 2021 7:45:30 AM com.google.javascript.jscomp.PhaseOptimizer$NamedPass process
INFO: checkVars
Oct 23, 2021 7:45:30 AM com.google.javascript.jscomp.PhaseOptimizer$NamedPass process
INFO: checkStrictMode
Oct 23, 2021 7:45:30 AM com.google.javascript.jscomp.PhaseOptimizer$NamedPass process
INFO: replaceMessages
Oct 23, 2021 7:45:30 AM com.google.javascript.jscomp.PhaseOptimizer$NamedPass process
INFO: processDefines
Oct 23, 2021 7:45:33 AM com.google.javascript.jscomp.PhaseOptimizer$NamedPass process
INFO: checkVars
Oct 23, 2021 7:45:33 AM com.google.javascript.jscomp.PhaseOptimizer$NamedPass process
INFO: checkStrictMode
Oct 23, 2021 7:45:33 AM com.google.javascript.jscomp.PhaseOptimizer$NamedPass process
INFO: replaceMessages
Oct 23, 2021 7:45:33 AM com.google.javascript.jscomp.PhaseOptimizer$NamedPass process
INFO: processDefines
Oct 23, 2021 7:45:35 AM com.google.javascript.jscomp.PhaseOptimizer$NamedPass process
INFO: checkVars
Oct 23, 2021 7:45:35 AM com.google.javascript.jscomp.PhaseOptimizer$NamedPass process
INFO: checkStrictMode
Oct 23, 2021 7:45:35 AM com.google.javascript.jscomp.PhaseOptimizer$NamedPass process
INFO: replaceMessages
Oct 23, 2021 7:45:35 AM com.google.javascript.jscomp.PhaseOptimizer$NamedPass process
INFO: processDefines
Oct 23, 2021 7:45:35 AM com.google.javascript.jscomp.PhaseOptimizer$NamedPass process
INFO: checkVars
Oct 23, 2021 7:45:35 AM com.google.javascript.jscomp.PhaseOptimizer$NamedPass process
INFO: checkStrictMode
Oct 23, 2021 7:45:35 AM com.google.javascript.jscomp.PhaseOptimizer$NamedPass process
INFO: replaceMessages
Oct 23, 2021 7:45:35 AM com.google.javascript.jscomp.PhaseOptimizer$NamedPass process
INFO: processDefines
Oct 23, 2021 7:45:37 AM com.google.javascript.jscomp.PhaseOptimizer$NamedPass process
INFO: checkVars
Oct 23, 2021 7:45:37 AM com.google.javascript.jscomp.PhaseOptimizer$NamedPass process
INFO: checkStrictMode
Oct 23, 2021 7:45:37 AM com.google.javascript.jscomp.PhaseOptimizer$NamedPass process
INFO: replaceMessages
Oct 23, 2021 7:45:37 AM com.google.javascript.jscomp.PhaseOptimizer$NamedPass process
INFO: processDefines
Oct 23, 2021 7:45:37 AM com.google.javascript.jscomp.PhaseOptimizer$NamedPass process
INFO: checkVars
Oct 23, 2021 7:45:37 AM com.google.javascript.jscomp.PhaseOptimizer$NamedPass process
INFO: checkStrictMode
Oct 23, 2021 7:45:37 AM com.google.javascript.jscomp.PhaseOptimizer$NamedPass process
INFO: replaceMessages
Oct 23, 2021 7:45:37 AM com.google.javascript.jscomp.PhaseOptimizer$NamedPass process
INFO: processDefines
Oct 23, 2021 7:45:41 AM com.google.javascript.jscomp.PhaseOptimizer$NamedPass process
INFO: checkVars
Oct 23, 2021 7:45:41 AM com.google.javascript.jscomp.PhaseOptimizer$NamedPass process
INFO: checkStrictMode
Oct 23, 2021 7:45:41 AM com.google.javascript.jscomp.PhaseOptimizer$NamedPass process
INFO: replaceMessages
Oct 23, 2021 7:45:41 AM com.google.javascript.jscomp.PhaseOptimizer$NamedPass process
INFO: processDefines
Oct 23, 2021 7:45:43 AM com.google.javascript.jscomp.PhaseOptimizer$NamedPass process
INFO: checkVars
Oct 23, 2021 7:45:43 AM com.google.javascript.jscomp.PhaseOptimizer$NamedPass process
INFO: checkStrictMode
Oct 23, 2021 7:45:43 AM com.google.javascript.jscomp.PhaseOptimizer$NamedPass process
INFO: replaceMessages
Oct 23, 2021 7:45:43 AM com.google.javascript.jscomp.PhaseOptimizer$NamedPass process
INFO: processDefines
Oct 23, 2021 7:45:45 AM com.google.javascript.jscomp.PhaseOptimizer$NamedPass process
INFO: checkVars
Oct 23, 2021 7:45:45 AM com.google.javascript.jscomp.PhaseOptimizer$NamedPass process
INFO: checkStrictMode
Oct 23, 2021 7:45:45 AM com.google.javascript.jscomp.PhaseOptimizer$NamedPass process
INFO: replaceMessages
Oct 23, 2021 7:45:45 AM com.google.javascript.jscomp.PhaseOptimizer$NamedPass process
INFO: processDefines
Oct 23, 2021 7:45:47 AM com.google.javascript.jscomp.PhaseOptimizer$NamedPass process
INFO: checkVars
Oct 23, 2021 7:45:47 AM com.google.javascript.jscomp.PhaseOptimizer$NamedPass process
INFO: checkStrictMode
Oct 23, 2021 7:45:47 AM com.google.javascript.jscomp.PhaseOptimizer$NamedPass process
INFO: replaceMessages
Oct 23, 2021 7:45:47 AM com.google.javascript.jscomp.PhaseOptimizer$NamedPass process
INFO: processDefines
Oct 23, 2021 7:45:47 AM com.google.javascript.jscomp.PhaseOptimizer$NamedPass process
INFO: checkVars
Oct 23, 2021 7:45:47 AM com.google.javascript.jscomp.PhaseOptimizer$NamedPass process
INFO: checkStrictMode
Oct 23, 2021 7:45:47 AM com.google.javascript.jscomp.PhaseOptimizer$NamedPass process
INFO: replaceMessages
Oct 23, 2021 7:45:47 AM com.google.javascript.jscomp.PhaseOptimizer$NamedPass process
INFO: processDefines
Oct 23, 2021 7:45:50 AM com.google.javascript.jscomp.PhaseOptimizer$NamedPass process
INFO: checkVars
Oct 23, 2021 7:45:50 AM com.google.javascript.jscomp.PhaseOptimizer$NamedPass process
INFO: checkStrictMode
Oct 23, 2021 7:45:50 AM com.google.javascript.jscomp.PhaseOptimizer$NamedPass process
INFO: replaceMessages
Oct 23, 2021 7:45:50 AM com.google.javascript.jscomp.PhaseOptimizer$NamedPass process
INFO: processDefines
Oct 23, 2021 7:45:50 AM com.google.javascript.jscomp.PhaseOptimizer$NamedPass process
INFO: checkVars
Oct 23, 2021 7:45:50 AM com.google.javascript.jscomp.PhaseOptimizer$NamedPass process
INFO: checkStrictMode
Oct 23, 2021 7:45:50 AM com.google.javascript.jscomp.PhaseOptimizer$NamedPass process
INFO: replaceMessages
Oct 23, 2021 7:45:50 AM com.google.javascript.jscomp.PhaseOptimizer$NamedPass process
INFO: processDefines
Oct 23, 2021 7:45:52 AM com.google.javascript.jscomp.PhaseOptimizer$NamedPass process
INFO: checkVars
Oct 23, 2021 7:45:52 AM com.google.javascript.jscomp.PhaseOptimizer$NamedPass process
INFO: checkStrictMode
Oct 23, 2021 7:45:52 AM com.google.javascript.jscomp.PhaseOptimizer$NamedPass process
INFO: replaceMessages
Oct 23, 2021 7:45:52 AM com.google.javascript.jscomp.PhaseOptimizer$NamedPass process
INFO: processDefines
Oct 23, 2021 7:45:54 AM com.google.javascript.jscomp.PhaseOptimizer$NamedPass process
INFO: checkVars
Oct 23, 2021 7:45:54 AM com.google.javascript.jscomp.PhaseOptimizer$NamedPass process
INFO: checkStrictMode
Oct 23, 2021 7:45:54 AM com.google.javascript.jscomp.PhaseOptimizer$NamedPass process
INFO: replaceMessages
Oct 23, 2021 7:45:54 AM com.google.javascript.jscomp.PhaseOptimizer$NamedPass process
INFO: processDefines
Oct 23, 2021 7:47:05 AM com.google.javascript.jscomp.AliasStrings process
INFO: Aliasing common strings
Oct 23, 2021 7:47:05 AM com.google.javascript.jscomp.AliasStrings process
INFO: Aliasing common strings
Oct 23, 2021 7:47:05 AM com.google.javascript.jscomp.AliasStrings process
INFO: Aliasing common strings
Oct 23, 2021 7:47:05 AM com.google.javascript.jscomp.AliasStrings process
INFO: Aliasing common strings
Oct 23, 2021 7:47:05 AM com.google.javascript.jscomp.AliasStrings process
INFO: Aliasing common strings
Oct 23, 2021 7:47:05 AM com.google.javascript.jscomp.AliasStrings process
INFO: Aliasing common strings
Oct 23, 2021 7:47:07 AM com.google.javascript.jscomp.AliasStrings process
INFO: Aliasing common strings
Oct 23, 2021 7:47:07 AM com.google.javascript.jscomp.AliasStrings process
INFO: Aliasing common strings
Oct 23, 2021 7:47:07 AM com.google.javascript.jscomp.AliasStrings process
INFO: Aliasing common strings
Oct 23, 2021 7:47:07 AM com.google.javascript.jscomp.AliasStrings process
INFO: Aliasing common strings
Oct 23, 2021 7:47:07 AM com.google.javascript.jscomp.AliasStrings process
INFO: Aliasing common strings
Oct 23, 2021 7:47:07 AM com.google.javascript.jscomp.AliasStrings process
INFO: Aliasing common strings
Oct 23, 2021 7:47:10 AM com.google.javascript.jscomp.AliasStrings process
INFO: Aliasing common strings
Oct 23, 2021 7:47:10 AM com.google.javascript.jscomp.AliasStrings process
INFO: Aliasing common strings
Oct 23, 2021 7:47:10 AM com.google.javascript.jscomp.AliasStrings process
INFO: Aliasing common strings
Oct 23, 2021 7:47:10 AM com.google.javascript.jscomp.AliasStrings process
INFO: Aliasing common strings
Oct 23, 2021 7:47:12 AM com.google.javascript.jscomp.AliasStrings process
INFO: Aliasing common strings
Oct 23, 2021 7:47:12 AM com.google.javascript.jscomp.AliasStrings process
INFO: Aliasing common strings
Oct 23, 2021 7:47:14 AM com.google.javascript.jscomp.AliasStrings process
INFO: Aliasing common strings
Oct 23, 2021 7:47:14 AM com.google.javascript.jscomp.AliasStrings process
INFO: Aliasing common strings
Oct 23, 2021 7:47:14 AM com.google.javascript.jscomp.AliasStrings process
INFO: Aliasing common strings
Oct 23, 2021 7:47:14 AM com.google.javascript.jscomp.AliasStrings process
INFO: Aliasing common strings
Oct 23, 2021 7:47:14 AM com.google.javascript.jscomp.AliasStrings process
INFO: Aliasing common strings
Oct 23, 2021 7:47:14 AM com.google.javascript.jscomp.AliasStrings process
INFO: Aliasing common strings
Oct 23, 2021 7:47:14 AM com.google.javascript.jscomp.AliasStrings process
INFO: Aliasing common strings
Oct 23, 2021 7:47:14 AM com.google.javascript.jscomp.AliasStrings process
INFO: Aliasing common strings
Oct 23, 2021 7:47:14 AM com.google.javascript.jscomp.AliasStrings process
INFO: Aliasing common strings
Oct 23, 2021 7:47:14 AM com.google.javascript.jscomp.AliasStrings process
INFO: Aliasing common strings
Oct 23, 2021 7:47:17 AM com.google.javascript.jscomp.AliasStrings process
INFO: Aliasing common strings
Oct 23, 2021 7:47:17 AM com.google.javascript.jscomp.AliasStrings process
INFO: Aliasing common strings
Oct 23, 2021 7:47:19 AM com.google.javascript.jscomp.AliasStrings process
INFO: Aliasing common strings
Oct 23, 2021 7:47:19 AM com.google.javascript.jscomp.AliasStrings process
INFO: Aliasing common strings
Oct 23, 2021 7:47:22 AM com.google.javascript.jscomp.AliasStrings process
INFO: Aliasing common strings
Oct 23, 2021 7:47:22 AM com.google.javascript.jscomp.AliasStrings process
INFO: Aliasing common strings
Oct 23, 2021 7:47:24 AM com.google.javascript.jscomp.AliasStrings process
INFO: Aliasing common strings
Oct 23, 2021 7:47:24 AM com.google.javascript.jscomp.AliasStrings process
INFO: Aliasing common strings
Oct 23, 2021 7:47:24 AM com.google.javascript.jscomp.AliasStrings process
INFO: Aliasing common strings
Oct 23, 2021 7:47:24 AM com.google.javascript.jscomp.AliasStrings process
INFO: Aliasing common strings
Oct 23, 2021 7:47:24 AM com.google.javascript.jscomp.AliasStrings process
INFO: Aliasing common strings
Oct 23, 2021 7:47:24 AM com.google.javascript.jscomp.AliasStrings process
INFO: Aliasing common strings
Oct 23, 2021 7:47:24 AM com.google.javascript.jscomp.AliasStrings process
INFO: Aliasing common strings
Oct 23, 2021 7:47:24 AM com.google.javascript.jscomp.AliasStrings process
INFO: Aliasing common strings
Oct 23, 2021 7:47:24 AM com.google.javascript.jscomp.AliasStrings process
INFO: Aliasing common strings
Oct 23, 2021 7:47:24 AM com.google.javascript.jscomp.AliasStrings process
INFO: Aliasing common strings
Oct 23, 2021 7:47:24 AM com.google.javascript.jscomp.AliasStrings process
INFO: Aliasing common strings
Oct 23, 2021 7:47:24 AM com.google.javascript.jscomp.AliasStrings process
INFO: Aliasing common strings
Oct 23, 2021 7:47:24 AM com.google.javascript.jscomp.AliasStrings process
INFO: Aliasing common strings
Oct 23, 2021 7:47:24 AM com.google.javascript.jscomp.AliasStrings process
INFO: Aliasing common strings
Oct 23, 2021 7:47:26 AM com.google.javascript.jscomp.AliasStrings process
INFO: Aliasing common strings
Oct 23, 2021 7:47:26 AM com.google.javascript.jscomp.AliasStrings process
INFO: Aliasing common strings
Oct 23, 2021 7:47:29 AM com.google.javascript.jscomp.AliasStrings process
INFO: Aliasing common strings
Oct 23, 2021 7:47:29 AM com.google.javascript.jscomp.AliasStrings process
INFO: Aliasing common strings
Oct 23, 2021 7:47:31 AM com.google.javascript.jscomp.AliasStrings process
INFO: Aliasing common strings
Oct 23, 2021 7:47:31 AM com.google.javascript.jscomp.AliasStrings process
INFO: Aliasing common strings
Oct 23, 2021 7:47:33 AM com.google.javascript.jscomp.AliasStrings process
INFO: Aliasing common strings
Oct 23, 2021 7:47:33 AM com.google.javascript.jscomp.AliasStrings process
INFO: Aliasing common strings
Oct 23, 2021 7:47:33 AM com.google.javascript.jscomp.AliasStrings process
INFO: Aliasing common strings
Oct 23, 2021 7:47:33 AM com.google.javascript.jscomp.AliasStrings process
INFO: Aliasing common strings
Oct 23, 2021 7:47:33 AM com.google.javascript.jscomp.AliasStrings process
INFO: Aliasing common strings
Oct 23, 2021 7:47:33 AM com.google.javascript.jscomp.AliasStrings process
INFO: Aliasing common strings
Oct 23, 2021 7:47:33 AM com.google.javascript.jscomp.AliasStrings process
INFO: Aliasing common strings
Oct 23, 2021 7:47:33 AM com.google.javascript.jscomp.AliasStrings process
INFO: Aliasing common strings
Oct 23, 2021 7:47:33 AM com.google.javascript.jscomp.AliasStrings process
INFO: Aliasing common strings
Oct 23, 2021 7:47:33 AM com.google.javascript.jscomp.AliasStrings process
INFO: Aliasing common strings
Oct 23, 2021 7:47:33 AM com.google.javascript.jscomp.AliasStrings process
INFO: Aliasing common strings
Oct 23, 2021 7:47:33 AM com.google.javascript.jscomp.AliasStrings process
INFO: Aliasing common strings
Oct 23, 2021 7:47:33 AM com.google.javascript.jscomp.AliasStrings process
INFO: Aliasing common strings
Oct 23, 2021 7:47:33 AM com.google.javascript.jscomp.AliasStrings process
INFO: Aliasing common strings
Oct 23, 2021 7:47:34 AM com.google.javascript.jscomp.AliasStrings process
INFO: Aliasing common strings
Oct 23, 2021 7:47:34 AM com.google.javascript.jscomp.AliasStrings process
INFO: Aliasing common strings
Oct 23, 2021 7:47:36 AM com.google.javascript.jscomp.AliasStrings process
INFO: Aliasing common strings
Oct 23, 2021 7:47:36 AM com.google.javascript.jscomp.AliasStrings process
INFO: Aliasing common strings
Oct 23, 2021 7:47:38 AM com.google.javascript.jscomp.AmbiguateProperties process
INFO: Collapsed 2 properties into 1 and skipped renaming 0 properties.
Oct 23, 2021 7:47:42 AM com.google.javascript.jscomp.AmbiguateProperties process
INFO: Collapsed 1 properties into 1 and skipped renaming 0 properties.
Oct 23, 2021 7:47:45 AM com.google.javascript.jscomp.AmbiguateProperties process
INFO: Collapsed 0 properties into 1 and skipped renaming 0 properties.
Oct 23, 2021 7:47:47 AM com.google.javascript.jscomp.AmbiguateProperties process
INFO: Collapsed 0 properties into 1 and skipped renaming 0 properties.
Oct 23, 2021 7:47:50 AM com.google.javascript.jscomp.AmbiguateProperties process
INFO: Collapsed 2 properties into 2 and skipped renaming 0 properties.
Oct 23, 2021 7:47:53 AM com.google.javascript.jscomp.AmbiguateProperties process
INFO: Collapsed 0 properties into 1 and skipped renaming 1 properties.
Oct 23, 2021 7:47:56 AM com.google.javascript.jscomp.AmbiguateProperties process
INFO: Collapsed 1 properties into 1 and skipped renaming 0 properties.
Oct 23, 2021 7:47:59 AM com.google.javascript.jscomp.AmbiguateProperties process
INFO: Collapsed 0 properties into 1 and skipped renaming 1 properties.
Oct 23, 2021 7:48:02 AM com.google.javascript.jscomp.AmbiguateProperties process
INFO: Collapsed 0 properties into 1 and skipped renaming 1 properties.
Oct 23, 2021 7:48:05 AM com.google.javascript.jscomp.AmbiguateProperties process
INFO: Collapsed 0 properties into 1 and skipped renaming 1 properties.
Oct 23, 2021 7:48:08 AM com.google.javascript.jscomp.AmbiguateProperties process
INFO: Collapsed 0 properties into 1 and skipped renaming 1 properties.
Oct 23, 2021 7:48:11 AM com.google.javascript.jscomp.AmbiguateProperties process
INFO: Collapsed 0 properties into 1 and skipped renaming 0 properties.
Oct 23, 2021 7:48:14 AM com.google.javascript.jscomp.AmbiguateProperties process
INFO: Collapsed 1 properties into 1 and skipped renaming 0 properties.
Oct 23, 2021 7:48:17 AM com.google.javascript.jscomp.AmbiguateProperties process
INFO: Collapsed 0 properties into 1 and skipped renaming 0 properties.
Oct 23, 2021 7:48:20 AM com.google.javascript.jscomp.AmbiguateProperties process
INFO: Collapsed 1 properties into 1 and skipped renaming 0 properties.
Oct 23, 2021 7:48:23 AM com.google.javascript.jscomp.AmbiguateProperties process
INFO: Collapsed 2 properties into 1 and skipped renaming 0 properties.
Oct 23, 2021 7:48:26 AM com.google.javascript.jscomp.AmbiguateProperties process
INFO: Collapsed 3 properties into 1 and skipped renaming 0 properties.
Oct 23, 2021 7:48:29 AM com.google.javascript.jscomp.AmbiguateProperties process
INFO: Collapsed 1 properties into 1 and skipped renaming 1 properties.
Oct 23, 2021 7:48:29 AM com.google.javascript.jscomp.AmbiguateProperties process
INFO: Collapsed 0 properties into 1 and skipped renaming 2 properties.
Oct 23, 2021 7:48:29 AM com.google.javascript.jscomp.AmbiguateProperties process
INFO: Collapsed 2 properties into 1 and skipped renaming 0 properties.
Oct 23, 2021 7:48:32 AM com.google.javascript.jscomp.AmbiguateProperties process
INFO: Collapsed 0 properties into 1 and skipped renaming 1 properties.
Oct 23, 2021 7:48:35 AM com.google.javascript.jscomp.AmbiguateProperties process
INFO: Collapsed 3 properties into 3 and skipped renaming 0 properties.
Oct 23, 2021 7:48:38 AM com.google.javascript.jscomp.AmbiguateProperties process
INFO: Collapsed 3 properties into 3 and skipped renaming 0 properties.
Oct 23, 2021 7:48:41 AM com.google.javascript.jscomp.AmbiguateProperties process
INFO: Collapsed 2 properties into 2 and skipped renaming 0 properties.
Oct 23, 2021 7:48:44 AM com.google.javascript.jscomp.AmbiguateProperties process
INFO: Collapsed 2 properties into 2 and skipped renaming 0 properties.
Oct 23, 2021 7:48:47 AM com.google.javascript.jscomp.AmbiguateProperties process
INFO: Collapsed 2 properties into 2 and skipped renaming 0 properties.
Oct 23, 2021 7:48:50 AM com.google.javascript.jscomp.AmbiguateProperties process
INFO: Collapsed 1 properties into 1 and skipped renaming 1 properties.
Oct 23, 2021 7:48:53 AM com.google.javascript.jscomp.AmbiguateProperties process
INFO: Collapsed 1 properties into 1 and skipped renaming 1 properties.
Oct 23, 2021 7:48:56 AM com.google.javascript.jscomp.AmbiguateProperties process
INFO: Collapsed 1 properties into 1 and skipped renaming 0 properties.
Oct 23, 2021 7:48:59 AM com.google.javascript.jscomp.AmbiguateProperties process
INFO: Collapsed 0 properties into 1 and skipped renaming 1 properties.
Oct 23, 2021 7:49:02 AM com.google.javascript.jscomp.AmbiguateProperties process
INFO: Collapsed 0 properties into 1 and skipped renaming 1 properties.
Oct 23, 2021 7:49:05 AM com.google.javascript.jscomp.AmbiguateProperties process
INFO: Collapsed 0 properties into 1 and skipped renaming 1 properties.
Oct 23, 2021 7:49:08 AM com.google.javascript.jscomp.AmbiguateProperties process
INFO: Collapsed 2 properties into 2 and skipped renaming 0 properties.
Oct 23, 2021 7:49:11 AM com.google.javascript.jscomp.AmbiguateProperties process
INFO: Collapsed 2 properties into 1 and skipped renaming 0 properties.
Oct 23, 2021 7:49:13 AM com.google.javascript.jscomp.AmbiguateProperties process
INFO: Collapsed 0 properties into 1 and skipped renaming 2 properties.
Oct 23, 2021 7:49:17 AM com.google.javascript.jscomp.AmbiguateProperties process
INFO: Collapsed 3 properties into 2 and skipped renaming 0 properties.
Oct 23, 2021 7:49:19 AM com.google.javascript.jscomp.AmbiguateProperties process
INFO: Collapsed 3 properties into 2 and skipped renaming 0 properties.
Oct 23, 2021 7:49:22 AM com.google.javascript.jscomp.AmbiguateProperties process
INFO: Collapsed 10 properties into 5 and skipped renaming 0 properties.
Oct 23, 2021 7:49:25 AM com.google.javascript.jscomp.AmbiguateProperties process
INFO: Collapsed 6 properties into 3 and skipped renaming 0 properties.
Oct 23, 2021 7:49:28 AM com.google.javascript.jscomp.AmbiguateProperties process
INFO: Collapsed 20 properties into 10 and skipped renaming 0 properties.
Oct 23, 2021 7:49:32 AM com.google.javascript.jscomp.AmbiguateProperties process
INFO: Collapsed 10 properties into 1 and skipped renaming 0 properties.
Oct 23, 2021 8:05:09 AM com.google.javascript.jscomp.PhaseOptimizer$NamedPass process
INFO: processGoogScopeAliases
Oct 23, 2021 8:05:09 AM com.google.javascript.jscomp.PhaseOptimizer$NamedPass process
INFO: checkRequires
Oct 23, 2021 8:05:09 AM com.google.javascript.jscomp.PhaseOptimizer$NamedPass process
INFO: processProvidesAndRequires
Oct 23, 2021 8:05:09 AM com.google.javascript.jscomp.PhaseOptimizer$NamedPass process
INFO: checkVars
Oct 23, 2021 8:05:09 AM com.google.javascript.jscomp.PhaseOptimizer$NamedPass process
INFO: checkStrictMode
Oct 23, 2021 8:05:09 AM com.google.javascript.jscomp.PhaseOptimizer$NamedPass process
INFO: renameCssNames
Oct 23, 2021 8:05:09 AM com.google.javascript.jscomp.PhaseOptimizer$NamedPass process
INFO: replaceMessages
Oct 23, 2021 8:05:09 AM com.google.javascript.jscomp.PhaseOptimizer$NamedPass process
INFO: processDefines
Oct 23, 2021 8:05:09 AM com.google.javascript.jscomp.Compiler normalize
INFO: Normalizing
Oct 23, 2021 8:05:09 AM com.google.javascript.jscomp.PhaseOptimizer$NamedPass process
INFO: garbageCollectChecks
Oct 23, 2021 8:05:09 AM com.google.javascript.jscomp.PhaseOptimizer$NamedPass process
INFO: beforeStandardOptimizations
Oct 23, 2021 8:05:09 AM com.google.javascript.jscomp.PhaseOptimizer$NamedPass process
INFO: replaceIdGenerators
Oct 23, 2021 8:05:09 AM com.google.javascript.jscomp.PhaseOptimizer$NamedPass process
INFO: closureCodeRemoval
Oct 23, 2021 8:05:09 AM com.google.javascript.jscomp.PhaseOptimizer$NamedPass process
INFO: closureOptimizePrimitives
Oct 23, 2021 8:05:09 AM com.google.javascript.jscomp.PhaseOptimizer$NamedPass process
INFO: beforeMainOptimizations
Oct 23, 2021 8:05:09 AM com.google.javascript.jscomp.PhaseOptimizer$NamedPass process
INFO: beforeModuleMotion
Oct 23, 2021 8:05:09 AM com.google.javascript.jscomp.PhaseOptimizer$NamedPass process
INFO: afterModuleMotion
Oct 23, 2021 8:05:09 AM com.google.javascript.jscomp.PhaseOptimizer$NamedPass process
INFO: markUnnormalized
Oct 23, 2021 8:05:09 AM com.google.javascript.jscomp.PhaseOptimizer$NamedPass process
INFO: denormalize
Oct 23, 2021 8:05:09 AM com.google.javascript.jscomp.PhaseOptimizer$NamedPass process
INFO: invertNames
Oct 23, 2021 8:05:09 AM com.google.javascript.jscomp.PhaseOptimizer$NamedPass process
INFO: operaCompoundAssignFix
Oct 23, 2021 8:05:09 AM com.google.javascript.jscomp.PhaseOptimizer$NamedPass process
INFO: sanityCheckAst
Oct 23, 2021 8:05:09 AM com.google.javascript.jscomp.PhaseOptimizer$NamedPass process
INFO: sanityCheckVars
Oct 23, 2021 8:05:09 AM com.google.javascript.jscomp.LoggerErrorManager println
WARNING: foo.js:1: WARNING - 'foo.bar.goo' used but not goog.require'd

Oct 23, 2021 8:05:09 AM com.google.javascript.jscomp.LoggerErrorManager printSummary
WARNING: 0 error(s), 1 warning(s)
Closure Compiler (http://code.google.com/closure/compiler)
Version: Unversioned directory
Built on: 2021/10/23 00:41
Closure Compiler (http://code.google.com/closure/compiler)
Version: Unversioned directory
Built on: 2021/10/23 00:41
Oct 23, 2021 9:05:45 AM com.google.javascript.jscomp.LoggerErrorManager println
WARNING: testcode:1: WARNING - Unable to determine type of parameter a for exported function d

Oct 23, 2021 9:05:45 AM com.google.javascript.jscomp.LoggerErrorManager println
WARNING: testcode:1: WARNING - Unable to determine type of parameter a for exported function e

Oct 23, 2021 9:05:45 AM com.google.javascript.jscomp.LoggerErrorManager println
WARNING: testcode:1: WARNING - Unable to determine type of parameter a for exported function f

Oct 23, 2021 9:05:45 AM com.google.javascript.jscomp.LoggerErrorManager printSummary
WARNING: 0 error(s), 3 warning(s), 100% typed
Oct 23, 2021 9:05:49 AM com.google.javascript.jscomp.LoggerErrorManager println
WARNING: testcode:1: WARNING - Unable to determine type of parameter a.b.c for exported function d

Oct 23, 2021 9:05:49 AM com.google.javascript.jscomp.LoggerErrorManager println
WARNING: testcode:1: WARNING - Unable to determine type of parameter a.b.c for exported function e

Oct 23, 2021 9:05:49 AM com.google.javascript.jscomp.LoggerErrorManager println
WARNING: testcode:1: WARNING - Unable to determine type of parameter a.b.c for exported function f

Oct 23, 2021 9:05:49 AM com.google.javascript.jscomp.LoggerErrorManager printSummary
WARNING: 0 error(s), 3 warning(s), 100% typed
Oct 23, 2021 9:05:54 AM com.google.javascript.jscomp.LoggerErrorManager println
WARNING: testcode:1: WARNING - Unable to determine type of parameter a.b for exported function p1

Oct 23, 2021 9:05:54 AM com.google.javascript.jscomp.LoggerErrorManager println
WARNING: testcode:1: WARNING - Unable to determine type of parameter a.b.c for exported function d

Oct 23, 2021 9:05:54 AM com.google.javascript.jscomp.LoggerErrorManager println
WARNING: testcode:1: WARNING - Unable to determine type of parameter a.b.c for exported function e

Oct 23, 2021 9:05:54 AM com.google.javascript.jscomp.LoggerErrorManager println
WARNING: testcode:1: WARNING - Unable to determine type of parameter a.b.c for exported function f

Oct 23, 2021 9:05:54 AM com.google.javascript.jscomp.LoggerErrorManager println
WARNING: testcode:1: WARNING - Unable to determine type of parameter a.b.prototype.c for exported function g

Oct 23, 2021 9:05:54 AM com.google.javascript.jscomp.LoggerErrorManager println
WARNING: testcode:1: WARNING - Unable to determine type of parameter a.b.prototype.c for exported function h

Oct 23, 2021 9:05:54 AM com.google.javascript.jscomp.LoggerErrorManager println
WARNING: testcode:1: WARNING - Unable to determine type of parameter a.b.prototype.c for exported function i

Oct 23, 2021 9:05:54 AM com.google.javascript.jscomp.LoggerErrorManager printSummary
WARNING: 0 error(s), 7 warning(s), 100% typed
Oct 23, 2021 9:05:59 AM com.google.javascript.jscomp.LoggerErrorManager println
WARNING: testcode:1: WARNING - Unable to determine type of parameter a.b.c for exported function d

Oct 23, 2021 9:05:59 AM com.google.javascript.jscomp.LoggerErrorManager println
WARNING: testcode:1: WARNING - Unable to determine type of parameter a.b.c for exported function e

Oct 23, 2021 9:05:59 AM com.google.javascript.jscomp.LoggerErrorManager println
WARNING: testcode:1: WARNING - Unable to determine type of parameter a.b.c for exported function f

Oct 23, 2021 9:05:59 AM com.google.javascript.jscomp.LoggerErrorManager println
WARNING: testcode:1: WARNING - Unable to determine type of parameter a.b.prototype.c for exported function g

Oct 23, 2021 9:05:59 AM com.google.javascript.jscomp.LoggerErrorManager println
WARNING: testcode:1: WARNING - Unable to determine type of parameter a.b.prototype.c for exported function h

Oct 23, 2021 9:05:59 AM com.google.javascript.jscomp.LoggerErrorManager println
WARNING: testcode:1: WARNING - Unable to determine type of parameter a.b.prototype.c for exported function i

Oct 23, 2021 9:05:59 AM com.google.javascript.jscomp.LoggerErrorManager printSummary
WARNING: 0 error(s), 6 warning(s), 100% typed
Oct 23, 2021 9:06:04 AM com.google.javascript.jscomp.LoggerErrorManager println
WARNING: testcode:1: WARNING - Unable to determine type of parameter a.b for exported function p1

Oct 23, 2021 9:06:04 AM com.google.javascript.jscomp.LoggerErrorManager println
WARNING: testcode:1: WARNING - Unable to determine type of parameter a.b.c for exported function d

Oct 23, 2021 9:06:04 AM com.google.javascript.jscomp.LoggerErrorManager println
WARNING: testcode:1: WARNING - Unable to determine type of parameter a.b.c for exported function e

Oct 23, 2021 9:06:04 AM com.google.javascript.jscomp.LoggerErrorManager println
WARNING: testcode:1: WARNING - Unable to determine type of parameter a.b.c for exported function f

Oct 23, 2021 9:06:04 AM com.google.javascript.jscomp.LoggerErrorManager printSummary
WARNING: 0 error(s), 4 warning(s), 100% typed
Oct 23, 2021 9:06:47 AM com.google.javascript.jscomp.LoggerErrorManager println
WARNING: testcode:1: WARNING - Unable to determine return type for exported function InternalName

Oct 23, 2021 9:06:47 AM com.google.javascript.jscomp.LoggerErrorManager printSummary
WARNING: 0 error(s), 1 warning(s), 100% typed
Oct 23, 2021 9:06:57 AM com.google.javascript.jscomp.LoggerErrorManager println
WARNING: testcode:4: WARNING - Unable to determine type of parameter InternalName for exported function b

Oct 23, 2021 9:06:57 AM com.google.javascript.jscomp.LoggerErrorManager println
WARNING: testcode:4: WARNING - Unable to determine type of parameter InternalName for exported function c

Oct 23, 2021 9:06:57 AM com.google.javascript.jscomp.LoggerErrorManager printSummary
WARNING: 0 error(s), 2 warning(s), 100% typed
Oct 23, 2021 9:07:06 AM com.google.javascript.jscomp.LoggerErrorManager println
WARNING: testcode:1: WARNING - Unable to determine type of parameter a.b.c for exported function d

Oct 23, 2021 9:07:06 AM com.google.javascript.jscomp.LoggerErrorManager println
WARNING: testcode:1: WARNING - Unable to determine type of parameter a.b.c for exported function e

Oct 23, 2021 9:07:06 AM com.google.javascript.jscomp.LoggerErrorManager println
WARNING: testcode:1: WARNING - Unable to determine type of parameter a.b.c for exported function f

Oct 23, 2021 9:07:06 AM com.google.javascript.jscomp.LoggerErrorManager printSummary
WARNING: 0 error(s), 3 warning(s), 100% typed
Oct 23, 2021 9:07:11 AM com.google.javascript.jscomp.LoggerErrorManager println
WARNING: testcode:5: WARNING - Unable to determine return type for exported function internalName
internalName = function(a) {  return 6;
                       ^

Oct 23, 2021 9:07:11 AM com.google.javascript.jscomp.LoggerErrorManager printSummary
WARNING: 0 error(s), 1 warning(s), 100% typed
Oct 23, 2021 9:07:20 AM com.google.javascript.jscomp.LoggerErrorManager println
WARNING: testcode:2: WARNING - element type must match enum's type
found   : number
required: string

Oct 23, 2021 9:07:20 AM com.google.javascript.jscomp.LoggerErrorManager println
WARNING: testcode:2: WARNING - element type must match enum's type
found   : number
required: string

Oct 23, 2021 9:07:20 AM com.google.javascript.jscomp.LoggerErrorManager printSummary
WARNING: 0 error(s), 2 warning(s), 100% typed
12:17:07.568 [main] INFO  JaguarDF - Test testIssue522(com.google.javascript.jscomp.PeepholeFoldConstantsTest) : Failed
LOG:unknown:///unknown:1+23: Semicolon inserted
LOG:unknown:///unknown:1+23: Semicolon inserted
LOG:unknown:///unknown:1+40: Semicolon inserted
LOG:unknown:///unknown:1+40: Semicolon inserted
LOG:unknown:///unknown:1+39: Semicolon inserted
LOG:unknown:///unknown:1+66: Semicolon inserted
LOG:unknown:///unknown:1+39: Semicolon inserted
LOG:unknown:///unknown:1+66: Semicolon inserted
LOG:unknown:///unknown:1+102: Semicolon inserted
LOG:unknown:///unknown:1+103: Semicolon inserted
LOG:unknown:///unknown:1+102: Semicolon inserted
LOG:unknown:///unknown:1+103: Semicolon inserted
LOG:unknown:///unknown:1+19: Semicolon inserted
LOG:unknown:///unknown:1+19: Semicolon inserted
LOG:unknown:///unknown:1+37: Semicolon inserted
LOG:unknown:///unknown:1+37: Semicolon inserted
LOG:unknown:///unknown:1+35: Semicolon inserted
LOG:unknown:///unknown:1+62: Semicolon inserted
LOG:unknown:///unknown:1+35: Semicolon inserted
LOG:unknown:///unknown:1+62: Semicolon inserted
LOG:unknown:///unknown:1+98: Semicolon inserted
LOG:unknown:///unknown:1+99: Semicolon inserted
LOG:unknown:///unknown:1+98: Semicolon inserted
LOG:unknown:///unknown:1+99: Semicolon inserted
LOG:unknown:///unknown:1+68: Semicolon inserted
LOG:unknown:///unknown:1+72: Semicolon inserted
LOG:unknown:///unknown:1+68: Semicolon inserted
LOG:unknown:///unknown:1+72: Semicolon inserted
LOG:unknown:///unknown:1+30: Semicolon inserted
LOG:unknown:///unknown:1+30: Semicolon inserted
LOG:unknown:///unknown:1+109: Semicolon inserted
LOG:unknown:///unknown:1+110: Semicolon inserted
LOG:unknown:///unknown:1+109: Semicolon inserted
LOG:unknown:///unknown:1+110: Semicolon inserted
LOG:unknown:///unknown:1+19: Semicolon inserted
LOG:unknown:///unknown:1+19: Semicolon inserted
LOG:unknown:///unknown:1+43: Semicolon inserted
LOG:unknown:///unknown:1+43: Semicolon inserted
LOG:unknown:///unknown:1+48: Semicolon inserted
LOG:unknown:///unknown:1+48: Semicolon inserted
LOG:unknown:///unknown:1+44: Semicolon inserted
LOG:unknown:///unknown:1+71: Semicolon inserted
LOG:unknown:///unknown:1+44: Semicolon inserted
LOG:unknown:///unknown:1+71: Semicolon inserted
LOG:unknown:///unknown:1+104: Semicolon inserted
LOG:unknown:///unknown:1+105: Semicolon inserted
LOG:unknown:///unknown:1+104: Semicolon inserted
LOG:unknown:///unknown:1+105: Semicolon inserted
LOG:unknown:///unknown:1+18: Semicolon inserted
LOG:unknown:///unknown:1+18: Semicolon inserted
LOG:unknown:///unknown:1+97: Semicolon inserted
LOG:unknown:///unknown:1+98: Semicolon inserted
LOG:unknown:///unknown:1+97: Semicolon inserted
LOG:unknown:///unknown:1+98: Semicolon inserted
WARNING:unknown:///unknown:1+2 - 3: Will not work in IE
java.lang.Exception
	at com.google.caja.reporting.EchoingMessageQueue$1.add(EchoingMessageQueue.java:52)
	at com.google.caja.reporting.EchoingMessageQueue$1.add(EchoingMessageQueue.java:40)
	at java.util.AbstractList.add(AbstractList.java:108)
	at com.google.caja.reporting.AbstractMessageQueue.addMessage(AbstractMessageQueue.java:25)
	at com.google.caja.parser.js.Parser.parseExpressionAtom(Parser.java:1138)
	at com.google.caja.parser.js.Parser.parseOp(Parser.java:792)
	at com.google.caja.parser.js.Parser.parseExpressionInt(Parser.java:727)
	at com.google.caja.parser.js.Parser.parseExpressionStmt(Parser.java:1281)
	at com.google.caja.parser.js.Parser.parseStatementWithoutLabel(Parser.java:706)
	at com.google.caja.parser.js.Parser.parseStatement(Parser.java:306)
	at com.google.caja.parser.js.Parser.parseTerminatedStatement(Parser.java:1312)
	at com.google.caja.parser.js.Parser.parseProgramOrFunctionBody(Parser.java:325)
	at com.google.caja.parser.js.Parser.parseProgram(Parser.java:314)
	at com.google.caja.parser.js.Parser.parse(Parser.java:272)
	at com.google.caja.parser.js.JsonMLParser.parse(JsonMLParser.java:42)
	at com.google.caja.parser.js.JsonMLParser.parse(JsonMLParser.java:31)
	at com.google.caja.parser.js.JsonMLParser.parse(JsonMLParser.java:26)
	at com.google.caja.parser.js.JsonMLParser.parse(JsonMLParser.java:22)
	at com.google.javascript.jscomp.jsonml.JsonMLConversionTest.testConversion(JsonMLConversionTest.java:79)
	at com.google.javascript.jscomp.jsonml.JsonMLConversionTest.testArray(JsonMLConversionTest.java:91)
	at sun.reflect.NativeMethodAccessorImpl.invoke0(Native Method)
	at sun.reflect.NativeMethodAccessorImpl.invoke(NativeMethodAccessorImpl.java:62)
	at sun.reflect.DelegatingMethodAccessorImpl.invoke(DelegatingMethodAccessorImpl.java:43)
	at java.lang.reflect.Method.invoke(Method.java:498)
	at junit.framework.TestCase.runTest(TestCase.java:168)
	at junit.framework.TestCase.runBare(TestCase.java:134)
	at junit.framework.TestResult$1.protect(TestResult.java:110)
	at junit.framework.TestResult.runProtected(TestResult.java:128)
	at junit.framework.TestResult.run(TestResult.java:113)
	at junit.framework.TestCase.run(TestCase.java:124)
	at junit.framework.TestSuite.runTest(TestSuite.java:243)
	at junit.framework.TestSuite.run(TestSuite.java:238)
	at org.junit.internal.runners.JUnit38ClassRunner.run(JUnit38ClassRunner.java:83)
	at org.junit.runners.Suite.runChild(Suite.java:128)
	at org.junit.runners.Suite.runChild(Suite.java:24)
	at org.junit.runners.ParentRunner$3.run(ParentRunner.java:193)
	at org.junit.runners.ParentRunner$1.schedule(ParentRunner.java:52)
	at org.junit.runners.ParentRunner.runChildren(ParentRunner.java:191)
	at org.junit.runners.ParentRunner.access$000(ParentRunner.java:42)
	at org.junit.runners.ParentRunner$2.evaluate(ParentRunner.java:184)
	at org.junit.runners.ParentRunner.run(ParentRunner.java:236)
	at org.junit.runner.JUnitCore.run(JUnitCore.java:157)
	at org.junit.runner.JUnitCore.run(JUnitCore.java:136)
	at org.junit.runner.JUnitCore.run(JUnitCore.java:117)
	at br.usp.each.saeg.jaguardf.cli.JaguarRunner.run(JaguarRunner.java:64)
	at br.usp.each.saeg.jaguardf.cli.JaguarRunner.main(JaguarRunner.java:96)
WARNING:unknown:///unknown:1+2 - 3: Will not work in IE
java.lang.Exception
	at com.google.caja.reporting.EchoingMessageQueue$1.add(EchoingMessageQueue.java:52)
	at com.google.caja.reporting.EchoingMessageQueue$1.add(EchoingMessageQueue.java:40)
	at java.util.AbstractList.add(AbstractList.java:108)
	at com.google.caja.reporting.AbstractMessageQueue.addMessage(AbstractMessageQueue.java:25)
	at com.google.caja.parser.js.Parser.parseExpressionAtom(Parser.java:1138)
	at com.google.caja.parser.js.Parser.parseOp(Parser.java:792)
	at com.google.caja.parser.js.Parser.parseExpressionInt(Parser.java:727)
	at com.google.caja.parser.js.Parser.parseExpressionStmt(Parser.java:1281)
	at com.google.caja.parser.js.Parser.parseStatementWithoutLabel(Parser.java:706)
	at com.google.caja.parser.js.Parser.parseStatement(Parser.java:306)
	at com.google.caja.parser.js.Parser.parseTerminatedStatement(Parser.java:1312)
	at com.google.caja.parser.js.Parser.parseProgramOrFunctionBody(Parser.java:325)
	at com.google.caja.parser.js.Parser.parseProgram(Parser.java:314)
	at com.google.caja.parser.js.Parser.parse(Parser.java:272)
	at com.google.caja.parser.js.JsonMLParser.parse(JsonMLParser.java:42)
	at com.google.caja.parser.js.JsonMLParser.parse(JsonMLParser.java:31)
	at com.google.caja.parser.js.JsonMLParser.parse(JsonMLParser.java:26)
	at com.google.caja.parser.js.JsonMLParser.parse(JsonMLParser.java:22)
	at com.google.javascript.jscomp.jsonml.JsonMLConversionTest.testConversion(JsonMLConversionTest.java:86)
	at com.google.javascript.jscomp.jsonml.JsonMLConversionTest.testArray(JsonMLConversionTest.java:91)
	at sun.reflect.NativeMethodAccessorImpl.invoke0(Native Method)
	at sun.reflect.NativeMethodAccessorImpl.invoke(NativeMethodAccessorImpl.java:62)
	at sun.reflect.DelegatingMethodAccessorImpl.invoke(DelegatingMethodAccessorImpl.java:43)
	at java.lang.reflect.Method.invoke(Method.java:498)
	at junit.framework.TestCase.runTest(TestCase.java:168)
	at junit.framework.TestCase.runBare(TestCase.java:134)
	at junit.framework.TestResult$1.protect(TestResult.java:110)
	at junit.framework.TestResult.runProtected(TestResult.java:128)
	at junit.framework.TestResult.run(TestResult.java:113)
	at junit.framework.TestCase.run(TestCase.java:124)
	at junit.framework.TestSuite.runTest(TestSuite.java:243)
	at junit.framework.TestSuite.run(TestSuite.java:238)
	at org.junit.internal.runners.JUnit38ClassRunner.run(JUnit38ClassRunner.java:83)
	at org.junit.runners.Suite.runChild(Suite.java:128)
	at org.junit.runners.Suite.runChild(Suite.java:24)
	at org.junit.runners.ParentRunner$3.run(ParentRunner.java:193)
	at org.junit.runners.ParentRunner$1.schedule(ParentRunner.java:52)
	at org.junit.runners.ParentRunner.runChildren(ParentRunner.java:191)
	at org.junit.runners.ParentRunner.access$000(ParentRunner.java:42)
	at org.junit.runners.ParentRunner$2.evaluate(ParentRunner.java:184)
	at org.junit.runners.ParentRunner.run(ParentRunner.java:236)
	at org.junit.runner.JUnitCore.run(JUnitCore.java:157)
	at org.junit.runner.JUnitCore.run(JUnitCore.java:136)
	at org.junit.runner.JUnitCore.run(JUnitCore.java:117)
	at br.usp.each.saeg.jaguardf.cli.JaguarRunner.run(JaguarRunner.java:64)
	at br.usp.each.saeg.jaguardf.cli.JaguarRunner.main(JaguarRunner.java:96)
WARNING:unknown:///unknown:1+2 - 3: Will not work in IE
java.lang.Exception
	at com.google.caja.reporting.EchoingMessageQueue$1.add(EchoingMessageQueue.java:52)
	at com.google.caja.reporting.EchoingMessageQueue$1.add(EchoingMessageQueue.java:40)
	at java.util.AbstractList.add(AbstractList.java:108)
	at com.google.caja.reporting.AbstractMessageQueue.addMessage(AbstractMessageQueue.java:25)
	at com.google.caja.parser.js.Parser.parseExpressionAtom(Parser.java:1138)
	at com.google.caja.parser.js.Parser.parseOp(Parser.java:792)
	at com.google.caja.parser.js.Parser.parseExpressionInt(Parser.java:727)
	at com.google.caja.parser.js.Parser.parseExpressionStmt(Parser.java:1281)
	at com.google.caja.parser.js.Parser.parseStatementWithoutLabel(Parser.java:706)
	at com.google.caja.parser.js.Parser.parseStatement(Parser.java:306)
	at com.google.caja.parser.js.Parser.parseTerminatedStatement(Parser.java:1312)
	at com.google.caja.parser.js.Parser.parseProgramOrFunctionBody(Parser.java:325)
	at com.google.caja.parser.js.Parser.parseProgram(Parser.java:314)
	at com.google.caja.parser.js.Parser.parse(Parser.java:272)
	at com.google.caja.parser.js.JsonMLParser.parse(JsonMLParser.java:42)
	at com.google.caja.parser.js.JsonMLParser.parse(JsonMLParser.java:31)
	at com.google.caja.parser.js.JsonMLParser.parse(JsonMLParser.java:26)
	at com.google.caja.parser.js.JsonMLParser.parse(JsonMLParser.java:22)
	at com.google.javascript.jscomp.jsonml.JsonMLConversionTest.testConversion(JsonMLConversionTest.java:79)
	at com.google.javascript.jscomp.jsonml.JsonMLConversionTest.testArray1(JsonMLConversionTest.java:102)
	at sun.reflect.NativeMethodAccessorImpl.invoke0(Native Method)
	at sun.reflect.NativeMethodAccessorImpl.invoke(NativeMethodAccessorImpl.java:62)
	at sun.reflect.DelegatingMethodAccessorImpl.invoke(DelegatingMethodAccessorImpl.java:43)
	at java.lang.reflect.Method.invoke(Method.java:498)
	at junit.framework.TestCase.runTest(TestCase.java:168)
	at junit.framework.TestCase.runBare(TestCase.java:134)
	at junit.framework.TestResult$1.protect(TestResult.java:110)
	at junit.framework.TestResult.runProtected(TestResult.java:128)
	at junit.framework.TestResult.run(TestResult.java:113)
	at junit.framework.TestCase.run(TestCase.java:124)
	at junit.framework.TestSuite.runTest(TestSuite.java:243)
	at junit.framework.TestSuite.run(TestSuite.java:238)
	at org.junit.internal.runners.JUnit38ClassRunner.run(JUnit38ClassRunner.java:83)
	at org.junit.runners.Suite.runChild(Suite.java:128)
	at org.junit.runners.Suite.runChild(Suite.java:24)
	at org.junit.runners.ParentRunner$3.run(ParentRunner.java:193)
	at org.junit.runners.ParentRunner$1.schedule(ParentRunner.java:52)
	at org.junit.runners.ParentRunner.runChildren(ParentRunner.java:191)
	at org.junit.runners.ParentRunner.access$000(ParentRunner.java:42)
	at org.junit.runners.ParentRunner$2.evaluate(ParentRunner.java:184)
	at org.junit.runners.ParentRunner.run(ParentRunner.java:236)
	at org.junit.runner.JUnitCore.run(JUnitCore.java:157)
	at org.junit.runner.JUnitCore.run(JUnitCore.java:136)
	at org.junit.runner.JUnitCore.run(JUnitCore.java:117)
	at br.usp.each.saeg.jaguardf.cli.JaguarRunner.run(JaguarRunner.java:64)
	at br.usp.each.saeg.jaguardf.cli.JaguarRunner.main(JaguarRunner.java:96)
WARNING:unknown:///unknown:1+2 - 3: Will not work in IE
java.lang.Exception
	at com.google.caja.reporting.EchoingMessageQueue$1.add(EchoingMessageQueue.java:52)
	at com.google.caja.reporting.EchoingMessageQueue$1.add(EchoingMessageQueue.java:40)
	at java.util.AbstractList.add(AbstractList.java:108)
	at com.google.caja.reporting.AbstractMessageQueue.addMessage(AbstractMessageQueue.java:25)
	at com.google.caja.parser.js.Parser.parseExpressionAtom(Parser.java:1138)
	at com.google.caja.parser.js.Parser.parseOp(Parser.java:792)
	at com.google.caja.parser.js.Parser.parseExpressionInt(Parser.java:727)
	at com.google.caja.parser.js.Parser.parseExpressionStmt(Parser.java:1281)
	at com.google.caja.parser.js.Parser.parseStatementWithoutLabel(Parser.java:706)
	at com.google.caja.parser.js.Parser.parseStatement(Parser.java:306)
	at com.google.caja.parser.js.Parser.parseTerminatedStatement(Parser.java:1312)
	at com.google.caja.parser.js.Parser.parseProgramOrFunctionBody(Parser.java:325)
	at com.google.caja.parser.js.Parser.parseProgram(Parser.java:314)
	at com.google.caja.parser.js.Parser.parse(Parser.java:272)
	at com.google.caja.parser.js.JsonMLParser.parse(JsonMLParser.java:42)
	at com.google.caja.parser.js.JsonMLParser.parse(JsonMLParser.java:31)
	at com.google.caja.parser.js.JsonMLParser.parse(JsonMLParser.java:26)
	at com.google.caja.parser.js.JsonMLParser.parse(JsonMLParser.java:22)
	at com.google.javascript.jscomp.jsonml.JsonMLConversionTest.testConversion(JsonMLConversionTest.java:86)
	at com.google.javascript.jscomp.jsonml.JsonMLConversionTest.testArray1(JsonMLConversionTest.java:102)
	at sun.reflect.NativeMethodAccessorImpl.invoke0(Native Method)
	at sun.reflect.NativeMethodAccessorImpl.invoke(NativeMethodAccessorImpl.java:62)
	at sun.reflect.DelegatingMethodAccessorImpl.invoke(DelegatingMethodAccessorImpl.java:43)
	at java.lang.reflect.Method.invoke(Method.java:498)
	at junit.framework.TestCase.runTest(TestCase.java:168)
	at junit.framework.TestCase.runBare(TestCase.java:134)
	at junit.framework.TestResult$1.protect(TestResult.java:110)
	at junit.framework.TestResult.runProtected(TestResult.java:128)
	at junit.framework.TestResult.run(TestResult.java:113)
	at junit.framework.TestCase.run(TestCase.java:124)
	at junit.framework.TestSuite.runTest(TestSuite.java:243)
	at junit.framework.TestSuite.run(TestSuite.java:238)
	at org.junit.internal.runners.JUnit38ClassRunner.run(JUnit38ClassRunner.java:83)
	at org.junit.runners.Suite.runChild(Suite.java:128)
	at org.junit.runners.Suite.runChild(Suite.java:24)
	at org.junit.runners.ParentRunner$3.run(ParentRunner.java:193)
	at org.junit.runners.ParentRunner$1.schedule(ParentRunner.java:52)
	at org.junit.runners.ParentRunner.runChildren(ParentRunner.java:191)
	at org.junit.runners.ParentRunner.access$000(ParentRunner.java:42)
	at org.junit.runners.ParentRunner$2.evaluate(ParentRunner.java:184)
	at org.junit.runners.ParentRunner.run(ParentRunner.java:236)
	at org.junit.runner.JUnitCore.run(JUnitCore.java:157)
	at org.junit.runner.JUnitCore.run(JUnitCore.java:136)
	at org.junit.runner.JUnitCore.run(JUnitCore.java:117)
	at br.usp.each.saeg.jaguardf.cli.JaguarRunner.run(JaguarRunner.java:64)
	at br.usp.each.saeg.jaguardf.cli.JaguarRunner.main(JaguarRunner.java:96)
LOG:unknown:///unknown:1+39: Semicolon inserted
LOG:unknown:///unknown:1+39: Semicolon inserted
LOG:unknown:///unknown:1+35: Semicolon inserted
LOG:unknown:///unknown:1+35: Semicolon inserted
LOG:unknown:///unknown:1+43: Semicolon inserted
LOG:unknown:///unknown:1+43: Semicolon inserted
LOG:unknown:///unknown:1+36: Semicolon inserted
LOG:unknown:///unknown:1+36: Semicolon inserted
LOG:unknown:///unknown:1+13: Semicolon inserted
LOG:unknown:///unknown:1+13: Semicolon inserted
LOG:unknown:///unknown:1+29: Semicolon inserted
LOG:unknown:///unknown:1+29: Semicolon inserted
LOG:unknown:///unknown:1+43: Semicolon inserted
LOG:unknown:///unknown:1+43: Semicolon inserted
LOG:unknown:///unknown:1+87: Semicolon inserted
LOG:unknown:///unknown:1+88: Semicolon inserted
LOG:unknown:///unknown:1+87: Semicolon inserted
LOG:unknown:///unknown:1+88: Semicolon inserted
LOG:unknown:///unknown:1+17: Semicolon inserted
LOG:unknown:///unknown:1+17: Semicolon inserted
LOG:unknown:///unknown:1+17: Semicolon inserted
LOG:unknown:///unknown:1+30: Semicolon inserted
LOG:unknown:///unknown:1+17: Semicolon inserted
LOG:unknown:///unknown:1+30: Semicolon inserted
LOG:unknown:///unknown:1+22: Semicolon inserted
LOG:unknown:///unknown:1+35: Semicolon inserted
LOG:unknown:///unknown:1+22: Semicolon inserted
LOG:unknown:///unknown:1+35: Semicolon inserted
LOG:unknown:///unknown:1+26: Semicolon inserted
LOG:unknown:///unknown:1+39: Semicolon inserted
LOG:unknown:///unknown:1+26: Semicolon inserted
LOG:unknown:///unknown:1+39: Semicolon inserted
LOG:unknown:///unknown:1+17: Semicolon inserted
LOG:unknown:///unknown:1+17: Semicolon inserted
LOG:unknown:///unknown:1+41: Semicolon inserted
LOG:unknown:///unknown:1+41: Semicolon inserted
LOG:unknown:///unknown:1+48: Semicolon inserted
LOG:unknown:///unknown:1+48: Semicolon inserted
LOG:unknown:///unknown:1+106: Semicolon inserted
LOG:unknown:///unknown:1+107: Semicolon inserted
LOG:unknown:///unknown:1+106: Semicolon inserted
LOG:unknown:///unknown:1+107: Semicolon inserted
LOG:unknown:///unknown:1+23: Semicolon inserted
LOG:unknown:///unknown:1+23: Semicolon inserted
LOG:unknown:///unknown:1+19: Semicolon inserted
LOG:unknown:///unknown:1+19: Semicolon inserted
LOG:unknown:///unknown:1+46: Semicolon inserted
LOG:unknown:///unknown:1+46: Semicolon inserted
LOG:unknown:///unknown:1+25: Semicolon inserted
LOG:unknown:///unknown:1+25: Semicolon inserted
LOG:unknown:///unknown:1+27: Semicolon inserted
LOG:unknown:///unknown:1+27: Semicolon inserted
LOG:unknown:///unknown:1+35: Semicolon inserted
LOG:unknown:///unknown:1+35: Semicolon inserted
LOG:unknown:///unknown:1+39: Semicolon inserted
LOG:unknown:///unknown:1+39: Semicolon inserted
LOG:unknown:///unknown:1+61: Semicolon inserted
LOG:unknown:///unknown:1+62: Semicolon inserted
LOG:unknown:///unknown:1+61: Semicolon inserted
LOG:unknown:///unknown:1+62: Semicolon inserted
LOG:unknown:///unknown:1+63: Semicolon inserted
LOG:unknown:///unknown:1+68: Semicolon inserted
LOG:unknown:///unknown:1+63: Semicolon inserted
LOG:unknown:///unknown:1+68: Semicolon inserted
LOG:unknown:///unknown:1+5: Semicolon inserted
LOG:unknown:///unknown:1+5: Semicolon inserted
LOG:unknown:///unknown:1+84: Semicolon inserted
LOG:unknown:///unknown:1+84: Semicolon inserted
LOG:unknown:///unknown:1+30: Semicolon inserted
LOG:unknown:///unknown:1+30: Semicolon inserted
LOG:unknown:///unknown:1+30: Semicolon inserted
LOG:unknown:///unknown:1+30: Semicolon inserted
LOG:unknown:///unknown:1+38: Semicolon inserted
LOG:unknown:///unknown:1+38: Semicolon inserted
LOG:unknown:///unknown:1+33: Semicolon inserted
LOG:unknown:///unknown:1+33: Semicolon inserted
LOG:unknown:///unknown:1+35: Semicolon inserted
LOG:unknown:///unknown:1+35: Semicolon inserted
LOG:unknown:///unknown:1+59: Semicolon inserted
LOG:unknown:///unknown:1+59: Semicolon inserted
LOG:unknown:///unknown:1+27: Semicolon inserted
LOG:unknown:///unknown:1+27: Semicolon inserted
LOG:unknown:///unknown:1+27: Semicolon inserted
LOG:unknown:///unknown:1+34: Semicolon inserted
LOG:unknown:///unknown:1+27: Semicolon inserted
LOG:unknown:///unknown:1+34: Semicolon inserted
LOG:unknown:///unknown:1+32: Semicolon inserted
LOG:unknown:///unknown:1+32: Semicolon inserted
LOG:unknown:///unknown:1+42: Semicolon inserted
LOG:unknown:///unknown:1+42: Semicolon inserted
LOG:unknown:///unknown:1+58: Semicolon inserted
LOG:unknown:///unknown:1+58: Semicolon inserted
LOG:unknown:///unknown:1+43: Semicolon inserted
LOG:unknown:///unknown:1+59: Semicolon inserted
LOG:unknown:///unknown:1+43: Semicolon inserted
LOG:unknown:///unknown:1+59: Semicolon inserted
LOG:unknown:///unknown:1+22: Semicolon inserted
LOG:unknown:///unknown:1+39: Semicolon inserted
LOG:unknown:///unknown:1+22: Semicolon inserted
LOG:unknown:///unknown:1+39: Semicolon inserted
LOG:unknown:///unknown:1+95: Semicolon inserted
LOG:unknown:///unknown:1+102: Semicolon inserted
LOG:unknown:///unknown:1+119: Semicolon inserted
LOG:unknown:///unknown:1+95: Semicolon inserted
LOG:unknown:///unknown:1+102: Semicolon inserted
LOG:unknown:///unknown:1+119: Semicolon inserted
LOG:unknown:///unknown:1+22: Semicolon inserted
LOG:unknown:///unknown:1+37: Semicolon inserted
LOG:unknown:///unknown:1+22: Semicolon inserted
LOG:unknown:///unknown:1+37: Semicolon inserted
LOG:unknown:///unknown:1+95: Semicolon inserted
LOG:unknown:///unknown:1+102: Semicolon inserted
LOG:unknown:///unknown:1+117: Semicolon inserted
LOG:unknown:///unknown:1+95: Semicolon inserted
LOG:unknown:///unknown:1+102: Semicolon inserted
LOG:unknown:///unknown:1+117: Semicolon inserted
LOG:unknown:///unknown:1+22: Semicolon inserted
LOG:unknown:///unknown:1+22: Semicolon inserted
LOG:unknown:///unknown:1+95: Semicolon inserted
LOG:unknown:///unknown:1+102: Semicolon inserted
LOG:unknown:///unknown:1+119: Semicolon inserted
LOG:unknown:///unknown:1+134: Semicolon inserted
LOG:unknown:///unknown:1+95: Semicolon inserted
LOG:unknown:///unknown:1+102: Semicolon inserted
LOG:unknown:///unknown:1+119: Semicolon inserted
LOG:unknown:///unknown:1+134: Semicolon inserted
LOG:unknown:///unknown:1+34: Semicolon inserted
LOG:unknown:///unknown:1+34: Semicolon inserted
LOG:unknown:///unknown:1+34: Semicolon inserted
LOG:unknown:///unknown:1+34: Semicolon inserted
LOG:unknown:///unknown:1+42: Semicolon inserted
LOG:unknown:///unknown:1+42: Semicolon inserted
LOG:unknown:///unknown:1+28: Semicolon inserted
LOG:unknown:///unknown:1+28: Semicolon inserted
LOG:unknown:///unknown:1+42: Semicolon inserted
LOG:unknown:///unknown:1+42: Semicolon inserted
LOG:unknown:///unknown:1+62: Semicolon inserted
LOG:unknown:///unknown:1+63: Semicolon inserted
LOG:unknown:///unknown:1+62: Semicolon inserted
LOG:unknown:///unknown:1+63: Semicolon inserted
LOG:unknown:///unknown:1+15: Semicolon inserted
LOG:unknown:///unknown:1+15: Semicolon inserted
LOG:unknown:///unknown:1+34: Semicolon inserted
LOG:unknown:///unknown:1+34: Semicolon inserted
LOG:unknown:///unknown:1+107: Semicolon inserted
LOG:unknown:///unknown:1+108: Semicolon inserted
LOG:unknown:///unknown:1+117: Semicolon inserted
LOG:unknown:///unknown:1+107: Semicolon inserted
LOG:unknown:///unknown:1+108: Semicolon inserted
LOG:unknown:///unknown:1+117: Semicolon inserted
LOG:unknown:///unknown:1+19: Semicolon inserted
LOG:unknown:///unknown:1+19: Semicolon inserted
LOG:unknown:///unknown:1+16: Semicolon inserted
LOG:unknown:///unknown:1+16: Semicolon inserted
LOG:unknown:///unknown:1+20: Semicolon inserted
LOG:unknown:///unknown:1+20: Semicolon inserted
Oct 23, 2021 4:00:22 PM com.google.javascript.jscomp.LoggerErrorManager println
SEVERE: ERROR - Syntax error: Wrong type of child number 1 for VarDecl. Expected: [InitPatt, IdPatt]. Found: IdExpr.

Oct 23, 2021 4:00:22 PM com.google.javascript.jscomp.LoggerErrorManager printSummary
WARNING: 1 error(s), 0 warning(s)
Oct 23, 2021 4:55:48 PM com.google.javascript.jscomp.parsing.ParserRunner parse
INFO: Error parsing input: JSCompiler test code: Compilation produced 1 syntax errors.
Oct 23, 2021 4:56:23 PM com.google.javascript.jscomp.parsing.ParserRunner parse
INFO: Error parsing input: JSCompiler test code: Compilation produced 1 syntax errors.
Oct 23, 2021 4:56:40 PM com.google.javascript.jscomp.parsing.ParserRunner parse
INFO: Error parsing input: JSCompiler test code: Compilation produced 2 syntax errors.
Oct 23, 2021 4:56:46 PM com.google.javascript.jscomp.parsing.ParserRunner parse
INFO: Error parsing input: JSCompiler test code: Compilation produced 1 syntax errors.
Oct 23, 2021 4:56:52 PM com.google.javascript.jscomp.parsing.ParserRunner parse
INFO: Error parsing input: JSCompiler test code: Compilation produced 1 syntax errors.
Oct 23, 2021 4:56:58 PM com.google.javascript.jscomp.parsing.ParserRunner parse
INFO: Error parsing input: JSCompiler test code: Compilation produced 1 syntax errors.
Oct 23, 2021 4:57:09 PM com.google.javascript.jscomp.parsing.ParserRunner parse
INFO: Error parsing input: JSCompiler test code: Compilation produced 1 syntax errors.
Oct 23, 2021 4:57:15 PM com.google.javascript.jscomp.parsing.ParserRunner parse
INFO: Error parsing input: JSCompiler test code: Compilation produced 2 syntax errors.
Oct 23, 2021 4:57:21 PM com.google.javascript.jscomp.parsing.ParserRunner parse
INFO: Error parsing input: JSCompiler test code: Compilation produced 2 syntax errors.
Oct 23, 2021 4:57:38 PM com.google.javascript.jscomp.parsing.ParserRunner parse
INFO: Error parsing input: JSCompiler test code: Compilation produced 2 syntax errors.
Oct 23, 2021 4:58:19 PM com.google.javascript.jscomp.parsing.ParserRunner parse
INFO: Error parsing input: JSCompiler test code: Compilation produced 1 syntax errors.
Oct 23, 2021 4:58:37 PM com.google.javascript.jscomp.parsing.ParserRunner parse
INFO: Error parsing input: JSCompiler test code: Compilation produced 1 syntax errors.
Oct 23, 2021 4:58:37 PM com.google.javascript.jscomp.parsing.ParserRunner parse
INFO: Error parsing input: JSCompiler test code: Compilation produced 1 syntax errors.
Oct 23, 2021 4:58:37 PM com.google.javascript.jscomp.parsing.ParserRunner parse
INFO: Error parsing input: JSCompiler test code: Compilation produced 1 syntax errors.
Oct 23, 2021 4:58:37 PM com.google.javascript.jscomp.parsing.ParserRunner parse
INFO: Error parsing input: JSCompiler test code: Compilation produced 1 syntax errors.
Oct 23, 2021 4:58:37 PM com.google.javascript.jscomp.parsing.ParserRunner parse
INFO: Error parsing input: JSCompiler test code: Compilation produced 1 syntax errors.
Oct 23, 2021 4:58:42 PM com.google.javascript.jscomp.parsing.ParserRunner parse
INFO: Error parsing input: JSCompiler test code: Compilation produced 1 syntax errors.
Oct 23, 2021 4:58:42 PM com.google.javascript.jscomp.parsing.ParserRunner parse
INFO: Error parsing input: JSCompiler test code: Compilation produced 1 syntax errors.
Oct 23, 2021 4:58:42 PM com.google.javascript.jscomp.parsing.ParserRunner parse
INFO: Error parsing input: JSCompiler test code: Compilation produced 1 syntax errors.
Oct 23, 2021 4:58:42 PM com.google.javascript.jscomp.parsing.ParserRunner parse
INFO: Error parsing input: JSCompiler test code: Compilation produced 1 syntax errors.
Oct 23, 2021 4:58:42 PM com.google.javascript.jscomp.parsing.ParserRunner parse
INFO: Error parsing input: JSCompiler test code: Compilation produced 1 syntax errors.
Oct 23, 2021 4:58:42 PM com.google.javascript.jscomp.parsing.ParserRunner parse
INFO: Error parsing input: JSCompiler test code: Compilation produced 1 syntax errors.
java.lang.IllegalStateException
	at com.google.common.base.Preconditions.checkState(Preconditions.java:129)
	at com.google.javascript.rhino.jstype.PrototypeObjectType.setImplicitPrototype(PrototypeObjectType.java:412)
	at com.google.javascript.rhino.jstype.FunctionType.setPrototypeBasedOn(FunctionType.java:295)
	at com.google.javascript.rhino.jstype.JSTypeTest.testInvalidSetPrototypeBasedOn(JSTypeTest.java:5232)
	at sun.reflect.NativeMethodAccessorImpl.invoke0(Native Method)
	at sun.reflect.NativeMethodAccessorImpl.invoke(NativeMethodAccessorImpl.java:62)
	at sun.reflect.DelegatingMethodAccessorImpl.invoke(DelegatingMethodAccessorImpl.java:43)
	at java.lang.reflect.Method.invoke(Method.java:498)
	at junit.framework.TestCase.runTest(TestCase.java:168)
	at junit.framework.TestCase.runBare(TestCase.java:134)
	at junit.framework.TestResult$1.protect(TestResult.java:110)
	at junit.framework.TestResult.runProtected(TestResult.java:128)
	at junit.framework.TestResult.run(TestResult.java:113)
	at junit.framework.TestCase.run(TestCase.java:124)
	at junit.framework.TestSuite.runTest(TestSuite.java:243)
	at junit.framework.TestSuite.run(TestSuite.java:238)
	at org.junit.internal.runners.JUnit38ClassRunner.run(JUnit38ClassRunner.java:83)
	at org.junit.runners.Suite.runChild(Suite.java:128)
	at org.junit.runners.Suite.runChild(Suite.java:24)
	at org.junit.runners.ParentRunner$3.run(ParentRunner.java:193)
	at org.junit.runners.ParentRunner$1.schedule(ParentRunner.java:52)
	at org.junit.runners.ParentRunner.runChildren(ParentRunner.java:191)
	at org.junit.runners.ParentRunner.access$000(ParentRunner.java:42)
	at org.junit.runners.ParentRunner$2.evaluate(ParentRunner.java:184)
	at org.junit.runners.ParentRunner.run(ParentRunner.java:236)
	at org.junit.runner.JUnitCore.run(JUnitCore.java:157)
	at org.junit.runner.JUnitCore.run(JUnitCore.java:136)
	at org.junit.runner.JUnitCore.run(JUnitCore.java:117)
	at br.usp.each.saeg.jaguardf.cli.JaguarRunner.run(JaguarRunner.java:64)
	at br.usp.each.saeg.jaguardf.cli.JaguarRunner.main(JaguarRunner.java:96)
17:28:39.247 [main] INFO  JaguarDF - Jaguar-DF has finished!

real	585m14.594s
user	596m40.643s
sys	6m25.029s
