02:20:12.721 [main] INFO  JaguarDF - Welcome to Jaguar-DF CLI!
02:20:12.821 [main] DEBUG JaguarDF - CLI Arguments: [--projectDir, d4jprojects/jfreechart, --classesDir, build, --testsDir, build-tests, --tests, tests.out, --logLevel, INFO]
02:25:12.817 [main] INFO  JaguarDF - Test testDrawWithNullInfo(org.jfree.chart.junit.AreaChartTests) : Failed
02:25:21.349 [main] INFO  JaguarDF - Test testDrawWithNullInfo(org.jfree.chart.junit.BarChart3DTests) : Failed
02:25:30.036 [main] INFO  JaguarDF - Test testDrawWithNullInfo(org.jfree.chart.junit.BarChartTests) : Failed
02:25:54.592 [main] INFO  JaguarDF - Test testDrawWithNullInfo(org.jfree.chart.junit.GanttChartTests) : Failed
02:26:01.381 [main] INFO  JaguarDF - Test testDrawWithNullInfo2(org.jfree.chart.junit.GanttChartTests) : Failed
02:26:53.503 [main] INFO  JaguarDF - Test testDrawWithNullInfo(org.jfree.chart.junit.LineChart3DTests) : Failed
02:27:04.307 [main] INFO  JaguarDF - Test testDrawWithNullInfo(org.jfree.chart.junit.LineChartTests) : Failed
02:27:53.675 [main] INFO  JaguarDF - Test testDrawWithNullInfo(org.jfree.chart.junit.StackedAreaChartTests) : Failed
02:28:04.995 [main] INFO  JaguarDF - Test testDrawWithNullInfo(org.jfree.chart.junit.StackedBarChart3DTests) : Failed
02:28:16.524 [main] INFO  JaguarDF - Test testDrawWithNullInfo(org.jfree.chart.junit.StackedBarChartTests) : Failed
02:28:54.365 [main] INFO  JaguarDF - Test testDrawWithNullInfo(org.jfree.chart.junit.WaterfallChartTests) : Failed
java.lang.NullPointerException
	at org.jfree.chart.axis.Axis.drawLabel(Axis.java:1192)
	at org.jfree.chart.axis.CategoryAxis.draw(CategoryAxis.java:828)
	at org.jfree.chart.plot.CategoryPlot.drawAxes(CategoryPlot.java:2725)
	at org.jfree.chart.plot.CategoryPlot.draw(CategoryPlot.java:2571)
	at org.jfree.chart.JFreeChart.draw(JFreeChart.java:1213)
	at org.jfree.chart.plot.junit.CategoryPlotTests.test1654215(CategoryPlotTests.java:697)
	at sun.reflect.NativeMethodAccessorImpl.invoke0(Native Method)
	at sun.reflect.NativeMethodAccessorImpl.invoke(NativeMethodAccessorImpl.java:62)
	at sun.reflect.DelegatingMethodAccessorImpl.invoke(DelegatingMethodAccessorImpl.java:43)
	at java.lang.reflect.Method.invoke(Method.java:498)
	at junit.framework.TestCase.runTest(TestCase.java:176)
	at junit.framework.TestCase.runBare(TestCase.java:141)
	at junit.framework.TestResult$1.protect(TestResult.java:122)
	at junit.framework.TestResult.runProtected(TestResult.java:142)
	at junit.framework.TestResult.run(TestResult.java:125)
	at junit.framework.TestCase.run(TestCase.java:129)
	at junit.framework.TestSuite.runTest(TestSuite.java:255)
	at junit.framework.TestSuite.run(TestSuite.java:250)
	at org.junit.internal.runners.JUnit38ClassRunner.run(JUnit38ClassRunner.java:84)
	at org.junit.runners.Suite.runChild(Suite.java:127)
	at org.junit.runners.Suite.runChild(Suite.java:26)
	at org.junit.runners.ParentRunner$3.run(ParentRunner.java:238)
	at org.junit.runners.ParentRunner$1.schedule(ParentRunner.java:63)
	at org.junit.runners.ParentRunner.runChildren(ParentRunner.java:236)
	at org.junit.runners.ParentRunner.access$000(ParentRunner.java:53)
	at org.junit.runners.ParentRunner$2.evaluate(ParentRunner.java:229)
	at org.junit.runners.ParentRunner.run(ParentRunner.java:309)
	at org.junit.runner.JUnitCore.run(JUnitCore.java:160)
	at org.junit.runner.JUnitCore.run(JUnitCore.java:138)
	at org.junit.runner.JUnitCore.run(JUnitCore.java:117)
	at br.usp.each.saeg.jaguardf.cli.JaguarRunner.run(JaguarRunner.java:64)
	at br.usp.each.saeg.jaguardf.cli.JaguarRunner.main(JaguarRunner.java:96)
02:34:50.695 [main] INFO  JaguarDF - Test test1654215(org.jfree.chart.plot.junit.CategoryPlotTests) : Failed
java.lang.NullPointerException
	at org.jfree.chart.axis.Axis.drawLabel(Axis.java:1192)
	at org.jfree.chart.axis.CategoryAxis.draw(CategoryAxis.java:828)
	at org.jfree.chart.plot.CategoryPlot.drawAxes(CategoryPlot.java:2725)
	at org.jfree.chart.plot.CategoryPlot.draw(CategoryPlot.java:2571)
	at org.jfree.chart.JFreeChart.draw(JFreeChart.java:1213)
	at org.jfree.chart.JFreeChart.createBufferedImage(JFreeChart.java:1387)
	at org.jfree.chart.JFreeChart.createBufferedImage(JFreeChart.java:1367)
	at org.jfree.chart.JFreeChart.createBufferedImage(JFreeChart.java:1352)
	at org.jfree.chart.plot.junit.CategoryPlotTests.testSerialization3(CategoryPlotTests.java:508)
	at sun.reflect.NativeMethodAccessorImpl.invoke0(Native Method)
	at sun.reflect.NativeMethodAccessorImpl.invoke(NativeMethodAccessorImpl.java:62)
	at sun.reflect.DelegatingMethodAccessorImpl.invoke(DelegatingMethodAccessorImpl.java:43)
	at java.lang.reflect.Method.invoke(Method.java:498)
	at junit.framework.TestCase.runTest(TestCase.java:176)
	at junit.framework.TestCase.runBare(TestCase.java:141)
	at junit.framework.TestResult$1.protect(TestResult.java:122)
	at junit.framework.TestResult.runProtected(TestResult.java:142)
	at junit.framework.TestResult.run(TestResult.java:125)
	at junit.framework.TestCase.run(TestCase.java:129)
	at junit.framework.TestSuite.runTest(TestSuite.java:255)
	at junit.framework.TestSuite.run(TestSuite.java:250)
	at org.junit.internal.runners.JUnit38ClassRunner.run(JUnit38ClassRunner.java:84)
	at org.junit.runners.Suite.runChild(Suite.java:127)
	at org.junit.runners.Suite.runChild(Suite.java:26)
	at org.junit.runners.ParentRunner$3.run(ParentRunner.java:238)
	at org.junit.runners.ParentRunner$1.schedule(ParentRunner.java:63)
	at org.junit.runners.ParentRunner.runChildren(ParentRunner.java:236)
	at org.junit.runners.ParentRunner.access$000(ParentRunner.java:53)
	at org.junit.runners.ParentRunner$2.evaluate(ParentRunner.java:229)
	at org.junit.runners.ParentRunner.run(ParentRunner.java:309)
	at org.junit.runner.JUnitCore.run(JUnitCore.java:160)
	at org.junit.runner.JUnitCore.run(JUnitCore.java:138)
	at org.junit.runner.JUnitCore.run(JUnitCore.java:117)
	at br.usp.each.saeg.jaguardf.cli.JaguarRunner.run(JaguarRunner.java:64)
	at br.usp.each.saeg.jaguardf.cli.JaguarRunner.main(JaguarRunner.java:96)
02:35:09.848 [main] INFO  JaguarDF - Test testSerialization3(org.jfree.chart.plot.junit.CategoryPlotTests) : Failed
java.lang.NullPointerException
	at org.jfree.chart.axis.Axis.drawLabel(Axis.java:1192)
	at org.jfree.chart.axis.CategoryAxis.draw(CategoryAxis.java:828)
	at org.jfree.chart.plot.CategoryPlot.drawAxes(CategoryPlot.java:2725)
	at org.jfree.chart.plot.CategoryPlot.draw(CategoryPlot.java:2571)
	at org.jfree.chart.JFreeChart.draw(JFreeChart.java:1213)
	at org.jfree.chart.JFreeChart.createBufferedImage(JFreeChart.java:1387)
	at org.jfree.chart.JFreeChart.createBufferedImage(JFreeChart.java:1367)
	at org.jfree.chart.JFreeChart.createBufferedImage(JFreeChart.java:1352)
	at org.jfree.chart.plot.junit.CategoryPlotTests.testSerialization4(CategoryPlotTests.java:557)
	at sun.reflect.NativeMethodAccessorImpl.invoke0(Native Method)
	at sun.reflect.NativeMethodAccessorImpl.invoke(NativeMethodAccessorImpl.java:62)
	at sun.reflect.DelegatingMethodAccessorImpl.invoke(DelegatingMethodAccessorImpl.java:43)
	at java.lang.reflect.Method.invoke(Method.java:498)
	at junit.framework.TestCase.runTest(TestCase.java:176)
	at junit.framework.TestCase.runBare(TestCase.java:141)
	at junit.framework.TestResult$1.protect(TestResult.java:122)
	at junit.framework.TestResult.runProtected(TestResult.java:142)
	at junit.framework.TestResult.run(TestResult.java:125)
	at junit.framework.TestCase.run(TestCase.java:129)
	at junit.framework.TestSuite.runTest(TestSuite.java:255)
	at junit.framework.TestSuite.run(TestSuite.java:250)
	at org.junit.internal.runners.JUnit38ClassRunner.run(JUnit38ClassRunner.java:84)
	at org.junit.runners.Suite.runChild(Suite.java:127)
	at org.junit.runners.Suite.runChild(Suite.java:26)
	at org.junit.runners.ParentRunner$3.run(ParentRunner.java:238)
	at org.junit.runners.ParentRunner$1.schedule(ParentRunner.java:63)
	at org.junit.runners.ParentRunner.runChildren(ParentRunner.java:236)
	at org.junit.runners.ParentRunner.access$000(ParentRunner.java:53)
	at org.junit.runners.ParentRunner$2.evaluate(ParentRunner.java:229)
	at org.junit.runners.ParentRunner.run(ParentRunner.java:309)
	at org.junit.runner.JUnitCore.run(JUnitCore.java:160)
	at org.junit.runner.JUnitCore.run(JUnitCore.java:138)
	at org.junit.runner.JUnitCore.run(JUnitCore.java:117)
	at br.usp.each.saeg.jaguardf.cli.JaguarRunner.run(JaguarRunner.java:64)
	at br.usp.each.saeg.jaguardf.cli.JaguarRunner.main(JaguarRunner.java:96)
02:35:13.061 [main] INFO  JaguarDF - Test testSerialization4(org.jfree.chart.plot.junit.CategoryPlotTests) : Failed
02:43:09.076 [main] INFO  JaguarDF - Test testDrawWithNullInfo(org.jfree.chart.renderer.category.junit.BoxAndWhiskerRendererTests) : Failed
java.lang.NullPointerException
	at org.jfree.chart.axis.Axis.drawLabel(Axis.java:1192)
	at org.jfree.chart.axis.CategoryAxis.draw(CategoryAxis.java:828)
	at org.jfree.chart.plot.CategoryPlot.drawAxes(CategoryPlot.java:2725)
	at org.jfree.chart.plot.CategoryPlot.draw(CategoryPlot.java:2571)
	at org.jfree.chart.JFreeChart.draw(JFreeChart.java:1213)
	at org.jfree.chart.JFreeChart.createBufferedImage(JFreeChart.java:1387)
	at org.jfree.chart.JFreeChart.createBufferedImage(JFreeChart.java:1367)
	at org.jfree.chart.renderer.category.junit.GroupedStackedBarRendererTests.testDrawWithNullInfo(GroupedStackedBarRendererTests.java:168)
	at sun.reflect.NativeMethodAccessorImpl.invoke0(Native Method)
	at sun.reflect.NativeMethodAccessorImpl.invoke(NativeMethodAccessorImpl.java:62)
	at sun.reflect.DelegatingMethodAccessorImpl.invoke(DelegatingMethodAccessorImpl.java:43)
	at java.lang.reflect.Method.invoke(Method.java:498)
	at junit.framework.TestCase.runTest(TestCase.java:176)
	at junit.framework.TestCase.runBare(TestCase.java:141)
	at junit.framework.TestResult$1.protect(TestResult.java:122)
	at junit.framework.TestResult.runProtected(TestResult.java:142)
	at junit.framework.TestResult.run(TestResult.java:125)
	at junit.framework.TestCase.run(TestCase.java:129)
	at junit.framework.TestSuite.runTest(TestSuite.java:255)
	at junit.framework.TestSuite.run(TestSuite.java:250)
	at org.junit.internal.runners.JUnit38ClassRunner.run(JUnit38ClassRunner.java:84)
	at org.junit.runners.Suite.runChild(Suite.java:127)
	at org.junit.runners.Suite.runChild(Suite.java:26)
	at org.junit.runners.ParentRunner$3.run(ParentRunner.java:238)
	at org.junit.runners.ParentRunner$1.schedule(ParentRunner.java:63)
	at org.junit.runners.ParentRunner.runChildren(ParentRunner.java:236)
	at org.junit.runners.ParentRunner.access$000(ParentRunner.java:53)
	at org.junit.runners.ParentRunner$2.evaluate(ParentRunner.java:229)
	at org.junit.runners.ParentRunner.run(ParentRunner.java:309)
	at org.junit.runner.JUnitCore.run(JUnitCore.java:160)
	at org.junit.runner.JUnitCore.run(JUnitCore.java:138)
	at org.junit.runner.JUnitCore.run(JUnitCore.java:117)
	at br.usp.each.saeg.jaguardf.cli.JaguarRunner.run(JaguarRunner.java:64)
	at br.usp.each.saeg.jaguardf.cli.JaguarRunner.main(JaguarRunner.java:96)
02:44:25.984 [main] INFO  JaguarDF - Test testDrawWithNullInfo(org.jfree.chart.renderer.category.junit.GroupedStackedBarRendererTests) : Failed
java.lang.NullPointerException
	at org.jfree.chart.axis.Axis.drawLabel(Axis.java:1192)
	at org.jfree.chart.axis.CategoryAxis.draw(CategoryAxis.java:828)
	at org.jfree.chart.plot.CategoryPlot.drawAxes(CategoryPlot.java:2725)
	at org.jfree.chart.plot.CategoryPlot.draw(CategoryPlot.java:2571)
	at org.jfree.chart.JFreeChart.draw(JFreeChart.java:1213)
	at org.jfree.chart.JFreeChart.createBufferedImage(JFreeChart.java:1387)
	at org.jfree.chart.JFreeChart.createBufferedImage(JFreeChart.java:1367)
	at org.jfree.chart.renderer.category.junit.IntervalBarRendererTests.testDrawWithNullInfo(IntervalBarRendererTests.java:168)
	at sun.reflect.NativeMethodAccessorImpl.invoke0(Native Method)
	at sun.reflect.NativeMethodAccessorImpl.invoke(NativeMethodAccessorImpl.java:62)
	at sun.reflect.DelegatingMethodAccessorImpl.invoke(DelegatingMethodAccessorImpl.java:43)
	at java.lang.reflect.Method.invoke(Method.java:498)
	at junit.framework.TestCase.runTest(TestCase.java:176)
	at junit.framework.TestCase.runBare(TestCase.java:141)
	at junit.framework.TestResult$1.protect(TestResult.java:122)
	at junit.framework.TestResult.runProtected(TestResult.java:142)
	at junit.framework.TestResult.run(TestResult.java:125)
	at junit.framework.TestCase.run(TestCase.java:129)
	at junit.framework.TestSuite.runTest(TestSuite.java:255)
	at junit.framework.TestSuite.run(TestSuite.java:250)
	at org.junit.internal.runners.JUnit38ClassRunner.run(JUnit38ClassRunner.java:84)
	at org.junit.runners.Suite.runChild(Suite.java:127)
	at org.junit.runners.Suite.runChild(Suite.java:26)
	at org.junit.runners.ParentRunner$3.run(ParentRunner.java:238)
	at org.junit.runners.ParentRunner$1.schedule(ParentRunner.java:63)
	at org.junit.runners.ParentRunner.runChildren(ParentRunner.java:236)
	at org.junit.runners.ParentRunner.access$000(ParentRunner.java:53)
	at org.junit.runners.ParentRunner$2.evaluate(ParentRunner.java:229)
	at org.junit.runners.ParentRunner.run(ParentRunner.java:309)
	at org.junit.runner.JUnitCore.run(JUnitCore.java:160)
	at org.junit.runner.JUnitCore.run(JUnitCore.java:138)
	at org.junit.runner.JUnitCore.run(JUnitCore.java:117)
	at br.usp.each.saeg.jaguardf.cli.JaguarRunner.run(JaguarRunner.java:64)
	at br.usp.each.saeg.jaguardf.cli.JaguarRunner.main(JaguarRunner.java:96)
02:44:40.898 [main] INFO  JaguarDF - Test testDrawWithNullInfo(org.jfree.chart.renderer.category.junit.IntervalBarRendererTests) : Failed
java.lang.NullPointerException
	at org.jfree.chart.axis.Axis.drawLabel(Axis.java:1192)
	at org.jfree.chart.axis.CategoryAxis.draw(CategoryAxis.java:828)
	at org.jfree.chart.plot.CategoryPlot.drawAxes(CategoryPlot.java:2725)
	at org.jfree.chart.plot.CategoryPlot.draw(CategoryPlot.java:2571)
	at org.jfree.chart.JFreeChart.draw(JFreeChart.java:1213)
	at org.jfree.chart.JFreeChart.createBufferedImage(JFreeChart.java:1387)
	at org.jfree.chart.JFreeChart.createBufferedImage(JFreeChart.java:1367)
	at org.jfree.chart.renderer.category.junit.LayeredBarRendererTests.testDrawWithNullInfo(LayeredBarRendererTests.java:164)
	at sun.reflect.NativeMethodAccessorImpl.invoke0(Native Method)
	at sun.reflect.NativeMethodAccessorImpl.invoke(NativeMethodAccessorImpl.java:62)
	at sun.reflect.DelegatingMethodAccessorImpl.invoke(DelegatingMethodAccessorImpl.java:43)
	at java.lang.reflect.Method.invoke(Method.java:498)
	at junit.framework.TestCase.runTest(TestCase.java:176)
	at junit.framework.TestCase.runBare(TestCase.java:141)
	at junit.framework.TestResult$1.protect(TestResult.java:122)
	at junit.framework.TestResult.runProtected(TestResult.java:142)
	at junit.framework.TestResult.run(TestResult.java:125)
	at junit.framework.TestCase.run(TestCase.java:129)
	at junit.framework.TestSuite.runTest(TestSuite.java:255)
	at junit.framework.TestSuite.run(TestSuite.java:250)
	at org.junit.internal.runners.JUnit38ClassRunner.run(JUnit38ClassRunner.java:84)
	at org.junit.runners.Suite.runChild(Suite.java:127)
	at org.junit.runners.Suite.runChild(Suite.java:26)
	at org.junit.runners.ParentRunner$3.run(ParentRunner.java:238)
	at org.junit.runners.ParentRunner$1.schedule(ParentRunner.java:63)
	at org.junit.runners.ParentRunner.runChildren(ParentRunner.java:236)
	at org.junit.runners.ParentRunner.access$000(ParentRunner.java:53)
	at org.junit.runners.ParentRunner$2.evaluate(ParentRunner.java:229)
	at org.junit.runners.ParentRunner.run(ParentRunner.java:309)
	at org.junit.runner.JUnitCore.run(JUnitCore.java:160)
	at org.junit.runner.JUnitCore.run(JUnitCore.java:138)
	at org.junit.runner.JUnitCore.run(JUnitCore.java:117)
	at br.usp.each.saeg.jaguardf.cli.JaguarRunner.run(JaguarRunner.java:64)
	at br.usp.each.saeg.jaguardf.cli.JaguarRunner.main(JaguarRunner.java:96)
02:44:59.669 [main] INFO  JaguarDF - Test testDrawWithNullInfo(org.jfree.chart.renderer.category.junit.LayeredBarRendererTests) : Failed
java.lang.NullPointerException
	at org.jfree.chart.axis.Axis.drawLabel(Axis.java:1192)
	at org.jfree.chart.axis.CategoryAxis.draw(CategoryAxis.java:828)
	at org.jfree.chart.plot.CategoryPlot.drawAxes(CategoryPlot.java:2725)
	at org.jfree.chart.plot.CategoryPlot.draw(CategoryPlot.java:2571)
	at org.jfree.chart.JFreeChart.draw(JFreeChart.java:1213)
	at org.jfree.chart.JFreeChart.createBufferedImage(JFreeChart.java:1387)
	at org.jfree.chart.JFreeChart.createBufferedImage(JFreeChart.java:1367)
	at org.jfree.chart.renderer.category.junit.LevelRendererTests.testDrawWithNullInfo(LevelRendererTests.java:205)
	at sun.reflect.NativeMethodAccessorImpl.invoke0(Native Method)
	at sun.reflect.NativeMethodAccessorImpl.invoke(NativeMethodAccessorImpl.java:62)
	at sun.reflect.DelegatingMethodAccessorImpl.invoke(DelegatingMethodAccessorImpl.java:43)
	at java.lang.reflect.Method.invoke(Method.java:498)
	at junit.framework.TestCase.runTest(TestCase.java:176)
	at junit.framework.TestCase.runBare(TestCase.java:141)
	at junit.framework.TestResult$1.protect(TestResult.java:122)
	at junit.framework.TestResult.runProtected(TestResult.java:142)
	at junit.framework.TestResult.run(TestResult.java:125)
	at junit.framework.TestCase.run(TestCase.java:129)
	at junit.framework.TestSuite.runTest(TestSuite.java:255)
	at junit.framework.TestSuite.run(TestSuite.java:250)
	at org.junit.internal.runners.JUnit38ClassRunner.run(JUnit38ClassRunner.java:84)
	at org.junit.runners.Suite.runChild(Suite.java:127)
	at org.junit.runners.Suite.runChild(Suite.java:26)
	at org.junit.runners.ParentRunner$3.run(ParentRunner.java:238)
	at org.junit.runners.ParentRunner$1.schedule(ParentRunner.java:63)
	at org.junit.runners.ParentRunner.runChildren(ParentRunner.java:236)
	at org.junit.runners.ParentRunner.access$000(ParentRunner.java:53)
	at org.junit.runners.ParentRunner$2.evaluate(ParentRunner.java:229)
	at org.junit.runners.ParentRunner.run(ParentRunner.java:309)
	at org.junit.runner.JUnitCore.run(JUnitCore.java:160)
	at org.junit.runner.JUnitCore.run(JUnitCore.java:138)
	at org.junit.runner.JUnitCore.run(JUnitCore.java:117)
	at br.usp.each.saeg.jaguardf.cli.JaguarRunner.run(JaguarRunner.java:64)
	at br.usp.each.saeg.jaguardf.cli.JaguarRunner.main(JaguarRunner.java:96)
02:45:18.366 [main] INFO  JaguarDF - Test testDrawWithNullInfo(org.jfree.chart.renderer.category.junit.LevelRendererTests) : Failed
java.lang.NullPointerException
	at org.jfree.chart.axis.Axis.drawLabel(Axis.java:1192)
	at org.jfree.chart.axis.CategoryAxis.draw(CategoryAxis.java:828)
	at org.jfree.chart.plot.CategoryPlot.drawAxes(CategoryPlot.java:2725)
	at org.jfree.chart.plot.CategoryPlot.draw(CategoryPlot.java:2571)
	at org.jfree.chart.JFreeChart.draw(JFreeChart.java:1213)
	at org.jfree.chart.JFreeChart.createBufferedImage(JFreeChart.java:1387)
	at org.jfree.chart.JFreeChart.createBufferedImage(JFreeChart.java:1367)
	at org.jfree.chart.renderer.category.junit.MinMaxCategoryRendererTests.testDrawWithNullInfo(MinMaxCategoryRendererTests.java:163)
	at sun.reflect.NativeMethodAccessorImpl.invoke0(Native Method)
	at sun.reflect.NativeMethodAccessorImpl.invoke(NativeMethodAccessorImpl.java:62)
	at sun.reflect.DelegatingMethodAccessorImpl.invoke(DelegatingMethodAccessorImpl.java:43)
	at java.lang.reflect.Method.invoke(Method.java:498)
	at junit.framework.TestCase.runTest(TestCase.java:176)
	at junit.framework.TestCase.runBare(TestCase.java:141)
	at junit.framework.TestResult$1.protect(TestResult.java:122)
	at junit.framework.TestResult.runProtected(TestResult.java:142)
	at junit.framework.TestResult.run(TestResult.java:125)
	at junit.framework.TestCase.run(TestCase.java:129)
	at junit.framework.TestSuite.runTest(TestSuite.java:255)
	at junit.framework.TestSuite.run(TestSuite.java:250)
	at org.junit.internal.runners.JUnit38ClassRunner.run(JUnit38ClassRunner.java:84)
	at org.junit.runners.Suite.runChild(Suite.java:127)
	at org.junit.runners.Suite.runChild(Suite.java:26)
	at org.junit.runners.ParentRunner$3.run(ParentRunner.java:238)
	at org.junit.runners.ParentRunner$1.schedule(ParentRunner.java:63)
	at org.junit.runners.ParentRunner.runChildren(ParentRunner.java:236)
	at org.junit.runners.ParentRunner.access$000(ParentRunner.java:53)
	at org.junit.runners.ParentRunner$2.evaluate(ParentRunner.java:229)
	at org.junit.runners.ParentRunner.run(ParentRunner.java:309)
	at org.junit.runner.JUnitCore.run(JUnitCore.java:160)
	at org.junit.runner.JUnitCore.run(JUnitCore.java:138)
	at org.junit.runner.JUnitCore.run(JUnitCore.java:117)
	at br.usp.each.saeg.jaguardf.cli.JaguarRunner.run(JaguarRunner.java:64)
	at br.usp.each.saeg.jaguardf.cli.JaguarRunner.main(JaguarRunner.java:96)
02:46:14.513 [main] INFO  JaguarDF - Test testDrawWithNullInfo(org.jfree.chart.renderer.category.junit.MinMaxCategoryRendererTests) : Failed
java.lang.NullPointerException
	at org.jfree.chart.axis.Axis.drawLabel(Axis.java:1192)
	at org.jfree.chart.axis.CategoryAxis.draw(CategoryAxis.java:828)
	at org.jfree.chart.plot.CategoryPlot.drawAxes(CategoryPlot.java:2725)
	at org.jfree.chart.plot.CategoryPlot.draw(CategoryPlot.java:2571)
	at org.jfree.chart.JFreeChart.draw(JFreeChart.java:1213)
	at org.jfree.chart.JFreeChart.createBufferedImage(JFreeChart.java:1387)
	at org.jfree.chart.JFreeChart.createBufferedImage(JFreeChart.java:1367)
	at org.jfree.chart.renderer.category.junit.StatisticalBarRendererTests.testDrawWithNullInfo(StatisticalBarRendererTests.java:172)
	at sun.reflect.NativeMethodAccessorImpl.invoke0(Native Method)
	at sun.reflect.NativeMethodAccessorImpl.invoke(NativeMethodAccessorImpl.java:62)
	at sun.reflect.DelegatingMethodAccessorImpl.invoke(DelegatingMethodAccessorImpl.java:43)
	at java.lang.reflect.Method.invoke(Method.java:498)
	at junit.framework.TestCase.runTest(TestCase.java:176)
	at junit.framework.TestCase.runBare(TestCase.java:141)
	at junit.framework.TestResult$1.protect(TestResult.java:122)
	at junit.framework.TestResult.runProtected(TestResult.java:142)
	at junit.framework.TestResult.run(TestResult.java:125)
	at junit.framework.TestCase.run(TestCase.java:129)
	at junit.framework.TestSuite.runTest(TestSuite.java:255)
	at junit.framework.TestSuite.run(TestSuite.java:250)
	at org.junit.internal.runners.JUnit38ClassRunner.run(JUnit38ClassRunner.java:84)
	at org.junit.runners.Suite.runChild(Suite.java:127)
	at org.junit.runners.Suite.runChild(Suite.java:26)
	at org.junit.runners.ParentRunner$3.run(ParentRunner.java:238)
	at org.junit.runners.ParentRunner$1.schedule(ParentRunner.java:63)
	at org.junit.runners.ParentRunner.runChildren(ParentRunner.java:236)
	at org.junit.runners.ParentRunner.access$000(ParentRunner.java:53)
	at org.junit.runners.ParentRunner$2.evaluate(ParentRunner.java:229)
	at org.junit.runners.ParentRunner.run(ParentRunner.java:309)
	at org.junit.runner.JUnitCore.run(JUnitCore.java:160)
	at org.junit.runner.JUnitCore.run(JUnitCore.java:138)
	at org.junit.runner.JUnitCore.run(JUnitCore.java:117)
	at br.usp.each.saeg.jaguardf.cli.JaguarRunner.run(JaguarRunner.java:64)
	at br.usp.each.saeg.jaguardf.cli.JaguarRunner.main(JaguarRunner.java:96)
02:48:22.048 [main] INFO  JaguarDF - Test testDrawWithNullInfo(org.jfree.chart.renderer.category.junit.StatisticalBarRendererTests) : Failed
java.lang.NullPointerException
	at org.jfree.chart.axis.Axis.drawLabel(Axis.java:1192)
	at org.jfree.chart.axis.CategoryAxis.draw(CategoryAxis.java:828)
	at org.jfree.chart.plot.CategoryPlot.drawAxes(CategoryPlot.java:2725)
	at org.jfree.chart.plot.CategoryPlot.draw(CategoryPlot.java:2571)
	at org.jfree.chart.JFreeChart.draw(JFreeChart.java:1213)
	at org.jfree.chart.JFreeChart.createBufferedImage(JFreeChart.java:1387)
	at org.jfree.chart.JFreeChart.createBufferedImage(JFreeChart.java:1367)
	at org.jfree.chart.renderer.category.junit.StatisticalLineAndShapeRendererTests.testDrawWithNullInfo(StatisticalLineAndShapeRendererTests.java:179)
	at sun.reflect.NativeMethodAccessorImpl.invoke0(Native Method)
	at sun.reflect.NativeMethodAccessorImpl.invoke(NativeMethodAccessorImpl.java:62)
	at sun.reflect.DelegatingMethodAccessorImpl.invoke(DelegatingMethodAccessorImpl.java:43)
	at java.lang.reflect.Method.invoke(Method.java:498)
	at junit.framework.TestCase.runTest(TestCase.java:176)
	at junit.framework.TestCase.runBare(TestCase.java:141)
	at junit.framework.TestResult$1.protect(TestResult.java:122)
	at junit.framework.TestResult.runProtected(TestResult.java:142)
	at junit.framework.TestResult.run(TestResult.java:125)
	at junit.framework.TestCase.run(TestCase.java:129)
	at junit.framework.TestSuite.runTest(TestSuite.java:255)
	at junit.framework.TestSuite.run(TestSuite.java:250)
	at org.junit.internal.runners.JUnit38ClassRunner.run(JUnit38ClassRunner.java:84)
	at org.junit.runners.Suite.runChild(Suite.java:127)
	at org.junit.runners.Suite.runChild(Suite.java:26)
	at org.junit.runners.ParentRunner$3.run(ParentRunner.java:238)
	at org.junit.runners.ParentRunner$1.schedule(ParentRunner.java:63)
	at org.junit.runners.ParentRunner.runChildren(ParentRunner.java:236)
	at org.junit.runners.ParentRunner.access$000(ParentRunner.java:53)
	at org.junit.runners.ParentRunner$2.evaluate(ParentRunner.java:229)
	at org.junit.runners.ParentRunner.run(ParentRunner.java:309)
	at org.junit.runner.JUnitCore.run(JUnitCore.java:160)
	at org.junit.runner.JUnitCore.run(JUnitCore.java:138)
	at org.junit.runner.JUnitCore.run(JUnitCore.java:117)
	at br.usp.each.saeg.jaguardf.cli.JaguarRunner.run(JaguarRunner.java:64)
	at br.usp.each.saeg.jaguardf.cli.JaguarRunner.main(JaguarRunner.java:96)
02:48:41.088 [main] INFO  JaguarDF - Test testDrawWithNullInfo(org.jfree.chart.renderer.category.junit.StatisticalLineAndShapeRendererTests) : Failed
04:00:39.087 [main] INFO  JaguarDF - Jaguar-DF has finished!

real	100m27.084s
user	103m16.331s
sys	1m0.488s
