21:47:32.174 [main] INFO  JaguarDF - Welcome to Jaguar-DF CLI!
21:47:32.595 [main] DEBUG JaguarDF - CLI Arguments: [--projectDir, d4jprojects/closure-compiler, --classesDir, build/classes, --testsDir, build/test, --tests, tests.out, --logLevel, INFO]
Nov 05, 2020 9:48:40 PM com.google.javascript.jscomp.AliasStrings process
INFO: Aliasing common strings
Nov 05, 2020 9:48:40 PM com.google.javascript.jscomp.AliasStrings process
INFO: Aliasing common strings
Nov 05, 2020 9:48:40 PM com.google.javascript.jscomp.AliasStrings process
INFO: Aliasing common strings
Nov 05, 2020 9:48:40 PM com.google.javascript.jscomp.AliasStrings process
INFO: Aliasing common strings
Nov 05, 2020 9:48:40 PM com.google.javascript.jscomp.AliasStrings process
INFO: Aliasing common strings
Nov 05, 2020 9:48:40 PM com.google.javascript.jscomp.AliasStrings process
INFO: Aliasing common strings
Nov 05, 2020 9:48:42 PM com.google.javascript.jscomp.AliasStrings process
INFO: Aliasing common strings
Nov 05, 2020 9:48:42 PM com.google.javascript.jscomp.AliasStrings process
INFO: Aliasing common strings
Nov 05, 2020 9:48:42 PM com.google.javascript.jscomp.AliasStrings process
INFO: Aliasing common strings
Nov 05, 2020 9:48:42 PM com.google.javascript.jscomp.AliasStrings process
INFO: Aliasing common strings
Nov 05, 2020 9:48:42 PM com.google.javascript.jscomp.AliasStrings process
INFO: Aliasing common strings
Nov 05, 2020 9:48:42 PM com.google.javascript.jscomp.AliasStrings process
INFO: Aliasing common strings
Nov 05, 2020 9:48:42 PM com.google.javascript.jscomp.AliasStrings process
INFO: Aliasing common strings
Nov 05, 2020 9:48:42 PM com.google.javascript.jscomp.AliasStrings process
INFO: Aliasing common strings
Nov 05, 2020 9:48:42 PM com.google.javascript.jscomp.AliasStrings process
INFO: Aliasing common strings
Nov 05, 2020 9:48:42 PM com.google.javascript.jscomp.AliasStrings process
INFO: Aliasing common strings
Nov 05, 2020 9:48:42 PM com.google.javascript.jscomp.AliasStrings process
INFO: Aliasing common strings
Nov 05, 2020 9:48:42 PM com.google.javascript.jscomp.AliasStrings process
INFO: Aliasing common strings
Nov 05, 2020 9:48:42 PM com.google.javascript.jscomp.AliasStrings process
INFO: Aliasing common strings
Nov 05, 2020 9:48:42 PM com.google.javascript.jscomp.AliasStrings process
INFO: Aliasing common strings
Nov 05, 2020 9:48:44 PM com.google.javascript.jscomp.AliasStrings process
INFO: Aliasing common strings
Nov 05, 2020 9:48:44 PM com.google.javascript.jscomp.AliasStrings process
INFO: Aliasing common strings
Nov 05, 2020 9:48:45 PM com.google.javascript.jscomp.AliasStrings process
INFO: Aliasing common strings
Nov 05, 2020 9:48:45 PM com.google.javascript.jscomp.AliasStrings process
INFO: Aliasing common strings
Nov 05, 2020 9:48:47 PM com.google.javascript.jscomp.AliasStrings process
INFO: Aliasing common strings
Nov 05, 2020 9:48:47 PM com.google.javascript.jscomp.AliasStrings process
INFO: Aliasing common strings
Nov 05, 2020 9:48:47 PM com.google.javascript.jscomp.AliasStrings process
INFO: Aliasing common strings
Nov 05, 2020 9:48:47 PM com.google.javascript.jscomp.AliasStrings process
INFO: Aliasing common strings
Nov 05, 2020 9:48:47 PM com.google.javascript.jscomp.AliasStrings process
INFO: Aliasing common strings
Nov 05, 2020 9:48:47 PM com.google.javascript.jscomp.AliasStrings process
INFO: Aliasing common strings
Nov 05, 2020 9:48:49 PM com.google.javascript.jscomp.AliasStrings process
INFO: Aliasing common strings
Nov 05, 2020 9:48:49 PM com.google.javascript.jscomp.AliasStrings process
INFO: Aliasing common strings
Nov 05, 2020 9:48:51 PM com.google.javascript.jscomp.AliasStrings process
INFO: Aliasing common strings
Nov 05, 2020 9:48:51 PM com.google.javascript.jscomp.AliasStrings process
INFO: Aliasing common strings
Nov 05, 2020 9:48:51 PM com.google.javascript.jscomp.AliasStrings process
INFO: Aliasing common strings
Nov 05, 2020 9:48:51 PM com.google.javascript.jscomp.AliasStrings process
INFO: Aliasing common strings
Nov 05, 2020 9:48:52 PM com.google.javascript.jscomp.AliasStrings process
INFO: Aliasing common strings
Nov 05, 2020 9:48:52 PM com.google.javascript.jscomp.AliasStrings process
INFO: Aliasing common strings
Nov 05, 2020 9:48:54 PM com.google.javascript.jscomp.AliasStrings process
INFO: Aliasing common strings
Nov 05, 2020 9:48:54 PM com.google.javascript.jscomp.AliasStrings process
INFO: Aliasing common strings
Nov 05, 2020 9:48:54 PM com.google.javascript.jscomp.AliasStrings process
INFO: Aliasing common strings
Nov 05, 2020 9:48:54 PM com.google.javascript.jscomp.AliasStrings process
INFO: Aliasing common strings
Nov 05, 2020 9:48:54 PM com.google.javascript.jscomp.AliasStrings process
INFO: Aliasing common strings
Nov 05, 2020 9:48:54 PM com.google.javascript.jscomp.AliasStrings process
INFO: Aliasing common strings
Nov 05, 2020 9:48:54 PM com.google.javascript.jscomp.AliasStrings process
INFO: Aliasing common strings
Nov 05, 2020 9:48:54 PM com.google.javascript.jscomp.AliasStrings process
INFO: Aliasing common strings
Nov 05, 2020 9:48:54 PM com.google.javascript.jscomp.AliasStrings process
INFO: Aliasing common strings
Nov 05, 2020 9:48:54 PM com.google.javascript.jscomp.AliasStrings process
INFO: Aliasing common strings
Nov 05, 2020 9:48:54 PM com.google.javascript.jscomp.AliasStrings process
INFO: Aliasing common strings
Nov 05, 2020 9:48:54 PM com.google.javascript.jscomp.AliasStrings process
INFO: Aliasing common strings
Nov 05, 2020 9:48:54 PM com.google.javascript.jscomp.AliasStrings process
INFO: Aliasing common strings
Nov 05, 2020 9:48:54 PM com.google.javascript.jscomp.AliasStrings process
INFO: Aliasing common strings
Nov 05, 2020 9:48:54 PM com.google.javascript.jscomp.AliasStrings process
INFO: Aliasing common strings
Nov 05, 2020 9:48:54 PM com.google.javascript.jscomp.AliasStrings process
INFO: Aliasing common strings
Nov 05, 2020 9:48:56 PM com.google.javascript.jscomp.AliasStrings process
INFO: Aliasing common strings
Nov 05, 2020 9:48:56 PM com.google.javascript.jscomp.AliasStrings process
INFO: Aliasing common strings
Nov 05, 2020 9:48:58 PM com.google.javascript.jscomp.AliasStrings process
INFO: Aliasing common strings
Nov 05, 2020 9:48:58 PM com.google.javascript.jscomp.AliasStrings process
INFO: Aliasing common strings
Nov 05, 2020 9:48:58 PM com.google.javascript.jscomp.AliasStrings process
INFO: Aliasing common strings
Nov 05, 2020 9:48:58 PM com.google.javascript.jscomp.AliasStrings process
INFO: Aliasing common strings
Nov 05, 2020 9:48:58 PM com.google.javascript.jscomp.AliasStrings process
INFO: Aliasing common strings
Nov 05, 2020 9:48:58 PM com.google.javascript.jscomp.AliasStrings process
INFO: Aliasing common strings
Nov 05, 2020 9:48:58 PM com.google.javascript.jscomp.AliasStrings process
INFO: Aliasing common strings
Nov 05, 2020 9:48:58 PM com.google.javascript.jscomp.AliasStrings process
INFO: Aliasing common strings
Nov 05, 2020 9:48:58 PM com.google.javascript.jscomp.AliasStrings process
INFO: Aliasing common strings
Nov 05, 2020 9:48:58 PM com.google.javascript.jscomp.AliasStrings process
INFO: Aliasing common strings
Nov 05, 2020 9:49:00 PM com.google.javascript.jscomp.AliasStrings process
INFO: Aliasing common strings
Nov 05, 2020 9:49:00 PM com.google.javascript.jscomp.AliasStrings process
INFO: Aliasing common strings
Nov 05, 2020 9:49:02 PM com.google.javascript.jscomp.AmbiguateProperties process
INFO: Collapsed 6 properties into 3 and skipped renaming 0 properties.
Nov 05, 2020 9:49:04 PM com.google.javascript.jscomp.AmbiguateProperties process
INFO: Collapsed 20 properties into 10 and skipped renaming 0 properties.
Nov 05, 2020 9:49:06 PM com.google.javascript.jscomp.AmbiguateProperties process
INFO: Collapsed 10 properties into 1 and skipped renaming 0 properties.
Nov 05, 2020 9:49:09 PM com.google.javascript.jscomp.AmbiguateProperties process
INFO: Collapsed 2 properties into 1 and skipped renaming 0 properties.
Nov 05, 2020 9:49:11 PM com.google.javascript.jscomp.AmbiguateProperties process
INFO: Collapsed 0 properties into 1 and skipped renaming 1 properties.
Nov 05, 2020 9:49:13 PM com.google.javascript.jscomp.AmbiguateProperties process
INFO: Collapsed 0 properties into 1 and skipped renaming 0 properties.
Nov 05, 2020 9:49:16 PM com.google.javascript.jscomp.AmbiguateProperties process
INFO: Collapsed 2 properties into 2 and skipped renaming 0 properties.
Nov 05, 2020 9:49:18 PM com.google.javascript.jscomp.AmbiguateProperties process
INFO: Collapsed 0 properties into 1 and skipped renaming 1 properties.
Nov 05, 2020 9:49:20 PM com.google.javascript.jscomp.AmbiguateProperties process
INFO: Collapsed 1 properties into 1 and skipped renaming 0 properties.
Nov 05, 2020 9:49:23 PM com.google.javascript.jscomp.AmbiguateProperties process
INFO: Collapsed 0 properties into 1 and skipped renaming 1 properties.
Nov 05, 2020 9:49:25 PM com.google.javascript.jscomp.AmbiguateProperties process
INFO: Collapsed 0 properties into 1 and skipped renaming 1 properties.
Nov 05, 2020 9:49:27 PM com.google.javascript.jscomp.AmbiguateProperties process
INFO: Collapsed 0 properties into 1 and skipped renaming 1 properties.
Nov 05, 2020 9:49:29 PM com.google.javascript.jscomp.AmbiguateProperties process
INFO: Collapsed 0 properties into 1 and skipped renaming 1 properties.
Nov 05, 2020 9:49:32 PM com.google.javascript.jscomp.AmbiguateProperties process
INFO: Collapsed 0 properties into 1 and skipped renaming 0 properties.
Nov 05, 2020 9:49:34 PM com.google.javascript.jscomp.AmbiguateProperties process
INFO: Collapsed 1 properties into 1 and skipped renaming 0 properties.
Nov 05, 2020 9:49:36 PM com.google.javascript.jscomp.AmbiguateProperties process
INFO: Collapsed 0 properties into 1 and skipped renaming 0 properties.
Nov 05, 2020 9:49:39 PM com.google.javascript.jscomp.AmbiguateProperties process
INFO: Collapsed 1 properties into 1 and skipped renaming 0 properties.
Nov 05, 2020 9:49:41 PM com.google.javascript.jscomp.AmbiguateProperties process
INFO: Collapsed 2 properties into 1 and skipped renaming 0 properties.
Nov 05, 2020 9:49:43 PM com.google.javascript.jscomp.AmbiguateProperties process
INFO: Collapsed 3 properties into 1 and skipped renaming 0 properties.
Nov 05, 2020 9:49:46 PM com.google.javascript.jscomp.AmbiguateProperties process
INFO: Collapsed 1 properties into 1 and skipped renaming 1 properties.
Nov 05, 2020 9:49:46 PM com.google.javascript.jscomp.AmbiguateProperties process
INFO: Collapsed 0 properties into 1 and skipped renaming 2 properties.
Nov 05, 2020 9:49:46 PM com.google.javascript.jscomp.AmbiguateProperties process
INFO: Collapsed 2 properties into 1 and skipped renaming 0 properties.
Nov 05, 2020 9:49:48 PM com.google.javascript.jscomp.AmbiguateProperties process
INFO: Collapsed 0 properties into 1 and skipped renaming 1 properties.
Nov 05, 2020 9:49:50 PM com.google.javascript.jscomp.AmbiguateProperties process
INFO: Collapsed 3 properties into 3 and skipped renaming 0 properties.
Nov 05, 2020 9:49:53 PM com.google.javascript.jscomp.AmbiguateProperties process
INFO: Collapsed 3 properties into 3 and skipped renaming 0 properties.
Nov 05, 2020 9:49:55 PM com.google.javascript.jscomp.AmbiguateProperties process
INFO: Collapsed 2 properties into 2 and skipped renaming 0 properties.
Nov 05, 2020 9:49:57 PM com.google.javascript.jscomp.AmbiguateProperties process
INFO: Collapsed 2 properties into 2 and skipped renaming 0 properties.
Nov 05, 2020 9:50:00 PM com.google.javascript.jscomp.AmbiguateProperties process
INFO: Collapsed 2 properties into 2 and skipped renaming 0 properties.
Nov 05, 2020 9:50:02 PM com.google.javascript.jscomp.AmbiguateProperties process
INFO: Collapsed 1 properties into 1 and skipped renaming 1 properties.
Nov 05, 2020 9:50:04 PM com.google.javascript.jscomp.AmbiguateProperties process
INFO: Collapsed 1 properties into 1 and skipped renaming 1 properties.
Nov 05, 2020 9:50:07 PM com.google.javascript.jscomp.AmbiguateProperties process
INFO: Collapsed 1 properties into 1 and skipped renaming 0 properties.
Nov 05, 2020 9:50:09 PM com.google.javascript.jscomp.AmbiguateProperties process
INFO: Collapsed 2 properties into 2 and skipped renaming 0 properties.
Nov 05, 2020 9:50:11 PM com.google.javascript.jscomp.AmbiguateProperties process
INFO: Collapsed 2 properties into 1 and skipped renaming 0 properties.
Nov 05, 2020 9:50:13 PM com.google.javascript.jscomp.AmbiguateProperties process
INFO: Collapsed 3 properties into 2 and skipped renaming 0 properties.
Nov 05, 2020 9:50:16 PM com.google.javascript.jscomp.AmbiguateProperties process
INFO: Collapsed 3 properties into 2 and skipped renaming 0 properties.
Nov 05, 2020 9:50:18 PM com.google.javascript.jscomp.AmbiguateProperties process
INFO: Collapsed 10 properties into 5 and skipped renaming 0 properties.
Nov 05, 2020 10:00:16 PM com.google.javascript.jscomp.PhaseOptimizer$NamedPass process
INFO: processGoogScopeAliases
Nov 05, 2020 10:00:16 PM com.google.javascript.jscomp.PhaseOptimizer$NamedPass process
INFO: checkRequires
Nov 05, 2020 10:00:16 PM com.google.javascript.jscomp.PhaseOptimizer$NamedPass process
INFO: processProvidesAndRequires
Nov 05, 2020 10:00:17 PM com.google.javascript.jscomp.PhaseOptimizer$NamedPass process
INFO: checkVars
Nov 05, 2020 10:00:17 PM com.google.javascript.jscomp.PhaseOptimizer$NamedPass process
INFO: renameCssNames
Nov 05, 2020 10:00:17 PM com.google.javascript.jscomp.PhaseOptimizer$NamedPass process
INFO: replaceMessages
Nov 05, 2020 10:00:17 PM com.google.javascript.jscomp.PhaseOptimizer$NamedPass process
INFO: processDefines
Nov 05, 2020 10:00:17 PM com.google.javascript.jscomp.Compiler normalize
INFO: Normalizing
Nov 05, 2020 10:00:17 PM com.google.javascript.jscomp.PhaseOptimizer$NamedPass process
INFO: beforeStandardOptimizations
Nov 05, 2020 10:00:17 PM com.google.javascript.jscomp.PhaseOptimizer$NamedPass process
INFO: closureCodeRemoval
Nov 05, 2020 10:00:17 PM com.google.javascript.jscomp.PhaseOptimizer$NamedPass process
INFO: beforeMainOptimizations
Nov 05, 2020 10:00:17 PM com.google.javascript.jscomp.PhaseOptimizer$NamedPass process
INFO: beforeModuleMotion
Nov 05, 2020 10:00:17 PM com.google.javascript.jscomp.PhaseOptimizer$NamedPass process
INFO: afterModuleMotion
Nov 05, 2020 10:00:17 PM com.google.javascript.jscomp.PhaseOptimizer$NamedPass process
INFO: markUnnormalized
Nov 05, 2020 10:00:17 PM com.google.javascript.jscomp.PhaseOptimizer$NamedPass process
INFO: denormalize
Nov 05, 2020 10:00:17 PM com.google.javascript.jscomp.PhaseOptimizer$NamedPass process
INFO: invertNames
Nov 05, 2020 10:00:17 PM com.google.javascript.jscomp.LoggerErrorManager println
WARNING: foo.js:1: WARNING - 'foo.bar.goo' used but not goog.require'd

Nov 05, 2020 10:00:17 PM com.google.javascript.jscomp.LoggerErrorManager printSummary
WARNING: 0 error(s), 1 warning(s)
Closure Compiler (http://code.google.com/closure/compiler)
Version: HEAD
Built on: 2020/11/05 13:47
Nov 05, 2020 10:41:12 PM com.google.javascript.jscomp.LoggerErrorManager println
WARNING: testcode:1: WARNING - Unable to determine type of parameter a for exported function d

Nov 05, 2020 10:41:12 PM com.google.javascript.jscomp.LoggerErrorManager println
WARNING: testcode:1: WARNING - Unable to determine type of parameter a for exported function e

Nov 05, 2020 10:41:12 PM com.google.javascript.jscomp.LoggerErrorManager println
WARNING: testcode:1: WARNING - Unable to determine type of parameter a for exported function f

Nov 05, 2020 10:41:12 PM com.google.javascript.jscomp.LoggerErrorManager printSummary
WARNING: 0 error(s), 3 warning(s), 100% typed
Nov 05, 2020 10:41:16 PM com.google.javascript.jscomp.LoggerErrorManager println
WARNING: testcode:1: WARNING - Unable to determine type of parameter a.b.c for exported function d

Nov 05, 2020 10:41:16 PM com.google.javascript.jscomp.LoggerErrorManager println
WARNING: testcode:1: WARNING - Unable to determine type of parameter a.b.c for exported function e

Nov 05, 2020 10:41:16 PM com.google.javascript.jscomp.LoggerErrorManager println
WARNING: testcode:1: WARNING - Unable to determine type of parameter a.b.c for exported function f

Nov 05, 2020 10:41:16 PM com.google.javascript.jscomp.LoggerErrorManager printSummary
WARNING: 0 error(s), 3 warning(s), 100% typed
Nov 05, 2020 10:41:20 PM com.google.javascript.jscomp.LoggerErrorManager println
WARNING: testcode:1: WARNING - Unable to determine type of parameter a.b for exported function p1

Nov 05, 2020 10:41:20 PM com.google.javascript.jscomp.LoggerErrorManager println
WARNING: testcode:1: WARNING - Unable to determine type of parameter a.b.c for exported function d

Nov 05, 2020 10:41:20 PM com.google.javascript.jscomp.LoggerErrorManager println
WARNING: testcode:1: WARNING - Unable to determine type of parameter a.b.c for exported function e

Nov 05, 2020 10:41:20 PM com.google.javascript.jscomp.LoggerErrorManager println
WARNING: testcode:1: WARNING - Unable to determine type of parameter a.b.c for exported function f

Nov 05, 2020 10:41:20 PM com.google.javascript.jscomp.LoggerErrorManager println
WARNING: testcode:1: WARNING - Unable to determine type of parameter a.b.prototype.c for exported function g

Nov 05, 2020 10:41:20 PM com.google.javascript.jscomp.LoggerErrorManager println
WARNING: testcode:1: WARNING - Unable to determine type of parameter a.b.prototype.c for exported function h

Nov 05, 2020 10:41:20 PM com.google.javascript.jscomp.LoggerErrorManager println
WARNING: testcode:1: WARNING - Unable to determine type of parameter a.b.prototype.c for exported function i

Nov 05, 2020 10:41:20 PM com.google.javascript.jscomp.LoggerErrorManager printSummary
WARNING: 0 error(s), 7 warning(s), 100% typed
Nov 05, 2020 10:41:24 PM com.google.javascript.jscomp.LoggerErrorManager println
WARNING: testcode:1: WARNING - Unable to determine type of parameter a.b.c for exported function d

Nov 05, 2020 10:41:24 PM com.google.javascript.jscomp.LoggerErrorManager println
WARNING: testcode:1: WARNING - Unable to determine type of parameter a.b.c for exported function e

Nov 05, 2020 10:41:24 PM com.google.javascript.jscomp.LoggerErrorManager println
WARNING: testcode:1: WARNING - Unable to determine type of parameter a.b.c for exported function f

Nov 05, 2020 10:41:24 PM com.google.javascript.jscomp.LoggerErrorManager println
WARNING: testcode:1: WARNING - Unable to determine type of parameter a.b.prototype.c for exported function g

Nov 05, 2020 10:41:24 PM com.google.javascript.jscomp.LoggerErrorManager println
WARNING: testcode:1: WARNING - Unable to determine type of parameter a.b.prototype.c for exported function h

Nov 05, 2020 10:41:24 PM com.google.javascript.jscomp.LoggerErrorManager println
WARNING: testcode:1: WARNING - Unable to determine type of parameter a.b.prototype.c for exported function i

Nov 05, 2020 10:41:24 PM com.google.javascript.jscomp.LoggerErrorManager printSummary
WARNING: 0 error(s), 6 warning(s), 100% typed
Nov 05, 2020 10:41:28 PM com.google.javascript.jscomp.LoggerErrorManager println
WARNING: testcode:1: WARNING - Unable to determine type of parameter a.b for exported function p1

Nov 05, 2020 10:41:28 PM com.google.javascript.jscomp.LoggerErrorManager println
WARNING: testcode:1: WARNING - Unable to determine type of parameter a.b.c for exported function d

Nov 05, 2020 10:41:28 PM com.google.javascript.jscomp.LoggerErrorManager println
WARNING: testcode:1: WARNING - Unable to determine type of parameter a.b.c for exported function e

Nov 05, 2020 10:41:28 PM com.google.javascript.jscomp.LoggerErrorManager println
WARNING: testcode:1: WARNING - Unable to determine type of parameter a.b.c for exported function f

Nov 05, 2020 10:41:28 PM com.google.javascript.jscomp.LoggerErrorManager printSummary
WARNING: 0 error(s), 4 warning(s), 100% typed
Nov 05, 2020 10:42:00 PM com.google.javascript.jscomp.LoggerErrorManager println
WARNING: testcode:5: WARNING - Unable to determine return type for exported function internalName
internalName = function(a) {  return 6;
                       ^

Nov 05, 2020 10:42:00 PM com.google.javascript.jscomp.LoggerErrorManager printSummary
WARNING: 0 error(s), 1 warning(s), 100% typed
Nov 05, 2020 10:42:16 PM com.google.javascript.jscomp.LoggerErrorManager println
WARNING: testcode:1: WARNING - Unable to determine return type for exported function InternalName

Nov 05, 2020 10:42:16 PM com.google.javascript.jscomp.LoggerErrorManager printSummary
WARNING: 0 error(s), 1 warning(s), 100% typed
Nov 05, 2020 10:42:24 PM com.google.javascript.jscomp.LoggerErrorManager println
WARNING: testcode:4: WARNING - Unable to determine type of parameter InternalName for exported function b

Nov 05, 2020 10:42:24 PM com.google.javascript.jscomp.LoggerErrorManager println
WARNING: testcode:4: WARNING - Unable to determine type of parameter InternalName for exported function c

Nov 05, 2020 10:42:24 PM com.google.javascript.jscomp.LoggerErrorManager printSummary
WARNING: 0 error(s), 2 warning(s), 100% typed
Nov 05, 2020 10:42:28 PM com.google.javascript.jscomp.LoggerErrorManager println
WARNING: testcode:1: WARNING - Unable to determine type of parameter a.b.c for exported function d

Nov 05, 2020 10:42:28 PM com.google.javascript.jscomp.LoggerErrorManager println
WARNING: testcode:1: WARNING - Unable to determine type of parameter a.b.c for exported function e

Nov 05, 2020 10:42:28 PM com.google.javascript.jscomp.LoggerErrorManager println
WARNING: testcode:1: WARNING - Unable to determine type of parameter a.b.c for exported function f

Nov 05, 2020 10:42:28 PM com.google.javascript.jscomp.LoggerErrorManager printSummary
WARNING: 0 error(s), 3 warning(s), 100% typed
01:02:12.384 [main] INFO  JaguarDF - Test testValidDefine(com.google.javascript.jscomp.NodeUtilTest) : Failed
01:30:42.260 [main] INFO  JaguarDF - Test testOverridingString1(com.google.javascript.jscomp.ProcessDefinesTest) : Failed
01:30:50.991 [main] INFO  JaguarDF - Test testOverridingString3(com.google.javascript.jscomp.ProcessDefinesTest) : Failed
line: [0, 0, 0, 0, 0, 0, 0, 0, 1, 1, 1, 1, 1, 1, 1, 1, 1, 1, 2, 2, 3, 3]
line: [0, 0, 0, 0, 0, 0, 0, 0, 1, 1, 1, 1, 1, 1, 1, 1, 1, 1, 2, 3, 3, 3, 3, 3, 3, 3, 3, 3, 3, 2, 4, 4, 4, 4, 4, 4, 4, 4, 4, 4, 2, 5, 6, 6, 6, 6, 7, 7, 7, 7, 7, 7, 7, 7, 8, 8, 8, 8, 8, 8, 8, 8, 8, 5]
line: [0, 0, 0, 0, 0, 0, 0, 0, 1, 1, 1, 1, 1, 1, 1, 1, 1, 1, 2, 3, 3, 3, 3, 3, 3, 3, 3, 3, 3, 2, 4, 4, 4, 4, 4, 4, 4, 4, 4, 4, 2, 5, 6, 6, 6, 6, 7, 7, 7, 7, 7, 7, 7, 7, 8, 8, 8, 8, 8, 8, 8, 8, 8, 9, 9, 9, 9, 9, 10, 10, 10, 10, 10, 10, 10, 10, 11, 11, 11, 11, 11, 11, 11, 11, 11, 11, 5]
line: [0, 0, 0, 0, 0, 0, 0, 0, 1, 1, 1, 1, 1, 1, 1, 1, 1, 1, 2, 3, 3, 3, 3, 3, 3, 3, 3, 3, 3, 2, 4, 4, 4, 4, 4, 4, 4, 4, 4, 4, 2, 5, 6, 6, 6, 6, 7, 7, 7, 7, 7, 7, 7, 7, 8, 8, 8, 8, 8, 8, 8, 8, 8, 9, 9, 9, 9, 9, 10, 10, 10, 10, 10, 10, 10, 10, 11, 11, 11, 11, 11, 11, 11, 11, 11, 11, 5, 12, 12, 12, 12, 12, 12, 12, 12, 13, 13, 13, 13, 13, 13, 13, 13, 13, 13, 13, 14, 15, 15, 15, 15, 15, 15, 15, 15, 15, 15, 14, 16, 16, 16, 16, 16, 16, 16, 16, 16, 16, 14, 17, 18, 18, 18, 18, 19, 19, 19, 19, 19, 19, 19, 19, 19, 20, 20, 20, 20, 20, 20, 20, 20, 20, 20, 21, 21, 21, 21, 21, 22, 22, 22, 22, 22, 22, 22, 22, 22, 23, 23, 23, 23, 23, 23, 23, 23, 23, 23, 17]
Nov 06, 2020 4:35:27 AM com.google.javascript.jscomp.parsing.ParserRunner parse
INFO: Error parsing input: JSCompiler test code: Compilation produced 1 syntax errors.
Nov 06, 2020 4:35:47 AM com.google.javascript.jscomp.parsing.ParserRunner parse
INFO: Error parsing input: JSCompiler test code: Compilation produced 1 syntax errors.
Nov 06, 2020 4:36:03 AM com.google.javascript.jscomp.parsing.ParserRunner parse
INFO: Error parsing input: JSCompiler test code: Compilation produced 2 syntax errors.
Nov 06, 2020 4:36:08 AM com.google.javascript.jscomp.parsing.ParserRunner parse
INFO: Error parsing input: JSCompiler test code: Compilation produced 1 syntax errors.
Nov 06, 2020 4:36:13 AM com.google.javascript.jscomp.parsing.ParserRunner parse
INFO: Error parsing input: JSCompiler test code: Compilation produced 1 syntax errors.
Nov 06, 2020 4:36:18 AM com.google.javascript.jscomp.parsing.ParserRunner parse
INFO: Error parsing input: JSCompiler test code: Compilation produced 1 syntax errors.
Nov 06, 2020 4:36:28 AM com.google.javascript.jscomp.parsing.ParserRunner parse
INFO: Error parsing input: JSCompiler test code: Compilation produced 1 syntax errors.
Nov 06, 2020 4:36:33 AM com.google.javascript.jscomp.parsing.ParserRunner parse
INFO: Error parsing input: JSCompiler test code: Compilation produced 2 syntax errors.
Nov 06, 2020 4:36:38 AM com.google.javascript.jscomp.parsing.ParserRunner parse
INFO: Error parsing input: JSCompiler test code: Compilation produced 2 syntax errors.
Nov 06, 2020 4:36:53 AM com.google.javascript.jscomp.parsing.ParserRunner parse
INFO: Error parsing input: JSCompiler test code: Compilation produced 2 syntax errors.
Nov 06, 2020 4:37:29 AM com.google.javascript.jscomp.parsing.ParserRunner parse
INFO: Error parsing input: JSCompiler test code: Compilation produced 1 syntax errors.
java.lang.IllegalStateException
	at com.google.common.base.Preconditions.checkState(Preconditions.java:129)
	at com.google.javascript.rhino.jstype.PrototypeObjectType.setImplicitPrototype(PrototypeObjectType.java:388)
	at com.google.javascript.rhino.jstype.FunctionType.setPrototypeBasedOn(FunctionType.java:277)
	at com.google.javascript.rhino.jstype.JSTypeTest.testInvalidSetPrototypeBasedOn(JSTypeTest.java:4910)
	at sun.reflect.NativeMethodAccessorImpl.invoke0(Native Method)
	at sun.reflect.NativeMethodAccessorImpl.invoke(NativeMethodAccessorImpl.java:62)
	at sun.reflect.DelegatingMethodAccessorImpl.invoke(DelegatingMethodAccessorImpl.java:43)
	at java.lang.reflect.Method.invoke(Method.java:498)
	at junit.framework.TestCase.runTest(TestCase.java:168)
	at junit.framework.TestCase.runBare(TestCase.java:134)
	at junit.framework.TestResult$1.protect(TestResult.java:110)
	at junit.framework.TestResult.runProtected(TestResult.java:128)
	at junit.framework.TestResult.run(TestResult.java:113)
	at junit.framework.TestCase.run(TestCase.java:124)
	at junit.framework.TestSuite.runTest(TestSuite.java:232)
	at junit.framework.TestSuite.run(TestSuite.java:227)
	at org.junit.internal.runners.JUnit38ClassRunner.run(JUnit38ClassRunner.java:79)
	at org.junit.runners.Suite.runChild(Suite.java:115)
	at org.junit.runners.Suite.runChild(Suite.java:23)
	at org.junit.runners.ParentRunner.runChildren(ParentRunner.java:180)
	at org.junit.runners.ParentRunner.access$000(ParentRunner.java:41)
	at org.junit.runners.ParentRunner$1.evaluate(ParentRunner.java:173)
	at org.junit.internal.runners.statements.RunBefores.evaluate(RunBefores.java:28)
	at org.junit.internal.runners.statements.RunAfters.evaluate(RunAfters.java:31)
	at org.junit.runners.ParentRunner.run(ParentRunner.java:220)
	at org.junit.runner.JUnitCore.run(JUnitCore.java:137)
	at org.junit.runner.JUnitCore.run(JUnitCore.java:116)
	at org.junit.runner.JUnitCore.run(JUnitCore.java:107)
	at br.usp.each.saeg.jaguardf.cli.JaguarRunner.run(JaguarRunner.java:64)
	at br.usp.each.saeg.jaguardf.cli.JaguarRunner.main(JaguarRunner.java:96)
05:01:19.953 [main] INFO  JaguarDF - Jaguar-DF has finished!

real	433m49.190s
user	437m9.891s
sys	5m54.527s
