00:09:57.767 [main] INFO  JaguarDF - Welcome to Jaguar-DF CLI!
00:09:58.420 [main] DEBUG JaguarDF - CLI Arguments: [--projectDir, d4jprojects/closure-compiler, --classesDir, build/classes, --testsDir, build/test, --tests, tests.out, --logLevel, INFO]
Oct 27, 2020 12:33:02 AM com.google.javascript.jscomp.LoggerErrorManager println
WARNING: foo.js:1: WARNING - 'foo.bar.goo' used but not goog.require'd
var foo = {}; var bar = new foo.bar.goo();
                            ^

Oct 27, 2020 12:33:02 AM com.google.javascript.jscomp.LoggerErrorManager printSummary
WARNING: 0 error(s), 1 warning(s)
00:33:23.745 [main] INFO  JaguarDF - Test testUselessCode(com.google.javascript.jscomp.CheckSideEffectsTest) : Failed
Closure Compiler (http://code.google.com/closure/compiler)
Version: Unversioned directory
Built on: 2020/10/26 17:07
Closure Compiler (http://code.google.com/closure/compiler)
Version: Unversioned directory
Built on: 2020/10/26 17:07
Oct 27, 2020 1:43:10 AM com.google.javascript.jscomp.LoggerErrorManager println
WARNING: testcode:1: WARNING - Unable to determine type of parameter a.b.c for exported function d
var goog = {};goog.exportSymbol = function(a, b) {}; goog.exportProperty = function(a, b, c) {}; var a = {}; a.b = {}; a.b.c = function(d, e, f) {};goog.exportSymbol('foobar', a.b.c)
                                                                                                                                        ^

Oct 27, 2020 1:43:10 AM com.google.javascript.jscomp.LoggerErrorManager println
WARNING: testcode:1: WARNING - Unable to determine type of parameter a.b.c for exported function e
var goog = {};goog.exportSymbol = function(a, b) {}; goog.exportProperty = function(a, b, c) {}; var a = {}; a.b = {}; a.b.c = function(d, e, f) {};goog.exportSymbol('foobar', a.b.c)
                                                                                                                                           ^

Oct 27, 2020 1:43:10 AM com.google.javascript.jscomp.LoggerErrorManager println
WARNING: testcode:1: WARNING - Unable to determine type of parameter a.b.c for exported function f
var goog = {};goog.exportSymbol = function(a, b) {}; goog.exportProperty = function(a, b, c) {}; var a = {}; a.b = {}; a.b.c = function(d, e, f) {};goog.exportSymbol('foobar', a.b.c)
                                                                                                                                              ^

Oct 27, 2020 1:43:10 AM com.google.javascript.jscomp.LoggerErrorManager printSummary
WARNING: 0 error(s), 3 warning(s), 100% typed
Oct 27, 2020 1:43:20 AM com.google.javascript.jscomp.LoggerErrorManager println
WARNING: testcode:2: WARNING - assignment to property A of enum{E}
found   : number
required: string
 @export */ var E = {A:8, B:9};goog.exportSymbol('E', E);
                     ^

Oct 27, 2020 1:43:20 AM com.google.javascript.jscomp.LoggerErrorManager println
WARNING: testcode:2: WARNING - assignment to property B of enum{E}
found   : number
required: string
 @export */ var E = {A:8, B:9};goog.exportSymbol('E', E);
                          ^

Oct 27, 2020 1:43:20 AM com.google.javascript.jscomp.LoggerErrorManager printSummary
WARNING: 0 error(s), 2 warning(s), 100% typed
Oct 27, 2020 1:43:25 AM com.google.javascript.jscomp.LoggerErrorManager println
WARNING: testcode:1: WARNING - Unable to determine type of parameter a for exported function d
var goog = {};goog.exportSymbol = function(a, b) {}; goog.exportProperty = function(a, b, c) {}; var a = function(d, e, f) {};goog.exportSymbol('foobar', a)
                                                                                                                  ^

Oct 27, 2020 1:43:25 AM com.google.javascript.jscomp.LoggerErrorManager println
WARNING: testcode:1: WARNING - Unable to determine type of parameter a for exported function e
var goog = {};goog.exportSymbol = function(a, b) {}; goog.exportProperty = function(a, b, c) {}; var a = function(d, e, f) {};goog.exportSymbol('foobar', a)
                                                                                                                     ^

Oct 27, 2020 1:43:25 AM com.google.javascript.jscomp.LoggerErrorManager println
WARNING: testcode:1: WARNING - Unable to determine type of parameter a for exported function f
var goog = {};goog.exportSymbol = function(a, b) {}; goog.exportProperty = function(a, b, c) {}; var a = function(d, e, f) {};goog.exportSymbol('foobar', a)
                                                                                                                        ^

Oct 27, 2020 1:43:25 AM com.google.javascript.jscomp.LoggerErrorManager printSummary
WARNING: 0 error(s), 3 warning(s), 100% typed
Oct 27, 2020 1:43:31 AM com.google.javascript.jscomp.LoggerErrorManager println
WARNING: testcode:1: WARNING - Unable to determine type of parameter a.b.c for exported function d
var goog = {};goog.exportSymbol = function(a, b) {}; goog.exportProperty = function(a, b, c) {}; var a = {}; a.b = {}; a.b.c = function(d, e, f) {};goog.exportProperty(a.b, 'cprop', a.b.c)
                                                                                                                                        ^

Oct 27, 2020 1:43:31 AM com.google.javascript.jscomp.LoggerErrorManager println
WARNING: testcode:1: WARNING - Unable to determine type of parameter a.b.c for exported function e
var goog = {};goog.exportSymbol = function(a, b) {}; goog.exportProperty = function(a, b, c) {}; var a = {}; a.b = {}; a.b.c = function(d, e, f) {};goog.exportProperty(a.b, 'cprop', a.b.c)
                                                                                                                                           ^

Oct 27, 2020 1:43:31 AM com.google.javascript.jscomp.LoggerErrorManager println
WARNING: testcode:1: WARNING - Unable to determine type of parameter a.b.c for exported function f
var goog = {};goog.exportSymbol = function(a, b) {}; goog.exportProperty = function(a, b, c) {}; var a = {}; a.b = {}; a.b.c = function(d, e, f) {};goog.exportProperty(a.b, 'cprop', a.b.c)
                                                                                                                                              ^

Oct 27, 2020 1:43:31 AM com.google.javascript.jscomp.LoggerErrorManager printSummary
WARNING: 0 error(s), 3 warning(s), 100% typed
Oct 27, 2020 1:43:36 AM com.google.javascript.jscomp.LoggerErrorManager println
WARNING: testcode:1: WARNING - Unable to determine type of parameter a.b for exported function p1
var goog = {};goog.exportSymbol = function(a, b) {}; goog.exportProperty = function(a, b, c) {}; var a = {}; a.b = function(p1) {}; a.b.c = function(d, e, f) {};a.b.prototype.c = function(g, h, i) {};goog.exportSymbol('a.b', a.b);goog.exportProperty(a.b, 'c', a.b.c);goog.exportProperty(a.b.prototype, 'c', a.b.prototype.c);
                                                                                                                            ^

Oct 27, 2020 1:43:36 AM com.google.javascript.jscomp.LoggerErrorManager println
WARNING: testcode:1: WARNING - Unable to determine type of parameter a.b.c for exported function d
var goog = {};goog.exportSymbol = function(a, b) {}; goog.exportProperty = function(a, b, c) {}; var a = {}; a.b = function(p1) {}; a.b.c = function(d, e, f) {};a.b.prototype.c = function(g, h, i) {};goog.exportSymbol('a.b', a.b);goog.exportProperty(a.b, 'c', a.b.c);goog.exportProperty(a.b.prototype, 'c', a.b.prototype.c);
                                                                                                                                                     ^

Oct 27, 2020 1:43:36 AM com.google.javascript.jscomp.LoggerErrorManager println
WARNING: testcode:1: WARNING - Unable to determine type of parameter a.b.c for exported function e
var goog = {};goog.exportSymbol = function(a, b) {}; goog.exportProperty = function(a, b, c) {}; var a = {}; a.b = function(p1) {}; a.b.c = function(d, e, f) {};a.b.prototype.c = function(g, h, i) {};goog.exportSymbol('a.b', a.b);goog.exportProperty(a.b, 'c', a.b.c);goog.exportProperty(a.b.prototype, 'c', a.b.prototype.c);
                                                                                                                                                        ^

Oct 27, 2020 1:43:36 AM com.google.javascript.jscomp.LoggerErrorManager println
WARNING: testcode:1: WARNING - Unable to determine type of parameter a.b.c for exported function f
var goog = {};goog.exportSymbol = function(a, b) {}; goog.exportProperty = function(a, b, c) {}; var a = {}; a.b = function(p1) {}; a.b.c = function(d, e, f) {};a.b.prototype.c = function(g, h, i) {};goog.exportSymbol('a.b', a.b);goog.exportProperty(a.b, 'c', a.b.c);goog.exportProperty(a.b.prototype, 'c', a.b.prototype.c);
                                                                                                                                                           ^

Oct 27, 2020 1:43:36 AM com.google.javascript.jscomp.LoggerErrorManager println
WARNING: testcode:1: WARNING - Unable to determine type of parameter a.b.prototype.c for exported function g
var goog = {};goog.exportSymbol = function(a, b) {}; goog.exportProperty = function(a, b, c) {}; var a = {}; a.b = function(p1) {}; a.b.c = function(d, e, f) {};a.b.prototype.c = function(g, h, i) {};goog.exportSymbol('a.b', a.b);goog.exportProperty(a.b, 'c', a.b.c);goog.exportProperty(a.b.prototype, 'c', a.b.prototype.c);
                                                                                                                                                                                            ^

Oct 27, 2020 1:43:36 AM com.google.javascript.jscomp.LoggerErrorManager println
WARNING: testcode:1: WARNING - Unable to determine type of parameter a.b.prototype.c for exported function h
var goog = {};goog.exportSymbol = function(a, b) {}; goog.exportProperty = function(a, b, c) {}; var a = {}; a.b = function(p1) {}; a.b.c = function(d, e, f) {};a.b.prototype.c = function(g, h, i) {};goog.exportSymbol('a.b', a.b);goog.exportProperty(a.b, 'c', a.b.c);goog.exportProperty(a.b.prototype, 'c', a.b.prototype.c);
                                                                                                                                                                                               ^

Oct 27, 2020 1:43:36 AM com.google.javascript.jscomp.LoggerErrorManager println
WARNING: testcode:1: WARNING - Unable to determine type of parameter a.b.prototype.c for exported function i
var goog = {};goog.exportSymbol = function(a, b) {}; goog.exportProperty = function(a, b, c) {}; var a = {}; a.b = function(p1) {}; a.b.c = function(d, e, f) {};a.b.prototype.c = function(g, h, i) {};goog.exportSymbol('a.b', a.b);goog.exportProperty(a.b, 'c', a.b.c);goog.exportProperty(a.b.prototype, 'c', a.b.prototype.c);
                                                                                                                                                                                                  ^

Oct 27, 2020 1:43:36 AM com.google.javascript.jscomp.LoggerErrorManager printSummary
WARNING: 0 error(s), 7 warning(s), 100% typed
Oct 27, 2020 1:43:41 AM com.google.javascript.jscomp.LoggerErrorManager println
WARNING: testcode:1: WARNING - Unable to determine type of parameter a.b.c for exported function d
var goog = {};goog.exportSymbol = function(a, b) {}; goog.exportProperty = function(a, b, c) {}; var a = {}; a.b = function(p1) {}; a.b.c = function(d, e, f) {};a.b.prototype.c = function(g, h, i) {};goog.exportSymbol('hello', a);goog.exportProperty(a.b, 'c', a.b.c);goog.exportProperty(a.b.prototype, 'c', a.b.prototype.c);
                                                                                                                                                     ^

Oct 27, 2020 1:43:41 AM com.google.javascript.jscomp.LoggerErrorManager println
WARNING: testcode:1: WARNING - Unable to determine type of parameter a.b.c for exported function e
var goog = {};goog.exportSymbol = function(a, b) {}; goog.exportProperty = function(a, b, c) {}; var a = {}; a.b = function(p1) {}; a.b.c = function(d, e, f) {};a.b.prototype.c = function(g, h, i) {};goog.exportSymbol('hello', a);goog.exportProperty(a.b, 'c', a.b.c);goog.exportProperty(a.b.prototype, 'c', a.b.prototype.c);
                                                                                                                                                        ^

Oct 27, 2020 1:43:41 AM com.google.javascript.jscomp.LoggerErrorManager println
WARNING: testcode:1: WARNING - Unable to determine type of parameter a.b.c for exported function f
var goog = {};goog.exportSymbol = function(a, b) {}; goog.exportProperty = function(a, b, c) {}; var a = {}; a.b = function(p1) {}; a.b.c = function(d, e, f) {};a.b.prototype.c = function(g, h, i) {};goog.exportSymbol('hello', a);goog.exportProperty(a.b, 'c', a.b.c);goog.exportProperty(a.b.prototype, 'c', a.b.prototype.c);
                                                                                                                                                           ^

Oct 27, 2020 1:43:41 AM com.google.javascript.jscomp.LoggerErrorManager println
WARNING: testcode:1: WARNING - Unable to determine type of parameter a.b.prototype.c for exported function g
var goog = {};goog.exportSymbol = function(a, b) {}; goog.exportProperty = function(a, b, c) {}; var a = {}; a.b = function(p1) {}; a.b.c = function(d, e, f) {};a.b.prototype.c = function(g, h, i) {};goog.exportSymbol('hello', a);goog.exportProperty(a.b, 'c', a.b.c);goog.exportProperty(a.b.prototype, 'c', a.b.prototype.c);
                                                                                                                                                                                            ^

Oct 27, 2020 1:43:41 AM com.google.javascript.jscomp.LoggerErrorManager println
WARNING: testcode:1: WARNING - Unable to determine type of parameter a.b.prototype.c for exported function h
var goog = {};goog.exportSymbol = function(a, b) {}; goog.exportProperty = function(a, b, c) {}; var a = {}; a.b = function(p1) {}; a.b.c = function(d, e, f) {};a.b.prototype.c = function(g, h, i) {};goog.exportSymbol('hello', a);goog.exportProperty(a.b, 'c', a.b.c);goog.exportProperty(a.b.prototype, 'c', a.b.prototype.c);
                                                                                                                                                                                               ^

Oct 27, 2020 1:43:41 AM com.google.javascript.jscomp.LoggerErrorManager println
WARNING: testcode:1: WARNING - Unable to determine type of parameter a.b.prototype.c for exported function i
var goog = {};goog.exportSymbol = function(a, b) {}; goog.exportProperty = function(a, b, c) {}; var a = {}; a.b = function(p1) {}; a.b.c = function(d, e, f) {};a.b.prototype.c = function(g, h, i) {};goog.exportSymbol('hello', a);goog.exportProperty(a.b, 'c', a.b.c);goog.exportProperty(a.b.prototype, 'c', a.b.prototype.c);
                                                                                                                                                                                                  ^

Oct 27, 2020 1:43:41 AM com.google.javascript.jscomp.LoggerErrorManager printSummary
WARNING: 0 error(s), 6 warning(s), 100% typed
Oct 27, 2020 1:43:47 AM com.google.javascript.jscomp.LoggerErrorManager println
WARNING: testcode:1: WARNING - Unable to determine type of parameter a.b for exported function p1
var goog = {};goog.exportSymbol = function(a, b) {}; goog.exportProperty = function(a, b, c) {}; var a = {}; a.b = function(p1) {}; a.b.c = function(d, e, f) {};a.b.prototype.c = function(g, h, i) {};goog.exportSymbol('prefix', a.b);goog.exportProperty(a.b, 'c', a.b.c);
                                                                                                                            ^

Oct 27, 2020 1:43:47 AM com.google.javascript.jscomp.LoggerErrorManager println
WARNING: testcode:1: WARNING - Unable to determine type of parameter a.b.c for exported function d
var goog = {};goog.exportSymbol = function(a, b) {}; goog.exportProperty = function(a, b, c) {}; var a = {}; a.b = function(p1) {}; a.b.c = function(d, e, f) {};a.b.prototype.c = function(g, h, i) {};goog.exportSymbol('prefix', a.b);goog.exportProperty(a.b, 'c', a.b.c);
                                                                                                                                                     ^

Oct 27, 2020 1:43:47 AM com.google.javascript.jscomp.LoggerErrorManager println
WARNING: testcode:1: WARNING - Unable to determine type of parameter a.b.c for exported function e
var goog = {};goog.exportSymbol = function(a, b) {}; goog.exportProperty = function(a, b, c) {}; var a = {}; a.b = function(p1) {}; a.b.c = function(d, e, f) {};a.b.prototype.c = function(g, h, i) {};goog.exportSymbol('prefix', a.b);goog.exportProperty(a.b, 'c', a.b.c);
                                                                                                                                                        ^

Oct 27, 2020 1:43:47 AM com.google.javascript.jscomp.LoggerErrorManager println
WARNING: testcode:1: WARNING - Unable to determine type of parameter a.b.c for exported function f
var goog = {};goog.exportSymbol = function(a, b) {}; goog.exportProperty = function(a, b, c) {}; var a = {}; a.b = function(p1) {}; a.b.c = function(d, e, f) {};a.b.prototype.c = function(g, h, i) {};goog.exportSymbol('prefix', a.b);goog.exportProperty(a.b, 'c', a.b.c);
                                                                                                                                                           ^

Oct 27, 2020 1:43:47 AM com.google.javascript.jscomp.LoggerErrorManager printSummary
WARNING: 0 error(s), 4 warning(s), 100% typed
Oct 27, 2020 1:44:29 AM com.google.javascript.jscomp.LoggerErrorManager println
WARNING: testcode:5: WARNING - Unable to determine return type for exported function internalName
internalName = function(a) {  return 6;
               ^

Oct 27, 2020 1:44:29 AM com.google.javascript.jscomp.LoggerErrorManager printSummary
WARNING: 0 error(s), 1 warning(s), 100% typed
Oct 27, 2020 1:44:50 AM com.google.javascript.jscomp.LoggerErrorManager println
WARNING: testcode:1: WARNING - Unable to determine return type for exported function InternalName
var goog = {};goog.exportSymbol = function(a, b) {}; goog.exportProperty = function(a, b, c) {}; var InternalName = function() {  return 6;};goog.exportSymbol('ExternalName', InternalName)
                                                                                                                    ^

Oct 27, 2020 1:44:50 AM com.google.javascript.jscomp.LoggerErrorManager printSummary
WARNING: 0 error(s), 1 warning(s), 100% typed
Oct 27, 2020 1:45:01 AM com.google.javascript.jscomp.LoggerErrorManager println
WARNING: testcode:4: WARNING - Unable to determine type of parameter InternalName for exported function b
 var InternalName = function(a,b,c) {  return 6;};goog.exportSymbol('ExternalName', InternalName)
                               ^

Oct 27, 2020 1:45:01 AM com.google.javascript.jscomp.LoggerErrorManager println
WARNING: testcode:4: WARNING - Unable to determine type of parameter InternalName for exported function c
 var InternalName = function(a,b,c) {  return 6;};goog.exportSymbol('ExternalName', InternalName)
                                 ^

Oct 27, 2020 1:45:01 AM com.google.javascript.jscomp.LoggerErrorManager printSummary
WARNING: 0 error(s), 2 warning(s), 100% typed
Oct 27, 2020 2:59:17 AM com.google.javascript.jscomp.LoggerErrorManager println
SEVERE: i0:1: ERROR - Parse error. missing ] after element list
var x = [1, 2
            ^

Oct 27, 2020 2:59:17 AM com.google.javascript.jscomp.LoggerErrorManager printSummary
WARNING: 1 error(s), 0 warning(s)
Oct 27, 2020 2:59:27 AM com.google.javascript.jscomp.LoggerErrorManager println
SEVERE: i0:1: ERROR - inconsistent return type
found   : boolean
required: number
/** @return {number} */ function f() { return true; }
                                              ^

Oct 27, 2020 2:59:27 AM com.google.javascript.jscomp.LoggerErrorManager printSummary
WARNING: 1 error(s), 0 warning(s), 100% typed
Oct 27, 2020 2:59:33 AM com.google.javascript.jscomp.LoggerErrorManager println
WARNING: i0:1: WARNING - inconsistent return type
found   : boolean
required: number
/** @return {number} */ function f() { return true; }
                                              ^

Oct 27, 2020 2:59:33 AM com.google.javascript.jscomp.LoggerErrorManager printSummary
WARNING: 0 error(s), 1 warning(s), 100% typed
Oct 27, 2020 2:59:49 AM com.google.javascript.jscomp.LoggerErrorManager println
SEVERE: i0:3: ERROR - constant x assigned a value more than once
var x = 1; foo(); x = 2;
                  ^

Oct 27, 2020 2:59:49 AM com.google.javascript.jscomp.LoggerErrorManager printSummary
WARNING: 1 error(s), 0 warning(s)
Oct 27, 2020 2:59:54 AM com.google.javascript.jscomp.LoggerErrorManager println
SEVERE: i0:1: ERROR - missing goog.getCssName around literal 'foo'
var x = 'foo';
        ^

Oct 27, 2020 2:59:54 AM com.google.javascript.jscomp.LoggerErrorManager printSummary
WARNING: 1 error(s), 0 warning(s)
Oct 27, 2020 3:00:33 AM com.google.javascript.jscomp.LoggerErrorManager println
SEVERE: i0:1: ERROR - required "foo" namespace never provided
var goog = {}; goog.require = function(x) {}; goog.require('foo');
                                              ^

Oct 27, 2020 3:00:33 AM com.google.javascript.jscomp.LoggerErrorManager printSummary
WARNING: 1 error(s), 0 warning(s)
Oct 27, 2020 3:00:54 AM com.google.javascript.jscomp.LoggerErrorManager println
SEVERE: i0:1: ERROR - dangerous use of the global this object
function f() { this.y = 3; }
               ^

Oct 27, 2020 3:00:54 AM com.google.javascript.jscomp.LoggerErrorManager printSummary
WARNING: 1 error(s), 0 warning(s)
Oct 27, 2020 3:01:00 AM com.google.javascript.jscomp.LoggerErrorManager println
SEVERE: i0:1: ERROR - dangerous use of the global this object
function f() { this.y = 3; }
               ^

Oct 27, 2020 3:01:00 AM com.google.javascript.jscomp.LoggerErrorManager printSummary
WARNING: 1 error(s), 0 warning(s)
Oct 27, 2020 3:01:11 AM com.google.javascript.jscomp.LoggerErrorManager println
SEVERE: i1:1: ERROR - 'Foo' used but not goog.require'd
new Foo();
    ^

Oct 27, 2020 3:01:11 AM com.google.javascript.jscomp.LoggerErrorManager printSummary
WARNING: 1 error(s), 0 warning(s)
Oct 27, 2020 3:01:16 AM com.google.javascript.jscomp.LoggerErrorManager println
SEVERE: i0:1: ERROR - missing goog.provide('Foo')
/** @constructor */ function Foo() {}
                             ^

Oct 27, 2020 3:01:16 AM com.google.javascript.jscomp.LoggerErrorManager printSummary
WARNING: 1 error(s), 0 warning(s)
Oct 27, 2020 3:01:49 AM com.google.javascript.jscomp.LoggerErrorManager println
SEVERE: i0:1: ERROR - variable x is undeclared
x = 3;
^

Oct 27, 2020 3:01:49 AM com.google.javascript.jscomp.LoggerErrorManager printSummary
WARNING: 1 error(s), 0 warning(s)
Oct 27, 2020 3:01:59 AM com.google.javascript.jscomp.LoggerErrorManager println
SEVERE: i0:1: ERROR - Variable referenced before declaration: x
x = 3; var x = 5;
^

Oct 27, 2020 3:01:59 AM com.google.javascript.jscomp.LoggerErrorManager printSummary
WARNING: 1 error(s), 0 warning(s)
Oct 27, 2020 3:02:05 AM com.google.javascript.jscomp.LoggerErrorManager println
WARNING: i0:1: WARNING - enum key a must be a syntactic constant
/** @define {boolean} */ var COMPILED = false; var goog = {};goog.exportSymbol = function() {};goog.provide('Foo'); /** @enum */ Foo = {a: 3};
                                                                                                                                        ^

Oct 27, 2020 3:02:05 AM com.google.javascript.jscomp.LoggerErrorManager printSummary
WARNING: 0 error(s), 1 warning(s)
Oct 27, 2020 3:02:10 AM com.google.javascript.jscomp.LoggerErrorManager println
WARNING: i0:1: WARNING - initializing variable
found   : string
required: number
/** @type {number} */ var n = window.name;
                              ^

Oct 27, 2020 3:02:10 AM com.google.javascript.jscomp.LoggerErrorManager printSummary
WARNING: 0 error(s), 1 warning(s), 100% typed
Oct 27, 2020 3:02:16 AM com.google.javascript.jscomp.LoggerErrorManager println
WARNING: i0:1: WARNING - Bad type annotation. Unknown type n
/** @type {n} */ var n = window.name;
           ^

Oct 27, 2020 3:02:16 AM com.google.javascript.jscomp.LoggerErrorManager printSummary
WARNING: 0 error(s), 1 warning(s), 100% typed
Oct 27, 2020 3:02:26 AM com.google.javascript.jscomp.LoggerErrorManager println
WARNING: i0:1: WARNING - Function x.f: called with 1 argument(s). Function requires at least 0 argument(s) and no more than 0 argument(s).
var x = x || {}; x.f = function() {}; x.f(3);
                                      ^

Oct 27, 2020 3:02:26 AM com.google.javascript.jscomp.LoggerErrorManager printSummary
WARNING: 0 error(s), 1 warning(s), 100% typed
Oct 27, 2020 3:02:43 AM com.google.javascript.jscomp.LoggerErrorManager println
SEVERE: i0:1: ERROR - Variable f has been deprecated.
/** @deprecated */ function f() { } function g() { f(); }
                                                   ^

Oct 27, 2020 3:02:43 AM com.google.javascript.jscomp.LoggerErrorManager printSummary
WARNING: 1 error(s), 0 warning(s), 100% typed
Oct 27, 2020 3:02:48 AM com.google.javascript.jscomp.LoggerErrorManager println
SEVERE: i1:1: ERROR - Access to private variable f not allowed outside file i0.
function g() { f(); }
               ^

Oct 27, 2020 3:02:48 AM com.google.javascript.jscomp.LoggerErrorManager printSummary
WARNING: 1 error(s), 0 warning(s), 100% typed
Oct 27, 2020 3:02:54 AM com.google.javascript.jscomp.LoggerErrorManager println
SEVERE: i0:2: ERROR - unreachable code
 3; }
 ^

Oct 27, 2020 3:02:54 AM com.google.javascript.jscomp.LoggerErrorManager printSummary
WARNING: 1 error(s), 0 warning(s)
Oct 27, 2020 3:03:48 AM com.google.javascript.jscomp.LoggerErrorManager println
SEVERE: ERROR - TightenTypes requires type checking. Please use --check_types.

Oct 27, 2020 3:03:48 AM com.google.javascript.jscomp.LoggerErrorManager printSummary
WARNING: 1 error(s), 0 warning(s)
Oct 27, 2020 3:04:26 AM com.google.javascript.jscomp.LoggerErrorManager println
SEVERE: i0:1: ERROR - constant FOO assigned a value more than once
var FOO = true; FOO = false
                ^

Oct 27, 2020 3:04:26 AM com.google.javascript.jscomp.LoggerErrorManager printSummary
WARNING: 1 error(s), 0 warning(s)
Oct 27, 2020 3:04:53 AM com.google.javascript.jscomp.LoggerErrorManager println
WARNING: i0:1: WARNING - enum key a must be a syntactic constant
/** @define {boolean} */ var COMPILED = false; var goog = {};goog.exportSymbol = function() {};goog.provide('Foo'); /** @enum */ Foo = {a: 3};
                                                                                                                                        ^

Oct 27, 2020 3:04:53 AM com.google.javascript.jscomp.LoggerErrorManager printSummary
WARNING: 0 error(s), 1 warning(s), 100% typed
Oct 27, 2020 3:04:58 AM com.google.javascript.jscomp.LoggerErrorManager println
SEVERE: i0:1: ERROR - constant foo assigned a value more than once
var goog = {}; goog.provide('foo'); function f() { foo = {};}
                                                   ^

Oct 27, 2020 3:04:58 AM com.google.javascript.jscomp.LoggerErrorManager printSummary
WARNING: 1 error(s), 0 warning(s)
Oct 27, 2020 3:05:04 AM com.google.javascript.jscomp.LoggerErrorManager println
SEVERE: i0:1: ERROR - constant foo$bar assigned a value more than once
var goog = {}; goog.provide('foo.bar'); function f() { foo.bar = {};}
                                                       ^

Oct 27, 2020 3:05:04 AM com.google.javascript.jscomp.LoggerErrorManager printSummary
WARNING: 1 error(s), 0 warning(s)
Oct 27, 2020 3:05:42 AM com.google.javascript.jscomp.LoggerErrorManager println
SEVERE: i0:1: ERROR - x.z is never defined
var x = {}; var y = x.z;
                    ^

Oct 27, 2020 3:05:42 AM com.google.javascript.jscomp.LoggerErrorManager printSummary
WARNING: 1 error(s), 0 warning(s)
Oct 27, 2020 3:08:48 AM com.google.javascript.jscomp.LoggerErrorManager println
SEVERE: i0:1: ERROR - Parse error. unlabelled break must be inside loop or switch
function f() { try { } catch(e) { break; } }
                                  ^

Oct 27, 2020 3:08:48 AM com.google.javascript.jscomp.LoggerErrorManager printSummary
WARNING: 1 error(s), 0 warning(s), 100% typed
Oct 27, 2020 3:09:05 AM com.google.javascript.jscomp.LoggerErrorManager println
WARNING: i0:1: WARNING - References to the global RegExp object prevents optimization of regular expressions.
/(a)/.test("a");var a = RegExp.$1
                        ^

Oct 27, 2020 3:09:05 AM com.google.javascript.jscomp.LoggerErrorManager printSummary
WARNING: 0 error(s), 1 warning(s)
Oct 27, 2020 3:10:01 AM com.google.javascript.jscomp.LoggerErrorManager println
WARNING: externs:1: WARNING - name extern is not undefined in the externs.
extern.foo
^

Oct 27, 2020 3:10:01 AM com.google.javascript.jscomp.LoggerErrorManager printSummary
WARNING: 0 error(s), 1 warning(s)
Oct 27, 2020 3:10:12 AM com.google.javascript.jscomp.LoggerErrorManager println
SEVERE: i0:1: ERROR - Parse error. getters are not supported in older versions of JS. If you are targeting newer versions of JS, set the appropriate language_in option.
var a = {get f(){}}
^

Oct 27, 2020 3:10:12 AM com.google.javascript.jscomp.LoggerErrorManager printSummary
WARNING: 1 error(s), 0 warning(s)
Oct 27, 2020 3:10:18 AM com.google.javascript.jscomp.LoggerErrorManager println
SEVERE: i0:1: ERROR - variables, functions, and arguments cannot be deleted in ES5 strict mode
var a  = 2; delete a;
            ^

Oct 27, 2020 3:10:18 AM com.google.javascript.jscomp.LoggerErrorManager printSummary
WARNING: 1 error(s), 0 warning(s)
Oct 27, 2020 3:11:07 AM com.google.javascript.jscomp.LoggerErrorManager println
SEVERE: i0:1: ERROR - Parse error. unnamed function statement
function () {}
^

Oct 27, 2020 3:11:07 AM com.google.javascript.jscomp.LoggerErrorManager printSummary
WARNING: 1 error(s), 0 warning(s)
Oct 27, 2020 3:11:52 AM com.google.javascript.jscomp.LoggerErrorManager println
WARNING: i0:2: WARNING - missing goog.provide('f')
function f() { var arguments; }
         ^

Oct 27, 2020 3:11:52 AM com.google.javascript.jscomp.LoggerErrorManager printSummary
WARNING: 0 error(s), 1 warning(s)
Oct 27, 2020 3:12:36 AM com.google.javascript.jscomp.LoggerErrorManager println
SEVERE: i0:1: ERROR - Parse error. missing { before function body
var foo = {bar: function(e) }
                            ^

Oct 27, 2020 3:12:36 AM com.google.javascript.jscomp.LoggerErrorManager println
SEVERE: i0:1: ERROR - Parse error. missing } after property list
var foo = {bar: function(e) }
                            ^

Oct 27, 2020 3:12:36 AM com.google.javascript.jscomp.LoggerErrorManager printSummary
WARNING: 2 error(s), 0 warning(s)
Oct 27, 2020 3:12:42 AM com.google.javascript.jscomp.LoggerErrorManager println
SEVERE: i0:1: ERROR - Parse error. Unsupported syntax: ERROR
function hi
^

Oct 27, 2020 3:12:42 AM com.google.javascript.jscomp.LoggerErrorManager println
SEVERE: i0:1: ERROR - Parse error. missing ( before function parameters.
function hi
          ^

Oct 27, 2020 3:12:42 AM com.google.javascript.jscomp.LoggerErrorManager println
SEVERE: i0:1: ERROR - Parse error. missing ) after formal parameters
function hi
          ^

Oct 27, 2020 3:12:42 AM com.google.javascript.jscomp.LoggerErrorManager println
SEVERE: i0:1: ERROR - Parse error. missing formal parameter
function hi
          ^

Oct 27, 2020 3:12:42 AM com.google.javascript.jscomp.LoggerErrorManager println
SEVERE: i0:1: ERROR - Parse error. missing { before function body
function hi
          ^

Oct 27, 2020 3:12:42 AM com.google.javascript.jscomp.LoggerErrorManager println
SEVERE: i0:1: ERROR - Parse error. missing } after function body
function hi
          ^

Oct 27, 2020 3:12:42 AM com.google.javascript.jscomp.LoggerErrorManager printSummary
WARNING: 6 error(s), 0 warning(s)
Oct 27, 2020 3:12:47 AM com.google.javascript.jscomp.LoggerErrorManager println
SEVERE: i0:1: ERROR - required "goog.beer" namespace not provided yet
goog.require('goog.beer');
^

Oct 27, 2020 3:12:47 AM com.google.javascript.jscomp.LoggerErrorManager printSummary
WARNING: 1 error(s), 0 warning(s)
Oct 27, 2020 3:12:58 AM com.google.javascript.jscomp.LoggerErrorManager println
WARNING: i0:8: WARNING - actual parameter 1 of goog.getCssName does not match formal parameter
found   : number
required: string
var x = goog.getCssName(123, 'a');
                        ^

Oct 27, 2020 3:12:58 AM com.google.javascript.jscomp.LoggerErrorManager printSummary
WARNING: 0 error(s), 1 warning(s), 100% typed
Oct 27, 2020 3:13:09 AM com.google.javascript.jscomp.LoggerErrorManager println
SEVERE: i0:1: ERROR - Missing return statement. Function expected to return number.
/** @return {number} */ function f() { if (f) { return 3; } }
                        ^

Oct 27, 2020 3:13:09 AM com.google.javascript.jscomp.LoggerErrorManager printSummary
WARNING: 1 error(s), 0 warning(s), 100% typed
Oct 27, 2020 3:13:26 AM com.google.javascript.jscomp.LoggerErrorManager println
SEVERE: ERROR - Rename prototypes and inline variables cannot be used together

Oct 27, 2020 3:13:26 AM com.google.javascript.jscomp.LoggerErrorManager printSummary
WARNING: 1 error(s), 0 warning(s)
Oct 27, 2020 7:28:20 AM com.google.javascript.jscomp.LoggerErrorManager println
WARNING: in1:1: WARNING - dangerous use of the global this object
this.foo = {}; this.foo.bar = {};
^

Oct 27, 2020 7:28:20 AM com.google.javascript.jscomp.LoggerErrorManager println
WARNING: in1:1: WARNING - dangerous use of the global this object
this.foo = {}; this.foo.bar = {};
               ^

Oct 27, 2020 7:28:20 AM com.google.javascript.jscomp.LoggerErrorManager printSummary
WARNING: 0 error(s), 2 warning(s), 87.5% typed
Oct 27, 2020 7:28:26 AM com.google.javascript.jscomp.LoggerErrorManager println
WARNING: in1:1: WARNING - Suspicious code. The result of the 'getprop' operator is not being used.
/** @constructor */ function Foo() {} this.Foo;
                                      ^

Oct 27, 2020 7:28:26 AM com.google.javascript.jscomp.LoggerErrorManager println
WARNING: in1:1: WARNING - dangerous use of the global this object
/** @constructor */ function Foo() {} this.Foo;
                                      ^

Oct 27, 2020 7:28:26 AM com.google.javascript.jscomp.LoggerErrorManager printSummary
WARNING: 0 error(s), 2 warning(s), 75% typed
Oct 27, 2020 7:29:09 AM com.google.javascript.jscomp.LoggerErrorManager println
WARNING: in1:2: WARNING - Property dom never defined on goog
goog.dom.DomHelper = function(){};
^

Oct 27, 2020 7:29:09 AM com.google.javascript.jscomp.LoggerErrorManager println
WARNING: in1:3: WARNING - Property dom never defined on goog
var y = goog.dom.DomHelper;
        ^

Oct 27, 2020 7:29:09 AM com.google.javascript.jscomp.LoggerErrorManager println
SEVERE: in1:2: ERROR - variable goog is undeclared
goog.dom.DomHelper = function(){};
^

Oct 27, 2020 7:29:09 AM com.google.javascript.jscomp.LoggerErrorManager printSummary
WARNING: 1 error(s), 2 warning(s), 60% typed
Oct 27, 2020 7:29:15 AM com.google.javascript.jscomp.LoggerErrorManager println
WARNING: in1:9: WARNING - Property c never defined on A.prototype.b
  var x; if (x) { x = a.b.b; } else { x = a.b.c; }
                                          ^

Oct 27, 2020 7:29:15 AM com.google.javascript.jscomp.LoggerErrorManager printSummary
WARNING: 0 error(s), 1 warning(s), 86.7% typed
Oct 27, 2020 7:29:39 AM com.google.javascript.jscomp.LoggerErrorManager println
WARNING: in1:2: WARNING - Property require never defined on goog
goog.require('foo.bar')
^

Oct 27, 2020 7:29:39 AM com.google.javascript.jscomp.LoggerErrorManager println
SEVERE: in1:1: ERROR - variable foo is undeclared
foo.bar = function(){};  // definition
^

Oct 27, 2020 7:29:39 AM com.google.javascript.jscomp.LoggerErrorManager println
SEVERE: in1:2: ERROR - variable goog is undeclared
goog.require('foo.bar')
^

Oct 27, 2020 7:29:39 AM com.google.javascript.jscomp.LoggerErrorManager printSummary
WARNING: 2 error(s), 1 warning(s), 57.1% typed
Oct 27, 2020 7:30:04 AM com.google.javascript.jscomp.LoggerErrorManager println
WARNING: in1:1: WARNING - Suspicious code. The result of the 'add' operator is not being used.
/** @constructor */ var DomHelper = function(){};/** method */ DomHelper.method = function() {};function f() { var x = DomHelper; x.method() + x.method(); }
                                                                                                                                  ^

Oct 27, 2020 7:30:04 AM com.google.javascript.jscomp.LoggerErrorManager printSummary
WARNING: 0 error(s), 1 warning(s), 100% typed
Oct 27, 2020 7:30:22 AM com.google.javascript.jscomp.LoggerErrorManager println
WARNING: in1:3: WARNING - Bad type annotation. Unknown type Missing
 * @extends {Missing}
             ^

Oct 27, 2020 7:30:22 AM com.google.javascript.jscomp.LoggerErrorManager printSummary
WARNING: 0 error(s), 1 warning(s), 78.6% typed
Oct 27, 2020 7:30:28 AM com.google.javascript.jscomp.LoggerErrorManager println
WARNING: in1:3: WARNING - Bad type annotation. Unknown type Missing
 * @extends {Missing}
             ^

Oct 27, 2020 7:30:28 AM com.google.javascript.jscomp.LoggerErrorManager printSummary
WARNING: 0 error(s), 1 warning(s), 78.6% typed
Oct 27, 2020 7:30:40 AM com.google.javascript.jscomp.LoggerErrorManager println
SEVERE: in1:1: ERROR - variable x is undeclared
/** @constructor */ var DomHelper = function(){};DomHelper.prototype.method = function() {   this.field = 3;  return x.field;}
                                                                                                                     ^

Oct 27, 2020 7:30:40 AM com.google.javascript.jscomp.LoggerErrorManager printSummary
WARNING: 1 error(s), 0 warning(s), 83.3% typed
Oct 27, 2020 7:32:00 AM com.google.javascript.jscomp.LoggerErrorManager println
SEVERE: in1:1: ERROR - variable goog is undeclared
/** @constructor */ goog.Foo = function(){};
                    ^

Oct 27, 2020 7:32:00 AM com.google.javascript.jscomp.LoggerErrorManager printSummary
WARNING: 1 error(s), 0 warning(s), 66.7% typed
Oct 27, 2020 7:32:06 AM com.google.javascript.jscomp.LoggerErrorManager println
WARNING: in1:1: WARNING - dangerous use of the global this object
function F() {  this.field1 = 3;}F.prototype.method1 = function() {  this.field1 = 5;};(new F()).method1();
                ^

Oct 27, 2020 7:32:06 AM com.google.javascript.jscomp.LoggerErrorManager println
WARNING: in1:1: WARNING - cannot instantiate non-constructor
function F() {  this.field1 = 3;}F.prototype.method1 = function() {  this.field1 = 5;};(new F()).method1();
                                                                                            ^

Oct 27, 2020 7:32:06 AM com.google.javascript.jscomp.LoggerErrorManager printSummary
WARNING: 0 error(s), 2 warning(s), 75% typed
Oct 27, 2020 7:32:12 AM com.google.javascript.jscomp.LoggerErrorManager println
WARNING: in1:1: WARNING - Parse error. illegal use of unknown JSDoc tag "contstructor"; ignoring it
/** @contstructor */function F() {  this.field1 = 3;}F.prototype.method1 = function() {  this.field1 = 5;};(new F()).method1();
    ^

Oct 27, 2020 7:32:12 AM com.google.javascript.jscomp.LoggerErrorManager printSummary
WARNING: 0 error(s), 1 warning(s)
Oct 27, 2020 7:32:18 AM com.google.javascript.jscomp.LoggerErrorManager println
WARNING: in1:12: WARNING - Property inherits never defined on goog
goog.inherits(a.b.DerivedClass, a.b.BaseClass);
^

Oct 27, 2020 7:32:18 AM com.google.javascript.jscomp.LoggerErrorManager println
SEVERE: in1:5: ERROR - variable alert is undeclared
  alert('hi');
  ^

Oct 27, 2020 7:32:18 AM com.google.javascript.jscomp.LoggerErrorManager println
SEVERE: in1:12: ERROR - variable goog is undeclared
goog.inherits(a.b.DerivedClass, a.b.BaseClass);
^

Oct 27, 2020 7:32:18 AM com.google.javascript.jscomp.LoggerErrorManager printSummary
WARNING: 2 error(s), 1 warning(s), 94.4% typed
Oct 27, 2020 7:32:49 AM com.google.javascript.jscomp.LoggerErrorManager println
WARNING: in1:2: WARNING - goog.dom.Foo defined before its owner. goog.dom is defined at in1:3
/** @constructor */ goog.dom.Foo = function() {};
                    ^

Oct 27, 2020 7:32:49 AM com.google.javascript.jscomp.LoggerErrorManager printSummary
WARNING: 0 error(s), 1 warning(s), 100% typed
LOG:unknown:///unknown:1+104: Semicolon inserted
LOG:unknown:///unknown:1+105: Semicolon inserted
LOG:unknown:///unknown:1+104: Semicolon inserted
LOG:unknown:///unknown:1+105: Semicolon inserted
LOG:unknown:///unknown:1+18: Semicolon inserted
LOG:unknown:///unknown:1+18: Semicolon inserted
LOG:unknown:///unknown:1+97: Semicolon inserted
LOG:unknown:///unknown:1+98: Semicolon inserted
LOG:unknown:///unknown:1+97: Semicolon inserted
LOG:unknown:///unknown:1+98: Semicolon inserted
LOG:unknown:///unknown:1+23: Semicolon inserted
LOG:unknown:///unknown:1+23: Semicolon inserted
LOG:unknown:///unknown:1+40: Semicolon inserted
LOG:unknown:///unknown:1+40: Semicolon inserted
LOG:unknown:///unknown:1+39: Semicolon inserted
LOG:unknown:///unknown:1+66: Semicolon inserted
LOG:unknown:///unknown:1+39: Semicolon inserted
LOG:unknown:///unknown:1+66: Semicolon inserted
LOG:unknown:///unknown:1+102: Semicolon inserted
LOG:unknown:///unknown:1+103: Semicolon inserted
LOG:unknown:///unknown:1+102: Semicolon inserted
LOG:unknown:///unknown:1+103: Semicolon inserted
LOG:unknown:///unknown:1+19: Semicolon inserted
LOG:unknown:///unknown:1+19: Semicolon inserted
LOG:unknown:///unknown:1+37: Semicolon inserted
LOG:unknown:///unknown:1+37: Semicolon inserted
LOG:unknown:///unknown:1+35: Semicolon inserted
LOG:unknown:///unknown:1+62: Semicolon inserted
LOG:unknown:///unknown:1+35: Semicolon inserted
LOG:unknown:///unknown:1+62: Semicolon inserted
LOG:unknown:///unknown:1+98: Semicolon inserted
LOG:unknown:///unknown:1+99: Semicolon inserted
LOG:unknown:///unknown:1+98: Semicolon inserted
LOG:unknown:///unknown:1+99: Semicolon inserted
LOG:unknown:///unknown:1+68: Semicolon inserted
LOG:unknown:///unknown:1+72: Semicolon inserted
LOG:unknown:///unknown:1+68: Semicolon inserted
LOG:unknown:///unknown:1+72: Semicolon inserted
LOG:unknown:///unknown:1+30: Semicolon inserted
LOG:unknown:///unknown:1+30: Semicolon inserted
LOG:unknown:///unknown:1+109: Semicolon inserted
LOG:unknown:///unknown:1+110: Semicolon inserted
LOG:unknown:///unknown:1+109: Semicolon inserted
LOG:unknown:///unknown:1+110: Semicolon inserted
LOG:unknown:///unknown:1+19: Semicolon inserted
LOG:unknown:///unknown:1+19: Semicolon inserted
LOG:unknown:///unknown:1+43: Semicolon inserted
LOG:unknown:///unknown:1+43: Semicolon inserted
LOG:unknown:///unknown:1+48: Semicolon inserted
LOG:unknown:///unknown:1+48: Semicolon inserted
LOG:unknown:///unknown:1+44: Semicolon inserted
LOG:unknown:///unknown:1+71: Semicolon inserted
LOG:unknown:///unknown:1+44: Semicolon inserted
LOG:unknown:///unknown:1+71: Semicolon inserted
LOG:unknown:///unknown:1+34: Semicolon inserted
LOG:unknown:///unknown:1+34: Semicolon inserted
LOG:unknown:///unknown:1+34: Semicolon inserted
LOG:unknown:///unknown:1+34: Semicolon inserted
LOG:unknown:///unknown:1+42: Semicolon inserted
LOG:unknown:///unknown:1+42: Semicolon inserted
LOG:unknown:///unknown:1+28: Semicolon inserted
LOG:unknown:///unknown:1+28: Semicolon inserted
LOG:unknown:///unknown:1+42: Semicolon inserted
LOG:unknown:///unknown:1+42: Semicolon inserted
LOG:unknown:///unknown:1+62: Semicolon inserted
LOG:unknown:///unknown:1+63: Semicolon inserted
LOG:unknown:///unknown:1+62: Semicolon inserted
LOG:unknown:///unknown:1+63: Semicolon inserted
LOG:unknown:///unknown:1+16: Semicolon inserted
LOG:unknown:///unknown:1+16: Semicolon inserted
LOG:unknown:///unknown:1+20: Semicolon inserted
LOG:unknown:///unknown:1+20: Semicolon inserted
LOG:unknown:///unknown:1+48: Semicolon inserted
LOG:unknown:///unknown:1+48: Semicolon inserted
LOG:unknown:///unknown:1+106: Semicolon inserted
LOG:unknown:///unknown:1+107: Semicolon inserted
LOG:unknown:///unknown:1+106: Semicolon inserted
LOG:unknown:///unknown:1+107: Semicolon inserted
LOG:unknown:///unknown:1+23: Semicolon inserted
LOG:unknown:///unknown:1+23: Semicolon inserted
LOG:unknown:///unknown:1+19: Semicolon inserted
LOG:unknown:///unknown:1+19: Semicolon inserted
LOG:unknown:///unknown:1+46: Semicolon inserted
LOG:unknown:///unknown:1+46: Semicolon inserted
LOG:unknown:///unknown:1+25: Semicolon inserted
LOG:unknown:///unknown:1+25: Semicolon inserted
LOG:unknown:///unknown:1+27: Semicolon inserted
LOG:unknown:///unknown:1+27: Semicolon inserted
LOG:unknown:///unknown:1+35: Semicolon inserted
LOG:unknown:///unknown:1+35: Semicolon inserted
LOG:unknown:///unknown:1+39: Semicolon inserted
LOG:unknown:///unknown:1+39: Semicolon inserted
LOG:unknown:///unknown:1+61: Semicolon inserted
LOG:unknown:///unknown:1+62: Semicolon inserted
LOG:unknown:///unknown:1+61: Semicolon inserted
LOG:unknown:///unknown:1+62: Semicolon inserted
LOG:unknown:///unknown:1+63: Semicolon inserted
LOG:unknown:///unknown:1+68: Semicolon inserted
LOG:unknown:///unknown:1+63: Semicolon inserted
LOG:unknown:///unknown:1+68: Semicolon inserted
LOG:unknown:///unknown:1+5: Semicolon inserted
LOG:unknown:///unknown:1+5: Semicolon inserted
LOG:unknown:///unknown:1+84: Semicolon inserted
LOG:unknown:///unknown:1+84: Semicolon inserted
LOG:unknown:///unknown:1+30: Semicolon inserted
LOG:unknown:///unknown:1+30: Semicolon inserted
LOG:unknown:///unknown:1+30: Semicolon inserted
LOG:unknown:///unknown:1+30: Semicolon inserted
LOG:unknown:///unknown:1+38: Semicolon inserted
LOG:unknown:///unknown:1+38: Semicolon inserted
LOG:unknown:///unknown:1+33: Semicolon inserted
LOG:unknown:///unknown:1+33: Semicolon inserted
LOG:unknown:///unknown:1+35: Semicolon inserted
LOG:unknown:///unknown:1+35: Semicolon inserted
LOG:unknown:///unknown:1+59: Semicolon inserted
LOG:unknown:///unknown:1+59: Semicolon inserted
LOG:unknown:///unknown:1+27: Semicolon inserted
LOG:unknown:///unknown:1+27: Semicolon inserted
LOG:unknown:///unknown:1+27: Semicolon inserted
LOG:unknown:///unknown:1+34: Semicolon inserted
LOG:unknown:///unknown:1+27: Semicolon inserted
LOG:unknown:///unknown:1+34: Semicolon inserted
LOG:unknown:///unknown:1+32: Semicolon inserted
LOG:unknown:///unknown:1+32: Semicolon inserted
LOG:unknown:///unknown:1+42: Semicolon inserted
LOG:unknown:///unknown:1+42: Semicolon inserted
LOG:unknown:///unknown:1+58: Semicolon inserted
LOG:unknown:///unknown:1+58: Semicolon inserted
LOG:unknown:///unknown:1+43: Semicolon inserted
LOG:unknown:///unknown:1+59: Semicolon inserted
LOG:unknown:///unknown:1+43: Semicolon inserted
LOG:unknown:///unknown:1+59: Semicolon inserted
LOG:unknown:///unknown:1+22: Semicolon inserted
LOG:unknown:///unknown:1+39: Semicolon inserted
LOG:unknown:///unknown:1+22: Semicolon inserted
LOG:unknown:///unknown:1+39: Semicolon inserted
LOG:unknown:///unknown:1+95: Semicolon inserted
LOG:unknown:///unknown:1+102: Semicolon inserted
LOG:unknown:///unknown:1+119: Semicolon inserted
LOG:unknown:///unknown:1+95: Semicolon inserted
LOG:unknown:///unknown:1+102: Semicolon inserted
LOG:unknown:///unknown:1+119: Semicolon inserted
LOG:unknown:///unknown:1+22: Semicolon inserted
LOG:unknown:///unknown:1+37: Semicolon inserted
LOG:unknown:///unknown:1+22: Semicolon inserted
LOG:unknown:///unknown:1+37: Semicolon inserted
LOG:unknown:///unknown:1+95: Semicolon inserted
LOG:unknown:///unknown:1+102: Semicolon inserted
LOG:unknown:///unknown:1+117: Semicolon inserted
LOG:unknown:///unknown:1+95: Semicolon inserted
LOG:unknown:///unknown:1+102: Semicolon inserted
LOG:unknown:///unknown:1+117: Semicolon inserted
LOG:unknown:///unknown:1+22: Semicolon inserted
LOG:unknown:///unknown:1+22: Semicolon inserted
LOG:unknown:///unknown:1+95: Semicolon inserted
LOG:unknown:///unknown:1+102: Semicolon inserted
LOG:unknown:///unknown:1+119: Semicolon inserted
LOG:unknown:///unknown:1+134: Semicolon inserted
LOG:unknown:///unknown:1+95: Semicolon inserted
LOG:unknown:///unknown:1+102: Semicolon inserted
LOG:unknown:///unknown:1+119: Semicolon inserted
LOG:unknown:///unknown:1+134: Semicolon inserted
LOG:unknown:///unknown:1+15: Semicolon inserted
LOG:unknown:///unknown:1+15: Semicolon inserted
LOG:unknown:///unknown:1+34: Semicolon inserted
LOG:unknown:///unknown:1+34: Semicolon inserted
LOG:unknown:///unknown:1+107: Semicolon inserted
LOG:unknown:///unknown:1+108: Semicolon inserted
LOG:unknown:///unknown:1+117: Semicolon inserted
LOG:unknown:///unknown:1+107: Semicolon inserted
LOG:unknown:///unknown:1+108: Semicolon inserted
LOG:unknown:///unknown:1+117: Semicolon inserted
LOG:unknown:///unknown:1+19: Semicolon inserted
LOG:unknown:///unknown:1+19: Semicolon inserted
WARNING:unknown:///unknown:1+2 - 3: Will not work in IE
java.lang.Exception
	at com.google.caja.reporting.EchoingMessageQueue$1.add(EchoingMessageQueue.java:52)
	at com.google.caja.reporting.EchoingMessageQueue$1.add(EchoingMessageQueue.java:40)
	at java.util.AbstractList.add(AbstractList.java:108)
	at com.google.caja.reporting.AbstractMessageQueue.addMessage(AbstractMessageQueue.java:25)
	at com.google.caja.parser.js.Parser.parseExpressionAtom(Parser.java:1138)
	at com.google.caja.parser.js.Parser.parseOp(Parser.java:792)
	at com.google.caja.parser.js.Parser.parseExpressionInt(Parser.java:727)
	at com.google.caja.parser.js.Parser.parseExpressionStmt(Parser.java:1281)
	at com.google.caja.parser.js.Parser.parseStatementWithoutLabel(Parser.java:706)
	at com.google.caja.parser.js.Parser.parseStatement(Parser.java:306)
	at com.google.caja.parser.js.Parser.parseTerminatedStatement(Parser.java:1312)
	at com.google.caja.parser.js.Parser.parseProgramOrFunctionBody(Parser.java:325)
	at com.google.caja.parser.js.Parser.parseProgram(Parser.java:314)
	at com.google.caja.parser.js.Parser.parse(Parser.java:272)
	at com.google.caja.parser.js.JsonMLParser.parse(JsonMLParser.java:42)
	at com.google.caja.parser.js.JsonMLParser.parse(JsonMLParser.java:31)
	at com.google.caja.parser.js.JsonMLParser.parse(JsonMLParser.java:26)
	at com.google.caja.parser.js.JsonMLParser.parse(JsonMLParser.java:22)
	at com.google.javascript.jscomp.jsonml.JsonMLConversionTest.testConversion(JsonMLConversionTest.java:79)
	at com.google.javascript.jscomp.jsonml.JsonMLConversionTest.testArray(JsonMLConversionTest.java:91)
	at sun.reflect.NativeMethodAccessorImpl.invoke0(Native Method)
	at sun.reflect.NativeMethodAccessorImpl.invoke(NativeMethodAccessorImpl.java:62)
	at sun.reflect.DelegatingMethodAccessorImpl.invoke(DelegatingMethodAccessorImpl.java:43)
	at java.lang.reflect.Method.invoke(Method.java:498)
	at junit.framework.TestCase.runTest(TestCase.java:168)
	at junit.framework.TestCase.runBare(TestCase.java:134)
	at junit.framework.TestResult$1.protect(TestResult.java:110)
	at junit.framework.TestResult.runProtected(TestResult.java:128)
	at junit.framework.TestResult.run(TestResult.java:113)
	at junit.framework.TestCase.run(TestCase.java:124)
	at junit.framework.TestSuite.runTest(TestSuite.java:243)
	at junit.framework.TestSuite.run(TestSuite.java:238)
	at org.junit.internal.runners.JUnit38ClassRunner.run(JUnit38ClassRunner.java:83)
	at org.junit.runners.Suite.runChild(Suite.java:128)
	at org.junit.runners.Suite.runChild(Suite.java:24)
	at org.junit.runners.ParentRunner$3.run(ParentRunner.java:193)
	at org.junit.runners.ParentRunner$1.schedule(ParentRunner.java:52)
	at org.junit.runners.ParentRunner.runChildren(ParentRunner.java:191)
	at org.junit.runners.ParentRunner.access$000(ParentRunner.java:42)
	at org.junit.runners.ParentRunner$2.evaluate(ParentRunner.java:184)
	at org.junit.runners.ParentRunner.run(ParentRunner.java:236)
	at org.junit.runner.JUnitCore.run(JUnitCore.java:157)
	at org.junit.runner.JUnitCore.run(JUnitCore.java:136)
	at org.junit.runner.JUnitCore.run(JUnitCore.java:117)
	at br.usp.each.saeg.jaguardf.cli.JaguarRunner.run(JaguarRunner.java:64)
	at br.usp.each.saeg.jaguardf.cli.JaguarRunner.main(JaguarRunner.java:96)
WARNING:unknown:///unknown:1+2 - 3: Will not work in IE
java.lang.Exception
	at com.google.caja.reporting.EchoingMessageQueue$1.add(EchoingMessageQueue.java:52)
	at com.google.caja.reporting.EchoingMessageQueue$1.add(EchoingMessageQueue.java:40)
	at java.util.AbstractList.add(AbstractList.java:108)
	at com.google.caja.reporting.AbstractMessageQueue.addMessage(AbstractMessageQueue.java:25)
	at com.google.caja.parser.js.Parser.parseExpressionAtom(Parser.java:1138)
	at com.google.caja.parser.js.Parser.parseOp(Parser.java:792)
	at com.google.caja.parser.js.Parser.parseExpressionInt(Parser.java:727)
	at com.google.caja.parser.js.Parser.parseExpressionStmt(Parser.java:1281)
	at com.google.caja.parser.js.Parser.parseStatementWithoutLabel(Parser.java:706)
	at com.google.caja.parser.js.Parser.parseStatement(Parser.java:306)
	at com.google.caja.parser.js.Parser.parseTerminatedStatement(Parser.java:1312)
	at com.google.caja.parser.js.Parser.parseProgramOrFunctionBody(Parser.java:325)
	at com.google.caja.parser.js.Parser.parseProgram(Parser.java:314)
	at com.google.caja.parser.js.Parser.parse(Parser.java:272)
	at com.google.caja.parser.js.JsonMLParser.parse(JsonMLParser.java:42)
	at com.google.caja.parser.js.JsonMLParser.parse(JsonMLParser.java:31)
	at com.google.caja.parser.js.JsonMLParser.parse(JsonMLParser.java:26)
	at com.google.caja.parser.js.JsonMLParser.parse(JsonMLParser.java:22)
	at com.google.javascript.jscomp.jsonml.JsonMLConversionTest.testConversion(JsonMLConversionTest.java:86)
	at com.google.javascript.jscomp.jsonml.JsonMLConversionTest.testArray(JsonMLConversionTest.java:91)
	at sun.reflect.NativeMethodAccessorImpl.invoke0(Native Method)
	at sun.reflect.NativeMethodAccessorImpl.invoke(NativeMethodAccessorImpl.java:62)
	at sun.reflect.DelegatingMethodAccessorImpl.invoke(DelegatingMethodAccessorImpl.java:43)
	at java.lang.reflect.Method.invoke(Method.java:498)
	at junit.framework.TestCase.runTest(TestCase.java:168)
	at junit.framework.TestCase.runBare(TestCase.java:134)
	at junit.framework.TestResult$1.protect(TestResult.java:110)
	at junit.framework.TestResult.runProtected(TestResult.java:128)
	at junit.framework.TestResult.run(TestResult.java:113)
	at junit.framework.TestCase.run(TestCase.java:124)
	at junit.framework.TestSuite.runTest(TestSuite.java:243)
	at junit.framework.TestSuite.run(TestSuite.java:238)
	at org.junit.internal.runners.JUnit38ClassRunner.run(JUnit38ClassRunner.java:83)
	at org.junit.runners.Suite.runChild(Suite.java:128)
	at org.junit.runners.Suite.runChild(Suite.java:24)
	at org.junit.runners.ParentRunner$3.run(ParentRunner.java:193)
	at org.junit.runners.ParentRunner$1.schedule(ParentRunner.java:52)
	at org.junit.runners.ParentRunner.runChildren(ParentRunner.java:191)
	at org.junit.runners.ParentRunner.access$000(ParentRunner.java:42)
	at org.junit.runners.ParentRunner$2.evaluate(ParentRunner.java:184)
	at org.junit.runners.ParentRunner.run(ParentRunner.java:236)
	at org.junit.runner.JUnitCore.run(JUnitCore.java:157)
	at org.junit.runner.JUnitCore.run(JUnitCore.java:136)
	at org.junit.runner.JUnitCore.run(JUnitCore.java:117)
	at br.usp.each.saeg.jaguardf.cli.JaguarRunner.run(JaguarRunner.java:64)
	at br.usp.each.saeg.jaguardf.cli.JaguarRunner.main(JaguarRunner.java:96)
WARNING:unknown:///unknown:1+2 - 3: Will not work in IE
java.lang.Exception
	at com.google.caja.reporting.EchoingMessageQueue$1.add(EchoingMessageQueue.java:52)
	at com.google.caja.reporting.EchoingMessageQueue$1.add(EchoingMessageQueue.java:40)
	at java.util.AbstractList.add(AbstractList.java:108)
	at com.google.caja.reporting.AbstractMessageQueue.addMessage(AbstractMessageQueue.java:25)
	at com.google.caja.parser.js.Parser.parseExpressionAtom(Parser.java:1138)
	at com.google.caja.parser.js.Parser.parseOp(Parser.java:792)
	at com.google.caja.parser.js.Parser.parseExpressionInt(Parser.java:727)
	at com.google.caja.parser.js.Parser.parseExpressionStmt(Parser.java:1281)
	at com.google.caja.parser.js.Parser.parseStatementWithoutLabel(Parser.java:706)
	at com.google.caja.parser.js.Parser.parseStatement(Parser.java:306)
	at com.google.caja.parser.js.Parser.parseTerminatedStatement(Parser.java:1312)
	at com.google.caja.parser.js.Parser.parseProgramOrFunctionBody(Parser.java:325)
	at com.google.caja.parser.js.Parser.parseProgram(Parser.java:314)
	at com.google.caja.parser.js.Parser.parse(Parser.java:272)
	at com.google.caja.parser.js.JsonMLParser.parse(JsonMLParser.java:42)
	at com.google.caja.parser.js.JsonMLParser.parse(JsonMLParser.java:31)
	at com.google.caja.parser.js.JsonMLParser.parse(JsonMLParser.java:26)
	at com.google.caja.parser.js.JsonMLParser.parse(JsonMLParser.java:22)
	at com.google.javascript.jscomp.jsonml.JsonMLConversionTest.testConversion(JsonMLConversionTest.java:79)
	at com.google.javascript.jscomp.jsonml.JsonMLConversionTest.testArray1(JsonMLConversionTest.java:102)
	at sun.reflect.NativeMethodAccessorImpl.invoke0(Native Method)
	at sun.reflect.NativeMethodAccessorImpl.invoke(NativeMethodAccessorImpl.java:62)
	at sun.reflect.DelegatingMethodAccessorImpl.invoke(DelegatingMethodAccessorImpl.java:43)
	at java.lang.reflect.Method.invoke(Method.java:498)
	at junit.framework.TestCase.runTest(TestCase.java:168)
	at junit.framework.TestCase.runBare(TestCase.java:134)
	at junit.framework.TestResult$1.protect(TestResult.java:110)
	at junit.framework.TestResult.runProtected(TestResult.java:128)
	at junit.framework.TestResult.run(TestResult.java:113)
	at junit.framework.TestCase.run(TestCase.java:124)
	at junit.framework.TestSuite.runTest(TestSuite.java:243)
	at junit.framework.TestSuite.run(TestSuite.java:238)
	at org.junit.internal.runners.JUnit38ClassRunner.run(JUnit38ClassRunner.java:83)
	at org.junit.runners.Suite.runChild(Suite.java:128)
	at org.junit.runners.Suite.runChild(Suite.java:24)
	at org.junit.runners.ParentRunner$3.run(ParentRunner.java:193)
	at org.junit.runners.ParentRunner$1.schedule(ParentRunner.java:52)
	at org.junit.runners.ParentRunner.runChildren(ParentRunner.java:191)
	at org.junit.runners.ParentRunner.access$000(ParentRunner.java:42)
	at org.junit.runners.ParentRunner$2.evaluate(ParentRunner.java:184)
	at org.junit.runners.ParentRunner.run(ParentRunner.java:236)
	at org.junit.runner.JUnitCore.run(JUnitCore.java:157)
	at org.junit.runner.JUnitCore.run(JUnitCore.java:136)
	at org.junit.runner.JUnitCore.run(JUnitCore.java:117)
	at br.usp.each.saeg.jaguardf.cli.JaguarRunner.run(JaguarRunner.java:64)
	at br.usp.each.saeg.jaguardf.cli.JaguarRunner.main(JaguarRunner.java:96)
WARNING:unknown:///unknown:1+2 - 3: Will not work in IE
java.lang.Exception
	at com.google.caja.reporting.EchoingMessageQueue$1.add(EchoingMessageQueue.java:52)
	at com.google.caja.reporting.EchoingMessageQueue$1.add(EchoingMessageQueue.java:40)
	at java.util.AbstractList.add(AbstractList.java:108)
	at com.google.caja.reporting.AbstractMessageQueue.addMessage(AbstractMessageQueue.java:25)
	at com.google.caja.parser.js.Parser.parseExpressionAtom(Parser.java:1138)
	at com.google.caja.parser.js.Parser.parseOp(Parser.java:792)
	at com.google.caja.parser.js.Parser.parseExpressionInt(Parser.java:727)
	at com.google.caja.parser.js.Parser.parseExpressionStmt(Parser.java:1281)
	at com.google.caja.parser.js.Parser.parseStatementWithoutLabel(Parser.java:706)
	at com.google.caja.parser.js.Parser.parseStatement(Parser.java:306)
	at com.google.caja.parser.js.Parser.parseTerminatedStatement(Parser.java:1312)
	at com.google.caja.parser.js.Parser.parseProgramOrFunctionBody(Parser.java:325)
	at com.google.caja.parser.js.Parser.parseProgram(Parser.java:314)
	at com.google.caja.parser.js.Parser.parse(Parser.java:272)
	at com.google.caja.parser.js.JsonMLParser.parse(JsonMLParser.java:42)
	at com.google.caja.parser.js.JsonMLParser.parse(JsonMLParser.java:31)
	at com.google.caja.parser.js.JsonMLParser.parse(JsonMLParser.java:26)
	at com.google.caja.parser.js.JsonMLParser.parse(JsonMLParser.java:22)
	at com.google.javascript.jscomp.jsonml.JsonMLConversionTest.testConversion(JsonMLConversionTest.java:86)
	at com.google.javascript.jscomp.jsonml.JsonMLConversionTest.testArray1(JsonMLConversionTest.java:102)
	at sun.reflect.NativeMethodAccessorImpl.invoke0(Native Method)
	at sun.reflect.NativeMethodAccessorImpl.invoke(NativeMethodAccessorImpl.java:62)
	at sun.reflect.DelegatingMethodAccessorImpl.invoke(DelegatingMethodAccessorImpl.java:43)
	at java.lang.reflect.Method.invoke(Method.java:498)
	at junit.framework.TestCase.runTest(TestCase.java:168)
	at junit.framework.TestCase.runBare(TestCase.java:134)
	at junit.framework.TestResult$1.protect(TestResult.java:110)
	at junit.framework.TestResult.runProtected(TestResult.java:128)
	at junit.framework.TestResult.run(TestResult.java:113)
	at junit.framework.TestCase.run(TestCase.java:124)
	at junit.framework.TestSuite.runTest(TestSuite.java:243)
	at junit.framework.TestSuite.run(TestSuite.java:238)
	at org.junit.internal.runners.JUnit38ClassRunner.run(JUnit38ClassRunner.java:83)
	at org.junit.runners.Suite.runChild(Suite.java:128)
	at org.junit.runners.Suite.runChild(Suite.java:24)
	at org.junit.runners.ParentRunner$3.run(ParentRunner.java:193)
	at org.junit.runners.ParentRunner$1.schedule(ParentRunner.java:52)
	at org.junit.runners.ParentRunner.runChildren(ParentRunner.java:191)
	at org.junit.runners.ParentRunner.access$000(ParentRunner.java:42)
	at org.junit.runners.ParentRunner$2.evaluate(ParentRunner.java:184)
	at org.junit.runners.ParentRunner.run(ParentRunner.java:236)
	at org.junit.runner.JUnitCore.run(JUnitCore.java:157)
	at org.junit.runner.JUnitCore.run(JUnitCore.java:136)
	at org.junit.runner.JUnitCore.run(JUnitCore.java:117)
	at br.usp.each.saeg.jaguardf.cli.JaguarRunner.run(JaguarRunner.java:64)
	at br.usp.each.saeg.jaguardf.cli.JaguarRunner.main(JaguarRunner.java:96)
LOG:unknown:///unknown:1+39: Semicolon inserted
LOG:unknown:///unknown:1+39: Semicolon inserted
LOG:unknown:///unknown:1+35: Semicolon inserted
LOG:unknown:///unknown:1+35: Semicolon inserted
LOG:unknown:///unknown:1+43: Semicolon inserted
LOG:unknown:///unknown:1+43: Semicolon inserted
LOG:unknown:///unknown:1+36: Semicolon inserted
LOG:unknown:///unknown:1+36: Semicolon inserted
LOG:unknown:///unknown:1+13: Semicolon inserted
LOG:unknown:///unknown:1+13: Semicolon inserted
LOG:unknown:///unknown:1+29: Semicolon inserted
LOG:unknown:///unknown:1+29: Semicolon inserted
LOG:unknown:///unknown:1+43: Semicolon inserted
LOG:unknown:///unknown:1+43: Semicolon inserted
LOG:unknown:///unknown:1+87: Semicolon inserted
LOG:unknown:///unknown:1+88: Semicolon inserted
LOG:unknown:///unknown:1+87: Semicolon inserted
LOG:unknown:///unknown:1+88: Semicolon inserted
LOG:unknown:///unknown:1+17: Semicolon inserted
LOG:unknown:///unknown:1+17: Semicolon inserted
LOG:unknown:///unknown:1+17: Semicolon inserted
LOG:unknown:///unknown:1+30: Semicolon inserted
LOG:unknown:///unknown:1+17: Semicolon inserted
LOG:unknown:///unknown:1+30: Semicolon inserted
LOG:unknown:///unknown:1+22: Semicolon inserted
LOG:unknown:///unknown:1+35: Semicolon inserted
LOG:unknown:///unknown:1+22: Semicolon inserted
LOG:unknown:///unknown:1+35: Semicolon inserted
LOG:unknown:///unknown:1+26: Semicolon inserted
LOG:unknown:///unknown:1+39: Semicolon inserted
LOG:unknown:///unknown:1+26: Semicolon inserted
LOG:unknown:///unknown:1+39: Semicolon inserted
LOG:unknown:///unknown:1+17: Semicolon inserted
LOG:unknown:///unknown:1+17: Semicolon inserted
LOG:unknown:///unknown:1+41: Semicolon inserted
LOG:unknown:///unknown:1+41: Semicolon inserted
Oct 27, 2020 10:13:28 AM com.google.javascript.jscomp.LoggerErrorManager println
SEVERE: ERROR - Syntax error: Wrong type of child number 1 for VarDecl. Expected: [InitPatt, IdPatt]. Found: IdExpr.

Oct 27, 2020 10:13:28 AM com.google.javascript.jscomp.LoggerErrorManager printSummary
WARNING: 1 error(s), 0 warning(s)
Oct 27, 2020 11:07:07 AM com.google.javascript.jscomp.parsing.ParserRunner parse
INFO: Error parsing input: JSCompiler test code: Compilation produced 1 syntax errors.
Oct 27, 2020 11:07:44 AM com.google.javascript.jscomp.parsing.ParserRunner parse
INFO: Error parsing input: JSCompiler test code: Compilation produced 1 syntax errors.
Oct 27, 2020 11:08:03 AM com.google.javascript.jscomp.parsing.ParserRunner parse
INFO: Error parsing input: JSCompiler test code: Compilation produced 2 syntax errors.
Oct 27, 2020 11:08:09 AM com.google.javascript.jscomp.parsing.ParserRunner parse
INFO: Error parsing input: JSCompiler test code: Compilation produced 1 syntax errors.
Oct 27, 2020 11:08:15 AM com.google.javascript.jscomp.parsing.ParserRunner parse
INFO: Error parsing input: JSCompiler test code: Compilation produced 1 syntax errors.
Oct 27, 2020 11:08:34 AM com.google.javascript.jscomp.parsing.ParserRunner parse
INFO: Error parsing input: JSCompiler test code: Compilation produced 1 syntax errors.
Oct 27, 2020 11:08:40 AM com.google.javascript.jscomp.parsing.ParserRunner parse
INFO: Error parsing input: JSCompiler test code: Compilation produced 2 syntax errors.
Oct 27, 2020 11:08:46 AM com.google.javascript.jscomp.parsing.ParserRunner parse
INFO: Error parsing input: JSCompiler test code: Compilation produced 2 syntax errors.
Oct 27, 2020 11:09:05 AM com.google.javascript.jscomp.parsing.ParserRunner parse
INFO: Error parsing input: JSCompiler test code: Compilation produced 2 syntax errors.
Oct 27, 2020 11:09:49 AM com.google.javascript.jscomp.parsing.ParserRunner parse
INFO: Error parsing input: JSCompiler test code: Compilation produced 1 syntax errors.
Oct 27, 2020 11:10:07 AM com.google.javascript.jscomp.parsing.ParserRunner parse
INFO: Error parsing input: JSCompiler test code: Compilation produced 1 syntax errors.
Oct 27, 2020 11:10:07 AM com.google.javascript.jscomp.parsing.ParserRunner parse
INFO: Error parsing input: JSCompiler test code: Compilation produced 1 syntax errors.
Oct 27, 2020 11:10:07 AM com.google.javascript.jscomp.parsing.ParserRunner parse
INFO: Error parsing input: JSCompiler test code: Compilation produced 1 syntax errors.
Oct 27, 2020 11:10:07 AM com.google.javascript.jscomp.parsing.ParserRunner parse
INFO: Error parsing input: JSCompiler test code: Compilation produced 1 syntax errors.
Oct 27, 2020 11:10:07 AM com.google.javascript.jscomp.parsing.ParserRunner parse
INFO: Error parsing input: JSCompiler test code: Compilation produced 1 syntax errors.
Oct 27, 2020 11:10:13 AM com.google.javascript.jscomp.parsing.ParserRunner parse
INFO: Error parsing input: JSCompiler test code: Compilation produced 1 syntax errors.
Oct 27, 2020 11:10:13 AM com.google.javascript.jscomp.parsing.ParserRunner parse
INFO: Error parsing input: JSCompiler test code: Compilation produced 1 syntax errors.
Oct 27, 2020 11:10:13 AM com.google.javascript.jscomp.parsing.ParserRunner parse
INFO: Error parsing input: JSCompiler test code: Compilation produced 1 syntax errors.
Oct 27, 2020 11:10:13 AM com.google.javascript.jscomp.parsing.ParserRunner parse
INFO: Error parsing input: JSCompiler test code: Compilation produced 1 syntax errors.
Oct 27, 2020 11:10:13 AM com.google.javascript.jscomp.parsing.ParserRunner parse
INFO: Error parsing input: JSCompiler test code: Compilation produced 1 syntax errors.
Oct 27, 2020 11:10:13 AM com.google.javascript.jscomp.parsing.ParserRunner parse
INFO: Error parsing input: JSCompiler test code: Compilation produced 1 syntax errors.
Oct 27, 2020 11:10:19 AM com.google.javascript.jscomp.parsing.ParserRunner parse
INFO: Error parsing input: JSCompiler test code: Compilation produced 1 syntax errors.
Oct 27, 2020 11:10:19 AM com.google.javascript.jscomp.parsing.ParserRunner parse
INFO: Error parsing input: JSCompiler test code: Compilation produced 1 syntax errors.
Oct 27, 2020 11:10:32 AM com.google.javascript.jscomp.parsing.ParserRunner parse
INFO: Error parsing input: JSCompiler test code: Compilation produced 1 syntax errors.
11:40:59.036 [main] INFO  JaguarDF - Jaguar-DF has finished!

real	691m5.123s
user	682m44.903s
sys	6m36.595s
