21:33:55.767 [main] INFO  JaguarDF - Welcome to Jaguar-DF CLI!
21:33:56.281 [main] DEBUG JaguarDF - CLI Arguments: [--projectDir, d4jprojects/closure-compiler, --classesDir, build/classes, --testsDir, build/test, --tests, tests.out, --logLevel, INFO]
Oct 28, 2020 9:34:42 PM com.google.javascript.jscomp.PhaseOptimizer$NamedPass process
INFO: checkVars
Oct 28, 2020 9:34:42 PM com.google.javascript.jscomp.PhaseOptimizer$NamedPass process
INFO: replaceMessages
Oct 28, 2020 9:34:42 PM com.google.javascript.jscomp.PhaseOptimizer$NamedPass process
INFO: processDefines
Oct 28, 2020 9:34:44 PM com.google.javascript.jscomp.PhaseOptimizer$NamedPass process
INFO: checkVars
Oct 28, 2020 9:34:44 PM com.google.javascript.jscomp.PhaseOptimizer$NamedPass process
INFO: replaceMessages
Oct 28, 2020 9:34:44 PM com.google.javascript.jscomp.PhaseOptimizer$NamedPass process
INFO: processDefines
Oct 28, 2020 9:34:46 PM com.google.javascript.jscomp.PhaseOptimizer$NamedPass process
INFO: checkVars
Oct 28, 2020 9:34:46 PM com.google.javascript.jscomp.PhaseOptimizer$NamedPass process
INFO: replaceMessages
Oct 28, 2020 9:34:46 PM com.google.javascript.jscomp.PhaseOptimizer$NamedPass process
INFO: processDefines
Oct 28, 2020 9:34:48 PM com.google.javascript.jscomp.PhaseOptimizer$NamedPass process
INFO: checkVars
Oct 28, 2020 9:34:48 PM com.google.javascript.jscomp.PhaseOptimizer$NamedPass process
INFO: replaceMessages
Oct 28, 2020 9:34:48 PM com.google.javascript.jscomp.PhaseOptimizer$NamedPass process
INFO: processDefines
Oct 28, 2020 9:34:49 PM com.google.javascript.jscomp.PhaseOptimizer$NamedPass process
INFO: checkVars
Oct 28, 2020 9:34:49 PM com.google.javascript.jscomp.PhaseOptimizer$NamedPass process
INFO: replaceMessages
Oct 28, 2020 9:34:49 PM com.google.javascript.jscomp.PhaseOptimizer$NamedPass process
INFO: processDefines
Oct 28, 2020 9:34:51 PM com.google.javascript.jscomp.PhaseOptimizer$NamedPass process
INFO: checkVars
Oct 28, 2020 9:34:51 PM com.google.javascript.jscomp.PhaseOptimizer$NamedPass process
INFO: replaceMessages
Oct 28, 2020 9:34:51 PM com.google.javascript.jscomp.PhaseOptimizer$NamedPass process
INFO: processDefines
Oct 28, 2020 9:34:52 PM com.google.javascript.jscomp.PhaseOptimizer$NamedPass process
INFO: checkVars
Oct 28, 2020 9:34:52 PM com.google.javascript.jscomp.PhaseOptimizer$NamedPass process
INFO: replaceMessages
Oct 28, 2020 9:34:52 PM com.google.javascript.jscomp.PhaseOptimizer$NamedPass process
INFO: processDefines
Oct 28, 2020 9:34:53 PM com.google.javascript.jscomp.PhaseOptimizer$NamedPass process
INFO: checkVars
Oct 28, 2020 9:34:53 PM com.google.javascript.jscomp.PhaseOptimizer$NamedPass process
INFO: replaceMessages
Oct 28, 2020 9:34:53 PM com.google.javascript.jscomp.PhaseOptimizer$NamedPass process
INFO: processDefines
Oct 28, 2020 9:34:55 PM com.google.javascript.jscomp.PhaseOptimizer$NamedPass process
INFO: checkVars
Oct 28, 2020 9:34:55 PM com.google.javascript.jscomp.PhaseOptimizer$NamedPass process
INFO: replaceMessages
Oct 28, 2020 9:34:55 PM com.google.javascript.jscomp.PhaseOptimizer$NamedPass process
INFO: processDefines
Oct 28, 2020 9:34:56 PM com.google.javascript.jscomp.PhaseOptimizer$NamedPass process
INFO: checkVars
Oct 28, 2020 9:34:56 PM com.google.javascript.jscomp.PhaseOptimizer$NamedPass process
INFO: replaceMessages
Oct 28, 2020 9:34:56 PM com.google.javascript.jscomp.PhaseOptimizer$NamedPass process
INFO: processDefines
Oct 28, 2020 9:34:56 PM com.google.javascript.jscomp.PhaseOptimizer$NamedPass process
INFO: checkVars
Oct 28, 2020 9:34:56 PM com.google.javascript.jscomp.PhaseOptimizer$NamedPass process
INFO: replaceMessages
Oct 28, 2020 9:34:56 PM com.google.javascript.jscomp.PhaseOptimizer$NamedPass process
INFO: processDefines
Oct 28, 2020 9:34:57 PM com.google.javascript.jscomp.PhaseOptimizer$NamedPass process
INFO: checkVars
Oct 28, 2020 9:34:57 PM com.google.javascript.jscomp.PhaseOptimizer$NamedPass process
INFO: replaceMessages
Oct 28, 2020 9:34:57 PM com.google.javascript.jscomp.PhaseOptimizer$NamedPass process
INFO: processDefines
Oct 28, 2020 9:34:58 PM com.google.javascript.jscomp.PhaseOptimizer$NamedPass process
INFO: checkVars
Oct 28, 2020 9:34:58 PM com.google.javascript.jscomp.PhaseOptimizer$NamedPass process
INFO: replaceMessages
Oct 28, 2020 9:34:58 PM com.google.javascript.jscomp.PhaseOptimizer$NamedPass process
INFO: processDefines
Oct 28, 2020 9:35:00 PM com.google.javascript.jscomp.PhaseOptimizer$NamedPass process
INFO: checkVars
Oct 28, 2020 9:35:00 PM com.google.javascript.jscomp.PhaseOptimizer$NamedPass process
INFO: replaceMessages
Oct 28, 2020 9:35:00 PM com.google.javascript.jscomp.PhaseOptimizer$NamedPass process
INFO: processDefines
Oct 28, 2020 9:35:01 PM com.google.javascript.jscomp.PhaseOptimizer$NamedPass process
INFO: checkVars
Oct 28, 2020 9:35:01 PM com.google.javascript.jscomp.PhaseOptimizer$NamedPass process
INFO: replaceMessages
Oct 28, 2020 9:35:01 PM com.google.javascript.jscomp.PhaseOptimizer$NamedPass process
INFO: processDefines
Oct 28, 2020 9:35:01 PM com.google.javascript.jscomp.PhaseOptimizer$NamedPass process
INFO: checkVars
Oct 28, 2020 9:35:01 PM com.google.javascript.jscomp.PhaseOptimizer$NamedPass process
INFO: replaceMessages
Oct 28, 2020 9:35:01 PM com.google.javascript.jscomp.PhaseOptimizer$NamedPass process
INFO: processDefines
Oct 28, 2020 9:35:04 PM com.google.javascript.jscomp.PhaseOptimizer$NamedPass process
INFO: checkVars
Oct 28, 2020 9:35:04 PM com.google.javascript.jscomp.PhaseOptimizer$NamedPass process
INFO: replaceMessages
Oct 28, 2020 9:35:04 PM com.google.javascript.jscomp.PhaseOptimizer$NamedPass process
INFO: processDefines
Oct 28, 2020 9:35:04 PM com.google.javascript.jscomp.PhaseOptimizer$NamedPass process
INFO: checkVars
Oct 28, 2020 9:35:04 PM com.google.javascript.jscomp.PhaseOptimizer$NamedPass process
INFO: replaceMessages
Oct 28, 2020 9:35:04 PM com.google.javascript.jscomp.PhaseOptimizer$NamedPass process
INFO: processDefines
Oct 28, 2020 9:35:07 PM com.google.javascript.jscomp.PhaseOptimizer$NamedPass process
INFO: checkVars
Oct 28, 2020 9:35:07 PM com.google.javascript.jscomp.PhaseOptimizer$NamedPass process
INFO: replaceMessages
Oct 28, 2020 9:35:07 PM com.google.javascript.jscomp.PhaseOptimizer$NamedPass process
INFO: processDefines
Oct 28, 2020 9:35:09 PM com.google.javascript.jscomp.PhaseOptimizer$NamedPass process
INFO: checkVars
Oct 28, 2020 9:35:09 PM com.google.javascript.jscomp.PhaseOptimizer$NamedPass process
INFO: replaceMessages
Oct 28, 2020 9:35:09 PM com.google.javascript.jscomp.PhaseOptimizer$NamedPass process
INFO: processDefines
Oct 28, 2020 9:35:11 PM com.google.javascript.jscomp.PhaseOptimizer$NamedPass process
INFO: checkVars
Oct 28, 2020 9:35:11 PM com.google.javascript.jscomp.PhaseOptimizer$NamedPass process
INFO: replaceMessages
Oct 28, 2020 9:35:11 PM com.google.javascript.jscomp.PhaseOptimizer$NamedPass process
INFO: processDefines
Oct 28, 2020 9:35:13 PM com.google.javascript.jscomp.PhaseOptimizer$NamedPass process
INFO: checkVars
Oct 28, 2020 9:35:13 PM com.google.javascript.jscomp.PhaseOptimizer$NamedPass process
INFO: replaceMessages
Oct 28, 2020 9:35:13 PM com.google.javascript.jscomp.PhaseOptimizer$NamedPass process
INFO: processDefines
Oct 28, 2020 9:35:16 PM com.google.javascript.jscomp.PhaseOptimizer$NamedPass process
INFO: checkVars
Oct 28, 2020 9:35:16 PM com.google.javascript.jscomp.PhaseOptimizer$NamedPass process
INFO: replaceMessages
Oct 28, 2020 9:35:16 PM com.google.javascript.jscomp.PhaseOptimizer$NamedPass process
INFO: processDefines
Oct 28, 2020 9:35:18 PM com.google.javascript.jscomp.PhaseOptimizer$NamedPass process
INFO: checkVars
Oct 28, 2020 9:35:18 PM com.google.javascript.jscomp.PhaseOptimizer$NamedPass process
INFO: replaceMessages
Oct 28, 2020 9:35:18 PM com.google.javascript.jscomp.PhaseOptimizer$NamedPass process
INFO: processDefines
Oct 28, 2020 9:35:18 PM com.google.javascript.jscomp.PhaseOptimizer$NamedPass process
INFO: checkVars
Oct 28, 2020 9:35:18 PM com.google.javascript.jscomp.PhaseOptimizer$NamedPass process
INFO: replaceMessages
Oct 28, 2020 9:35:18 PM com.google.javascript.jscomp.PhaseOptimizer$NamedPass process
INFO: processDefines
Oct 28, 2020 9:35:20 PM com.google.javascript.jscomp.PhaseOptimizer$NamedPass process
INFO: checkVars
Oct 28, 2020 9:35:20 PM com.google.javascript.jscomp.PhaseOptimizer$NamedPass process
INFO: replaceMessages
Oct 28, 2020 9:35:20 PM com.google.javascript.jscomp.PhaseOptimizer$NamedPass process
INFO: processDefines
Oct 28, 2020 9:35:23 PM com.google.javascript.jscomp.PhaseOptimizer$NamedPass process
INFO: checkVars
Oct 28, 2020 9:35:23 PM com.google.javascript.jscomp.PhaseOptimizer$NamedPass process
INFO: replaceMessages
Oct 28, 2020 9:35:23 PM com.google.javascript.jscomp.PhaseOptimizer$NamedPass process
INFO: processDefines
Oct 28, 2020 9:35:25 PM com.google.javascript.jscomp.PhaseOptimizer$NamedPass process
INFO: checkVars
Oct 28, 2020 9:35:25 PM com.google.javascript.jscomp.PhaseOptimizer$NamedPass process
INFO: replaceMessages
Oct 28, 2020 9:35:25 PM com.google.javascript.jscomp.PhaseOptimizer$NamedPass process
INFO: processDefines
Oct 28, 2020 9:35:27 PM com.google.javascript.jscomp.PhaseOptimizer$NamedPass process
INFO: checkVars
Oct 28, 2020 9:35:27 PM com.google.javascript.jscomp.PhaseOptimizer$NamedPass process
INFO: replaceMessages
Oct 28, 2020 9:35:27 PM com.google.javascript.jscomp.PhaseOptimizer$NamedPass process
INFO: processDefines
Oct 28, 2020 9:35:28 PM com.google.javascript.jscomp.PhaseOptimizer$NamedPass process
INFO: checkVars
Oct 28, 2020 9:35:28 PM com.google.javascript.jscomp.PhaseOptimizer$NamedPass process
INFO: replaceMessages
Oct 28, 2020 9:35:28 PM com.google.javascript.jscomp.PhaseOptimizer$NamedPass process
INFO: processDefines
Oct 28, 2020 9:35:30 PM com.google.javascript.jscomp.PhaseOptimizer$NamedPass process
INFO: checkVars
Oct 28, 2020 9:35:30 PM com.google.javascript.jscomp.PhaseOptimizer$NamedPass process
INFO: replaceMessages
Oct 28, 2020 9:35:30 PM com.google.javascript.jscomp.PhaseOptimizer$NamedPass process
INFO: processDefines
Oct 28, 2020 9:35:30 PM com.google.javascript.jscomp.PhaseOptimizer$NamedPass process
INFO: checkVars
Oct 28, 2020 9:35:30 PM com.google.javascript.jscomp.PhaseOptimizer$NamedPass process
INFO: replaceMessages
Oct 28, 2020 9:35:30 PM com.google.javascript.jscomp.PhaseOptimizer$NamedPass process
INFO: processDefines
Oct 28, 2020 9:35:32 PM com.google.javascript.jscomp.PhaseOptimizer$NamedPass process
INFO: checkVars
Oct 28, 2020 9:35:32 PM com.google.javascript.jscomp.PhaseOptimizer$NamedPass process
INFO: replaceMessages
Oct 28, 2020 9:35:32 PM com.google.javascript.jscomp.PhaseOptimizer$NamedPass process
INFO: processDefines
Oct 28, 2020 9:35:35 PM com.google.javascript.jscomp.PhaseOptimizer$NamedPass process
INFO: checkVars
Oct 28, 2020 9:35:35 PM com.google.javascript.jscomp.PhaseOptimizer$NamedPass process
INFO: replaceMessages
Oct 28, 2020 9:35:35 PM com.google.javascript.jscomp.PhaseOptimizer$NamedPass process
INFO: processDefines
Oct 28, 2020 9:35:43 PM com.google.javascript.jscomp.PhaseOptimizer$NamedPass process
INFO: checkVars
Oct 28, 2020 9:35:43 PM com.google.javascript.jscomp.PhaseOptimizer$NamedPass process
INFO: replaceMessages
Oct 28, 2020 9:35:43 PM com.google.javascript.jscomp.PhaseOptimizer$NamedPass process
INFO: processDefines
Oct 28, 2020 9:35:43 PM com.google.javascript.jscomp.PhaseOptimizer$NamedPass process
INFO: checkVars
Oct 28, 2020 9:35:43 PM com.google.javascript.jscomp.PhaseOptimizer$NamedPass process
INFO: replaceMessages
Oct 28, 2020 9:35:43 PM com.google.javascript.jscomp.PhaseOptimizer$NamedPass process
INFO: processDefines
21:35:43.819 [main] INFO  JaguarDF - Test testSourceMapMerging(com.google.debugging.sourcemap.SourceMapGeneratorV3Test) : Failed
Oct 28, 2020 9:35:46 PM com.google.javascript.jscomp.PhaseOptimizer$NamedPass process
INFO: checkVars
Oct 28, 2020 9:35:46 PM com.google.javascript.jscomp.PhaseOptimizer$NamedPass process
INFO: replaceMessages
Oct 28, 2020 9:35:46 PM com.google.javascript.jscomp.PhaseOptimizer$NamedPass process
INFO: processDefines
21:35:46.077 [main] INFO  JaguarDF - Test testLiteralMappings(com.google.debugging.sourcemap.SourceMapGeneratorV3Test) : Failed
Oct 28, 2020 9:35:48 PM com.google.javascript.jscomp.PhaseOptimizer$NamedPass process
INFO: checkVars
Oct 28, 2020 9:35:48 PM com.google.javascript.jscomp.PhaseOptimizer$NamedPass process
INFO: replaceMessages
Oct 28, 2020 9:35:48 PM com.google.javascript.jscomp.PhaseOptimizer$NamedPass process
INFO: processDefines
21:35:48.481 [main] INFO  JaguarDF - Test testMultilineMapping(com.google.debugging.sourcemap.SourceMapGeneratorV3Test) : Failed
Oct 28, 2020 9:35:50 PM com.google.javascript.jscomp.PhaseOptimizer$NamedPass process
INFO: checkVars
Oct 28, 2020 9:35:50 PM com.google.javascript.jscomp.PhaseOptimizer$NamedPass process
INFO: replaceMessages
Oct 28, 2020 9:35:50 PM com.google.javascript.jscomp.PhaseOptimizer$NamedPass process
INFO: processDefines
21:35:50.808 [main] INFO  JaguarDF - Test testMultiFunctionMapping(com.google.debugging.sourcemap.SourceMapGeneratorV3Test) : Failed
Oct 28, 2020 9:35:53 PM com.google.javascript.jscomp.PhaseOptimizer$NamedPass process
INFO: checkVars
Oct 28, 2020 9:35:53 PM com.google.javascript.jscomp.PhaseOptimizer$NamedPass process
INFO: replaceMessages
Oct 28, 2020 9:35:53 PM com.google.javascript.jscomp.PhaseOptimizer$NamedPass process
INFO: processDefines
Oct 28, 2020 9:35:55 PM com.google.javascript.jscomp.PhaseOptimizer$NamedPass process
INFO: checkVars
Oct 28, 2020 9:35:55 PM com.google.javascript.jscomp.PhaseOptimizer$NamedPass process
INFO: replaceMessages
Oct 28, 2020 9:35:55 PM com.google.javascript.jscomp.PhaseOptimizer$NamedPass process
INFO: processDefines
21:35:55.435 [main] INFO  JaguarDF - Test testGoldenOutput1(com.google.debugging.sourcemap.SourceMapGeneratorV3Test) : Failed
Oct 28, 2020 9:35:57 PM com.google.javascript.jscomp.PhaseOptimizer$NamedPass process
INFO: checkVars
Oct 28, 2020 9:35:57 PM com.google.javascript.jscomp.PhaseOptimizer$NamedPass process
INFO: replaceMessages
Oct 28, 2020 9:35:57 PM com.google.javascript.jscomp.PhaseOptimizer$NamedPass process
INFO: processDefines
21:35:57.645 [main] INFO  JaguarDF - Test testGoldenOutput2(com.google.debugging.sourcemap.SourceMapGeneratorV3Test) : Failed
Oct 28, 2020 9:35:59 PM com.google.javascript.jscomp.PhaseOptimizer$NamedPass process
INFO: checkVars
Oct 28, 2020 9:35:59 PM com.google.javascript.jscomp.PhaseOptimizer$NamedPass process
INFO: replaceMessages
Oct 28, 2020 9:35:59 PM com.google.javascript.jscomp.PhaseOptimizer$NamedPass process
INFO: processDefines
21:35:59.872 [main] INFO  JaguarDF - Test testGoldenOutput3(com.google.debugging.sourcemap.SourceMapGeneratorV3Test) : Failed
Oct 28, 2020 9:36:02 PM com.google.javascript.jscomp.PhaseOptimizer$NamedPass process
INFO: checkVars
Oct 28, 2020 9:36:02 PM com.google.javascript.jscomp.PhaseOptimizer$NamedPass process
INFO: replaceMessages
Oct 28, 2020 9:36:02 PM com.google.javascript.jscomp.PhaseOptimizer$NamedPass process
INFO: processDefines
21:36:02.103 [main] INFO  JaguarDF - Test testGoldenOutput4(com.google.debugging.sourcemap.SourceMapGeneratorV3Test) : Failed
Oct 28, 2020 9:36:04 PM com.google.javascript.jscomp.PhaseOptimizer$NamedPass process
INFO: checkVars
Oct 28, 2020 9:36:04 PM com.google.javascript.jscomp.PhaseOptimizer$NamedPass process
INFO: replaceMessages
Oct 28, 2020 9:36:04 PM com.google.javascript.jscomp.PhaseOptimizer$NamedPass process
INFO: processDefines
21:36:04.304 [main] INFO  JaguarDF - Test testGoldenOutput5(com.google.debugging.sourcemap.SourceMapGeneratorV3Test) : Failed
Oct 28, 2020 9:36:06 PM com.google.javascript.jscomp.PhaseOptimizer$NamedPass process
INFO: checkVars
Oct 28, 2020 9:36:06 PM com.google.javascript.jscomp.PhaseOptimizer$NamedPass process
INFO: replaceMessages
Oct 28, 2020 9:36:06 PM com.google.javascript.jscomp.PhaseOptimizer$NamedPass process
INFO: processDefines
Oct 28, 2020 9:36:06 PM com.google.javascript.jscomp.PhaseOptimizer$NamedPass process
INFO: checkVars
Oct 28, 2020 9:36:06 PM com.google.javascript.jscomp.PhaseOptimizer$NamedPass process
INFO: replaceMessages
Oct 28, 2020 9:36:06 PM com.google.javascript.jscomp.PhaseOptimizer$NamedPass process
INFO: processDefines
Oct 28, 2020 9:36:10 PM com.google.javascript.jscomp.PhaseOptimizer$NamedPass process
INFO: checkVars
Oct 28, 2020 9:36:10 PM com.google.javascript.jscomp.PhaseOptimizer$NamedPass process
INFO: replaceMessages
Oct 28, 2020 9:36:10 PM com.google.javascript.jscomp.PhaseOptimizer$NamedPass process
INFO: processDefines
21:36:10.865 [main] INFO  JaguarDF - Test testBasicMapping1(com.google.debugging.sourcemap.SourceMapGeneratorV3Test) : Failed
Oct 28, 2020 9:36:13 PM com.google.javascript.jscomp.PhaseOptimizer$NamedPass process
INFO: checkVars
Oct 28, 2020 9:36:13 PM com.google.javascript.jscomp.PhaseOptimizer$NamedPass process
INFO: replaceMessages
Oct 28, 2020 9:36:13 PM com.google.javascript.jscomp.PhaseOptimizer$NamedPass process
INFO: processDefines
21:36:13.110 [main] INFO  JaguarDF - Test testBasicMapping2(com.google.debugging.sourcemap.SourceMapGeneratorV3Test) : Failed
Oct 28, 2020 9:36:15 PM com.google.javascript.jscomp.PhaseOptimizer$NamedPass process
INFO: checkVars
Oct 28, 2020 9:36:15 PM com.google.javascript.jscomp.PhaseOptimizer$NamedPass process
INFO: replaceMessages
Oct 28, 2020 9:36:15 PM com.google.javascript.jscomp.PhaseOptimizer$NamedPass process
INFO: processDefines
21:36:15.270 [main] INFO  JaguarDF - Test testMultilineMapping2(com.google.debugging.sourcemap.SourceMapGeneratorV3Test) : Failed
Oct 28, 2020 9:36:17 PM com.google.javascript.jscomp.PhaseOptimizer$NamedPass process
INFO: checkVars
Oct 28, 2020 9:36:17 PM com.google.javascript.jscomp.PhaseOptimizer$NamedPass process
INFO: replaceMessages
Oct 28, 2020 9:36:17 PM com.google.javascript.jscomp.PhaseOptimizer$NamedPass process
INFO: processDefines
21:36:17.453 [main] INFO  JaguarDF - Test testGoldenOutput0a(com.google.debugging.sourcemap.SourceMapGeneratorV3Test) : Failed
Oct 28, 2020 9:36:21 PM com.google.javascript.jscomp.PhaseOptimizer$NamedPass process
INFO: checkVars
Oct 28, 2020 9:36:21 PM com.google.javascript.jscomp.PhaseOptimizer$NamedPass process
INFO: replaceMessages
Oct 28, 2020 9:36:21 PM com.google.javascript.jscomp.PhaseOptimizer$NamedPass process
INFO: processDefines
Oct 28, 2020 9:36:21 PM com.google.javascript.jscomp.PhaseOptimizer$NamedPass process
INFO: checkVars
Oct 28, 2020 9:36:21 PM com.google.javascript.jscomp.PhaseOptimizer$NamedPass process
INFO: replaceMessages
Oct 28, 2020 9:36:21 PM com.google.javascript.jscomp.PhaseOptimizer$NamedPass process
INFO: processDefines
21:36:21.953 [main] INFO  JaguarDF - Test testParseSourceMetaMap(com.google.debugging.sourcemap.SourceMapGeneratorV3Test) : Failed
Oct 28, 2020 9:36:24 PM com.google.javascript.jscomp.PhaseOptimizer$NamedPass process
INFO: checkVars
Oct 28, 2020 9:36:24 PM com.google.javascript.jscomp.PhaseOptimizer$NamedPass process
INFO: replaceMessages
Oct 28, 2020 9:36:24 PM com.google.javascript.jscomp.PhaseOptimizer$NamedPass process
INFO: processDefines
21:36:24.165 [main] INFO  JaguarDF - Test testLiteralMappingsGoldenOutput(com.google.debugging.sourcemap.SourceMapGeneratorV3Test) : Failed
Oct 28, 2020 9:36:26 PM com.google.javascript.jscomp.PhaseOptimizer$NamedPass process
INFO: checkVars
Oct 28, 2020 9:36:26 PM com.google.javascript.jscomp.PhaseOptimizer$NamedPass process
INFO: replaceMessages
Oct 28, 2020 9:36:26 PM com.google.javascript.jscomp.PhaseOptimizer$NamedPass process
INFO: processDefines
21:36:26.361 [main] INFO  JaguarDF - Test testBasicMappingGoldenOutput(com.google.debugging.sourcemap.SourceMapGeneratorV3Test) : Failed
Oct 28, 2020 9:37:36 PM com.google.javascript.jscomp.AliasStrings process
INFO: Aliasing common strings
Oct 28, 2020 9:37:36 PM com.google.javascript.jscomp.AliasStrings process
INFO: Aliasing common strings
Oct 28, 2020 9:37:36 PM com.google.javascript.jscomp.AliasStrings process
INFO: Aliasing common strings
Oct 28, 2020 9:37:36 PM com.google.javascript.jscomp.AliasStrings process
INFO: Aliasing common strings
Oct 28, 2020 9:37:36 PM com.google.javascript.jscomp.AliasStrings process
INFO: Aliasing common strings
Oct 28, 2020 9:37:36 PM com.google.javascript.jscomp.AliasStrings process
INFO: Aliasing common strings
Oct 28, 2020 9:37:36 PM com.google.javascript.jscomp.AliasStrings process
INFO: Aliasing common strings
Oct 28, 2020 9:37:36 PM com.google.javascript.jscomp.AliasStrings process
INFO: Aliasing common strings
Oct 28, 2020 9:37:36 PM com.google.javascript.jscomp.AliasStrings process
INFO: Aliasing common strings
Oct 28, 2020 9:37:36 PM com.google.javascript.jscomp.AliasStrings process
INFO: Aliasing common strings
Oct 28, 2020 9:37:36 PM com.google.javascript.jscomp.AliasStrings process
INFO: Aliasing common strings
Oct 28, 2020 9:37:36 PM com.google.javascript.jscomp.AliasStrings process
INFO: Aliasing common strings
Oct 28, 2020 9:37:36 PM com.google.javascript.jscomp.AliasStrings process
INFO: Aliasing common strings
Oct 28, 2020 9:37:36 PM com.google.javascript.jscomp.AliasStrings process
INFO: Aliasing common strings
Oct 28, 2020 9:37:38 PM com.google.javascript.jscomp.AliasStrings process
INFO: Aliasing common strings
Oct 28, 2020 9:37:39 PM com.google.javascript.jscomp.AliasStrings process
INFO: Aliasing common strings
Oct 28, 2020 9:37:41 PM com.google.javascript.jscomp.AliasStrings process
INFO: Aliasing common strings
Oct 28, 2020 9:37:41 PM com.google.javascript.jscomp.AliasStrings process
INFO: Aliasing common strings
Oct 28, 2020 9:37:41 PM com.google.javascript.jscomp.AliasStrings process
INFO: Aliasing common strings
Oct 28, 2020 9:37:41 PM com.google.javascript.jscomp.AliasStrings process
INFO: Aliasing common strings
Oct 28, 2020 9:37:41 PM com.google.javascript.jscomp.AliasStrings process
INFO: Aliasing common strings
Oct 28, 2020 9:37:41 PM com.google.javascript.jscomp.AliasStrings process
INFO: Aliasing common strings
Oct 28, 2020 9:37:41 PM com.google.javascript.jscomp.AliasStrings process
INFO: Aliasing common strings
Oct 28, 2020 9:37:41 PM com.google.javascript.jscomp.AliasStrings process
INFO: Aliasing common strings
Oct 28, 2020 9:37:41 PM com.google.javascript.jscomp.AliasStrings process
INFO: Aliasing common strings
Oct 28, 2020 9:37:41 PM com.google.javascript.jscomp.AliasStrings process
INFO: Aliasing common strings
Oct 28, 2020 9:37:43 PM com.google.javascript.jscomp.AliasStrings process
INFO: Aliasing common strings
Oct 28, 2020 9:37:43 PM com.google.javascript.jscomp.AliasStrings process
INFO: Aliasing common strings
Oct 28, 2020 9:37:46 PM com.google.javascript.jscomp.AliasStrings process
INFO: Aliasing common strings
Oct 28, 2020 9:37:46 PM com.google.javascript.jscomp.AliasStrings process
INFO: Aliasing common strings
Oct 28, 2020 9:37:48 PM com.google.javascript.jscomp.AliasStrings process
INFO: Aliasing common strings
Oct 28, 2020 9:37:48 PM com.google.javascript.jscomp.AliasStrings process
INFO: Aliasing common strings
Oct 28, 2020 9:37:50 PM com.google.javascript.jscomp.AliasStrings process
INFO: Aliasing common strings
Oct 28, 2020 9:37:50 PM com.google.javascript.jscomp.AliasStrings process
INFO: Aliasing common strings
Oct 28, 2020 9:37:53 PM com.google.javascript.jscomp.AliasStrings process
INFO: Aliasing common strings
Oct 28, 2020 9:37:53 PM com.google.javascript.jscomp.AliasStrings process
INFO: Aliasing common strings
Oct 28, 2020 9:37:53 PM com.google.javascript.jscomp.AliasStrings process
INFO: Aliasing common strings
Oct 28, 2020 9:37:53 PM com.google.javascript.jscomp.AliasStrings process
INFO: Aliasing common strings
Oct 28, 2020 9:37:55 PM com.google.javascript.jscomp.AliasStrings process
INFO: Aliasing common strings
Oct 28, 2020 9:37:55 PM com.google.javascript.jscomp.AliasStrings process
INFO: Aliasing common strings
Oct 28, 2020 9:37:55 PM com.google.javascript.jscomp.AliasStrings process
INFO: Aliasing common strings
Oct 28, 2020 9:37:55 PM com.google.javascript.jscomp.AliasStrings process
INFO: Aliasing common strings
Oct 28, 2020 9:37:55 PM com.google.javascript.jscomp.AliasStrings process
INFO: Aliasing common strings
Oct 28, 2020 9:37:55 PM com.google.javascript.jscomp.AliasStrings process
INFO: Aliasing common strings
Oct 28, 2020 9:37:57 PM com.google.javascript.jscomp.AliasStrings process
INFO: Aliasing common strings
Oct 28, 2020 9:37:57 PM com.google.javascript.jscomp.AliasStrings process
INFO: Aliasing common strings
Oct 28, 2020 9:38:00 PM com.google.javascript.jscomp.AliasStrings process
INFO: Aliasing common strings
Oct 28, 2020 9:38:00 PM com.google.javascript.jscomp.AliasStrings process
INFO: Aliasing common strings
Oct 28, 2020 9:38:00 PM com.google.javascript.jscomp.AliasStrings process
INFO: Aliasing common strings
Oct 28, 2020 9:38:00 PM com.google.javascript.jscomp.AliasStrings process
INFO: Aliasing common strings
Oct 28, 2020 9:38:00 PM com.google.javascript.jscomp.AliasStrings process
INFO: Aliasing common strings
Oct 28, 2020 9:38:00 PM com.google.javascript.jscomp.AliasStrings process
INFO: Aliasing common strings
Oct 28, 2020 9:38:00 PM com.google.javascript.jscomp.AliasStrings process
INFO: Aliasing common strings
Oct 28, 2020 9:38:00 PM com.google.javascript.jscomp.AliasStrings process
INFO: Aliasing common strings
Oct 28, 2020 9:38:00 PM com.google.javascript.jscomp.AliasStrings process
INFO: Aliasing common strings
Oct 28, 2020 9:38:00 PM com.google.javascript.jscomp.AliasStrings process
INFO: Aliasing common strings
Oct 28, 2020 9:38:00 PM com.google.javascript.jscomp.AliasStrings process
INFO: Aliasing common strings
Oct 28, 2020 9:38:00 PM com.google.javascript.jscomp.AliasStrings process
INFO: Aliasing common strings
Oct 28, 2020 9:38:00 PM com.google.javascript.jscomp.AliasStrings process
INFO: Aliasing common strings
Oct 28, 2020 9:38:00 PM com.google.javascript.jscomp.AliasStrings process
INFO: Aliasing common strings
Oct 28, 2020 9:38:00 PM com.google.javascript.jscomp.AliasStrings process
INFO: Aliasing common strings
Oct 28, 2020 9:38:00 PM com.google.javascript.jscomp.AliasStrings process
INFO: Aliasing common strings
Oct 28, 2020 9:38:02 PM com.google.javascript.jscomp.AliasStrings process
INFO: Aliasing common strings
Oct 28, 2020 9:38:02 PM com.google.javascript.jscomp.AliasStrings process
INFO: Aliasing common strings
Oct 28, 2020 9:38:05 PM com.google.javascript.jscomp.AliasStrings process
INFO: Aliasing common strings
Oct 28, 2020 9:38:05 PM com.google.javascript.jscomp.AliasStrings process
INFO: Aliasing common strings
Oct 28, 2020 9:38:05 PM com.google.javascript.jscomp.AliasStrings process
INFO: Aliasing common strings
Oct 28, 2020 9:38:05 PM com.google.javascript.jscomp.AliasStrings process
INFO: Aliasing common strings
Oct 28, 2020 9:38:05 PM com.google.javascript.jscomp.AliasStrings process
INFO: Aliasing common strings
Oct 28, 2020 9:38:05 PM com.google.javascript.jscomp.AliasStrings process
INFO: Aliasing common strings
Oct 28, 2020 9:38:07 PM com.google.javascript.jscomp.AliasStrings process
INFO: Aliasing common strings
Oct 28, 2020 9:38:07 PM com.google.javascript.jscomp.AliasStrings process
INFO: Aliasing common strings
Oct 28, 2020 9:38:09 PM com.google.javascript.jscomp.AmbiguateProperties process
INFO: Collapsed 1 properties into 1 and skipped renaming 0 properties.
Oct 28, 2020 9:38:12 PM com.google.javascript.jscomp.AmbiguateProperties process
INFO: Collapsed 0 properties into 1 and skipped renaming 1 properties.
Oct 28, 2020 9:38:15 PM com.google.javascript.jscomp.AmbiguateProperties process
INFO: Collapsed 0 properties into 1 and skipped renaming 1 properties.
Oct 28, 2020 9:38:18 PM com.google.javascript.jscomp.AmbiguateProperties process
INFO: Collapsed 0 properties into 1 and skipped renaming 1 properties.
Oct 28, 2020 9:38:21 PM com.google.javascript.jscomp.AmbiguateProperties process
INFO: Collapsed 2 properties into 2 and skipped renaming 0 properties.
Oct 28, 2020 9:38:24 PM com.google.javascript.jscomp.AmbiguateProperties process
INFO: Collapsed 0 properties into 1 and skipped renaming 2 properties.
Oct 28, 2020 9:38:27 PM com.google.javascript.jscomp.AmbiguateProperties process
INFO: Collapsed 2 properties into 1 and skipped renaming 0 properties.
Oct 28, 2020 9:38:30 PM com.google.javascript.jscomp.AmbiguateProperties process
INFO: Collapsed 3 properties into 2 and skipped renaming 0 properties.
Oct 28, 2020 9:38:33 PM com.google.javascript.jscomp.AmbiguateProperties process
INFO: Collapsed 3 properties into 2 and skipped renaming 0 properties.
Oct 28, 2020 9:38:36 PM com.google.javascript.jscomp.AmbiguateProperties process
INFO: Collapsed 10 properties into 5 and skipped renaming 0 properties.
Oct 28, 2020 9:38:39 PM com.google.javascript.jscomp.AmbiguateProperties process
INFO: Collapsed 6 properties into 3 and skipped renaming 0 properties.
Oct 28, 2020 9:38:42 PM com.google.javascript.jscomp.AmbiguateProperties process
INFO: Collapsed 20 properties into 10 and skipped renaming 0 properties.
Oct 28, 2020 9:38:45 PM com.google.javascript.jscomp.AmbiguateProperties process
INFO: Collapsed 10 properties into 1 and skipped renaming 0 properties.
Oct 28, 2020 9:38:48 PM com.google.javascript.jscomp.AmbiguateProperties process
INFO: Collapsed 2 properties into 1 and skipped renaming 0 properties.
Oct 28, 2020 9:38:51 PM com.google.javascript.jscomp.AmbiguateProperties process
INFO: Collapsed 1 properties into 1 and skipped renaming 0 properties.
Oct 28, 2020 9:38:54 PM com.google.javascript.jscomp.AmbiguateProperties process
INFO: Collapsed 0 properties into 1 and skipped renaming 0 properties.
Oct 28, 2020 9:38:56 PM com.google.javascript.jscomp.AmbiguateProperties process
INFO: Collapsed 0 properties into 1 and skipped renaming 0 properties.
Oct 28, 2020 9:39:00 PM com.google.javascript.jscomp.AmbiguateProperties process
INFO: Collapsed 2 properties into 2 and skipped renaming 0 properties.
Oct 28, 2020 9:39:02 PM com.google.javascript.jscomp.AmbiguateProperties process
INFO: Collapsed 0 properties into 1 and skipped renaming 1 properties.
Oct 28, 2020 9:39:05 PM com.google.javascript.jscomp.AmbiguateProperties process
INFO: Collapsed 1 properties into 1 and skipped renaming 0 properties.
Oct 28, 2020 9:39:08 PM com.google.javascript.jscomp.AmbiguateProperties process
INFO: Collapsed 0 properties into 1 and skipped renaming 1 properties.
Oct 28, 2020 9:39:11 PM com.google.javascript.jscomp.AmbiguateProperties process
INFO: Collapsed 0 properties into 1 and skipped renaming 1 properties.
Oct 28, 2020 9:39:14 PM com.google.javascript.jscomp.AmbiguateProperties process
INFO: Collapsed 0 properties into 1 and skipped renaming 1 properties.
Oct 28, 2020 9:39:17 PM com.google.javascript.jscomp.AmbiguateProperties process
INFO: Collapsed 0 properties into 1 and skipped renaming 1 properties.
Oct 28, 2020 9:39:20 PM com.google.javascript.jscomp.AmbiguateProperties process
INFO: Collapsed 0 properties into 1 and skipped renaming 0 properties.
Oct 28, 2020 9:39:23 PM com.google.javascript.jscomp.AmbiguateProperties process
INFO: Collapsed 1 properties into 1 and skipped renaming 0 properties.
Oct 28, 2020 9:39:26 PM com.google.javascript.jscomp.AmbiguateProperties process
INFO: Collapsed 0 properties into 1 and skipped renaming 0 properties.
Oct 28, 2020 9:39:29 PM com.google.javascript.jscomp.AmbiguateProperties process
INFO: Collapsed 1 properties into 1 and skipped renaming 0 properties.
Oct 28, 2020 9:39:32 PM com.google.javascript.jscomp.AmbiguateProperties process
INFO: Collapsed 2 properties into 1 and skipped renaming 0 properties.
Oct 28, 2020 9:39:35 PM com.google.javascript.jscomp.AmbiguateProperties process
INFO: Collapsed 3 properties into 1 and skipped renaming 0 properties.
Oct 28, 2020 9:39:38 PM com.google.javascript.jscomp.AmbiguateProperties process
INFO: Collapsed 1 properties into 1 and skipped renaming 1 properties.
Oct 28, 2020 9:39:38 PM com.google.javascript.jscomp.AmbiguateProperties process
INFO: Collapsed 0 properties into 1 and skipped renaming 2 properties.
Oct 28, 2020 9:39:38 PM com.google.javascript.jscomp.AmbiguateProperties process
INFO: Collapsed 2 properties into 1 and skipped renaming 0 properties.
Oct 28, 2020 9:39:41 PM com.google.javascript.jscomp.AmbiguateProperties process
INFO: Collapsed 0 properties into 1 and skipped renaming 1 properties.
Oct 28, 2020 9:39:44 PM com.google.javascript.jscomp.AmbiguateProperties process
INFO: Collapsed 3 properties into 3 and skipped renaming 0 properties.
Oct 28, 2020 9:39:47 PM com.google.javascript.jscomp.AmbiguateProperties process
INFO: Collapsed 3 properties into 3 and skipped renaming 0 properties.
Oct 28, 2020 9:39:49 PM com.google.javascript.jscomp.AmbiguateProperties process
INFO: Collapsed 2 properties into 2 and skipped renaming 0 properties.
Oct 28, 2020 9:39:52 PM com.google.javascript.jscomp.AmbiguateProperties process
INFO: Collapsed 2 properties into 2 and skipped renaming 0 properties.
Oct 28, 2020 9:39:55 PM com.google.javascript.jscomp.AmbiguateProperties process
INFO: Collapsed 2 properties into 2 and skipped renaming 0 properties.
Oct 28, 2020 9:39:58 PM com.google.javascript.jscomp.AmbiguateProperties process
INFO: Collapsed 1 properties into 1 and skipped renaming 1 properties.
Oct 28, 2020 9:40:01 PM com.google.javascript.jscomp.AmbiguateProperties process
INFO: Collapsed 1 properties into 1 and skipped renaming 1 properties.
Oct 28, 2020 9:56:08 PM com.google.javascript.jscomp.PhaseOptimizer$NamedPass process
INFO: processGoogScopeAliases
Oct 28, 2020 9:56:08 PM com.google.javascript.jscomp.PhaseOptimizer$NamedPass process
INFO: checkRequires
Oct 28, 2020 9:56:08 PM com.google.javascript.jscomp.PhaseOptimizer$NamedPass process
INFO: processProvidesAndRequires
Oct 28, 2020 9:56:08 PM com.google.javascript.jscomp.PhaseOptimizer$NamedPass process
INFO: checkVars
Oct 28, 2020 9:56:08 PM com.google.javascript.jscomp.PhaseOptimizer$NamedPass process
INFO: renameCssNames
Oct 28, 2020 9:56:09 PM com.google.javascript.jscomp.PhaseOptimizer$NamedPass process
INFO: replaceMessages
Oct 28, 2020 9:56:09 PM com.google.javascript.jscomp.PhaseOptimizer$NamedPass process
INFO: processDefines
Oct 28, 2020 9:56:09 PM com.google.javascript.jscomp.Compiler normalize
INFO: Normalizing
Oct 28, 2020 9:56:09 PM com.google.javascript.jscomp.PhaseOptimizer$NamedPass process
INFO: garbageCollectChecks
Oct 28, 2020 9:56:09 PM com.google.javascript.jscomp.PhaseOptimizer$NamedPass process
INFO: beforeStandardOptimizations
Oct 28, 2020 9:56:09 PM com.google.javascript.jscomp.PhaseOptimizer$NamedPass process
INFO: replaceIdGenerators
Oct 28, 2020 9:56:09 PM com.google.javascript.jscomp.PhaseOptimizer$NamedPass process
INFO: closureCodeRemoval
Oct 28, 2020 9:56:09 PM com.google.javascript.jscomp.PhaseOptimizer$NamedPass process
INFO: closureOptimizePrimitives
Oct 28, 2020 9:56:09 PM com.google.javascript.jscomp.PhaseOptimizer$NamedPass process
INFO: beforeMainOptimizations
Oct 28, 2020 9:56:09 PM com.google.javascript.jscomp.PhaseOptimizer$NamedPass process
INFO: beforeModuleMotion
Oct 28, 2020 9:56:09 PM com.google.javascript.jscomp.PhaseOptimizer$NamedPass process
INFO: afterModuleMotion
Oct 28, 2020 9:56:09 PM com.google.javascript.jscomp.PhaseOptimizer$NamedPass process
INFO: markUnnormalized
Oct 28, 2020 9:56:09 PM com.google.javascript.jscomp.PhaseOptimizer$NamedPass process
INFO: denormalize
Oct 28, 2020 9:56:09 PM com.google.javascript.jscomp.PhaseOptimizer$NamedPass process
INFO: invertNames
Oct 28, 2020 9:56:09 PM com.google.javascript.jscomp.PhaseOptimizer$NamedPass process
INFO: operaCompoundAssignFix
Oct 28, 2020 9:56:09 PM com.google.javascript.jscomp.PhaseOptimizer$NamedPass process
INFO: sanityCheckAst
Oct 28, 2020 9:56:09 PM com.google.javascript.jscomp.PhaseOptimizer$NamedPass process
INFO: sanityCheckVars
Oct 28, 2020 9:56:09 PM com.google.javascript.jscomp.LoggerErrorManager println
WARNING: foo.js:1: WARNING - 'foo.bar.goo' used but not goog.require'd
var foo = {}; var bar = new foo.bar.goo();
                                       ^

Oct 28, 2020 9:56:09 PM com.google.javascript.jscomp.LoggerErrorManager printSummary
WARNING: 0 error(s), 1 warning(s)
Closure Compiler (http://code.google.com/closure/compiler)
Version: Unversioned directory
Built on: 2020/10/28 14:32
Closure Compiler (http://code.google.com/closure/compiler)
Version: Unversioned directory
Built on: 2020/10/28 14:32
Oct 28, 2020 10:58:47 PM com.google.javascript.jscomp.LoggerErrorManager println
WARNING: testcode:1: WARNING - Unable to determine type of parameter a for exported function d
var goog = {};goog.exportSymbol = function(a, b) {}; goog.exportProperty = function(a, b, c) {}; var a = function(d, e, f) {};goog.exportSymbol('foobar', a)
                                                                                                                  ^

Oct 28, 2020 10:58:47 PM com.google.javascript.jscomp.LoggerErrorManager println
WARNING: testcode:1: WARNING - Unable to determine type of parameter a for exported function e
var goog = {};goog.exportSymbol = function(a, b) {}; goog.exportProperty = function(a, b, c) {}; var a = function(d, e, f) {};goog.exportSymbol('foobar', a)
                                                                                                                     ^

Oct 28, 2020 10:58:47 PM com.google.javascript.jscomp.LoggerErrorManager println
WARNING: testcode:1: WARNING - Unable to determine type of parameter a for exported function f
var goog = {};goog.exportSymbol = function(a, b) {}; goog.exportProperty = function(a, b, c) {}; var a = function(d, e, f) {};goog.exportSymbol('foobar', a)
                                                                                                                        ^

Oct 28, 2020 10:58:47 PM com.google.javascript.jscomp.LoggerErrorManager printSummary
WARNING: 0 error(s), 3 warning(s), 100% typed
Oct 28, 2020 10:58:52 PM com.google.javascript.jscomp.LoggerErrorManager println
WARNING: testcode:1: WARNING - Unable to determine type of parameter a.b.c for exported function d
var goog = {};goog.exportSymbol = function(a, b) {}; goog.exportProperty = function(a, b, c) {}; var a = {}; a.b = {}; a.b.c = function(d, e, f) {};goog.exportProperty(a.b, 'cprop', a.b.c)
                                                                                                                                        ^

Oct 28, 2020 10:58:52 PM com.google.javascript.jscomp.LoggerErrorManager println
WARNING: testcode:1: WARNING - Unable to determine type of parameter a.b.c for exported function e
var goog = {};goog.exportSymbol = function(a, b) {}; goog.exportProperty = function(a, b, c) {}; var a = {}; a.b = {}; a.b.c = function(d, e, f) {};goog.exportProperty(a.b, 'cprop', a.b.c)
                                                                                                                                           ^

Oct 28, 2020 10:58:52 PM com.google.javascript.jscomp.LoggerErrorManager println
WARNING: testcode:1: WARNING - Unable to determine type of parameter a.b.c for exported function f
var goog = {};goog.exportSymbol = function(a, b) {}; goog.exportProperty = function(a, b, c) {}; var a = {}; a.b = {}; a.b.c = function(d, e, f) {};goog.exportProperty(a.b, 'cprop', a.b.c)
                                                                                                                                              ^

Oct 28, 2020 10:58:52 PM com.google.javascript.jscomp.LoggerErrorManager printSummary
WARNING: 0 error(s), 3 warning(s), 100% typed
Oct 28, 2020 10:58:57 PM com.google.javascript.jscomp.LoggerErrorManager println
WARNING: testcode:1: WARNING - Unable to determine type of parameter a.b for exported function p1
var goog = {};goog.exportSymbol = function(a, b) {}; goog.exportProperty = function(a, b, c) {}; var a = {}; a.b = function(p1) {}; a.b.c = function(d, e, f) {};a.b.prototype.c = function(g, h, i) {};goog.exportSymbol('a.b', a.b);goog.exportProperty(a.b, 'c', a.b.c);goog.exportProperty(a.b.prototype, 'c', a.b.prototype.c);
                                                                                                                            ^

Oct 28, 2020 10:58:57 PM com.google.javascript.jscomp.LoggerErrorManager println
WARNING: testcode:1: WARNING - Unable to determine type of parameter a.b.c for exported function d
var goog = {};goog.exportSymbol = function(a, b) {}; goog.exportProperty = function(a, b, c) {}; var a = {}; a.b = function(p1) {}; a.b.c = function(d, e, f) {};a.b.prototype.c = function(g, h, i) {};goog.exportSymbol('a.b', a.b);goog.exportProperty(a.b, 'c', a.b.c);goog.exportProperty(a.b.prototype, 'c', a.b.prototype.c);
                                                                                                                                                     ^

Oct 28, 2020 10:58:57 PM com.google.javascript.jscomp.LoggerErrorManager println
WARNING: testcode:1: WARNING - Unable to determine type of parameter a.b.c for exported function e
var goog = {};goog.exportSymbol = function(a, b) {}; goog.exportProperty = function(a, b, c) {}; var a = {}; a.b = function(p1) {}; a.b.c = function(d, e, f) {};a.b.prototype.c = function(g, h, i) {};goog.exportSymbol('a.b', a.b);goog.exportProperty(a.b, 'c', a.b.c);goog.exportProperty(a.b.prototype, 'c', a.b.prototype.c);
                                                                                                                                                        ^

Oct 28, 2020 10:58:57 PM com.google.javascript.jscomp.LoggerErrorManager println
WARNING: testcode:1: WARNING - Unable to determine type of parameter a.b.c for exported function f
var goog = {};goog.exportSymbol = function(a, b) {}; goog.exportProperty = function(a, b, c) {}; var a = {}; a.b = function(p1) {}; a.b.c = function(d, e, f) {};a.b.prototype.c = function(g, h, i) {};goog.exportSymbol('a.b', a.b);goog.exportProperty(a.b, 'c', a.b.c);goog.exportProperty(a.b.prototype, 'c', a.b.prototype.c);
                                                                                                                                                           ^

Oct 28, 2020 10:58:57 PM com.google.javascript.jscomp.LoggerErrorManager println
WARNING: testcode:1: WARNING - Unable to determine type of parameter a.b.prototype.c for exported function g
var goog = {};goog.exportSymbol = function(a, b) {}; goog.exportProperty = function(a, b, c) {}; var a = {}; a.b = function(p1) {}; a.b.c = function(d, e, f) {};a.b.prototype.c = function(g, h, i) {};goog.exportSymbol('a.b', a.b);goog.exportProperty(a.b, 'c', a.b.c);goog.exportProperty(a.b.prototype, 'c', a.b.prototype.c);
                                                                                                                                                                                            ^

Oct 28, 2020 10:58:57 PM com.google.javascript.jscomp.LoggerErrorManager println
WARNING: testcode:1: WARNING - Unable to determine type of parameter a.b.prototype.c for exported function h
var goog = {};goog.exportSymbol = function(a, b) {}; goog.exportProperty = function(a, b, c) {}; var a = {}; a.b = function(p1) {}; a.b.c = function(d, e, f) {};a.b.prototype.c = function(g, h, i) {};goog.exportSymbol('a.b', a.b);goog.exportProperty(a.b, 'c', a.b.c);goog.exportProperty(a.b.prototype, 'c', a.b.prototype.c);
                                                                                                                                                                                               ^

Oct 28, 2020 10:58:57 PM com.google.javascript.jscomp.LoggerErrorManager println
WARNING: testcode:1: WARNING - Unable to determine type of parameter a.b.prototype.c for exported function i
var goog = {};goog.exportSymbol = function(a, b) {}; goog.exportProperty = function(a, b, c) {}; var a = {}; a.b = function(p1) {}; a.b.c = function(d, e, f) {};a.b.prototype.c = function(g, h, i) {};goog.exportSymbol('a.b', a.b);goog.exportProperty(a.b, 'c', a.b.c);goog.exportProperty(a.b.prototype, 'c', a.b.prototype.c);
                                                                                                                                                                                                  ^

Oct 28, 2020 10:58:57 PM com.google.javascript.jscomp.LoggerErrorManager printSummary
WARNING: 0 error(s), 7 warning(s), 100% typed
Oct 28, 2020 10:59:02 PM com.google.javascript.jscomp.LoggerErrorManager println
WARNING: testcode:1: WARNING - Unable to determine type of parameter a.b.c for exported function d
var goog = {};goog.exportSymbol = function(a, b) {}; goog.exportProperty = function(a, b, c) {}; var a = {}; a.b = function(p1) {}; a.b.c = function(d, e, f) {};a.b.prototype.c = function(g, h, i) {};goog.exportSymbol('hello', a);goog.exportProperty(a.b, 'c', a.b.c);goog.exportProperty(a.b.prototype, 'c', a.b.prototype.c);
                                                                                                                                                     ^

Oct 28, 2020 10:59:02 PM com.google.javascript.jscomp.LoggerErrorManager println
WARNING: testcode:1: WARNING - Unable to determine type of parameter a.b.c for exported function e
var goog = {};goog.exportSymbol = function(a, b) {}; goog.exportProperty = function(a, b, c) {}; var a = {}; a.b = function(p1) {}; a.b.c = function(d, e, f) {};a.b.prototype.c = function(g, h, i) {};goog.exportSymbol('hello', a);goog.exportProperty(a.b, 'c', a.b.c);goog.exportProperty(a.b.prototype, 'c', a.b.prototype.c);
                                                                                                                                                        ^

Oct 28, 2020 10:59:02 PM com.google.javascript.jscomp.LoggerErrorManager println
WARNING: testcode:1: WARNING - Unable to determine type of parameter a.b.c for exported function f
var goog = {};goog.exportSymbol = function(a, b) {}; goog.exportProperty = function(a, b, c) {}; var a = {}; a.b = function(p1) {}; a.b.c = function(d, e, f) {};a.b.prototype.c = function(g, h, i) {};goog.exportSymbol('hello', a);goog.exportProperty(a.b, 'c', a.b.c);goog.exportProperty(a.b.prototype, 'c', a.b.prototype.c);
                                                                                                                                                           ^

Oct 28, 2020 10:59:02 PM com.google.javascript.jscomp.LoggerErrorManager println
WARNING: testcode:1: WARNING - Unable to determine type of parameter a.b.prototype.c for exported function g
var goog = {};goog.exportSymbol = function(a, b) {}; goog.exportProperty = function(a, b, c) {}; var a = {}; a.b = function(p1) {}; a.b.c = function(d, e, f) {};a.b.prototype.c = function(g, h, i) {};goog.exportSymbol('hello', a);goog.exportProperty(a.b, 'c', a.b.c);goog.exportProperty(a.b.prototype, 'c', a.b.prototype.c);
                                                                                                                                                                                            ^

Oct 28, 2020 10:59:02 PM com.google.javascript.jscomp.LoggerErrorManager println
WARNING: testcode:1: WARNING - Unable to determine type of parameter a.b.prototype.c for exported function h
var goog = {};goog.exportSymbol = function(a, b) {}; goog.exportProperty = function(a, b, c) {}; var a = {}; a.b = function(p1) {}; a.b.c = function(d, e, f) {};a.b.prototype.c = function(g, h, i) {};goog.exportSymbol('hello', a);goog.exportProperty(a.b, 'c', a.b.c);goog.exportProperty(a.b.prototype, 'c', a.b.prototype.c);
                                                                                                                                                                                               ^

Oct 28, 2020 10:59:02 PM com.google.javascript.jscomp.LoggerErrorManager println
WARNING: testcode:1: WARNING - Unable to determine type of parameter a.b.prototype.c for exported function i
var goog = {};goog.exportSymbol = function(a, b) {}; goog.exportProperty = function(a, b, c) {}; var a = {}; a.b = function(p1) {}; a.b.c = function(d, e, f) {};a.b.prototype.c = function(g, h, i) {};goog.exportSymbol('hello', a);goog.exportProperty(a.b, 'c', a.b.c);goog.exportProperty(a.b.prototype, 'c', a.b.prototype.c);
                                                                                                                                                                                                  ^

Oct 28, 2020 10:59:02 PM com.google.javascript.jscomp.LoggerErrorManager printSummary
WARNING: 0 error(s), 6 warning(s), 100% typed
Oct 28, 2020 10:59:07 PM com.google.javascript.jscomp.LoggerErrorManager println
WARNING: testcode:1: WARNING - Unable to determine type of parameter a.b for exported function p1
var goog = {};goog.exportSymbol = function(a, b) {}; goog.exportProperty = function(a, b, c) {}; var a = {}; a.b = function(p1) {}; a.b.c = function(d, e, f) {};a.b.prototype.c = function(g, h, i) {};goog.exportSymbol('prefix', a.b);goog.exportProperty(a.b, 'c', a.b.c);
                                                                                                                            ^

Oct 28, 2020 10:59:07 PM com.google.javascript.jscomp.LoggerErrorManager println
WARNING: testcode:1: WARNING - Unable to determine type of parameter a.b.c for exported function d
var goog = {};goog.exportSymbol = function(a, b) {}; goog.exportProperty = function(a, b, c) {}; var a = {}; a.b = function(p1) {}; a.b.c = function(d, e, f) {};a.b.prototype.c = function(g, h, i) {};goog.exportSymbol('prefix', a.b);goog.exportProperty(a.b, 'c', a.b.c);
                                                                                                                                                     ^

Oct 28, 2020 10:59:07 PM com.google.javascript.jscomp.LoggerErrorManager println
WARNING: testcode:1: WARNING - Unable to determine type of parameter a.b.c for exported function e
var goog = {};goog.exportSymbol = function(a, b) {}; goog.exportProperty = function(a, b, c) {}; var a = {}; a.b = function(p1) {}; a.b.c = function(d, e, f) {};a.b.prototype.c = function(g, h, i) {};goog.exportSymbol('prefix', a.b);goog.exportProperty(a.b, 'c', a.b.c);
                                                                                                                                                        ^

Oct 28, 2020 10:59:07 PM com.google.javascript.jscomp.LoggerErrorManager println
WARNING: testcode:1: WARNING - Unable to determine type of parameter a.b.c for exported function f
var goog = {};goog.exportSymbol = function(a, b) {}; goog.exportProperty = function(a, b, c) {}; var a = {}; a.b = function(p1) {}; a.b.c = function(d, e, f) {};a.b.prototype.c = function(g, h, i) {};goog.exportSymbol('prefix', a.b);goog.exportProperty(a.b, 'c', a.b.c);
                                                                                                                                                           ^

Oct 28, 2020 10:59:07 PM com.google.javascript.jscomp.LoggerErrorManager printSummary
WARNING: 0 error(s), 4 warning(s), 100% typed
Oct 28, 2020 10:59:52 PM com.google.javascript.jscomp.LoggerErrorManager println
WARNING: testcode:1: WARNING - Unable to determine return type for exported function InternalName
var goog = {};goog.exportSymbol = function(a, b) {}; goog.exportProperty = function(a, b, c) {}; var InternalName = function() {  return 6;};goog.exportSymbol('ExternalName', InternalName)
                                                                                                                    ^

Oct 28, 2020 10:59:52 PM com.google.javascript.jscomp.LoggerErrorManager printSummary
WARNING: 0 error(s), 1 warning(s), 100% typed
Oct 28, 2020 11:00:02 PM com.google.javascript.jscomp.LoggerErrorManager println
WARNING: testcode:4: WARNING - Unable to determine type of parameter InternalName for exported function b
 var InternalName = function(a,b,c) {  return 6;};goog.exportSymbol('ExternalName', InternalName)
                               ^

Oct 28, 2020 11:00:02 PM com.google.javascript.jscomp.LoggerErrorManager println
WARNING: testcode:4: WARNING - Unable to determine type of parameter InternalName for exported function c
 var InternalName = function(a,b,c) {  return 6;};goog.exportSymbol('ExternalName', InternalName)
                                 ^

Oct 28, 2020 11:00:02 PM com.google.javascript.jscomp.LoggerErrorManager printSummary
WARNING: 0 error(s), 2 warning(s), 100% typed
Oct 28, 2020 11:00:12 PM com.google.javascript.jscomp.LoggerErrorManager println
WARNING: testcode:1: WARNING - Unable to determine type of parameter a.b.c for exported function d
var goog = {};goog.exportSymbol = function(a, b) {}; goog.exportProperty = function(a, b, c) {}; var a = {}; a.b = {}; a.b.c = function(d, e, f) {};goog.exportSymbol('foobar', a.b.c)
                                                                                                                                        ^

Oct 28, 2020 11:00:12 PM com.google.javascript.jscomp.LoggerErrorManager println
WARNING: testcode:1: WARNING - Unable to determine type of parameter a.b.c for exported function e
var goog = {};goog.exportSymbol = function(a, b) {}; goog.exportProperty = function(a, b, c) {}; var a = {}; a.b = {}; a.b.c = function(d, e, f) {};goog.exportSymbol('foobar', a.b.c)
                                                                                                                                           ^

Oct 28, 2020 11:00:12 PM com.google.javascript.jscomp.LoggerErrorManager println
WARNING: testcode:1: WARNING - Unable to determine type of parameter a.b.c for exported function f
var goog = {};goog.exportSymbol = function(a, b) {}; goog.exportProperty = function(a, b, c) {}; var a = {}; a.b = {}; a.b.c = function(d, e, f) {};goog.exportSymbol('foobar', a.b.c)
                                                                                                                                              ^

Oct 28, 2020 11:00:12 PM com.google.javascript.jscomp.LoggerErrorManager printSummary
WARNING: 0 error(s), 3 warning(s), 100% typed
Oct 28, 2020 11:00:17 PM com.google.javascript.jscomp.LoggerErrorManager println
WARNING: testcode:5: WARNING - Unable to determine return type for exported function internalName
internalName = function(a) {  return 6;
               ^

Oct 28, 2020 11:00:17 PM com.google.javascript.jscomp.LoggerErrorManager printSummary
WARNING: 0 error(s), 1 warning(s), 100% typed
Oct 28, 2020 11:00:27 PM com.google.javascript.jscomp.LoggerErrorManager println
WARNING: testcode:2: WARNING - assignment to property A of enum{E}
found   : number
required: string
 @export */ var E = {A:1, B:2};goog.exportSymbol('E', E);
                     ^

Oct 28, 2020 11:00:27 PM com.google.javascript.jscomp.LoggerErrorManager println
WARNING: testcode:2: WARNING - assignment to property B of enum{E}
found   : number
required: string
 @export */ var E = {A:1, B:2};goog.exportSymbol('E', E);
                          ^

Oct 28, 2020 11:00:27 PM com.google.javascript.jscomp.LoggerErrorManager printSummary
WARNING: 0 error(s), 2 warning(s), 100% typed
Oct 29, 2020 4:06:44 AM com.google.javascript.jscomp.LoggerErrorManager println
WARNING: in1:1: WARNING - dangerous use of the global this object
this.foo = {}; this.foo.bar = {};
^

Oct 29, 2020 4:06:44 AM com.google.javascript.jscomp.LoggerErrorManager println
WARNING: in1:1: WARNING - dangerous use of the global this object
this.foo = {}; this.foo.bar = {};
               ^

Oct 29, 2020 4:06:44 AM com.google.javascript.jscomp.LoggerErrorManager printSummary
WARNING: 0 error(s), 2 warning(s), 87.5% typed
Oct 29, 2020 4:06:50 AM com.google.javascript.jscomp.LoggerErrorManager println
WARNING: in1:1: WARNING - Suspicious code. The result of the 'getprop' operator is not being used.
/** @constructor */ function Foo() {} this.Foo;
                                      ^

Oct 29, 2020 4:06:50 AM com.google.javascript.jscomp.LoggerErrorManager println
WARNING: in1:1: WARNING - dangerous use of the global this object
/** @constructor */ function Foo() {} this.Foo;
                                      ^

Oct 29, 2020 4:06:50 AM com.google.javascript.jscomp.LoggerErrorManager printSummary
WARNING: 0 error(s), 2 warning(s), 75% typed
Oct 29, 2020 4:07:31 AM com.google.javascript.jscomp.LoggerErrorManager println
WARNING: in1:2: WARNING - Property dom never defined on goog
goog.dom.DomHelper = function(){};
^

Oct 29, 2020 4:07:31 AM com.google.javascript.jscomp.LoggerErrorManager println
WARNING: in1:3: WARNING - Property dom never defined on goog
var y = goog.dom.DomHelper;
        ^

Oct 29, 2020 4:07:31 AM com.google.javascript.jscomp.LoggerErrorManager println
SEVERE: in1:2: ERROR - variable goog is undeclared
goog.dom.DomHelper = function(){};
^

Oct 29, 2020 4:07:31 AM com.google.javascript.jscomp.LoggerErrorManager printSummary
WARNING: 1 error(s), 2 warning(s), 60% typed
Oct 29, 2020 4:08:12 AM com.google.javascript.jscomp.LoggerErrorManager println
WARNING: in1:1: WARNING - Suspicious code. The result of the 'add' operator is not being used.
/** @constructor */ var DomHelper = function(){};/** method */ DomHelper.method = function() {};function f() { var x = DomHelper; x.method() + x.method(); }
                                                                                                                                  ^

Oct 29, 2020 4:08:12 AM com.google.javascript.jscomp.LoggerErrorManager printSummary
WARNING: 0 error(s), 1 warning(s), 100% typed
Oct 29, 2020 4:08:35 AM com.google.javascript.jscomp.LoggerErrorManager println
SEVERE: in1:1: ERROR - variable x is undeclared
/** @constructor */ var DomHelper = function(){};DomHelper.prototype.method = function() {   this.field = 3;  return x.field;}
                                                                                                                     ^

Oct 29, 2020 4:08:35 AM com.google.javascript.jscomp.LoggerErrorManager printSummary
WARNING: 1 error(s), 0 warning(s), 83.3% typed
Oct 29, 2020 4:09:52 AM com.google.javascript.jscomp.LoggerErrorManager println
SEVERE: in1:1: ERROR - variable goog is undeclared
/** @constructor */ goog.Foo = function(){};
                    ^

Oct 29, 2020 4:09:52 AM com.google.javascript.jscomp.LoggerErrorManager printSummary
WARNING: 1 error(s), 0 warning(s), 66.7% typed
Oct 29, 2020 4:09:57 AM com.google.javascript.jscomp.LoggerErrorManager println
WARNING: in1:1: WARNING - dangerous use of the global this object
function F() {  this.field1 = 3;}F.prototype.method1 = function() {  this.field1 = 5;};(new F()).method1();
                ^

Oct 29, 2020 4:09:57 AM com.google.javascript.jscomp.LoggerErrorManager println
WARNING: in1:1: WARNING - cannot instantiate non-constructor
function F() {  this.field1 = 3;}F.prototype.method1 = function() {  this.field1 = 5;};(new F()).method1();
                                                                                             ^

Oct 29, 2020 4:09:57 AM com.google.javascript.jscomp.LoggerErrorManager printSummary
WARNING: 0 error(s), 2 warning(s), 75% typed
Oct 29, 2020 4:10:03 AM com.google.javascript.jscomp.LoggerErrorManager println
WARNING: in1:1: WARNING - Parse error. illegal use of unknown JSDoc tag "contstructor"; ignoring it
/** @contstructor */function F() {  this.field1 = 3;}F.prototype.method1 = function() {  this.field1 = 5;};(new F()).method1();
    ^

Oct 29, 2020 4:10:03 AM com.google.javascript.jscomp.LoggerErrorManager printSummary
WARNING: 0 error(s), 1 warning(s)
Oct 29, 2020 4:10:09 AM com.google.javascript.jscomp.LoggerErrorManager println
WARNING: in1:12: WARNING - Property inherits never defined on goog
goog.inherits(a.b.DerivedClass, a.b.BaseClass);
^

Oct 29, 2020 4:10:09 AM com.google.javascript.jscomp.LoggerErrorManager println
SEVERE: in1:5: ERROR - variable alert is undeclared
  alert('hi');
  ^

Oct 29, 2020 4:10:09 AM com.google.javascript.jscomp.LoggerErrorManager println
SEVERE: in1:12: ERROR - variable goog is undeclared
goog.inherits(a.b.DerivedClass, a.b.BaseClass);
^

Oct 29, 2020 4:10:09 AM com.google.javascript.jscomp.LoggerErrorManager printSummary
WARNING: 2 error(s), 1 warning(s), 94.4% typed
LOG:unknown:///unknown:1+23: Semicolon inserted
LOG:unknown:///unknown:1+23: Semicolon inserted
LOG:unknown:///unknown:1+40: Semicolon inserted
LOG:unknown:///unknown:1+40: Semicolon inserted
LOG:unknown:///unknown:1+39: Semicolon inserted
LOG:unknown:///unknown:1+66: Semicolon inserted
LOG:unknown:///unknown:1+39: Semicolon inserted
LOG:unknown:///unknown:1+66: Semicolon inserted
LOG:unknown:///unknown:1+102: Semicolon inserted
LOG:unknown:///unknown:1+103: Semicolon inserted
LOG:unknown:///unknown:1+102: Semicolon inserted
LOG:unknown:///unknown:1+103: Semicolon inserted
LOG:unknown:///unknown:1+19: Semicolon inserted
LOG:unknown:///unknown:1+19: Semicolon inserted
LOG:unknown:///unknown:1+37: Semicolon inserted
LOG:unknown:///unknown:1+37: Semicolon inserted
LOG:unknown:///unknown:1+35: Semicolon inserted
LOG:unknown:///unknown:1+62: Semicolon inserted
LOG:unknown:///unknown:1+35: Semicolon inserted
LOG:unknown:///unknown:1+62: Semicolon inserted
LOG:unknown:///unknown:1+98: Semicolon inserted
LOG:unknown:///unknown:1+99: Semicolon inserted
LOG:unknown:///unknown:1+98: Semicolon inserted
LOG:unknown:///unknown:1+99: Semicolon inserted
LOG:unknown:///unknown:1+68: Semicolon inserted
LOG:unknown:///unknown:1+72: Semicolon inserted
LOG:unknown:///unknown:1+68: Semicolon inserted
LOG:unknown:///unknown:1+72: Semicolon inserted
LOG:unknown:///unknown:1+30: Semicolon inserted
LOG:unknown:///unknown:1+30: Semicolon inserted
LOG:unknown:///unknown:1+109: Semicolon inserted
LOG:unknown:///unknown:1+110: Semicolon inserted
LOG:unknown:///unknown:1+109: Semicolon inserted
LOG:unknown:///unknown:1+110: Semicolon inserted
LOG:unknown:///unknown:1+19: Semicolon inserted
LOG:unknown:///unknown:1+19: Semicolon inserted
LOG:unknown:///unknown:1+43: Semicolon inserted
LOG:unknown:///unknown:1+43: Semicolon inserted
LOG:unknown:///unknown:1+48: Semicolon inserted
LOG:unknown:///unknown:1+48: Semicolon inserted
LOG:unknown:///unknown:1+44: Semicolon inserted
LOG:unknown:///unknown:1+71: Semicolon inserted
LOG:unknown:///unknown:1+44: Semicolon inserted
LOG:unknown:///unknown:1+71: Semicolon inserted
LOG:unknown:///unknown:1+104: Semicolon inserted
LOG:unknown:///unknown:1+105: Semicolon inserted
LOG:unknown:///unknown:1+104: Semicolon inserted
LOG:unknown:///unknown:1+105: Semicolon inserted
LOG:unknown:///unknown:1+18: Semicolon inserted
LOG:unknown:///unknown:1+18: Semicolon inserted
LOG:unknown:///unknown:1+97: Semicolon inserted
LOG:unknown:///unknown:1+98: Semicolon inserted
LOG:unknown:///unknown:1+97: Semicolon inserted
LOG:unknown:///unknown:1+98: Semicolon inserted
LOG:unknown:///unknown:1+34: Semicolon inserted
LOG:unknown:///unknown:1+34: Semicolon inserted
LOG:unknown:///unknown:1+34: Semicolon inserted
LOG:unknown:///unknown:1+34: Semicolon inserted
LOG:unknown:///unknown:1+42: Semicolon inserted
LOG:unknown:///unknown:1+42: Semicolon inserted
LOG:unknown:///unknown:1+28: Semicolon inserted
LOG:unknown:///unknown:1+28: Semicolon inserted
LOG:unknown:///unknown:1+42: Semicolon inserted
LOG:unknown:///unknown:1+42: Semicolon inserted
LOG:unknown:///unknown:1+62: Semicolon inserted
LOG:unknown:///unknown:1+63: Semicolon inserted
LOG:unknown:///unknown:1+62: Semicolon inserted
LOG:unknown:///unknown:1+63: Semicolon inserted
LOG:unknown:///unknown:1+16: Semicolon inserted
LOG:unknown:///unknown:1+16: Semicolon inserted
LOG:unknown:///unknown:1+20: Semicolon inserted
LOG:unknown:///unknown:1+20: Semicolon inserted
WARNING:unknown:///unknown:1+2 - 3: Will not work in IE
java.lang.Exception
	at com.google.caja.reporting.EchoingMessageQueue$1.add(EchoingMessageQueue.java:52)
	at com.google.caja.reporting.EchoingMessageQueue$1.add(EchoingMessageQueue.java:40)
	at java.util.AbstractList.add(AbstractList.java:108)
	at com.google.caja.reporting.AbstractMessageQueue.addMessage(AbstractMessageQueue.java:25)
	at com.google.caja.parser.js.Parser.parseExpressionAtom(Parser.java:1138)
	at com.google.caja.parser.js.Parser.parseOp(Parser.java:792)
	at com.google.caja.parser.js.Parser.parseExpressionInt(Parser.java:727)
	at com.google.caja.parser.js.Parser.parseExpressionStmt(Parser.java:1281)
	at com.google.caja.parser.js.Parser.parseStatementWithoutLabel(Parser.java:706)
	at com.google.caja.parser.js.Parser.parseStatement(Parser.java:306)
	at com.google.caja.parser.js.Parser.parseTerminatedStatement(Parser.java:1312)
	at com.google.caja.parser.js.Parser.parseProgramOrFunctionBody(Parser.java:325)
	at com.google.caja.parser.js.Parser.parseProgram(Parser.java:314)
	at com.google.caja.parser.js.Parser.parse(Parser.java:272)
	at com.google.caja.parser.js.JsonMLParser.parse(JsonMLParser.java:42)
	at com.google.caja.parser.js.JsonMLParser.parse(JsonMLParser.java:31)
	at com.google.caja.parser.js.JsonMLParser.parse(JsonMLParser.java:26)
	at com.google.caja.parser.js.JsonMLParser.parse(JsonMLParser.java:22)
	at com.google.javascript.jscomp.jsonml.JsonMLConversionTest.testConversion(JsonMLConversionTest.java:79)
	at com.google.javascript.jscomp.jsonml.JsonMLConversionTest.testArray(JsonMLConversionTest.java:91)
	at sun.reflect.NativeMethodAccessorImpl.invoke0(Native Method)
	at sun.reflect.NativeMethodAccessorImpl.invoke(NativeMethodAccessorImpl.java:62)
	at sun.reflect.DelegatingMethodAccessorImpl.invoke(DelegatingMethodAccessorImpl.java:43)
	at java.lang.reflect.Method.invoke(Method.java:498)
	at junit.framework.TestCase.runTest(TestCase.java:168)
	at junit.framework.TestCase.runBare(TestCase.java:134)
	at junit.framework.TestResult$1.protect(TestResult.java:110)
	at junit.framework.TestResult.runProtected(TestResult.java:128)
	at junit.framework.TestResult.run(TestResult.java:113)
	at junit.framework.TestCase.run(TestCase.java:124)
	at junit.framework.TestSuite.runTest(TestSuite.java:243)
	at junit.framework.TestSuite.run(TestSuite.java:238)
	at org.junit.internal.runners.JUnit38ClassRunner.run(JUnit38ClassRunner.java:83)
	at org.junit.runners.Suite.runChild(Suite.java:128)
	at org.junit.runners.Suite.runChild(Suite.java:24)
	at org.junit.runners.ParentRunner$3.run(ParentRunner.java:193)
	at org.junit.runners.ParentRunner$1.schedule(ParentRunner.java:52)
	at org.junit.runners.ParentRunner.runChildren(ParentRunner.java:191)
	at org.junit.runners.ParentRunner.access$000(ParentRunner.java:42)
	at org.junit.runners.ParentRunner$2.evaluate(ParentRunner.java:184)
	at org.junit.runners.ParentRunner.run(ParentRunner.java:236)
	at org.junit.runner.JUnitCore.run(JUnitCore.java:157)
	at org.junit.runner.JUnitCore.run(JUnitCore.java:136)
	at org.junit.runner.JUnitCore.run(JUnitCore.java:117)
	at br.usp.each.saeg.jaguardf.cli.JaguarRunner.run(JaguarRunner.java:64)
	at br.usp.each.saeg.jaguardf.cli.JaguarRunner.main(JaguarRunner.java:96)
WARNING:unknown:///unknown:1+2 - 3: Will not work in IE
java.lang.Exception
	at com.google.caja.reporting.EchoingMessageQueue$1.add(EchoingMessageQueue.java:52)
	at com.google.caja.reporting.EchoingMessageQueue$1.add(EchoingMessageQueue.java:40)
	at java.util.AbstractList.add(AbstractList.java:108)
	at com.google.caja.reporting.AbstractMessageQueue.addMessage(AbstractMessageQueue.java:25)
	at com.google.caja.parser.js.Parser.parseExpressionAtom(Parser.java:1138)
	at com.google.caja.parser.js.Parser.parseOp(Parser.java:792)
	at com.google.caja.parser.js.Parser.parseExpressionInt(Parser.java:727)
	at com.google.caja.parser.js.Parser.parseExpressionStmt(Parser.java:1281)
	at com.google.caja.parser.js.Parser.parseStatementWithoutLabel(Parser.java:706)
	at com.google.caja.parser.js.Parser.parseStatement(Parser.java:306)
	at com.google.caja.parser.js.Parser.parseTerminatedStatement(Parser.java:1312)
	at com.google.caja.parser.js.Parser.parseProgramOrFunctionBody(Parser.java:325)
	at com.google.caja.parser.js.Parser.parseProgram(Parser.java:314)
	at com.google.caja.parser.js.Parser.parse(Parser.java:272)
	at com.google.caja.parser.js.JsonMLParser.parse(JsonMLParser.java:42)
	at com.google.caja.parser.js.JsonMLParser.parse(JsonMLParser.java:31)
	at com.google.caja.parser.js.JsonMLParser.parse(JsonMLParser.java:26)
	at com.google.caja.parser.js.JsonMLParser.parse(JsonMLParser.java:22)
	at com.google.javascript.jscomp.jsonml.JsonMLConversionTest.testConversion(JsonMLConversionTest.java:86)
	at com.google.javascript.jscomp.jsonml.JsonMLConversionTest.testArray(JsonMLConversionTest.java:91)
	at sun.reflect.NativeMethodAccessorImpl.invoke0(Native Method)
	at sun.reflect.NativeMethodAccessorImpl.invoke(NativeMethodAccessorImpl.java:62)
	at sun.reflect.DelegatingMethodAccessorImpl.invoke(DelegatingMethodAccessorImpl.java:43)
	at java.lang.reflect.Method.invoke(Method.java:498)
	at junit.framework.TestCase.runTest(TestCase.java:168)
	at junit.framework.TestCase.runBare(TestCase.java:134)
	at junit.framework.TestResult$1.protect(TestResult.java:110)
	at junit.framework.TestResult.runProtected(TestResult.java:128)
	at junit.framework.TestResult.run(TestResult.java:113)
	at junit.framework.TestCase.run(TestCase.java:124)
	at junit.framework.TestSuite.runTest(TestSuite.java:243)
	at junit.framework.TestSuite.run(TestSuite.java:238)
	at org.junit.internal.runners.JUnit38ClassRunner.run(JUnit38ClassRunner.java:83)
	at org.junit.runners.Suite.runChild(Suite.java:128)
	at org.junit.runners.Suite.runChild(Suite.java:24)
	at org.junit.runners.ParentRunner$3.run(ParentRunner.java:193)
	at org.junit.runners.ParentRunner$1.schedule(ParentRunner.java:52)
	at org.junit.runners.ParentRunner.runChildren(ParentRunner.java:191)
	at org.junit.runners.ParentRunner.access$000(ParentRunner.java:42)
	at org.junit.runners.ParentRunner$2.evaluate(ParentRunner.java:184)
	at org.junit.runners.ParentRunner.run(ParentRunner.java:236)
	at org.junit.runner.JUnitCore.run(JUnitCore.java:157)
	at org.junit.runner.JUnitCore.run(JUnitCore.java:136)
	at org.junit.runner.JUnitCore.run(JUnitCore.java:117)
	at br.usp.each.saeg.jaguardf.cli.JaguarRunner.run(JaguarRunner.java:64)
	at br.usp.each.saeg.jaguardf.cli.JaguarRunner.main(JaguarRunner.java:96)
WARNING:unknown:///unknown:1+2 - 3: Will not work in IE
java.lang.Exception
	at com.google.caja.reporting.EchoingMessageQueue$1.add(EchoingMessageQueue.java:52)
	at com.google.caja.reporting.EchoingMessageQueue$1.add(EchoingMessageQueue.java:40)
	at java.util.AbstractList.add(AbstractList.java:108)
	at com.google.caja.reporting.AbstractMessageQueue.addMessage(AbstractMessageQueue.java:25)
	at com.google.caja.parser.js.Parser.parseExpressionAtom(Parser.java:1138)
	at com.google.caja.parser.js.Parser.parseOp(Parser.java:792)
	at com.google.caja.parser.js.Parser.parseExpressionInt(Parser.java:727)
	at com.google.caja.parser.js.Parser.parseExpressionStmt(Parser.java:1281)
	at com.google.caja.parser.js.Parser.parseStatementWithoutLabel(Parser.java:706)
	at com.google.caja.parser.js.Parser.parseStatement(Parser.java:306)
	at com.google.caja.parser.js.Parser.parseTerminatedStatement(Parser.java:1312)
	at com.google.caja.parser.js.Parser.parseProgramOrFunctionBody(Parser.java:325)
	at com.google.caja.parser.js.Parser.parseProgram(Parser.java:314)
	at com.google.caja.parser.js.Parser.parse(Parser.java:272)
	at com.google.caja.parser.js.JsonMLParser.parse(JsonMLParser.java:42)
	at com.google.caja.parser.js.JsonMLParser.parse(JsonMLParser.java:31)
	at com.google.caja.parser.js.JsonMLParser.parse(JsonMLParser.java:26)
	at com.google.caja.parser.js.JsonMLParser.parse(JsonMLParser.java:22)
	at com.google.javascript.jscomp.jsonml.JsonMLConversionTest.testConversion(JsonMLConversionTest.java:79)
	at com.google.javascript.jscomp.jsonml.JsonMLConversionTest.testArray1(JsonMLConversionTest.java:102)
	at sun.reflect.NativeMethodAccessorImpl.invoke0(Native Method)
	at sun.reflect.NativeMethodAccessorImpl.invoke(NativeMethodAccessorImpl.java:62)
	at sun.reflect.DelegatingMethodAccessorImpl.invoke(DelegatingMethodAccessorImpl.java:43)
	at java.lang.reflect.Method.invoke(Method.java:498)
	at junit.framework.TestCase.runTest(TestCase.java:168)
	at junit.framework.TestCase.runBare(TestCase.java:134)
	at junit.framework.TestResult$1.protect(TestResult.java:110)
	at junit.framework.TestResult.runProtected(TestResult.java:128)
	at junit.framework.TestResult.run(TestResult.java:113)
	at junit.framework.TestCase.run(TestCase.java:124)
	at junit.framework.TestSuite.runTest(TestSuite.java:243)
	at junit.framework.TestSuite.run(TestSuite.java:238)
	at org.junit.internal.runners.JUnit38ClassRunner.run(JUnit38ClassRunner.java:83)
	at org.junit.runners.Suite.runChild(Suite.java:128)
	at org.junit.runners.Suite.runChild(Suite.java:24)
	at org.junit.runners.ParentRunner$3.run(ParentRunner.java:193)
	at org.junit.runners.ParentRunner$1.schedule(ParentRunner.java:52)
	at org.junit.runners.ParentRunner.runChildren(ParentRunner.java:191)
	at org.junit.runners.ParentRunner.access$000(ParentRunner.java:42)
	at org.junit.runners.ParentRunner$2.evaluate(ParentRunner.java:184)
	at org.junit.runners.ParentRunner.run(ParentRunner.java:236)
	at org.junit.runner.JUnitCore.run(JUnitCore.java:157)
	at org.junit.runner.JUnitCore.run(JUnitCore.java:136)
	at org.junit.runner.JUnitCore.run(JUnitCore.java:117)
	at br.usp.each.saeg.jaguardf.cli.JaguarRunner.run(JaguarRunner.java:64)
	at br.usp.each.saeg.jaguardf.cli.JaguarRunner.main(JaguarRunner.java:96)
WARNING:unknown:///unknown:1+2 - 3: Will not work in IE
java.lang.Exception
	at com.google.caja.reporting.EchoingMessageQueue$1.add(EchoingMessageQueue.java:52)
	at com.google.caja.reporting.EchoingMessageQueue$1.add(EchoingMessageQueue.java:40)
	at java.util.AbstractList.add(AbstractList.java:108)
	at com.google.caja.reporting.AbstractMessageQueue.addMessage(AbstractMessageQueue.java:25)
	at com.google.caja.parser.js.Parser.parseExpressionAtom(Parser.java:1138)
	at com.google.caja.parser.js.Parser.parseOp(Parser.java:792)
	at com.google.caja.parser.js.Parser.parseExpressionInt(Parser.java:727)
	at com.google.caja.parser.js.Parser.parseExpressionStmt(Parser.java:1281)
	at com.google.caja.parser.js.Parser.parseStatementWithoutLabel(Parser.java:706)
	at com.google.caja.parser.js.Parser.parseStatement(Parser.java:306)
	at com.google.caja.parser.js.Parser.parseTerminatedStatement(Parser.java:1312)
	at com.google.caja.parser.js.Parser.parseProgramOrFunctionBody(Parser.java:325)
	at com.google.caja.parser.js.Parser.parseProgram(Parser.java:314)
	at com.google.caja.parser.js.Parser.parse(Parser.java:272)
	at com.google.caja.parser.js.JsonMLParser.parse(JsonMLParser.java:42)
	at com.google.caja.parser.js.JsonMLParser.parse(JsonMLParser.java:31)
	at com.google.caja.parser.js.JsonMLParser.parse(JsonMLParser.java:26)
	at com.google.caja.parser.js.JsonMLParser.parse(JsonMLParser.java:22)
	at com.google.javascript.jscomp.jsonml.JsonMLConversionTest.testConversion(JsonMLConversionTest.java:86)
	at com.google.javascript.jscomp.jsonml.JsonMLConversionTest.testArray1(JsonMLConversionTest.java:102)
	at sun.reflect.NativeMethodAccessorImpl.invoke0(Native Method)
	at sun.reflect.NativeMethodAccessorImpl.invoke(NativeMethodAccessorImpl.java:62)
	at sun.reflect.DelegatingMethodAccessorImpl.invoke(DelegatingMethodAccessorImpl.java:43)
	at java.lang.reflect.Method.invoke(Method.java:498)
	at junit.framework.TestCase.runTest(TestCase.java:168)
	at junit.framework.TestCase.runBare(TestCase.java:134)
	at junit.framework.TestResult$1.protect(TestResult.java:110)
	at junit.framework.TestResult.runProtected(TestResult.java:128)
	at junit.framework.TestResult.run(TestResult.java:113)
	at junit.framework.TestCase.run(TestCase.java:124)
	at junit.framework.TestSuite.runTest(TestSuite.java:243)
	at junit.framework.TestSuite.run(TestSuite.java:238)
	at org.junit.internal.runners.JUnit38ClassRunner.run(JUnit38ClassRunner.java:83)
	at org.junit.runners.Suite.runChild(Suite.java:128)
	at org.junit.runners.Suite.runChild(Suite.java:24)
	at org.junit.runners.ParentRunner$3.run(ParentRunner.java:193)
	at org.junit.runners.ParentRunner$1.schedule(ParentRunner.java:52)
	at org.junit.runners.ParentRunner.runChildren(ParentRunner.java:191)
	at org.junit.runners.ParentRunner.access$000(ParentRunner.java:42)
	at org.junit.runners.ParentRunner$2.evaluate(ParentRunner.java:184)
	at org.junit.runners.ParentRunner.run(ParentRunner.java:236)
	at org.junit.runner.JUnitCore.run(JUnitCore.java:157)
	at org.junit.runner.JUnitCore.run(JUnitCore.java:136)
	at org.junit.runner.JUnitCore.run(JUnitCore.java:117)
	at br.usp.each.saeg.jaguardf.cli.JaguarRunner.run(JaguarRunner.java:64)
	at br.usp.each.saeg.jaguardf.cli.JaguarRunner.main(JaguarRunner.java:96)
LOG:unknown:///unknown:1+39: Semicolon inserted
LOG:unknown:///unknown:1+39: Semicolon inserted
LOG:unknown:///unknown:1+35: Semicolon inserted
LOG:unknown:///unknown:1+35: Semicolon inserted
LOG:unknown:///unknown:1+43: Semicolon inserted
LOG:unknown:///unknown:1+43: Semicolon inserted
LOG:unknown:///unknown:1+36: Semicolon inserted
LOG:unknown:///unknown:1+36: Semicolon inserted
LOG:unknown:///unknown:1+13: Semicolon inserted
LOG:unknown:///unknown:1+13: Semicolon inserted
LOG:unknown:///unknown:1+29: Semicolon inserted
LOG:unknown:///unknown:1+29: Semicolon inserted
LOG:unknown:///unknown:1+43: Semicolon inserted
LOG:unknown:///unknown:1+43: Semicolon inserted
LOG:unknown:///unknown:1+87: Semicolon inserted
LOG:unknown:///unknown:1+88: Semicolon inserted
LOG:unknown:///unknown:1+87: Semicolon inserted
LOG:unknown:///unknown:1+88: Semicolon inserted
LOG:unknown:///unknown:1+17: Semicolon inserted
LOG:unknown:///unknown:1+17: Semicolon inserted
LOG:unknown:///unknown:1+17: Semicolon inserted
LOG:unknown:///unknown:1+30: Semicolon inserted
LOG:unknown:///unknown:1+17: Semicolon inserted
LOG:unknown:///unknown:1+30: Semicolon inserted
LOG:unknown:///unknown:1+22: Semicolon inserted
LOG:unknown:///unknown:1+35: Semicolon inserted
LOG:unknown:///unknown:1+22: Semicolon inserted
LOG:unknown:///unknown:1+35: Semicolon inserted
LOG:unknown:///unknown:1+26: Semicolon inserted
LOG:unknown:///unknown:1+39: Semicolon inserted
LOG:unknown:///unknown:1+26: Semicolon inserted
LOG:unknown:///unknown:1+39: Semicolon inserted
LOG:unknown:///unknown:1+17: Semicolon inserted
LOG:unknown:///unknown:1+17: Semicolon inserted
LOG:unknown:///unknown:1+41: Semicolon inserted
LOG:unknown:///unknown:1+41: Semicolon inserted
LOG:unknown:///unknown:1+48: Semicolon inserted
LOG:unknown:///unknown:1+48: Semicolon inserted
LOG:unknown:///unknown:1+106: Semicolon inserted
LOG:unknown:///unknown:1+107: Semicolon inserted
LOG:unknown:///unknown:1+106: Semicolon inserted
LOG:unknown:///unknown:1+107: Semicolon inserted
LOG:unknown:///unknown:1+23: Semicolon inserted
LOG:unknown:///unknown:1+23: Semicolon inserted
LOG:unknown:///unknown:1+19: Semicolon inserted
LOG:unknown:///unknown:1+19: Semicolon inserted
LOG:unknown:///unknown:1+46: Semicolon inserted
LOG:unknown:///unknown:1+46: Semicolon inserted
LOG:unknown:///unknown:1+25: Semicolon inserted
LOG:unknown:///unknown:1+25: Semicolon inserted
LOG:unknown:///unknown:1+27: Semicolon inserted
LOG:unknown:///unknown:1+27: Semicolon inserted
LOG:unknown:///unknown:1+35: Semicolon inserted
LOG:unknown:///unknown:1+35: Semicolon inserted
LOG:unknown:///unknown:1+39: Semicolon inserted
LOG:unknown:///unknown:1+39: Semicolon inserted
LOG:unknown:///unknown:1+61: Semicolon inserted
LOG:unknown:///unknown:1+62: Semicolon inserted
LOG:unknown:///unknown:1+61: Semicolon inserted
LOG:unknown:///unknown:1+62: Semicolon inserted
LOG:unknown:///unknown:1+63: Semicolon inserted
LOG:unknown:///unknown:1+68: Semicolon inserted
LOG:unknown:///unknown:1+63: Semicolon inserted
LOG:unknown:///unknown:1+68: Semicolon inserted
LOG:unknown:///unknown:1+5: Semicolon inserted
LOG:unknown:///unknown:1+5: Semicolon inserted
LOG:unknown:///unknown:1+84: Semicolon inserted
LOG:unknown:///unknown:1+84: Semicolon inserted
LOG:unknown:///unknown:1+30: Semicolon inserted
LOG:unknown:///unknown:1+30: Semicolon inserted
LOG:unknown:///unknown:1+30: Semicolon inserted
LOG:unknown:///unknown:1+30: Semicolon inserted
LOG:unknown:///unknown:1+38: Semicolon inserted
LOG:unknown:///unknown:1+38: Semicolon inserted
LOG:unknown:///unknown:1+33: Semicolon inserted
LOG:unknown:///unknown:1+33: Semicolon inserted
LOG:unknown:///unknown:1+35: Semicolon inserted
LOG:unknown:///unknown:1+35: Semicolon inserted
LOG:unknown:///unknown:1+59: Semicolon inserted
LOG:unknown:///unknown:1+59: Semicolon inserted
LOG:unknown:///unknown:1+27: Semicolon inserted
LOG:unknown:///unknown:1+27: Semicolon inserted
LOG:unknown:///unknown:1+27: Semicolon inserted
LOG:unknown:///unknown:1+34: Semicolon inserted
LOG:unknown:///unknown:1+27: Semicolon inserted
LOG:unknown:///unknown:1+34: Semicolon inserted
LOG:unknown:///unknown:1+32: Semicolon inserted
LOG:unknown:///unknown:1+32: Semicolon inserted
LOG:unknown:///unknown:1+42: Semicolon inserted
LOG:unknown:///unknown:1+42: Semicolon inserted
LOG:unknown:///unknown:1+58: Semicolon inserted
LOG:unknown:///unknown:1+58: Semicolon inserted
LOG:unknown:///unknown:1+43: Semicolon inserted
LOG:unknown:///unknown:1+59: Semicolon inserted
LOG:unknown:///unknown:1+43: Semicolon inserted
LOG:unknown:///unknown:1+59: Semicolon inserted
LOG:unknown:///unknown:1+22: Semicolon inserted
LOG:unknown:///unknown:1+39: Semicolon inserted
LOG:unknown:///unknown:1+22: Semicolon inserted
LOG:unknown:///unknown:1+39: Semicolon inserted
LOG:unknown:///unknown:1+95: Semicolon inserted
LOG:unknown:///unknown:1+102: Semicolon inserted
LOG:unknown:///unknown:1+119: Semicolon inserted
LOG:unknown:///unknown:1+95: Semicolon inserted
LOG:unknown:///unknown:1+102: Semicolon inserted
LOG:unknown:///unknown:1+119: Semicolon inserted
LOG:unknown:///unknown:1+22: Semicolon inserted
LOG:unknown:///unknown:1+37: Semicolon inserted
LOG:unknown:///unknown:1+22: Semicolon inserted
LOG:unknown:///unknown:1+37: Semicolon inserted
LOG:unknown:///unknown:1+95: Semicolon inserted
LOG:unknown:///unknown:1+102: Semicolon inserted
LOG:unknown:///unknown:1+117: Semicolon inserted
LOG:unknown:///unknown:1+95: Semicolon inserted
LOG:unknown:///unknown:1+102: Semicolon inserted
LOG:unknown:///unknown:1+117: Semicolon inserted
LOG:unknown:///unknown:1+22: Semicolon inserted
LOG:unknown:///unknown:1+22: Semicolon inserted
LOG:unknown:///unknown:1+95: Semicolon inserted
LOG:unknown:///unknown:1+102: Semicolon inserted
LOG:unknown:///unknown:1+119: Semicolon inserted
LOG:unknown:///unknown:1+134: Semicolon inserted
LOG:unknown:///unknown:1+95: Semicolon inserted
LOG:unknown:///unknown:1+102: Semicolon inserted
LOG:unknown:///unknown:1+119: Semicolon inserted
LOG:unknown:///unknown:1+134: Semicolon inserted
LOG:unknown:///unknown:1+15: Semicolon inserted
LOG:unknown:///unknown:1+15: Semicolon inserted
LOG:unknown:///unknown:1+34: Semicolon inserted
LOG:unknown:///unknown:1+34: Semicolon inserted
LOG:unknown:///unknown:1+107: Semicolon inserted
LOG:unknown:///unknown:1+108: Semicolon inserted
LOG:unknown:///unknown:1+117: Semicolon inserted
LOG:unknown:///unknown:1+107: Semicolon inserted
LOG:unknown:///unknown:1+108: Semicolon inserted
LOG:unknown:///unknown:1+117: Semicolon inserted
LOG:unknown:///unknown:1+19: Semicolon inserted
LOG:unknown:///unknown:1+19: Semicolon inserted
Oct 29, 2020 6:35:50 AM com.google.javascript.jscomp.LoggerErrorManager println
SEVERE: ERROR - Syntax error: Wrong type of child number 1 for VarDecl. Expected: [InitPatt, IdPatt]. Found: IdExpr.

Oct 29, 2020 6:35:50 AM com.google.javascript.jscomp.LoggerErrorManager printSummary
WARNING: 1 error(s), 0 warning(s)
Oct 29, 2020 7:26:10 AM com.google.javascript.jscomp.parsing.ParserRunner parse
INFO: Error parsing input: JSCompiler test code: Compilation produced 1 syntax errors.
Oct 29, 2020 7:26:46 AM com.google.javascript.jscomp.parsing.ParserRunner parse
INFO: Error parsing input: JSCompiler test code: Compilation produced 1 syntax errors.
Oct 29, 2020 7:27:03 AM com.google.javascript.jscomp.parsing.ParserRunner parse
INFO: Error parsing input: JSCompiler test code: Compilation produced 2 syntax errors.
Oct 29, 2020 7:27:09 AM com.google.javascript.jscomp.parsing.ParserRunner parse
INFO: Error parsing input: JSCompiler test code: Compilation produced 1 syntax errors.
Oct 29, 2020 7:27:15 AM com.google.javascript.jscomp.parsing.ParserRunner parse
INFO: Error parsing input: JSCompiler test code: Compilation produced 1 syntax errors.
Oct 29, 2020 7:27:21 AM com.google.javascript.jscomp.parsing.ParserRunner parse
INFO: Error parsing input: JSCompiler test code: Compilation produced 1 syntax errors.
Oct 29, 2020 7:27:32 AM com.google.javascript.jscomp.parsing.ParserRunner parse
INFO: Error parsing input: JSCompiler test code: Compilation produced 1 syntax errors.
Oct 29, 2020 7:27:38 AM com.google.javascript.jscomp.parsing.ParserRunner parse
INFO: Error parsing input: JSCompiler test code: Compilation produced 2 syntax errors.
Oct 29, 2020 7:27:44 AM com.google.javascript.jscomp.parsing.ParserRunner parse
INFO: Error parsing input: JSCompiler test code: Compilation produced 2 syntax errors.
Oct 29, 2020 7:28:02 AM com.google.javascript.jscomp.parsing.ParserRunner parse
INFO: Error parsing input: JSCompiler test code: Compilation produced 2 syntax errors.
Oct 29, 2020 7:28:43 AM com.google.javascript.jscomp.parsing.ParserRunner parse
INFO: Error parsing input: JSCompiler test code: Compilation produced 1 syntax errors.
Oct 29, 2020 7:29:00 AM com.google.javascript.jscomp.parsing.ParserRunner parse
INFO: Error parsing input: JSCompiler test code: Compilation produced 1 syntax errors.
Oct 29, 2020 7:29:00 AM com.google.javascript.jscomp.parsing.ParserRunner parse
INFO: Error parsing input: JSCompiler test code: Compilation produced 1 syntax errors.
Oct 29, 2020 7:29:00 AM com.google.javascript.jscomp.parsing.ParserRunner parse
INFO: Error parsing input: JSCompiler test code: Compilation produced 1 syntax errors.
Oct 29, 2020 7:29:00 AM com.google.javascript.jscomp.parsing.ParserRunner parse
INFO: Error parsing input: JSCompiler test code: Compilation produced 1 syntax errors.
Oct 29, 2020 7:29:00 AM com.google.javascript.jscomp.parsing.ParserRunner parse
INFO: Error parsing input: JSCompiler test code: Compilation produced 1 syntax errors.
Oct 29, 2020 7:29:06 AM com.google.javascript.jscomp.parsing.ParserRunner parse
INFO: Error parsing input: JSCompiler test code: Compilation produced 1 syntax errors.
Oct 29, 2020 7:29:06 AM com.google.javascript.jscomp.parsing.ParserRunner parse
INFO: Error parsing input: JSCompiler test code: Compilation produced 1 syntax errors.
Oct 29, 2020 7:29:06 AM com.google.javascript.jscomp.parsing.ParserRunner parse
INFO: Error parsing input: JSCompiler test code: Compilation produced 1 syntax errors.
Oct 29, 2020 7:29:06 AM com.google.javascript.jscomp.parsing.ParserRunner parse
INFO: Error parsing input: JSCompiler test code: Compilation produced 1 syntax errors.
Oct 29, 2020 7:29:06 AM com.google.javascript.jscomp.parsing.ParserRunner parse
INFO: Error parsing input: JSCompiler test code: Compilation produced 1 syntax errors.
Oct 29, 2020 7:29:06 AM com.google.javascript.jscomp.parsing.ParserRunner parse
INFO: Error parsing input: JSCompiler test code: Compilation produced 1 syntax errors.
Oct 29, 2020 7:29:12 AM com.google.javascript.jscomp.parsing.ParserRunner parse
INFO: Error parsing input: JSCompiler test code: Compilation produced 1 syntax errors.
07:55:12.940 [main] INFO  JaguarDF - Jaguar-DF has finished!

real	621m19.693s
user	623m28.355s
sys	6m23.120s
