02:40:38.574 [main] INFO  JaguarDF - Welcome to Jaguar-DF CLI!
02:40:38.715 [main] DEBUG JaguarDF - CLI Arguments: [--projectDir, /PPgSI/workdir/Cli/23b, --classesDir, target/classes, --testsDir, target/test-classes, --tests, /PPgSI/workdir/Cli/23b/tests.all, --logLevel, INFO]
usage: man [-c|-f|-k|-w|-tZT device] [-adlhu7V] [-Mpath]
           [-Ppager] [-Slist] [-msystem] [-pstring]
           [-Llocale] [-eextension] [section] page ...
 -7,--ascii                display ASCII translation or
                           certain latin1 chars.
 -a,--all                  find all matching manual pages.
 -c,--catman               used by catman to reformat out of
                           date cat pages.
 -d,--debug                emit debugging messages.
 -D,--default              reset all options to their
                           default values.
 -e,--extension            limit search to extension type
                           'extension'.
 -f,--whatis               equivalent to whatis.
 -h,--help                 show this usage message.
 -k,--apropos              equivalent to apropos.
 -l,--local-file           interpret 'page' argument(s) as
                           local filename(s)
 -L,--locale <arg>         define the locale for this
                           particular man search.
 -M,--manpath <arg>        set search path for manual pages
                           to 'path'.
 -m,--systems <arg>        search for man pages from other
                           unix system(s).
 -P,--pager <arg>          use program 'pager' to display
                           output.
 -p,--preprocessor <arg>   string indicates which
                           preprocessor to run.
                           e - [n]eqn  p - pic     t - tbl
                           g - grap    r - refer   v -
                           vgrind
 -r,--prompt <arg>         provide 'less' pager with prompt.
 -S,--sections <arg>       use colon separated section list.
 -t,--troff                use troff format pages.
 -T,--troff-device <arg>   use groff with selected device.
 -u,--update               force a cache consistency check.
 -V,--version              show version.
 -w,--location             print physical location of man
                           page(s).
 -Z,--ditroff              use groff with selected device.
02:41:06.922 [main] INFO  JaguarDF - Test testInfiniteLoop(org.apache.commons.cli.bug.BugCLI162Test) : Failed
02:41:07.071 [main] INFO  JaguarDF - Test testPrintHelpLongLines(org.apache.commons.cli.bug.BugCLI162Test) : Failed
02:41:07.961 [main] INFO  JaguarDF - Jaguar-DF has finished!
