03:47:09.058 [main] INFO  JaguarDF - Welcome to Jaguar-DF CLI!
03:47:09.746 [main] DEBUG JaguarDF - CLI Arguments: [--projectDir, d4jprojects/closure-compiler, --classesDir, build/classes, --testsDir, build/test, --tests, tests.out, --logLevel, INFO]
Nov 04, 2020 3:48:02 AM com.google.javascript.jscomp.PhaseOptimizer$NamedPass process
INFO: checkVars
Nov 04, 2020 3:48:02 AM com.google.javascript.jscomp.PhaseOptimizer$NamedPass process
INFO: replaceMessages
Nov 04, 2020 3:48:02 AM com.google.javascript.jscomp.PhaseOptimizer$NamedPass process
INFO: processDefines
Nov 04, 2020 3:48:04 AM com.google.javascript.jscomp.PhaseOptimizer$NamedPass process
INFO: checkVars
Nov 04, 2020 3:48:04 AM com.google.javascript.jscomp.PhaseOptimizer$NamedPass process
INFO: replaceMessages
Nov 04, 2020 3:48:04 AM com.google.javascript.jscomp.PhaseOptimizer$NamedPass process
INFO: processDefines
Nov 04, 2020 3:48:06 AM com.google.javascript.jscomp.PhaseOptimizer$NamedPass process
INFO: checkVars
Nov 04, 2020 3:48:06 AM com.google.javascript.jscomp.PhaseOptimizer$NamedPass process
INFO: replaceMessages
Nov 04, 2020 3:48:06 AM com.google.javascript.jscomp.PhaseOptimizer$NamedPass process
INFO: processDefines
Nov 04, 2020 3:48:07 AM com.google.javascript.jscomp.PhaseOptimizer$NamedPass process
INFO: checkVars
Nov 04, 2020 3:48:07 AM com.google.javascript.jscomp.PhaseOptimizer$NamedPass process
INFO: replaceMessages
Nov 04, 2020 3:48:07 AM com.google.javascript.jscomp.PhaseOptimizer$NamedPass process
INFO: processDefines
Nov 04, 2020 3:48:08 AM com.google.javascript.jscomp.PhaseOptimizer$NamedPass process
INFO: checkVars
Nov 04, 2020 3:48:08 AM com.google.javascript.jscomp.PhaseOptimizer$NamedPass process
INFO: replaceMessages
Nov 04, 2020 3:48:08 AM com.google.javascript.jscomp.PhaseOptimizer$NamedPass process
INFO: processDefines
Nov 04, 2020 3:48:10 AM com.google.javascript.jscomp.PhaseOptimizer$NamedPass process
INFO: checkVars
Nov 04, 2020 3:48:10 AM com.google.javascript.jscomp.PhaseOptimizer$NamedPass process
INFO: replaceMessages
Nov 04, 2020 3:48:10 AM com.google.javascript.jscomp.PhaseOptimizer$NamedPass process
INFO: processDefines
Nov 04, 2020 3:48:11 AM com.google.javascript.jscomp.PhaseOptimizer$NamedPass process
INFO: checkVars
Nov 04, 2020 3:48:11 AM com.google.javascript.jscomp.PhaseOptimizer$NamedPass process
INFO: replaceMessages
Nov 04, 2020 3:48:11 AM com.google.javascript.jscomp.PhaseOptimizer$NamedPass process
INFO: processDefines
Nov 04, 2020 3:48:12 AM com.google.javascript.jscomp.PhaseOptimizer$NamedPass process
INFO: checkVars
Nov 04, 2020 3:48:12 AM com.google.javascript.jscomp.PhaseOptimizer$NamedPass process
INFO: replaceMessages
Nov 04, 2020 3:48:12 AM com.google.javascript.jscomp.PhaseOptimizer$NamedPass process
INFO: processDefines
Nov 04, 2020 3:48:13 AM com.google.javascript.jscomp.PhaseOptimizer$NamedPass process
INFO: checkVars
Nov 04, 2020 3:48:13 AM com.google.javascript.jscomp.PhaseOptimizer$NamedPass process
INFO: replaceMessages
Nov 04, 2020 3:48:13 AM com.google.javascript.jscomp.PhaseOptimizer$NamedPass process
INFO: processDefines
Nov 04, 2020 3:48:14 AM com.google.javascript.jscomp.PhaseOptimizer$NamedPass process
INFO: checkVars
Nov 04, 2020 3:48:14 AM com.google.javascript.jscomp.PhaseOptimizer$NamedPass process
INFO: replaceMessages
Nov 04, 2020 3:48:14 AM com.google.javascript.jscomp.PhaseOptimizer$NamedPass process
INFO: processDefines
Nov 04, 2020 3:48:14 AM com.google.javascript.jscomp.PhaseOptimizer$NamedPass process
INFO: checkVars
Nov 04, 2020 3:48:14 AM com.google.javascript.jscomp.PhaseOptimizer$NamedPass process
INFO: replaceMessages
Nov 04, 2020 3:48:14 AM com.google.javascript.jscomp.PhaseOptimizer$NamedPass process
INFO: processDefines
Nov 04, 2020 3:48:15 AM com.google.javascript.jscomp.PhaseOptimizer$NamedPass process
INFO: checkVars
Nov 04, 2020 3:48:15 AM com.google.javascript.jscomp.PhaseOptimizer$NamedPass process
INFO: replaceMessages
Nov 04, 2020 3:48:15 AM com.google.javascript.jscomp.PhaseOptimizer$NamedPass process
INFO: processDefines
Nov 04, 2020 3:48:16 AM com.google.javascript.jscomp.PhaseOptimizer$NamedPass process
INFO: checkVars
Nov 04, 2020 3:48:17 AM com.google.javascript.jscomp.PhaseOptimizer$NamedPass process
INFO: replaceMessages
Nov 04, 2020 3:48:17 AM com.google.javascript.jscomp.PhaseOptimizer$NamedPass process
INFO: processDefines
Nov 04, 2020 3:48:18 AM com.google.javascript.jscomp.PhaseOptimizer$NamedPass process
INFO: checkVars
Nov 04, 2020 3:48:18 AM com.google.javascript.jscomp.PhaseOptimizer$NamedPass process
INFO: replaceMessages
Nov 04, 2020 3:48:18 AM com.google.javascript.jscomp.PhaseOptimizer$NamedPass process
INFO: processDefines
Nov 04, 2020 3:48:19 AM com.google.javascript.jscomp.PhaseOptimizer$NamedPass process
INFO: checkVars
Nov 04, 2020 3:48:19 AM com.google.javascript.jscomp.PhaseOptimizer$NamedPass process
INFO: replaceMessages
Nov 04, 2020 3:48:19 AM com.google.javascript.jscomp.PhaseOptimizer$NamedPass process
INFO: processDefines
Nov 04, 2020 3:48:19 AM com.google.javascript.jscomp.PhaseOptimizer$NamedPass process
INFO: checkVars
Nov 04, 2020 3:48:19 AM com.google.javascript.jscomp.PhaseOptimizer$NamedPass process
INFO: replaceMessages
Nov 04, 2020 3:48:19 AM com.google.javascript.jscomp.PhaseOptimizer$NamedPass process
INFO: processDefines
Nov 04, 2020 3:48:21 AM com.google.javascript.jscomp.PhaseOptimizer$NamedPass process
INFO: checkVars
Nov 04, 2020 3:48:21 AM com.google.javascript.jscomp.PhaseOptimizer$NamedPass process
INFO: replaceMessages
Nov 04, 2020 3:48:21 AM com.google.javascript.jscomp.PhaseOptimizer$NamedPass process
INFO: processDefines
Nov 04, 2020 3:48:21 AM com.google.javascript.jscomp.PhaseOptimizer$NamedPass process
INFO: checkVars
Nov 04, 2020 3:48:21 AM com.google.javascript.jscomp.PhaseOptimizer$NamedPass process
INFO: replaceMessages
Nov 04, 2020 3:48:21 AM com.google.javascript.jscomp.PhaseOptimizer$NamedPass process
INFO: processDefines
Nov 04, 2020 3:48:24 AM com.google.javascript.jscomp.PhaseOptimizer$NamedPass process
INFO: checkVars
Nov 04, 2020 3:48:24 AM com.google.javascript.jscomp.PhaseOptimizer$NamedPass process
INFO: replaceMessages
Nov 04, 2020 3:48:24 AM com.google.javascript.jscomp.PhaseOptimizer$NamedPass process
INFO: processDefines
Nov 04, 2020 3:48:26 AM com.google.javascript.jscomp.PhaseOptimizer$NamedPass process
INFO: checkVars
Nov 04, 2020 3:48:26 AM com.google.javascript.jscomp.PhaseOptimizer$NamedPass process
INFO: replaceMessages
Nov 04, 2020 3:48:26 AM com.google.javascript.jscomp.PhaseOptimizer$NamedPass process
INFO: processDefines
Nov 04, 2020 3:48:28 AM com.google.javascript.jscomp.PhaseOptimizer$NamedPass process
INFO: checkVars
Nov 04, 2020 3:48:28 AM com.google.javascript.jscomp.PhaseOptimizer$NamedPass process
INFO: replaceMessages
Nov 04, 2020 3:48:28 AM com.google.javascript.jscomp.PhaseOptimizer$NamedPass process
INFO: processDefines
Nov 04, 2020 3:48:30 AM com.google.javascript.jscomp.PhaseOptimizer$NamedPass process
INFO: checkVars
Nov 04, 2020 3:48:30 AM com.google.javascript.jscomp.PhaseOptimizer$NamedPass process
INFO: replaceMessages
Nov 04, 2020 3:48:30 AM com.google.javascript.jscomp.PhaseOptimizer$NamedPass process
INFO: processDefines
Nov 04, 2020 3:48:32 AM com.google.javascript.jscomp.PhaseOptimizer$NamedPass process
INFO: checkVars
Nov 04, 2020 3:48:32 AM com.google.javascript.jscomp.PhaseOptimizer$NamedPass process
INFO: replaceMessages
Nov 04, 2020 3:48:32 AM com.google.javascript.jscomp.PhaseOptimizer$NamedPass process
INFO: processDefines
Nov 04, 2020 3:48:34 AM com.google.javascript.jscomp.PhaseOptimizer$NamedPass process
INFO: checkVars
Nov 04, 2020 3:48:34 AM com.google.javascript.jscomp.PhaseOptimizer$NamedPass process
INFO: replaceMessages
Nov 04, 2020 3:48:34 AM com.google.javascript.jscomp.PhaseOptimizer$NamedPass process
INFO: processDefines
Nov 04, 2020 3:48:34 AM com.google.javascript.jscomp.PhaseOptimizer$NamedPass process
INFO: checkVars
Nov 04, 2020 3:48:34 AM com.google.javascript.jscomp.PhaseOptimizer$NamedPass process
INFO: replaceMessages
Nov 04, 2020 3:48:34 AM com.google.javascript.jscomp.PhaseOptimizer$NamedPass process
INFO: processDefines
Nov 04, 2020 3:48:36 AM com.google.javascript.jscomp.PhaseOptimizer$NamedPass process
INFO: checkVars
Nov 04, 2020 3:48:36 AM com.google.javascript.jscomp.PhaseOptimizer$NamedPass process
INFO: replaceMessages
Nov 04, 2020 3:48:36 AM com.google.javascript.jscomp.PhaseOptimizer$NamedPass process
INFO: processDefines
Nov 04, 2020 3:48:38 AM com.google.javascript.jscomp.PhaseOptimizer$NamedPass process
INFO: checkVars
Nov 04, 2020 3:48:38 AM com.google.javascript.jscomp.PhaseOptimizer$NamedPass process
INFO: replaceMessages
Nov 04, 2020 3:48:38 AM com.google.javascript.jscomp.PhaseOptimizer$NamedPass process
INFO: processDefines
Nov 04, 2020 3:48:41 AM com.google.javascript.jscomp.PhaseOptimizer$NamedPass process
INFO: checkVars
Nov 04, 2020 3:48:41 AM com.google.javascript.jscomp.PhaseOptimizer$NamedPass process
INFO: replaceMessages
Nov 04, 2020 3:48:41 AM com.google.javascript.jscomp.PhaseOptimizer$NamedPass process
INFO: processDefines
Nov 04, 2020 3:48:43 AM com.google.javascript.jscomp.PhaseOptimizer$NamedPass process
INFO: checkVars
Nov 04, 2020 3:48:43 AM com.google.javascript.jscomp.PhaseOptimizer$NamedPass process
INFO: replaceMessages
Nov 04, 2020 3:48:43 AM com.google.javascript.jscomp.PhaseOptimizer$NamedPass process
INFO: processDefines
Nov 04, 2020 3:48:43 AM com.google.javascript.jscomp.PhaseOptimizer$NamedPass process
INFO: checkVars
Nov 04, 2020 3:48:43 AM com.google.javascript.jscomp.PhaseOptimizer$NamedPass process
INFO: replaceMessages
Nov 04, 2020 3:48:43 AM com.google.javascript.jscomp.PhaseOptimizer$NamedPass process
INFO: processDefines
Nov 04, 2020 3:48:45 AM com.google.javascript.jscomp.PhaseOptimizer$NamedPass process
INFO: checkVars
Nov 04, 2020 3:48:45 AM com.google.javascript.jscomp.PhaseOptimizer$NamedPass process
INFO: replaceMessages
Nov 04, 2020 3:48:45 AM com.google.javascript.jscomp.PhaseOptimizer$NamedPass process
INFO: processDefines
Nov 04, 2020 3:48:45 AM com.google.javascript.jscomp.PhaseOptimizer$NamedPass process
INFO: checkVars
Nov 04, 2020 3:48:45 AM com.google.javascript.jscomp.PhaseOptimizer$NamedPass process
INFO: replaceMessages
Nov 04, 2020 3:48:45 AM com.google.javascript.jscomp.PhaseOptimizer$NamedPass process
INFO: processDefines
Nov 04, 2020 3:48:47 AM com.google.javascript.jscomp.PhaseOptimizer$NamedPass process
INFO: checkVars
Nov 04, 2020 3:48:47 AM com.google.javascript.jscomp.PhaseOptimizer$NamedPass process
INFO: replaceMessages
Nov 04, 2020 3:48:47 AM com.google.javascript.jscomp.PhaseOptimizer$NamedPass process
INFO: processDefines
Nov 04, 2020 3:48:49 AM com.google.javascript.jscomp.PhaseOptimizer$NamedPass process
INFO: checkVars
Nov 04, 2020 3:48:49 AM com.google.javascript.jscomp.PhaseOptimizer$NamedPass process
INFO: replaceMessages
Nov 04, 2020 3:48:49 AM com.google.javascript.jscomp.PhaseOptimizer$NamedPass process
INFO: processDefines
Nov 04, 2020 3:48:59 AM com.google.javascript.jscomp.PhaseOptimizer$NamedPass process
INFO: checkVars
Nov 04, 2020 3:48:59 AM com.google.javascript.jscomp.PhaseOptimizer$NamedPass process
INFO: replaceMessages
Nov 04, 2020 3:48:59 AM com.google.javascript.jscomp.PhaseOptimizer$NamedPass process
INFO: processDefines
Nov 04, 2020 3:49:01 AM com.google.javascript.jscomp.PhaseOptimizer$NamedPass process
INFO: checkVars
Nov 04, 2020 3:49:01 AM com.google.javascript.jscomp.PhaseOptimizer$NamedPass process
INFO: replaceMessages
Nov 04, 2020 3:49:01 AM com.google.javascript.jscomp.PhaseOptimizer$NamedPass process
INFO: processDefines
Nov 04, 2020 3:49:03 AM com.google.javascript.jscomp.PhaseOptimizer$NamedPass process
INFO: checkVars
Nov 04, 2020 3:49:03 AM com.google.javascript.jscomp.PhaseOptimizer$NamedPass process
INFO: replaceMessages
Nov 04, 2020 3:49:03 AM com.google.javascript.jscomp.PhaseOptimizer$NamedPass process
INFO: processDefines
Nov 04, 2020 3:49:05 AM com.google.javascript.jscomp.PhaseOptimizer$NamedPass process
INFO: checkVars
Nov 04, 2020 3:49:05 AM com.google.javascript.jscomp.PhaseOptimizer$NamedPass process
INFO: replaceMessages
Nov 04, 2020 3:49:05 AM com.google.javascript.jscomp.PhaseOptimizer$NamedPass process
INFO: processDefines
Nov 04, 2020 3:49:05 AM com.google.javascript.jscomp.PhaseOptimizer$NamedPass process
INFO: checkVars
Nov 04, 2020 3:49:05 AM com.google.javascript.jscomp.PhaseOptimizer$NamedPass process
INFO: replaceMessages
Nov 04, 2020 3:49:05 AM com.google.javascript.jscomp.PhaseOptimizer$NamedPass process
INFO: processDefines
Nov 04, 2020 3:49:07 AM com.google.javascript.jscomp.PhaseOptimizer$NamedPass process
INFO: checkVars
Nov 04, 2020 3:49:07 AM com.google.javascript.jscomp.PhaseOptimizer$NamedPass process
INFO: replaceMessages
Nov 04, 2020 3:49:07 AM com.google.javascript.jscomp.PhaseOptimizer$NamedPass process
INFO: processDefines
Nov 04, 2020 3:49:07 AM com.google.javascript.jscomp.PhaseOptimizer$NamedPass process
INFO: checkVars
Nov 04, 2020 3:49:07 AM com.google.javascript.jscomp.PhaseOptimizer$NamedPass process
INFO: replaceMessages
Nov 04, 2020 3:49:07 AM com.google.javascript.jscomp.PhaseOptimizer$NamedPass process
INFO: processDefines
Nov 04, 2020 3:49:09 AM com.google.javascript.jscomp.PhaseOptimizer$NamedPass process
INFO: checkVars
Nov 04, 2020 3:49:09 AM com.google.javascript.jscomp.PhaseOptimizer$NamedPass process
INFO: replaceMessages
Nov 04, 2020 3:49:09 AM com.google.javascript.jscomp.PhaseOptimizer$NamedPass process
INFO: processDefines
Nov 04, 2020 3:49:11 AM com.google.javascript.jscomp.PhaseOptimizer$NamedPass process
INFO: checkVars
Nov 04, 2020 3:49:11 AM com.google.javascript.jscomp.PhaseOptimizer$NamedPass process
INFO: replaceMessages
Nov 04, 2020 3:49:11 AM com.google.javascript.jscomp.PhaseOptimizer$NamedPass process
INFO: processDefines
Nov 04, 2020 3:49:13 AM com.google.javascript.jscomp.PhaseOptimizer$NamedPass process
INFO: checkVars
Nov 04, 2020 3:49:13 AM com.google.javascript.jscomp.PhaseOptimizer$NamedPass process
INFO: replaceMessages
Nov 04, 2020 3:49:13 AM com.google.javascript.jscomp.PhaseOptimizer$NamedPass process
INFO: processDefines
Nov 04, 2020 3:49:16 AM com.google.javascript.jscomp.PhaseOptimizer$NamedPass process
INFO: checkVars
Nov 04, 2020 3:49:16 AM com.google.javascript.jscomp.PhaseOptimizer$NamedPass process
INFO: replaceMessages
Nov 04, 2020 3:49:16 AM com.google.javascript.jscomp.PhaseOptimizer$NamedPass process
INFO: processDefines
Nov 04, 2020 3:49:18 AM com.google.javascript.jscomp.PhaseOptimizer$NamedPass process
INFO: checkVars
Nov 04, 2020 3:49:18 AM com.google.javascript.jscomp.PhaseOptimizer$NamedPass process
INFO: replaceMessages
Nov 04, 2020 3:49:18 AM com.google.javascript.jscomp.PhaseOptimizer$NamedPass process
INFO: processDefines
Nov 04, 2020 3:49:18 AM com.google.javascript.jscomp.PhaseOptimizer$NamedPass process
INFO: checkVars
Nov 04, 2020 3:49:18 AM com.google.javascript.jscomp.PhaseOptimizer$NamedPass process
INFO: replaceMessages
Nov 04, 2020 3:49:18 AM com.google.javascript.jscomp.PhaseOptimizer$NamedPass process
INFO: processDefines
Nov 04, 2020 3:49:20 AM com.google.javascript.jscomp.PhaseOptimizer$NamedPass process
INFO: checkVars
Nov 04, 2020 3:49:20 AM com.google.javascript.jscomp.PhaseOptimizer$NamedPass process
INFO: replaceMessages
Nov 04, 2020 3:49:20 AM com.google.javascript.jscomp.PhaseOptimizer$NamedPass process
INFO: processDefines
Nov 04, 2020 3:49:22 AM com.google.javascript.jscomp.PhaseOptimizer$NamedPass process
INFO: checkVars
Nov 04, 2020 3:49:22 AM com.google.javascript.jscomp.PhaseOptimizer$NamedPass process
INFO: replaceMessages
Nov 04, 2020 3:49:22 AM com.google.javascript.jscomp.PhaseOptimizer$NamedPass process
INFO: processDefines
Nov 04, 2020 3:49:24 AM com.google.javascript.jscomp.PhaseOptimizer$NamedPass process
INFO: checkVars
Nov 04, 2020 3:49:24 AM com.google.javascript.jscomp.PhaseOptimizer$NamedPass process
INFO: replaceMessages
Nov 04, 2020 3:49:24 AM com.google.javascript.jscomp.PhaseOptimizer$NamedPass process
INFO: processDefines
Nov 04, 2020 3:49:26 AM com.google.javascript.jscomp.PhaseOptimizer$NamedPass process
INFO: checkVars
Nov 04, 2020 3:49:26 AM com.google.javascript.jscomp.PhaseOptimizer$NamedPass process
INFO: replaceMessages
Nov 04, 2020 3:49:26 AM com.google.javascript.jscomp.PhaseOptimizer$NamedPass process
INFO: processDefines
Nov 04, 2020 3:49:26 AM com.google.javascript.jscomp.PhaseOptimizer$NamedPass process
INFO: checkVars
Nov 04, 2020 3:49:26 AM com.google.javascript.jscomp.PhaseOptimizer$NamedPass process
INFO: replaceMessages
Nov 04, 2020 3:49:26 AM com.google.javascript.jscomp.PhaseOptimizer$NamedPass process
INFO: processDefines
Nov 04, 2020 3:49:29 AM com.google.javascript.jscomp.PhaseOptimizer$NamedPass process
INFO: checkVars
Nov 04, 2020 3:49:29 AM com.google.javascript.jscomp.PhaseOptimizer$NamedPass process
INFO: replaceMessages
Nov 04, 2020 3:49:29 AM com.google.javascript.jscomp.PhaseOptimizer$NamedPass process
INFO: processDefines
Nov 04, 2020 3:49:29 AM com.google.javascript.jscomp.PhaseOptimizer$NamedPass process
INFO: checkVars
Nov 04, 2020 3:49:29 AM com.google.javascript.jscomp.PhaseOptimizer$NamedPass process
INFO: replaceMessages
Nov 04, 2020 3:49:29 AM com.google.javascript.jscomp.PhaseOptimizer$NamedPass process
INFO: processDefines
Nov 04, 2020 3:49:31 AM com.google.javascript.jscomp.PhaseOptimizer$NamedPass process
INFO: checkVars
Nov 04, 2020 3:49:31 AM com.google.javascript.jscomp.PhaseOptimizer$NamedPass process
INFO: replaceMessages
Nov 04, 2020 3:49:31 AM com.google.javascript.jscomp.PhaseOptimizer$NamedPass process
INFO: processDefines
Nov 04, 2020 3:49:33 AM com.google.javascript.jscomp.PhaseOptimizer$NamedPass process
INFO: checkVars
Nov 04, 2020 3:49:33 AM com.google.javascript.jscomp.PhaseOptimizer$NamedPass process
INFO: replaceMessages
Nov 04, 2020 3:49:33 AM com.google.javascript.jscomp.PhaseOptimizer$NamedPass process
INFO: processDefines
Nov 04, 2020 3:50:42 AM com.google.javascript.jscomp.AliasStrings process
INFO: Aliasing common strings
Nov 04, 2020 3:50:42 AM com.google.javascript.jscomp.AliasStrings process
INFO: Aliasing common strings
Nov 04, 2020 3:50:42 AM com.google.javascript.jscomp.AliasStrings process
INFO: Aliasing common strings
Nov 04, 2020 3:50:42 AM com.google.javascript.jscomp.AliasStrings process
INFO: Aliasing common strings
Nov 04, 2020 3:50:42 AM com.google.javascript.jscomp.AliasStrings process
INFO: Aliasing common strings
Nov 04, 2020 3:50:42 AM com.google.javascript.jscomp.AliasStrings process
INFO: Aliasing common strings
Nov 04, 2020 3:50:44 AM com.google.javascript.jscomp.AliasStrings process
INFO: Aliasing common strings
Nov 04, 2020 3:50:44 AM com.google.javascript.jscomp.AliasStrings process
INFO: Aliasing common strings
Nov 04, 2020 3:50:46 AM com.google.javascript.jscomp.AliasStrings process
INFO: Aliasing common strings
Nov 04, 2020 3:50:46 AM com.google.javascript.jscomp.AliasStrings process
INFO: Aliasing common strings
Nov 04, 2020 3:50:46 AM com.google.javascript.jscomp.AliasStrings process
INFO: Aliasing common strings
Nov 04, 2020 3:50:46 AM com.google.javascript.jscomp.AliasStrings process
INFO: Aliasing common strings
Nov 04, 2020 3:50:46 AM com.google.javascript.jscomp.AliasStrings process
INFO: Aliasing common strings
Nov 04, 2020 3:50:46 AM com.google.javascript.jscomp.AliasStrings process
INFO: Aliasing common strings
Nov 04, 2020 3:50:46 AM com.google.javascript.jscomp.AliasStrings process
INFO: Aliasing common strings
Nov 04, 2020 3:50:46 AM com.google.javascript.jscomp.AliasStrings process
INFO: Aliasing common strings
Nov 04, 2020 3:50:46 AM com.google.javascript.jscomp.AliasStrings process
INFO: Aliasing common strings
Nov 04, 2020 3:50:46 AM com.google.javascript.jscomp.AliasStrings process
INFO: Aliasing common strings
Nov 04, 2020 3:50:49 AM com.google.javascript.jscomp.AliasStrings process
INFO: Aliasing common strings
Nov 04, 2020 3:50:49 AM com.google.javascript.jscomp.AliasStrings process
INFO: Aliasing common strings
Nov 04, 2020 3:50:51 AM com.google.javascript.jscomp.AliasStrings process
INFO: Aliasing common strings
Nov 04, 2020 3:50:51 AM com.google.javascript.jscomp.AliasStrings process
INFO: Aliasing common strings
Nov 04, 2020 3:50:51 AM com.google.javascript.jscomp.AliasStrings process
INFO: Aliasing common strings
Nov 04, 2020 3:50:51 AM com.google.javascript.jscomp.AliasStrings process
INFO: Aliasing common strings
Nov 04, 2020 3:50:51 AM com.google.javascript.jscomp.AliasStrings process
INFO: Aliasing common strings
Nov 04, 2020 3:50:51 AM com.google.javascript.jscomp.AliasStrings process
INFO: Aliasing common strings
Nov 04, 2020 3:50:53 AM com.google.javascript.jscomp.AliasStrings process
INFO: Aliasing common strings
Nov 04, 2020 3:50:53 AM com.google.javascript.jscomp.AliasStrings process
INFO: Aliasing common strings
Nov 04, 2020 3:50:56 AM com.google.javascript.jscomp.AliasStrings process
INFO: Aliasing common strings
Nov 04, 2020 3:50:56 AM com.google.javascript.jscomp.AliasStrings process
INFO: Aliasing common strings
Nov 04, 2020 3:50:56 AM com.google.javascript.jscomp.AliasStrings process
INFO: Aliasing common strings
Nov 04, 2020 3:50:56 AM com.google.javascript.jscomp.AliasStrings process
INFO: Aliasing common strings
Nov 04, 2020 3:50:56 AM com.google.javascript.jscomp.AliasStrings process
INFO: Aliasing common strings
Nov 04, 2020 3:50:56 AM com.google.javascript.jscomp.AliasStrings process
INFO: Aliasing common strings
Nov 04, 2020 3:50:56 AM com.google.javascript.jscomp.AliasStrings process
INFO: Aliasing common strings
Nov 04, 2020 3:50:56 AM com.google.javascript.jscomp.AliasStrings process
INFO: Aliasing common strings
Nov 04, 2020 3:50:56 AM com.google.javascript.jscomp.AliasStrings process
INFO: Aliasing common strings
Nov 04, 2020 3:50:56 AM com.google.javascript.jscomp.AliasStrings process
INFO: Aliasing common strings
Nov 04, 2020 3:50:56 AM com.google.javascript.jscomp.AliasStrings process
INFO: Aliasing common strings
Nov 04, 2020 3:50:56 AM com.google.javascript.jscomp.AliasStrings process
INFO: Aliasing common strings
Nov 04, 2020 3:50:56 AM com.google.javascript.jscomp.AliasStrings process
INFO: Aliasing common strings
Nov 04, 2020 3:50:56 AM com.google.javascript.jscomp.AliasStrings process
INFO: Aliasing common strings
Nov 04, 2020 3:50:56 AM com.google.javascript.jscomp.AliasStrings process
INFO: Aliasing common strings
Nov 04, 2020 3:50:56 AM com.google.javascript.jscomp.AliasStrings process
INFO: Aliasing common strings
Nov 04, 2020 3:50:58 AM com.google.javascript.jscomp.AliasStrings process
INFO: Aliasing common strings
Nov 04, 2020 3:50:58 AM com.google.javascript.jscomp.AliasStrings process
INFO: Aliasing common strings
Nov 04, 2020 3:51:00 AM com.google.javascript.jscomp.AliasStrings process
INFO: Aliasing common strings
Nov 04, 2020 3:51:00 AM com.google.javascript.jscomp.AliasStrings process
INFO: Aliasing common strings
Nov 04, 2020 3:51:00 AM com.google.javascript.jscomp.AliasStrings process
INFO: Aliasing common strings
Nov 04, 2020 3:51:00 AM com.google.javascript.jscomp.AliasStrings process
INFO: Aliasing common strings
Nov 04, 2020 3:51:03 AM com.google.javascript.jscomp.AliasStrings process
INFO: Aliasing common strings
Nov 04, 2020 3:51:03 AM com.google.javascript.jscomp.AliasStrings process
INFO: Aliasing common strings
Nov 04, 2020 3:51:03 AM com.google.javascript.jscomp.AliasStrings process
INFO: Aliasing common strings
Nov 04, 2020 3:51:03 AM com.google.javascript.jscomp.AliasStrings process
INFO: Aliasing common strings
Nov 04, 2020 3:51:03 AM com.google.javascript.jscomp.AliasStrings process
INFO: Aliasing common strings
Nov 04, 2020 3:51:03 AM com.google.javascript.jscomp.AliasStrings process
INFO: Aliasing common strings
Nov 04, 2020 3:51:03 AM com.google.javascript.jscomp.AliasStrings process
INFO: Aliasing common strings
Nov 04, 2020 3:51:03 AM com.google.javascript.jscomp.AliasStrings process
INFO: Aliasing common strings
Nov 04, 2020 3:51:03 AM com.google.javascript.jscomp.AliasStrings process
INFO: Aliasing common strings
Nov 04, 2020 3:51:03 AM com.google.javascript.jscomp.AliasStrings process
INFO: Aliasing common strings
Nov 04, 2020 3:51:03 AM com.google.javascript.jscomp.AliasStrings process
INFO: Aliasing common strings
Nov 04, 2020 3:51:03 AM com.google.javascript.jscomp.AliasStrings process
INFO: Aliasing common strings
Nov 04, 2020 3:51:03 AM com.google.javascript.jscomp.AliasStrings process
INFO: Aliasing common strings
Nov 04, 2020 3:51:03 AM com.google.javascript.jscomp.AliasStrings process
INFO: Aliasing common strings
Nov 04, 2020 3:51:05 AM com.google.javascript.jscomp.AliasStrings process
INFO: Aliasing common strings
Nov 04, 2020 3:51:05 AM com.google.javascript.jscomp.AliasStrings process
INFO: Aliasing common strings
Nov 04, 2020 3:51:08 AM com.google.javascript.jscomp.AliasStrings process
INFO: Aliasing common strings
Nov 04, 2020 3:51:08 AM com.google.javascript.jscomp.AliasStrings process
INFO: Aliasing common strings
Nov 04, 2020 3:51:10 AM com.google.javascript.jscomp.AliasStrings process
INFO: Aliasing common strings
Nov 04, 2020 3:51:10 AM com.google.javascript.jscomp.AliasStrings process
INFO: Aliasing common strings
Nov 04, 2020 3:51:12 AM com.google.javascript.jscomp.AliasStrings process
INFO: Aliasing common strings
Nov 04, 2020 3:51:12 AM com.google.javascript.jscomp.AliasStrings process
INFO: Aliasing common strings
Nov 04, 2020 3:51:15 AM com.google.javascript.jscomp.AmbiguateProperties process
INFO: Collapsed 1 properties into 1 and skipped renaming 0 properties.
Nov 04, 2020 3:51:18 AM com.google.javascript.jscomp.AmbiguateProperties process
INFO: Collapsed 0 properties into 1 and skipped renaming 1 properties.
Nov 04, 2020 3:51:21 AM com.google.javascript.jscomp.AmbiguateProperties process
INFO: Collapsed 0 properties into 1 and skipped renaming 1 properties.
Nov 04, 2020 3:51:24 AM com.google.javascript.jscomp.AmbiguateProperties process
INFO: Collapsed 0 properties into 1 and skipped renaming 1 properties.
Nov 04, 2020 3:51:27 AM com.google.javascript.jscomp.AmbiguateProperties process
INFO: Collapsed 2 properties into 2 and skipped renaming 0 properties.
Nov 04, 2020 3:51:29 AM com.google.javascript.jscomp.AmbiguateProperties process
INFO: Collapsed 0 properties into 1 and skipped renaming 2 properties.
Nov 04, 2020 3:51:32 AM com.google.javascript.jscomp.AmbiguateProperties process
INFO: Collapsed 2 properties into 1 and skipped renaming 0 properties.
Nov 04, 2020 3:51:35 AM com.google.javascript.jscomp.AmbiguateProperties process
INFO: Collapsed 3 properties into 2 and skipped renaming 0 properties.
Nov 04, 2020 3:51:38 AM com.google.javascript.jscomp.AmbiguateProperties process
INFO: Collapsed 3 properties into 2 and skipped renaming 0 properties.
Nov 04, 2020 3:51:41 AM com.google.javascript.jscomp.AmbiguateProperties process
INFO: Collapsed 10 properties into 5 and skipped renaming 0 properties.
Nov 04, 2020 3:51:44 AM com.google.javascript.jscomp.AmbiguateProperties process
INFO: Collapsed 6 properties into 3 and skipped renaming 0 properties.
Nov 04, 2020 3:51:47 AM com.google.javascript.jscomp.AmbiguateProperties process
INFO: Collapsed 20 properties into 10 and skipped renaming 0 properties.
Nov 04, 2020 3:51:50 AM com.google.javascript.jscomp.AmbiguateProperties process
INFO: Collapsed 10 properties into 1 and skipped renaming 0 properties.
Nov 04, 2020 3:51:53 AM com.google.javascript.jscomp.AmbiguateProperties process
INFO: Collapsed 2 properties into 1 and skipped renaming 0 properties.
Nov 04, 2020 3:51:56 AM com.google.javascript.jscomp.AmbiguateProperties process
INFO: Collapsed 1 properties into 1 and skipped renaming 0 properties.
Nov 04, 2020 3:51:58 AM com.google.javascript.jscomp.AmbiguateProperties process
INFO: Collapsed 0 properties into 1 and skipped renaming 0 properties.
Nov 04, 2020 3:52:01 AM com.google.javascript.jscomp.AmbiguateProperties process
INFO: Collapsed 0 properties into 1 and skipped renaming 0 properties.
Nov 04, 2020 3:52:04 AM com.google.javascript.jscomp.AmbiguateProperties process
INFO: Collapsed 2 properties into 2 and skipped renaming 0 properties.
Nov 04, 2020 3:52:07 AM com.google.javascript.jscomp.AmbiguateProperties process
INFO: Collapsed 0 properties into 1 and skipped renaming 1 properties.
Nov 04, 2020 3:52:10 AM com.google.javascript.jscomp.AmbiguateProperties process
INFO: Collapsed 1 properties into 1 and skipped renaming 0 properties.
Nov 04, 2020 3:52:13 AM com.google.javascript.jscomp.AmbiguateProperties process
INFO: Collapsed 0 properties into 1 and skipped renaming 1 properties.
Nov 04, 2020 3:52:15 AM com.google.javascript.jscomp.AmbiguateProperties process
INFO: Collapsed 0 properties into 1 and skipped renaming 1 properties.
Nov 04, 2020 3:52:18 AM com.google.javascript.jscomp.AmbiguateProperties process
INFO: Collapsed 0 properties into 1 and skipped renaming 1 properties.
Nov 04, 2020 3:52:21 AM com.google.javascript.jscomp.AmbiguateProperties process
INFO: Collapsed 0 properties into 1 and skipped renaming 1 properties.
Nov 04, 2020 3:52:24 AM com.google.javascript.jscomp.AmbiguateProperties process
INFO: Collapsed 0 properties into 1 and skipped renaming 0 properties.
Nov 04, 2020 3:52:27 AM com.google.javascript.jscomp.AmbiguateProperties process
INFO: Collapsed 1 properties into 1 and skipped renaming 0 properties.
Nov 04, 2020 3:52:30 AM com.google.javascript.jscomp.AmbiguateProperties process
INFO: Collapsed 0 properties into 1 and skipped renaming 0 properties.
Nov 04, 2020 3:52:33 AM com.google.javascript.jscomp.AmbiguateProperties process
INFO: Collapsed 1 properties into 1 and skipped renaming 0 properties.
Nov 04, 2020 3:52:35 AM com.google.javascript.jscomp.AmbiguateProperties process
INFO: Collapsed 2 properties into 1 and skipped renaming 0 properties.
Nov 04, 2020 3:52:38 AM com.google.javascript.jscomp.AmbiguateProperties process
INFO: Collapsed 3 properties into 1 and skipped renaming 0 properties.
Nov 04, 2020 3:52:41 AM com.google.javascript.jscomp.AmbiguateProperties process
INFO: Collapsed 1 properties into 1 and skipped renaming 1 properties.
Nov 04, 2020 3:52:41 AM com.google.javascript.jscomp.AmbiguateProperties process
INFO: Collapsed 0 properties into 1 and skipped renaming 2 properties.
Nov 04, 2020 3:52:41 AM com.google.javascript.jscomp.AmbiguateProperties process
INFO: Collapsed 2 properties into 1 and skipped renaming 0 properties.
Nov 04, 2020 3:52:44 AM com.google.javascript.jscomp.AmbiguateProperties process
INFO: Collapsed 0 properties into 1 and skipped renaming 1 properties.
Nov 04, 2020 3:52:47 AM com.google.javascript.jscomp.AmbiguateProperties process
INFO: Collapsed 3 properties into 3 and skipped renaming 0 properties.
Nov 04, 2020 3:52:50 AM com.google.javascript.jscomp.AmbiguateProperties process
INFO: Collapsed 3 properties into 3 and skipped renaming 0 properties.
Nov 04, 2020 3:52:53 AM com.google.javascript.jscomp.AmbiguateProperties process
INFO: Collapsed 2 properties into 2 and skipped renaming 0 properties.
Nov 04, 2020 3:52:55 AM com.google.javascript.jscomp.AmbiguateProperties process
INFO: Collapsed 2 properties into 2 and skipped renaming 0 properties.
Nov 04, 2020 3:52:58 AM com.google.javascript.jscomp.AmbiguateProperties process
INFO: Collapsed 2 properties into 2 and skipped renaming 0 properties.
Nov 04, 2020 3:53:01 AM com.google.javascript.jscomp.AmbiguateProperties process
INFO: Collapsed 1 properties into 1 and skipped renaming 1 properties.
Nov 04, 2020 3:53:04 AM com.google.javascript.jscomp.AmbiguateProperties process
INFO: Collapsed 1 properties into 1 and skipped renaming 1 properties.
Nov 04, 2020 4:08:01 AM com.google.javascript.jscomp.PhaseOptimizer$NamedPass process
INFO: processGoogScopeAliases
Nov 04, 2020 4:08:01 AM com.google.javascript.jscomp.PhaseOptimizer$NamedPass process
INFO: checkRequires
Nov 04, 2020 4:08:01 AM com.google.javascript.jscomp.PhaseOptimizer$NamedPass process
INFO: processProvidesAndRequires
Nov 04, 2020 4:08:01 AM com.google.javascript.jscomp.PhaseOptimizer$NamedPass process
INFO: checkVars
Nov 04, 2020 4:08:01 AM com.google.javascript.jscomp.PhaseOptimizer$NamedPass process
INFO: renameCssNames
Nov 04, 2020 4:08:01 AM com.google.javascript.jscomp.PhaseOptimizer$NamedPass process
INFO: replaceMessages
Nov 04, 2020 4:08:01 AM com.google.javascript.jscomp.PhaseOptimizer$NamedPass process
INFO: processDefines
Nov 04, 2020 4:08:01 AM com.google.javascript.jscomp.Compiler normalize
INFO: Normalizing
Nov 04, 2020 4:08:01 AM com.google.javascript.jscomp.PhaseOptimizer$NamedPass process
INFO: beforeStandardOptimizations
Nov 04, 2020 4:08:01 AM com.google.javascript.jscomp.PhaseOptimizer$NamedPass process
INFO: closureCodeRemoval
Nov 04, 2020 4:08:01 AM com.google.javascript.jscomp.PhaseOptimizer$NamedPass process
INFO: closureOptimizePrimitives
Nov 04, 2020 4:08:01 AM com.google.javascript.jscomp.PhaseOptimizer$NamedPass process
INFO: beforeMainOptimizations
Nov 04, 2020 4:08:01 AM com.google.javascript.jscomp.PhaseOptimizer$NamedPass process
INFO: beforeModuleMotion
Nov 04, 2020 4:08:01 AM com.google.javascript.jscomp.PhaseOptimizer$NamedPass process
INFO: afterModuleMotion
Nov 04, 2020 4:08:01 AM com.google.javascript.jscomp.PhaseOptimizer$NamedPass process
INFO: markUnnormalized
Nov 04, 2020 4:08:01 AM com.google.javascript.jscomp.PhaseOptimizer$NamedPass process
INFO: denormalize
Nov 04, 2020 4:08:01 AM com.google.javascript.jscomp.PhaseOptimizer$NamedPass process
INFO: invertNames
Nov 04, 2020 4:08:01 AM com.google.javascript.jscomp.PhaseOptimizer$NamedPass process
INFO: operaCompoundAssignFix
Nov 04, 2020 4:08:01 AM com.google.javascript.jscomp.PhaseOptimizer$NamedPass process
INFO: sanityCheckAst
Nov 04, 2020 4:08:01 AM com.google.javascript.jscomp.PhaseOptimizer$NamedPass process
INFO: sanityCheckVars
Nov 04, 2020 4:08:01 AM com.google.javascript.jscomp.LoggerErrorManager println
WARNING: foo.js:1: WARNING - 'foo.bar.goo' used but not goog.require'd

Nov 04, 2020 4:08:01 AM com.google.javascript.jscomp.LoggerErrorManager printSummary
WARNING: 0 error(s), 1 warning(s)
Closure Compiler (http://code.google.com/closure/compiler)
Version: Unversioned directory
Built on: 2020/11/03 19:45
Closure Compiler (http://code.google.com/closure/compiler)
Version: Unversioned directory
Built on: 2020/11/03 19:45
Nov 04, 2020 5:04:06 AM com.google.javascript.jscomp.LoggerErrorManager println
WARNING: testcode:1: WARNING - Unable to determine type of parameter a for exported function d

Nov 04, 2020 5:04:06 AM com.google.javascript.jscomp.LoggerErrorManager println
WARNING: testcode:1: WARNING - Unable to determine type of parameter a for exported function e

Nov 04, 2020 5:04:06 AM com.google.javascript.jscomp.LoggerErrorManager println
WARNING: testcode:1: WARNING - Unable to determine type of parameter a for exported function f

Nov 04, 2020 5:04:06 AM com.google.javascript.jscomp.LoggerErrorManager printSummary
WARNING: 0 error(s), 3 warning(s), 100% typed
Nov 04, 2020 5:04:10 AM com.google.javascript.jscomp.LoggerErrorManager println
WARNING: testcode:1: WARNING - Unable to determine type of parameter a.b.c for exported function d

Nov 04, 2020 5:04:10 AM com.google.javascript.jscomp.LoggerErrorManager println
WARNING: testcode:1: WARNING - Unable to determine type of parameter a.b.c for exported function e

Nov 04, 2020 5:04:10 AM com.google.javascript.jscomp.LoggerErrorManager println
WARNING: testcode:1: WARNING - Unable to determine type of parameter a.b.c for exported function f

Nov 04, 2020 5:04:10 AM com.google.javascript.jscomp.LoggerErrorManager printSummary
WARNING: 0 error(s), 3 warning(s), 100% typed
Nov 04, 2020 5:04:15 AM com.google.javascript.jscomp.LoggerErrorManager println
WARNING: testcode:1: WARNING - Unable to determine type of parameter a.b for exported function p1

Nov 04, 2020 5:04:15 AM com.google.javascript.jscomp.LoggerErrorManager println
WARNING: testcode:1: WARNING - Unable to determine type of parameter a.b.c for exported function d

Nov 04, 2020 5:04:15 AM com.google.javascript.jscomp.LoggerErrorManager println
WARNING: testcode:1: WARNING - Unable to determine type of parameter a.b.c for exported function e

Nov 04, 2020 5:04:15 AM com.google.javascript.jscomp.LoggerErrorManager println
WARNING: testcode:1: WARNING - Unable to determine type of parameter a.b.c for exported function f

Nov 04, 2020 5:04:15 AM com.google.javascript.jscomp.LoggerErrorManager println
WARNING: testcode:1: WARNING - Unable to determine type of parameter a.b.prototype.c for exported function g

Nov 04, 2020 5:04:15 AM com.google.javascript.jscomp.LoggerErrorManager println
WARNING: testcode:1: WARNING - Unable to determine type of parameter a.b.prototype.c for exported function h

Nov 04, 2020 5:04:15 AM com.google.javascript.jscomp.LoggerErrorManager println
WARNING: testcode:1: WARNING - Unable to determine type of parameter a.b.prototype.c for exported function i

Nov 04, 2020 5:04:15 AM com.google.javascript.jscomp.LoggerErrorManager printSummary
WARNING: 0 error(s), 7 warning(s), 100% typed
Nov 04, 2020 5:04:20 AM com.google.javascript.jscomp.LoggerErrorManager println
WARNING: testcode:1: WARNING - Unable to determine type of parameter a.b.c for exported function d

Nov 04, 2020 5:04:20 AM com.google.javascript.jscomp.LoggerErrorManager println
WARNING: testcode:1: WARNING - Unable to determine type of parameter a.b.c for exported function e

Nov 04, 2020 5:04:20 AM com.google.javascript.jscomp.LoggerErrorManager println
WARNING: testcode:1: WARNING - Unable to determine type of parameter a.b.c for exported function f

Nov 04, 2020 5:04:20 AM com.google.javascript.jscomp.LoggerErrorManager println
WARNING: testcode:1: WARNING - Unable to determine type of parameter a.b.prototype.c for exported function g

Nov 04, 2020 5:04:20 AM com.google.javascript.jscomp.LoggerErrorManager println
WARNING: testcode:1: WARNING - Unable to determine type of parameter a.b.prototype.c for exported function h

Nov 04, 2020 5:04:20 AM com.google.javascript.jscomp.LoggerErrorManager println
WARNING: testcode:1: WARNING - Unable to determine type of parameter a.b.prototype.c for exported function i

Nov 04, 2020 5:04:20 AM com.google.javascript.jscomp.LoggerErrorManager printSummary
WARNING: 0 error(s), 6 warning(s), 100% typed
Nov 04, 2020 5:04:24 AM com.google.javascript.jscomp.LoggerErrorManager println
WARNING: testcode:1: WARNING - Unable to determine type of parameter a.b for exported function p1

Nov 04, 2020 5:04:24 AM com.google.javascript.jscomp.LoggerErrorManager println
WARNING: testcode:1: WARNING - Unable to determine type of parameter a.b.c for exported function d

Nov 04, 2020 5:04:24 AM com.google.javascript.jscomp.LoggerErrorManager println
WARNING: testcode:1: WARNING - Unable to determine type of parameter a.b.c for exported function e

Nov 04, 2020 5:04:24 AM com.google.javascript.jscomp.LoggerErrorManager println
WARNING: testcode:1: WARNING - Unable to determine type of parameter a.b.c for exported function f

Nov 04, 2020 5:04:24 AM com.google.javascript.jscomp.LoggerErrorManager printSummary
WARNING: 0 error(s), 4 warning(s), 100% typed
Nov 04, 2020 5:05:01 AM com.google.javascript.jscomp.LoggerErrorManager println
WARNING: testcode:5: WARNING - Unable to determine return type for exported function internalName
internalName = function(a) {  return 6;
                       ^

Nov 04, 2020 5:05:01 AM com.google.javascript.jscomp.LoggerErrorManager printSummary
WARNING: 0 error(s), 1 warning(s), 100% typed
Nov 04, 2020 5:05:20 AM com.google.javascript.jscomp.LoggerErrorManager println
WARNING: testcode:1: WARNING - Unable to determine return type for exported function InternalName

Nov 04, 2020 5:05:20 AM com.google.javascript.jscomp.LoggerErrorManager printSummary
WARNING: 0 error(s), 1 warning(s), 100% typed
Nov 04, 2020 5:05:29 AM com.google.javascript.jscomp.LoggerErrorManager println
WARNING: testcode:4: WARNING - Unable to determine type of parameter InternalName for exported function b

Nov 04, 2020 5:05:29 AM com.google.javascript.jscomp.LoggerErrorManager println
WARNING: testcode:4: WARNING - Unable to determine type of parameter InternalName for exported function c

Nov 04, 2020 5:05:29 AM com.google.javascript.jscomp.LoggerErrorManager printSummary
WARNING: 0 error(s), 2 warning(s), 100% typed
Nov 04, 2020 5:05:33 AM com.google.javascript.jscomp.LoggerErrorManager println
WARNING: testcode:2: WARNING - element type must match enum's type
found   : number
required: string

Nov 04, 2020 5:05:33 AM com.google.javascript.jscomp.LoggerErrorManager println
WARNING: testcode:2: WARNING - element type must match enum's type
found   : number
required: string

Nov 04, 2020 5:05:33 AM com.google.javascript.jscomp.LoggerErrorManager printSummary
WARNING: 0 error(s), 2 warning(s), 88.2% typed
Nov 04, 2020 5:05:38 AM com.google.javascript.jscomp.LoggerErrorManager println
WARNING: testcode:1: WARNING - Unable to determine type of parameter a.b.c for exported function d

Nov 04, 2020 5:05:38 AM com.google.javascript.jscomp.LoggerErrorManager println
WARNING: testcode:1: WARNING - Unable to determine type of parameter a.b.c for exported function e

Nov 04, 2020 5:05:38 AM com.google.javascript.jscomp.LoggerErrorManager println
WARNING: testcode:1: WARNING - Unable to determine type of parameter a.b.c for exported function f

Nov 04, 2020 5:05:38 AM com.google.javascript.jscomp.LoggerErrorManager printSummary
WARNING: 0 error(s), 3 warning(s), 100% typed
08:46:36.271 [main] INFO  JaguarDF - Test testAliasing7(com.google.javascript.jscomp.RemoveUnusedPrototypePropertiesTest) : Failed
LOG:unknown:///unknown:1+23: Semicolon inserted
LOG:unknown:///unknown:1+23: Semicolon inserted
LOG:unknown:///unknown:1+40: Semicolon inserted
LOG:unknown:///unknown:1+40: Semicolon inserted
LOG:unknown:///unknown:1+39: Semicolon inserted
LOG:unknown:///unknown:1+66: Semicolon inserted
LOG:unknown:///unknown:1+39: Semicolon inserted
LOG:unknown:///unknown:1+66: Semicolon inserted
LOG:unknown:///unknown:1+102: Semicolon inserted
LOG:unknown:///unknown:1+103: Semicolon inserted
LOG:unknown:///unknown:1+102: Semicolon inserted
LOG:unknown:///unknown:1+103: Semicolon inserted
LOG:unknown:///unknown:1+19: Semicolon inserted
LOG:unknown:///unknown:1+19: Semicolon inserted
LOG:unknown:///unknown:1+37: Semicolon inserted
LOG:unknown:///unknown:1+37: Semicolon inserted
LOG:unknown:///unknown:1+35: Semicolon inserted
LOG:unknown:///unknown:1+62: Semicolon inserted
LOG:unknown:///unknown:1+35: Semicolon inserted
LOG:unknown:///unknown:1+62: Semicolon inserted
LOG:unknown:///unknown:1+98: Semicolon inserted
LOG:unknown:///unknown:1+99: Semicolon inserted
LOG:unknown:///unknown:1+98: Semicolon inserted
LOG:unknown:///unknown:1+99: Semicolon inserted
LOG:unknown:///unknown:1+68: Semicolon inserted
LOG:unknown:///unknown:1+72: Semicolon inserted
LOG:unknown:///unknown:1+68: Semicolon inserted
LOG:unknown:///unknown:1+72: Semicolon inserted
LOG:unknown:///unknown:1+30: Semicolon inserted
LOG:unknown:///unknown:1+30: Semicolon inserted
LOG:unknown:///unknown:1+109: Semicolon inserted
LOG:unknown:///unknown:1+110: Semicolon inserted
LOG:unknown:///unknown:1+109: Semicolon inserted
LOG:unknown:///unknown:1+110: Semicolon inserted
LOG:unknown:///unknown:1+19: Semicolon inserted
LOG:unknown:///unknown:1+19: Semicolon inserted
LOG:unknown:///unknown:1+43: Semicolon inserted
LOG:unknown:///unknown:1+43: Semicolon inserted
LOG:unknown:///unknown:1+48: Semicolon inserted
LOG:unknown:///unknown:1+48: Semicolon inserted
LOG:unknown:///unknown:1+44: Semicolon inserted
LOG:unknown:///unknown:1+71: Semicolon inserted
LOG:unknown:///unknown:1+44: Semicolon inserted
LOG:unknown:///unknown:1+71: Semicolon inserted
LOG:unknown:///unknown:1+104: Semicolon inserted
LOG:unknown:///unknown:1+105: Semicolon inserted
LOG:unknown:///unknown:1+104: Semicolon inserted
LOG:unknown:///unknown:1+105: Semicolon inserted
LOG:unknown:///unknown:1+18: Semicolon inserted
LOG:unknown:///unknown:1+18: Semicolon inserted
LOG:unknown:///unknown:1+97: Semicolon inserted
LOG:unknown:///unknown:1+98: Semicolon inserted
LOG:unknown:///unknown:1+97: Semicolon inserted
LOG:unknown:///unknown:1+98: Semicolon inserted
LOG:unknown:///unknown:1+15: Semicolon inserted
LOG:unknown:///unknown:1+15: Semicolon inserted
LOG:unknown:///unknown:1+34: Semicolon inserted
LOG:unknown:///unknown:1+34: Semicolon inserted
LOG:unknown:///unknown:1+107: Semicolon inserted
LOG:unknown:///unknown:1+108: Semicolon inserted
LOG:unknown:///unknown:1+117: Semicolon inserted
LOG:unknown:///unknown:1+107: Semicolon inserted
LOG:unknown:///unknown:1+108: Semicolon inserted
LOG:unknown:///unknown:1+117: Semicolon inserted
LOG:unknown:///unknown:1+19: Semicolon inserted
LOG:unknown:///unknown:1+19: Semicolon inserted
LOG:unknown:///unknown:1+16: Semicolon inserted
LOG:unknown:///unknown:1+16: Semicolon inserted
LOG:unknown:///unknown:1+20: Semicolon inserted
LOG:unknown:///unknown:1+20: Semicolon inserted
WARNING:unknown:///unknown:1+2 - 3: Will not work in IE
java.lang.Exception
	at com.google.caja.reporting.EchoingMessageQueue$1.add(EchoingMessageQueue.java:52)
	at com.google.caja.reporting.EchoingMessageQueue$1.add(EchoingMessageQueue.java:40)
	at java.util.AbstractList.add(AbstractList.java:108)
	at com.google.caja.reporting.AbstractMessageQueue.addMessage(AbstractMessageQueue.java:25)
	at com.google.caja.parser.js.Parser.parseExpressionAtom(Parser.java:1138)
	at com.google.caja.parser.js.Parser.parseOp(Parser.java:792)
	at com.google.caja.parser.js.Parser.parseExpressionInt(Parser.java:727)
	at com.google.caja.parser.js.Parser.parseExpressionStmt(Parser.java:1281)
	at com.google.caja.parser.js.Parser.parseStatementWithoutLabel(Parser.java:706)
	at com.google.caja.parser.js.Parser.parseStatement(Parser.java:306)
	at com.google.caja.parser.js.Parser.parseTerminatedStatement(Parser.java:1312)
	at com.google.caja.parser.js.Parser.parseProgramOrFunctionBody(Parser.java:325)
	at com.google.caja.parser.js.Parser.parseProgram(Parser.java:314)
	at com.google.caja.parser.js.Parser.parse(Parser.java:272)
	at com.google.caja.parser.js.JsonMLParser.parse(JsonMLParser.java:42)
	at com.google.caja.parser.js.JsonMLParser.parse(JsonMLParser.java:31)
	at com.google.caja.parser.js.JsonMLParser.parse(JsonMLParser.java:26)
	at com.google.caja.parser.js.JsonMLParser.parse(JsonMLParser.java:22)
	at com.google.javascript.jscomp.jsonml.JsonMLConversionTest.testConversion(JsonMLConversionTest.java:104)
	at com.google.javascript.jscomp.jsonml.JsonMLConversionTest.testArray(JsonMLConversionTest.java:116)
	at sun.reflect.NativeMethodAccessorImpl.invoke0(Native Method)
	at sun.reflect.NativeMethodAccessorImpl.invoke(NativeMethodAccessorImpl.java:62)
	at sun.reflect.DelegatingMethodAccessorImpl.invoke(DelegatingMethodAccessorImpl.java:43)
	at java.lang.reflect.Method.invoke(Method.java:498)
	at junit.framework.TestCase.runTest(TestCase.java:168)
	at junit.framework.TestCase.runBare(TestCase.java:134)
	at junit.framework.TestResult$1.protect(TestResult.java:110)
	at junit.framework.TestResult.runProtected(TestResult.java:128)
	at junit.framework.TestResult.run(TestResult.java:113)
	at junit.framework.TestCase.run(TestCase.java:124)
	at junit.framework.TestSuite.runTest(TestSuite.java:243)
	at junit.framework.TestSuite.run(TestSuite.java:238)
	at org.junit.internal.runners.JUnit38ClassRunner.run(JUnit38ClassRunner.java:83)
	at org.junit.runners.Suite.runChild(Suite.java:128)
	at org.junit.runners.Suite.runChild(Suite.java:24)
	at org.junit.runners.ParentRunner$3.run(ParentRunner.java:193)
	at org.junit.runners.ParentRunner$1.schedule(ParentRunner.java:52)
	at org.junit.runners.ParentRunner.runChildren(ParentRunner.java:191)
	at org.junit.runners.ParentRunner.access$000(ParentRunner.java:42)
	at org.junit.runners.ParentRunner$2.evaluate(ParentRunner.java:184)
	at org.junit.runners.ParentRunner.run(ParentRunner.java:236)
	at org.junit.runner.JUnitCore.run(JUnitCore.java:157)
	at org.junit.runner.JUnitCore.run(JUnitCore.java:136)
	at org.junit.runner.JUnitCore.run(JUnitCore.java:117)
	at br.usp.each.saeg.jaguardf.cli.JaguarRunner.run(JaguarRunner.java:64)
	at br.usp.each.saeg.jaguardf.cli.JaguarRunner.main(JaguarRunner.java:96)
WARNING:unknown:///unknown:1+2 - 3: Will not work in IE
java.lang.Exception
	at com.google.caja.reporting.EchoingMessageQueue$1.add(EchoingMessageQueue.java:52)
	at com.google.caja.reporting.EchoingMessageQueue$1.add(EchoingMessageQueue.java:40)
	at java.util.AbstractList.add(AbstractList.java:108)
	at com.google.caja.reporting.AbstractMessageQueue.addMessage(AbstractMessageQueue.java:25)
	at com.google.caja.parser.js.Parser.parseExpressionAtom(Parser.java:1138)
	at com.google.caja.parser.js.Parser.parseOp(Parser.java:792)
	at com.google.caja.parser.js.Parser.parseExpressionInt(Parser.java:727)
	at com.google.caja.parser.js.Parser.parseExpressionStmt(Parser.java:1281)
	at com.google.caja.parser.js.Parser.parseStatementWithoutLabel(Parser.java:706)
	at com.google.caja.parser.js.Parser.parseStatement(Parser.java:306)
	at com.google.caja.parser.js.Parser.parseTerminatedStatement(Parser.java:1312)
	at com.google.caja.parser.js.Parser.parseProgramOrFunctionBody(Parser.java:325)
	at com.google.caja.parser.js.Parser.parseProgram(Parser.java:314)
	at com.google.caja.parser.js.Parser.parse(Parser.java:272)
	at com.google.caja.parser.js.JsonMLParser.parse(JsonMLParser.java:42)
	at com.google.caja.parser.js.JsonMLParser.parse(JsonMLParser.java:31)
	at com.google.caja.parser.js.JsonMLParser.parse(JsonMLParser.java:26)
	at com.google.caja.parser.js.JsonMLParser.parse(JsonMLParser.java:22)
	at com.google.javascript.jscomp.jsonml.JsonMLConversionTest.testConversion(JsonMLConversionTest.java:111)
	at com.google.javascript.jscomp.jsonml.JsonMLConversionTest.testArray(JsonMLConversionTest.java:116)
	at sun.reflect.NativeMethodAccessorImpl.invoke0(Native Method)
	at sun.reflect.NativeMethodAccessorImpl.invoke(NativeMethodAccessorImpl.java:62)
	at sun.reflect.DelegatingMethodAccessorImpl.invoke(DelegatingMethodAccessorImpl.java:43)
	at java.lang.reflect.Method.invoke(Method.java:498)
	at junit.framework.TestCase.runTest(TestCase.java:168)
	at junit.framework.TestCase.runBare(TestCase.java:134)
	at junit.framework.TestResult$1.protect(TestResult.java:110)
	at junit.framework.TestResult.runProtected(TestResult.java:128)
	at junit.framework.TestResult.run(TestResult.java:113)
	at junit.framework.TestCase.run(TestCase.java:124)
	at junit.framework.TestSuite.runTest(TestSuite.java:243)
	at junit.framework.TestSuite.run(TestSuite.java:238)
	at org.junit.internal.runners.JUnit38ClassRunner.run(JUnit38ClassRunner.java:83)
	at org.junit.runners.Suite.runChild(Suite.java:128)
	at org.junit.runners.Suite.runChild(Suite.java:24)
	at org.junit.runners.ParentRunner$3.run(ParentRunner.java:193)
	at org.junit.runners.ParentRunner$1.schedule(ParentRunner.java:52)
	at org.junit.runners.ParentRunner.runChildren(ParentRunner.java:191)
	at org.junit.runners.ParentRunner.access$000(ParentRunner.java:42)
	at org.junit.runners.ParentRunner$2.evaluate(ParentRunner.java:184)
	at org.junit.runners.ParentRunner.run(ParentRunner.java:236)
	at org.junit.runner.JUnitCore.run(JUnitCore.java:157)
	at org.junit.runner.JUnitCore.run(JUnitCore.java:136)
	at org.junit.runner.JUnitCore.run(JUnitCore.java:117)
	at br.usp.each.saeg.jaguardf.cli.JaguarRunner.run(JaguarRunner.java:64)
	at br.usp.each.saeg.jaguardf.cli.JaguarRunner.main(JaguarRunner.java:96)
WARNING:unknown:///unknown:1+2 - 3: Will not work in IE
java.lang.Exception
	at com.google.caja.reporting.EchoingMessageQueue$1.add(EchoingMessageQueue.java:52)
	at com.google.caja.reporting.EchoingMessageQueue$1.add(EchoingMessageQueue.java:40)
	at java.util.AbstractList.add(AbstractList.java:108)
	at com.google.caja.reporting.AbstractMessageQueue.addMessage(AbstractMessageQueue.java:25)
	at com.google.caja.parser.js.Parser.parseExpressionAtom(Parser.java:1138)
	at com.google.caja.parser.js.Parser.parseOp(Parser.java:792)
	at com.google.caja.parser.js.Parser.parseExpressionInt(Parser.java:727)
	at com.google.caja.parser.js.Parser.parseExpressionStmt(Parser.java:1281)
	at com.google.caja.parser.js.Parser.parseStatementWithoutLabel(Parser.java:706)
	at com.google.caja.parser.js.Parser.parseStatement(Parser.java:306)
	at com.google.caja.parser.js.Parser.parseTerminatedStatement(Parser.java:1312)
	at com.google.caja.parser.js.Parser.parseProgramOrFunctionBody(Parser.java:325)
	at com.google.caja.parser.js.Parser.parseProgram(Parser.java:314)
	at com.google.caja.parser.js.Parser.parse(Parser.java:272)
	at com.google.caja.parser.js.JsonMLParser.parse(JsonMLParser.java:42)
	at com.google.caja.parser.js.JsonMLParser.parse(JsonMLParser.java:31)
	at com.google.caja.parser.js.JsonMLParser.parse(JsonMLParser.java:26)
	at com.google.caja.parser.js.JsonMLParser.parse(JsonMLParser.java:22)
	at com.google.javascript.jscomp.jsonml.JsonMLConversionTest.testConversion(JsonMLConversionTest.java:104)
	at com.google.javascript.jscomp.jsonml.JsonMLConversionTest.testArray1(JsonMLConversionTest.java:127)
	at sun.reflect.NativeMethodAccessorImpl.invoke0(Native Method)
	at sun.reflect.NativeMethodAccessorImpl.invoke(NativeMethodAccessorImpl.java:62)
	at sun.reflect.DelegatingMethodAccessorImpl.invoke(DelegatingMethodAccessorImpl.java:43)
	at java.lang.reflect.Method.invoke(Method.java:498)
	at junit.framework.TestCase.runTest(TestCase.java:168)
	at junit.framework.TestCase.runBare(TestCase.java:134)
	at junit.framework.TestResult$1.protect(TestResult.java:110)
	at junit.framework.TestResult.runProtected(TestResult.java:128)
	at junit.framework.TestResult.run(TestResult.java:113)
	at junit.framework.TestCase.run(TestCase.java:124)
	at junit.framework.TestSuite.runTest(TestSuite.java:243)
	at junit.framework.TestSuite.run(TestSuite.java:238)
	at org.junit.internal.runners.JUnit38ClassRunner.run(JUnit38ClassRunner.java:83)
	at org.junit.runners.Suite.runChild(Suite.java:128)
	at org.junit.runners.Suite.runChild(Suite.java:24)
	at org.junit.runners.ParentRunner$3.run(ParentRunner.java:193)
	at org.junit.runners.ParentRunner$1.schedule(ParentRunner.java:52)
	at org.junit.runners.ParentRunner.runChildren(ParentRunner.java:191)
	at org.junit.runners.ParentRunner.access$000(ParentRunner.java:42)
	at org.junit.runners.ParentRunner$2.evaluate(ParentRunner.java:184)
	at org.junit.runners.ParentRunner.run(ParentRunner.java:236)
	at org.junit.runner.JUnitCore.run(JUnitCore.java:157)
	at org.junit.runner.JUnitCore.run(JUnitCore.java:136)
	at org.junit.runner.JUnitCore.run(JUnitCore.java:117)
	at br.usp.each.saeg.jaguardf.cli.JaguarRunner.run(JaguarRunner.java:64)
	at br.usp.each.saeg.jaguardf.cli.JaguarRunner.main(JaguarRunner.java:96)
WARNING:unknown:///unknown:1+2 - 3: Will not work in IE
java.lang.Exception
	at com.google.caja.reporting.EchoingMessageQueue$1.add(EchoingMessageQueue.java:52)
	at com.google.caja.reporting.EchoingMessageQueue$1.add(EchoingMessageQueue.java:40)
	at java.util.AbstractList.add(AbstractList.java:108)
	at com.google.caja.reporting.AbstractMessageQueue.addMessage(AbstractMessageQueue.java:25)
	at com.google.caja.parser.js.Parser.parseExpressionAtom(Parser.java:1138)
	at com.google.caja.parser.js.Parser.parseOp(Parser.java:792)
	at com.google.caja.parser.js.Parser.parseExpressionInt(Parser.java:727)
	at com.google.caja.parser.js.Parser.parseExpressionStmt(Parser.java:1281)
	at com.google.caja.parser.js.Parser.parseStatementWithoutLabel(Parser.java:706)
	at com.google.caja.parser.js.Parser.parseStatement(Parser.java:306)
	at com.google.caja.parser.js.Parser.parseTerminatedStatement(Parser.java:1312)
	at com.google.caja.parser.js.Parser.parseProgramOrFunctionBody(Parser.java:325)
	at com.google.caja.parser.js.Parser.parseProgram(Parser.java:314)
	at com.google.caja.parser.js.Parser.parse(Parser.java:272)
	at com.google.caja.parser.js.JsonMLParser.parse(JsonMLParser.java:42)
	at com.google.caja.parser.js.JsonMLParser.parse(JsonMLParser.java:31)
	at com.google.caja.parser.js.JsonMLParser.parse(JsonMLParser.java:26)
	at com.google.caja.parser.js.JsonMLParser.parse(JsonMLParser.java:22)
	at com.google.javascript.jscomp.jsonml.JsonMLConversionTest.testConversion(JsonMLConversionTest.java:111)
	at com.google.javascript.jscomp.jsonml.JsonMLConversionTest.testArray1(JsonMLConversionTest.java:127)
	at sun.reflect.NativeMethodAccessorImpl.invoke0(Native Method)
	at sun.reflect.NativeMethodAccessorImpl.invoke(NativeMethodAccessorImpl.java:62)
	at sun.reflect.DelegatingMethodAccessorImpl.invoke(DelegatingMethodAccessorImpl.java:43)
	at java.lang.reflect.Method.invoke(Method.java:498)
	at junit.framework.TestCase.runTest(TestCase.java:168)
	at junit.framework.TestCase.runBare(TestCase.java:134)
	at junit.framework.TestResult$1.protect(TestResult.java:110)
	at junit.framework.TestResult.runProtected(TestResult.java:128)
	at junit.framework.TestResult.run(TestResult.java:113)
	at junit.framework.TestCase.run(TestCase.java:124)
	at junit.framework.TestSuite.runTest(TestSuite.java:243)
	at junit.framework.TestSuite.run(TestSuite.java:238)
	at org.junit.internal.runners.JUnit38ClassRunner.run(JUnit38ClassRunner.java:83)
	at org.junit.runners.Suite.runChild(Suite.java:128)
	at org.junit.runners.Suite.runChild(Suite.java:24)
	at org.junit.runners.ParentRunner$3.run(ParentRunner.java:193)
	at org.junit.runners.ParentRunner$1.schedule(ParentRunner.java:52)
	at org.junit.runners.ParentRunner.runChildren(ParentRunner.java:191)
	at org.junit.runners.ParentRunner.access$000(ParentRunner.java:42)
	at org.junit.runners.ParentRunner$2.evaluate(ParentRunner.java:184)
	at org.junit.runners.ParentRunner.run(ParentRunner.java:236)
	at org.junit.runner.JUnitCore.run(JUnitCore.java:157)
	at org.junit.runner.JUnitCore.run(JUnitCore.java:136)
	at org.junit.runner.JUnitCore.run(JUnitCore.java:117)
	at br.usp.each.saeg.jaguardf.cli.JaguarRunner.run(JaguarRunner.java:64)
	at br.usp.each.saeg.jaguardf.cli.JaguarRunner.main(JaguarRunner.java:96)
LOG:unknown:///unknown:1+39: Semicolon inserted
LOG:unknown:///unknown:1+39: Semicolon inserted
LOG:unknown:///unknown:1+35: Semicolon inserted
LOG:unknown:///unknown:1+35: Semicolon inserted
LOG:unknown:///unknown:1+43: Semicolon inserted
LOG:unknown:///unknown:1+43: Semicolon inserted
LOG:unknown:///unknown:1+36: Semicolon inserted
LOG:unknown:///unknown:1+36: Semicolon inserted
LOG:unknown:///unknown:1+13: Semicolon inserted
LOG:unknown:///unknown:1+13: Semicolon inserted
LOG:unknown:///unknown:1+29: Semicolon inserted
LOG:unknown:///unknown:1+29: Semicolon inserted
LOG:unknown:///unknown:1+43: Semicolon inserted
LOG:unknown:///unknown:1+43: Semicolon inserted
LOG:unknown:///unknown:1+87: Semicolon inserted
LOG:unknown:///unknown:1+88: Semicolon inserted
LOG:unknown:///unknown:1+87: Semicolon inserted
LOG:unknown:///unknown:1+88: Semicolon inserted
LOG:unknown:///unknown:1+17: Semicolon inserted
LOG:unknown:///unknown:1+17: Semicolon inserted
LOG:unknown:///unknown:1+17: Semicolon inserted
LOG:unknown:///unknown:1+30: Semicolon inserted
LOG:unknown:///unknown:1+17: Semicolon inserted
LOG:unknown:///unknown:1+30: Semicolon inserted
LOG:unknown:///unknown:1+22: Semicolon inserted
LOG:unknown:///unknown:1+35: Semicolon inserted
LOG:unknown:///unknown:1+22: Semicolon inserted
LOG:unknown:///unknown:1+35: Semicolon inserted
LOG:unknown:///unknown:1+26: Semicolon inserted
LOG:unknown:///unknown:1+39: Semicolon inserted
LOG:unknown:///unknown:1+26: Semicolon inserted
LOG:unknown:///unknown:1+39: Semicolon inserted
LOG:unknown:///unknown:1+17: Semicolon inserted
LOG:unknown:///unknown:1+17: Semicolon inserted
LOG:unknown:///unknown:1+41: Semicolon inserted
LOG:unknown:///unknown:1+41: Semicolon inserted
LOG:unknown:///unknown:1+48: Semicolon inserted
LOG:unknown:///unknown:1+48: Semicolon inserted
LOG:unknown:///unknown:1+106: Semicolon inserted
LOG:unknown:///unknown:1+107: Semicolon inserted
LOG:unknown:///unknown:1+106: Semicolon inserted
LOG:unknown:///unknown:1+107: Semicolon inserted
LOG:unknown:///unknown:1+23: Semicolon inserted
LOG:unknown:///unknown:1+23: Semicolon inserted
LOG:unknown:///unknown:1+19: Semicolon inserted
LOG:unknown:///unknown:1+19: Semicolon inserted
LOG:unknown:///unknown:1+46: Semicolon inserted
LOG:unknown:///unknown:1+46: Semicolon inserted
LOG:unknown:///unknown:1+25: Semicolon inserted
LOG:unknown:///unknown:1+25: Semicolon inserted
LOG:unknown:///unknown:1+27: Semicolon inserted
LOG:unknown:///unknown:1+27: Semicolon inserted
LOG:unknown:///unknown:1+35: Semicolon inserted
LOG:unknown:///unknown:1+35: Semicolon inserted
LOG:unknown:///unknown:1+39: Semicolon inserted
LOG:unknown:///unknown:1+39: Semicolon inserted
LOG:unknown:///unknown:1+61: Semicolon inserted
LOG:unknown:///unknown:1+62: Semicolon inserted
LOG:unknown:///unknown:1+61: Semicolon inserted
LOG:unknown:///unknown:1+62: Semicolon inserted
LOG:unknown:///unknown:1+63: Semicolon inserted
LOG:unknown:///unknown:1+68: Semicolon inserted
LOG:unknown:///unknown:1+63: Semicolon inserted
LOG:unknown:///unknown:1+68: Semicolon inserted
LOG:unknown:///unknown:1+5: Semicolon inserted
LOG:unknown:///unknown:1+5: Semicolon inserted
LOG:unknown:///unknown:1+84: Semicolon inserted
LOG:unknown:///unknown:1+84: Semicolon inserted
LOG:unknown:///unknown:1+30: Semicolon inserted
LOG:unknown:///unknown:1+30: Semicolon inserted
LOG:unknown:///unknown:1+30: Semicolon inserted
LOG:unknown:///unknown:1+30: Semicolon inserted
LOG:unknown:///unknown:1+38: Semicolon inserted
LOG:unknown:///unknown:1+38: Semicolon inserted
LOG:unknown:///unknown:1+33: Semicolon inserted
LOG:unknown:///unknown:1+33: Semicolon inserted
LOG:unknown:///unknown:1+35: Semicolon inserted
LOG:unknown:///unknown:1+35: Semicolon inserted
LOG:unknown:///unknown:1+59: Semicolon inserted
LOG:unknown:///unknown:1+59: Semicolon inserted
LOG:unknown:///unknown:1+27: Semicolon inserted
LOG:unknown:///unknown:1+27: Semicolon inserted
LOG:unknown:///unknown:1+27: Semicolon inserted
LOG:unknown:///unknown:1+34: Semicolon inserted
LOG:unknown:///unknown:1+27: Semicolon inserted
LOG:unknown:///unknown:1+34: Semicolon inserted
LOG:unknown:///unknown:1+32: Semicolon inserted
LOG:unknown:///unknown:1+32: Semicolon inserted
LOG:unknown:///unknown:1+42: Semicolon inserted
LOG:unknown:///unknown:1+42: Semicolon inserted
LOG:unknown:///unknown:1+58: Semicolon inserted
LOG:unknown:///unknown:1+58: Semicolon inserted
LOG:unknown:///unknown:1+43: Semicolon inserted
LOG:unknown:///unknown:1+59: Semicolon inserted
LOG:unknown:///unknown:1+43: Semicolon inserted
LOG:unknown:///unknown:1+59: Semicolon inserted
LOG:unknown:///unknown:1+22: Semicolon inserted
LOG:unknown:///unknown:1+39: Semicolon inserted
LOG:unknown:///unknown:1+22: Semicolon inserted
LOG:unknown:///unknown:1+39: Semicolon inserted
LOG:unknown:///unknown:1+95: Semicolon inserted
LOG:unknown:///unknown:1+102: Semicolon inserted
LOG:unknown:///unknown:1+119: Semicolon inserted
LOG:unknown:///unknown:1+95: Semicolon inserted
LOG:unknown:///unknown:1+102: Semicolon inserted
LOG:unknown:///unknown:1+119: Semicolon inserted
LOG:unknown:///unknown:1+22: Semicolon inserted
LOG:unknown:///unknown:1+37: Semicolon inserted
LOG:unknown:///unknown:1+22: Semicolon inserted
LOG:unknown:///unknown:1+37: Semicolon inserted
LOG:unknown:///unknown:1+95: Semicolon inserted
LOG:unknown:///unknown:1+102: Semicolon inserted
LOG:unknown:///unknown:1+117: Semicolon inserted
LOG:unknown:///unknown:1+95: Semicolon inserted
LOG:unknown:///unknown:1+102: Semicolon inserted
LOG:unknown:///unknown:1+117: Semicolon inserted
LOG:unknown:///unknown:1+22: Semicolon inserted
LOG:unknown:///unknown:1+22: Semicolon inserted
LOG:unknown:///unknown:1+95: Semicolon inserted
LOG:unknown:///unknown:1+102: Semicolon inserted
LOG:unknown:///unknown:1+119: Semicolon inserted
LOG:unknown:///unknown:1+134: Semicolon inserted
LOG:unknown:///unknown:1+95: Semicolon inserted
LOG:unknown:///unknown:1+102: Semicolon inserted
LOG:unknown:///unknown:1+119: Semicolon inserted
LOG:unknown:///unknown:1+134: Semicolon inserted
LOG:unknown:///unknown:1+34: Semicolon inserted
LOG:unknown:///unknown:1+34: Semicolon inserted
LOG:unknown:///unknown:1+34: Semicolon inserted
LOG:unknown:///unknown:1+34: Semicolon inserted
LOG:unknown:///unknown:1+42: Semicolon inserted
LOG:unknown:///unknown:1+42: Semicolon inserted
LOG:unknown:///unknown:1+28: Semicolon inserted
LOG:unknown:///unknown:1+28: Semicolon inserted
LOG:unknown:///unknown:1+42: Semicolon inserted
LOG:unknown:///unknown:1+42: Semicolon inserted
LOG:unknown:///unknown:1+62: Semicolon inserted
LOG:unknown:///unknown:1+63: Semicolon inserted
LOG:unknown:///unknown:1+62: Semicolon inserted
LOG:unknown:///unknown:1+63: Semicolon inserted
Nov 04, 2020 11:38:11 AM com.google.javascript.jscomp.LoggerErrorManager println
SEVERE: ERROR - Syntax error: Wrong type of child number 1 for VarDecl. Expected: [InitPatt, IdPatt]. Found: IdExpr.

Nov 04, 2020 11:38:11 AM com.google.javascript.jscomp.LoggerErrorManager printSummary
WARNING: 1 error(s), 0 warning(s)
Nov 04, 2020 12:31:21 PM com.google.javascript.jscomp.parsing.ParserRunner parse
INFO: Error parsing input: JSCompiler test code: Compilation produced 1 syntax errors.
Nov 04, 2020 12:31:55 PM com.google.javascript.jscomp.parsing.ParserRunner parse
INFO: Error parsing input: JSCompiler test code: Compilation produced 1 syntax errors.
Nov 04, 2020 12:32:12 PM com.google.javascript.jscomp.parsing.ParserRunner parse
INFO: Error parsing input: JSCompiler test code: Compilation produced 2 syntax errors.
Nov 04, 2020 12:32:18 PM com.google.javascript.jscomp.parsing.ParserRunner parse
INFO: Error parsing input: JSCompiler test code: Compilation produced 1 syntax errors.
Nov 04, 2020 12:32:23 PM com.google.javascript.jscomp.parsing.ParserRunner parse
INFO: Error parsing input: JSCompiler test code: Compilation produced 1 syntax errors.
Nov 04, 2020 12:32:29 PM com.google.javascript.jscomp.parsing.ParserRunner parse
INFO: Error parsing input: JSCompiler test code: Compilation produced 1 syntax errors.
Nov 04, 2020 12:32:40 PM com.google.javascript.jscomp.parsing.ParserRunner parse
INFO: Error parsing input: JSCompiler test code: Compilation produced 1 syntax errors.
Nov 04, 2020 12:32:46 PM com.google.javascript.jscomp.parsing.ParserRunner parse
INFO: Error parsing input: JSCompiler test code: Compilation produced 2 syntax errors.
Nov 04, 2020 12:32:52 PM com.google.javascript.jscomp.parsing.ParserRunner parse
INFO: Error parsing input: JSCompiler test code: Compilation produced 2 syntax errors.
Nov 04, 2020 12:33:08 PM com.google.javascript.jscomp.parsing.ParserRunner parse
INFO: Error parsing input: JSCompiler test code: Compilation produced 2 syntax errors.
Nov 04, 2020 12:33:48 PM com.google.javascript.jscomp.parsing.ParserRunner parse
INFO: Error parsing input: JSCompiler test code: Compilation produced 1 syntax errors.
Nov 04, 2020 12:34:05 PM com.google.javascript.jscomp.parsing.ParserRunner parse
INFO: Error parsing input: JSCompiler test code: Compilation produced 1 syntax errors.
Nov 04, 2020 12:34:05 PM com.google.javascript.jscomp.parsing.ParserRunner parse
INFO: Error parsing input: JSCompiler test code: Compilation produced 1 syntax errors.
Nov 04, 2020 12:34:05 PM com.google.javascript.jscomp.parsing.ParserRunner parse
INFO: Error parsing input: JSCompiler test code: Compilation produced 1 syntax errors.
Nov 04, 2020 12:34:05 PM com.google.javascript.jscomp.parsing.ParserRunner parse
INFO: Error parsing input: JSCompiler test code: Compilation produced 1 syntax errors.
Nov 04, 2020 12:34:05 PM com.google.javascript.jscomp.parsing.ParserRunner parse
INFO: Error parsing input: JSCompiler test code: Compilation produced 1 syntax errors.
Nov 04, 2020 12:34:10 PM com.google.javascript.jscomp.parsing.ParserRunner parse
INFO: Error parsing input: JSCompiler test code: Compilation produced 1 syntax errors.
Nov 04, 2020 12:34:10 PM com.google.javascript.jscomp.parsing.ParserRunner parse
INFO: Error parsing input: JSCompiler test code: Compilation produced 1 syntax errors.
Nov 04, 2020 12:34:10 PM com.google.javascript.jscomp.parsing.ParserRunner parse
INFO: Error parsing input: JSCompiler test code: Compilation produced 1 syntax errors.
Nov 04, 2020 12:34:10 PM com.google.javascript.jscomp.parsing.ParserRunner parse
INFO: Error parsing input: JSCompiler test code: Compilation produced 1 syntax errors.
Nov 04, 2020 12:34:10 PM com.google.javascript.jscomp.parsing.ParserRunner parse
INFO: Error parsing input: JSCompiler test code: Compilation produced 1 syntax errors.
Nov 04, 2020 12:34:10 PM com.google.javascript.jscomp.parsing.ParserRunner parse
INFO: Error parsing input: JSCompiler test code: Compilation produced 1 syntax errors.
java.lang.IllegalStateException
	at com.google.common.base.Preconditions.checkState(Preconditions.java:129)
	at com.google.javascript.rhino.jstype.PrototypeObjectType.setImplicitPrototype(PrototypeObjectType.java:418)
	at com.google.javascript.rhino.jstype.FunctionType.setPrototypeBasedOn(FunctionType.java:295)
	at com.google.javascript.rhino.jstype.JSTypeTest.testInvalidSetPrototypeBasedOn(JSTypeTest.java:5228)
	at sun.reflect.NativeMethodAccessorImpl.invoke0(Native Method)
	at sun.reflect.NativeMethodAccessorImpl.invoke(NativeMethodAccessorImpl.java:62)
	at sun.reflect.DelegatingMethodAccessorImpl.invoke(DelegatingMethodAccessorImpl.java:43)
	at java.lang.reflect.Method.invoke(Method.java:498)
	at junit.framework.TestCase.runTest(TestCase.java:168)
	at junit.framework.TestCase.runBare(TestCase.java:134)
	at junit.framework.TestResult$1.protect(TestResult.java:110)
	at junit.framework.TestResult.runProtected(TestResult.java:128)
	at junit.framework.TestResult.run(TestResult.java:113)
	at junit.framework.TestCase.run(TestCase.java:124)
	at junit.framework.TestSuite.runTest(TestSuite.java:243)
	at junit.framework.TestSuite.run(TestSuite.java:238)
	at org.junit.internal.runners.JUnit38ClassRunner.run(JUnit38ClassRunner.java:83)
	at org.junit.runners.Suite.runChild(Suite.java:128)
	at org.junit.runners.Suite.runChild(Suite.java:24)
	at org.junit.runners.ParentRunner$3.run(ParentRunner.java:193)
	at org.junit.runners.ParentRunner$1.schedule(ParentRunner.java:52)
	at org.junit.runners.ParentRunner.runChildren(ParentRunner.java:191)
	at org.junit.runners.ParentRunner.access$000(ParentRunner.java:42)
	at org.junit.runners.ParentRunner$2.evaluate(ParentRunner.java:184)
	at org.junit.runners.ParentRunner.run(ParentRunner.java:236)
	at org.junit.runner.JUnitCore.run(JUnitCore.java:157)
	at org.junit.runner.JUnitCore.run(JUnitCore.java:136)
	at org.junit.runner.JUnitCore.run(JUnitCore.java:117)
	at br.usp.each.saeg.jaguardf.cli.JaguarRunner.run(JaguarRunner.java:64)
	at br.usp.each.saeg.jaguardf.cli.JaguarRunner.main(JaguarRunner.java:96)
13:02:21.290 [main] INFO  JaguarDF - Jaguar-DF has finished!

real	555m15.024s
user	570m20.800s
sys	6m9.640s
