09:00:38.697 [main] INFO  JaguarDF - Welcome to Jaguar-DF CLI!
09:00:39.542 [main] DEBUG JaguarDF - CLI Arguments: [--projectDir, d4jprojects/commons-math, --classesDir, target/classes, --testsDir, target/test-classes, --tests, tests.out, --logLevel, INFO]
Cannot find FastMath method corresponding to: public static int java.lang.StrictMath.addExact(int,int)
Cannot find FastMath method corresponding to: public static long java.lang.StrictMath.addExact(long,long)
Cannot find FastMath method corresponding to: public static int java.lang.StrictMath.multiplyExact(int,int)
Cannot find FastMath method corresponding to: public static long java.lang.StrictMath.multiplyExact(long,long)
Cannot find FastMath method corresponding to: public static long java.lang.StrictMath.subtractExact(long,long)
Cannot find FastMath method corresponding to: public static int java.lang.StrictMath.subtractExact(int,int)
Cannot find FastMath method corresponding to: public static int java.lang.StrictMath.toIntExact(long)
Cannot find FastMath method corresponding to: public static long java.lang.StrictMath.floorDiv(long,long)
Cannot find FastMath method corresponding to: public static int java.lang.StrictMath.floorDiv(int,int)
Cannot find FastMath method corresponding to: public static int java.lang.StrictMath.floorMod(int,int)
Cannot find FastMath method corresponding to: public static long java.lang.StrictMath.floorMod(long,long)
Cannot find FastMath method corresponding to: public static float java.lang.StrictMath.nextDown(float)
Cannot find FastMath method corresponding to: public static double java.lang.StrictMath.nextDown(double)
09:56:11.816 [main] INFO  JaguarDF - Test testEbeDivideMixedTypes(org.apache.commons.math3.linear.SparseRealVectorTest) : Failed
09:56:15.249 [main] INFO  JaguarDF - Test testEbeMultiplyMixedTypes(org.apache.commons.math3.linear.SparseRealVectorTest) : Failed
09:56:32.131 [main] INFO  JaguarDF - Test testEbeMultiplySameType(org.apache.commons.math3.linear.SparseRealVectorTest) : Failed
13:41:10.398 [main] INFO  JaguarDF - Jaguar-DF has finished!

real	280m34.455s
user	278m28.409s
sys	1m36.868s
