02:43:00.043 [main] INFO  JaguarDF - Welcome to Jaguar-DF CLI!
02:43:00.157 [main] DEBUG JaguarDF - CLI Arguments: [--projectDir, /PPgSI/workdir/Cli/26b, --classesDir, target/classes, --testsDir, target/test-classes, --tests, /PPgSI/workdir/Cli/26b/tests.all, --logLevel, INFO]
usage: man [-c|-f|-k|-w|-tZT device] [-adlhu7V] [-Mpath]
           [-Ppager] [-Slist] [-msystem] [-pstring]
           [-Llocale] [-eextension] [section] page ...
 -7,--ascii                display ASCII translation or
                           certain latin1 chars.
 -a,--all                  find all matching manual pages.
 -c,--catman               used by catman to reformat out of
                           date cat pages.
 -d,--debug                emit debugging messages.
 -D,--default              reset all options to their
                           default values.
 -e,--extension            limit search to extension type
                           'extension'.
 -f,--whatis               equivalent to whatis.
 -h,--help                 show this usage message.
 -k,--apropos              equivalent to apropos.
 -l,--local-file           interpret 'page' argument(s) as
                           local filename(s)
 -L,--locale <arg>         define the locale for this
                           particular man search.
 -M,--manpath <arg>        set search path for manual pages
                           to 'path'.
 -m,--systems <arg>        search for man pages from other
                           unix system(s).
 -P,--pager <arg>          use program 'pager' to display
                           output.
 -p,--preprocessor <arg>   string indicates which
                           preprocessor to run.
                           e - [n]eqn  p - pic     t - tbl
                           g - grap    r - refer   v -
                           vgrind
 -r,--prompt <arg>         provide 'less' pager with prompt.
 -S,--sections <arg>       use colon separated section list.
 -t,--troff                use troff format pages.
 -T,--troff-device <arg>   use groff with selected device.
 -u,--update               force a cache consistency check.
 -V,--version              show version.
 -w,--location             print physical location of man
                           page(s).
 -Z,--ditroff              use groff with selected device.
02:43:15.845 [main] INFO  JaguarDF - Test testBuilderIsResettedAlways(org.apache.commons.cli.OptionBuilderTest) : Failed
usage: app
 -h,--help   This is
             a
             looooon
             g
             descrip
             tion
usage: org.apache.commons.cli.bug.BugCLI162Test
 -2,--jdbc2sfmd <arg>        Converts the JDBC file in the first argument
                             to an SMFD file specified in the second
                             argument.
 -a,--paramNames <arg>       Parameter XML names; default names are
                             param1, param2, etc. Example: -a "pname1
                             pname2"
 -b,--jdbc <arg>             Writes a JDBC binding node file for the given
                             SQL
 -c,--url <arg>              Connection URL
 -d,--driver <arg>           JDBC driver class name
 -e,--description <arg>      SFMD description. A default description is
                             used if omited. Example: -e "Runs such and
                             such"
 -f,--sfmd <arg>             Writes a SFMD file for the given SQL
 -g,--printTiming            Prints timing information
 -h,--help                   Prints help and quits
 -i,--interactive            Runs in interactive mode, reading and writing
                             from the console, 'go' or '/' sends a
                             statement
 -j,--node <arg>             Writes a JDBC node file for the given SQL
                             (internal debugging)
 -l,--columnNames <arg>      Column XML names; default names column
                             labels. Example: -l "cname1 cname2"
 -m,--printMetaData          Prints metadata information
 -n,--info                   Prints driver information and properties. If
                             -c is not specified, all drivers on the
                             classpath are displayed.
 -o,--paramModes <arg>       Parameters modes (1=IN, 2=INOUT, 4=OUT,
                             0=Unknown). -o and -O are mutually exclusive.
                             Example for 2 parameters, OUT and IN: -o "4
                             1"
 -O,--paramModeNames <arg>   Parameters mode names (IN, INOUT, OUT,
                             Unknown). -o and -O are mutually exclusive.
                             Example for 2 parameters, OUT and IN: -O "OUT
                             IN"
 -p,--password <arg>         The database password for the user specified
                             with the -u option. You can obfuscate the
                             password with
                             org.mortbay.jetty.security.Password, see
                             http://docs.codehaus.org/display/JETTY/Securi
                             ng+Passwords
 -s,--sql <arg>              Runs SQL or {call stored_procedure(?, ?)} or
                             {?=call function(?, ?)}
 -t,--printStack             Prints stack traces on errors
    --trim <arg>             Trims leading and trailing spaces from all
                             column values. Column XML names can be
                             optionally specified to set which columns to
                             trim.
 -u,--user <arg>             A database user name
 -w,--outfile <arg>          Writes the SQL output to the given file
 -y,--paramTypes <arg>       Parameter types from java.sql.Types. -y and
                             -Y are mutually exclusive. Example: -y "-10
                             12"
 -Y,--paramTypeNames <arg>   Parameter java.sql.Types names. -y and -Y are
                             mutually exclusive. Example: -Y "CURSOR
                             VARCHAR"
02:43:32.417 [main] INFO  JaguarDF - Jaguar-DF has finished!
