08:08:50.471 [main] INFO  JaguarDF - Welcome to Jaguar-DF CLI!
08:08:51.065 [main] DEBUG JaguarDF - CLI Arguments: [--projectDir, d4jprojects/closure-compiler, --classesDir, build/classes, --testsDir, build/test, --tests, tests.out, --logLevel, INFO]
Oct 29, 2020 8:09:27 AM com.google.javascript.jscomp.PhaseOptimizer$NamedPass process
INFO: checkVars
Oct 29, 2020 8:09:27 AM com.google.javascript.jscomp.PhaseOptimizer$NamedPass process
INFO: replaceMessages
Oct 29, 2020 8:09:27 AM com.google.javascript.jscomp.PhaseOptimizer$NamedPass process
INFO: processDefines
Oct 29, 2020 8:09:29 AM com.google.javascript.jscomp.PhaseOptimizer$NamedPass process
INFO: checkVars
Oct 29, 2020 8:09:29 AM com.google.javascript.jscomp.PhaseOptimizer$NamedPass process
INFO: replaceMessages
Oct 29, 2020 8:09:29 AM com.google.javascript.jscomp.PhaseOptimizer$NamedPass process
INFO: processDefines
Oct 29, 2020 8:09:30 AM com.google.javascript.jscomp.PhaseOptimizer$NamedPass process
INFO: checkVars
Oct 29, 2020 8:09:30 AM com.google.javascript.jscomp.PhaseOptimizer$NamedPass process
INFO: replaceMessages
Oct 29, 2020 8:09:30 AM com.google.javascript.jscomp.PhaseOptimizer$NamedPass process
INFO: processDefines
Oct 29, 2020 8:09:32 AM com.google.javascript.jscomp.PhaseOptimizer$NamedPass process
INFO: checkVars
Oct 29, 2020 8:09:32 AM com.google.javascript.jscomp.PhaseOptimizer$NamedPass process
INFO: replaceMessages
Oct 29, 2020 8:09:32 AM com.google.javascript.jscomp.PhaseOptimizer$NamedPass process
INFO: processDefines
Oct 29, 2020 8:09:33 AM com.google.javascript.jscomp.PhaseOptimizer$NamedPass process
INFO: checkVars
Oct 29, 2020 8:09:33 AM com.google.javascript.jscomp.PhaseOptimizer$NamedPass process
INFO: replaceMessages
Oct 29, 2020 8:09:33 AM com.google.javascript.jscomp.PhaseOptimizer$NamedPass process
INFO: processDefines
Oct 29, 2020 8:09:34 AM com.google.javascript.jscomp.PhaseOptimizer$NamedPass process
INFO: checkVars
Oct 29, 2020 8:09:34 AM com.google.javascript.jscomp.PhaseOptimizer$NamedPass process
INFO: replaceMessages
Oct 29, 2020 8:09:34 AM com.google.javascript.jscomp.PhaseOptimizer$NamedPass process
INFO: processDefines
Oct 29, 2020 8:09:35 AM com.google.javascript.jscomp.PhaseOptimizer$NamedPass process
INFO: checkVars
Oct 29, 2020 8:09:35 AM com.google.javascript.jscomp.PhaseOptimizer$NamedPass process
INFO: replaceMessages
Oct 29, 2020 8:09:35 AM com.google.javascript.jscomp.PhaseOptimizer$NamedPass process
INFO: processDefines
Oct 29, 2020 8:09:36 AM com.google.javascript.jscomp.PhaseOptimizer$NamedPass process
INFO: checkVars
Oct 29, 2020 8:09:36 AM com.google.javascript.jscomp.PhaseOptimizer$NamedPass process
INFO: replaceMessages
Oct 29, 2020 8:09:36 AM com.google.javascript.jscomp.PhaseOptimizer$NamedPass process
INFO: processDefines
Oct 29, 2020 8:09:37 AM com.google.javascript.jscomp.PhaseOptimizer$NamedPass process
INFO: checkVars
Oct 29, 2020 8:09:37 AM com.google.javascript.jscomp.PhaseOptimizer$NamedPass process
INFO: replaceMessages
Oct 29, 2020 8:09:37 AM com.google.javascript.jscomp.PhaseOptimizer$NamedPass process
INFO: processDefines
Oct 29, 2020 8:09:39 AM com.google.javascript.jscomp.PhaseOptimizer$NamedPass process
INFO: checkVars
Oct 29, 2020 8:09:39 AM com.google.javascript.jscomp.PhaseOptimizer$NamedPass process
INFO: replaceMessages
Oct 29, 2020 8:09:39 AM com.google.javascript.jscomp.PhaseOptimizer$NamedPass process
INFO: processDefines
Oct 29, 2020 8:09:39 AM com.google.javascript.jscomp.PhaseOptimizer$NamedPass process
INFO: checkVars
Oct 29, 2020 8:09:39 AM com.google.javascript.jscomp.PhaseOptimizer$NamedPass process
INFO: replaceMessages
Oct 29, 2020 8:09:39 AM com.google.javascript.jscomp.PhaseOptimizer$NamedPass process
INFO: processDefines
Oct 29, 2020 8:09:40 AM com.google.javascript.jscomp.PhaseOptimizer$NamedPass process
INFO: checkVars
Oct 29, 2020 8:09:40 AM com.google.javascript.jscomp.PhaseOptimizer$NamedPass process
INFO: replaceMessages
Oct 29, 2020 8:09:40 AM com.google.javascript.jscomp.PhaseOptimizer$NamedPass process
INFO: processDefines
Oct 29, 2020 8:09:41 AM com.google.javascript.jscomp.PhaseOptimizer$NamedPass process
INFO: checkVars
Oct 29, 2020 8:09:41 AM com.google.javascript.jscomp.PhaseOptimizer$NamedPass process
INFO: replaceMessages
Oct 29, 2020 8:09:41 AM com.google.javascript.jscomp.PhaseOptimizer$NamedPass process
INFO: processDefines
Oct 29, 2020 8:09:42 AM com.google.javascript.jscomp.PhaseOptimizer$NamedPass process
INFO: checkVars
Oct 29, 2020 8:09:42 AM com.google.javascript.jscomp.PhaseOptimizer$NamedPass process
INFO: replaceMessages
Oct 29, 2020 8:09:42 AM com.google.javascript.jscomp.PhaseOptimizer$NamedPass process
INFO: processDefines
Oct 29, 2020 8:09:44 AM com.google.javascript.jscomp.PhaseOptimizer$NamedPass process
INFO: checkVars
Oct 29, 2020 8:09:44 AM com.google.javascript.jscomp.PhaseOptimizer$NamedPass process
INFO: replaceMessages
Oct 29, 2020 8:09:44 AM com.google.javascript.jscomp.PhaseOptimizer$NamedPass process
INFO: processDefines
Oct 29, 2020 8:09:44 AM com.google.javascript.jscomp.PhaseOptimizer$NamedPass process
INFO: checkVars
Oct 29, 2020 8:09:44 AM com.google.javascript.jscomp.PhaseOptimizer$NamedPass process
INFO: replaceMessages
Oct 29, 2020 8:09:44 AM com.google.javascript.jscomp.PhaseOptimizer$NamedPass process
INFO: processDefines
Oct 29, 2020 8:09:46 AM com.google.javascript.jscomp.PhaseOptimizer$NamedPass process
INFO: checkVars
Oct 29, 2020 8:09:46 AM com.google.javascript.jscomp.PhaseOptimizer$NamedPass process
INFO: replaceMessages
Oct 29, 2020 8:09:46 AM com.google.javascript.jscomp.PhaseOptimizer$NamedPass process
INFO: processDefines
Oct 29, 2020 8:09:46 AM com.google.javascript.jscomp.PhaseOptimizer$NamedPass process
INFO: checkVars
Oct 29, 2020 8:09:46 AM com.google.javascript.jscomp.PhaseOptimizer$NamedPass process
INFO: replaceMessages
Oct 29, 2020 8:09:46 AM com.google.javascript.jscomp.PhaseOptimizer$NamedPass process
INFO: processDefines
Oct 29, 2020 8:09:48 AM com.google.javascript.jscomp.PhaseOptimizer$NamedPass process
INFO: checkVars
Oct 29, 2020 8:09:48 AM com.google.javascript.jscomp.PhaseOptimizer$NamedPass process
INFO: replaceMessages
Oct 29, 2020 8:09:48 AM com.google.javascript.jscomp.PhaseOptimizer$NamedPass process
INFO: processDefines
Oct 29, 2020 8:09:50 AM com.google.javascript.jscomp.PhaseOptimizer$NamedPass process
INFO: checkVars
Oct 29, 2020 8:09:50 AM com.google.javascript.jscomp.PhaseOptimizer$NamedPass process
INFO: replaceMessages
Oct 29, 2020 8:09:50 AM com.google.javascript.jscomp.PhaseOptimizer$NamedPass process
INFO: processDefines
Oct 29, 2020 8:09:53 AM com.google.javascript.jscomp.PhaseOptimizer$NamedPass process
INFO: checkVars
Oct 29, 2020 8:09:53 AM com.google.javascript.jscomp.PhaseOptimizer$NamedPass process
INFO: replaceMessages
Oct 29, 2020 8:09:53 AM com.google.javascript.jscomp.PhaseOptimizer$NamedPass process
INFO: processDefines
Oct 29, 2020 8:09:55 AM com.google.javascript.jscomp.PhaseOptimizer$NamedPass process
INFO: checkVars
Oct 29, 2020 8:09:55 AM com.google.javascript.jscomp.PhaseOptimizer$NamedPass process
INFO: replaceMessages
Oct 29, 2020 8:09:55 AM com.google.javascript.jscomp.PhaseOptimizer$NamedPass process
INFO: processDefines
Oct 29, 2020 8:09:57 AM com.google.javascript.jscomp.PhaseOptimizer$NamedPass process
INFO: checkVars
Oct 29, 2020 8:09:57 AM com.google.javascript.jscomp.PhaseOptimizer$NamedPass process
INFO: replaceMessages
Oct 29, 2020 8:09:57 AM com.google.javascript.jscomp.PhaseOptimizer$NamedPass process
INFO: processDefines
Oct 29, 2020 8:09:59 AM com.google.javascript.jscomp.PhaseOptimizer$NamedPass process
INFO: checkVars
Oct 29, 2020 8:09:59 AM com.google.javascript.jscomp.PhaseOptimizer$NamedPass process
INFO: replaceMessages
Oct 29, 2020 8:09:59 AM com.google.javascript.jscomp.PhaseOptimizer$NamedPass process
INFO: processDefines
Oct 29, 2020 8:09:59 AM com.google.javascript.jscomp.PhaseOptimizer$NamedPass process
INFO: checkVars
Oct 29, 2020 8:09:59 AM com.google.javascript.jscomp.PhaseOptimizer$NamedPass process
INFO: replaceMessages
Oct 29, 2020 8:09:59 AM com.google.javascript.jscomp.PhaseOptimizer$NamedPass process
INFO: processDefines
Oct 29, 2020 8:10:01 AM com.google.javascript.jscomp.PhaseOptimizer$NamedPass process
INFO: checkVars
Oct 29, 2020 8:10:01 AM com.google.javascript.jscomp.PhaseOptimizer$NamedPass process
INFO: replaceMessages
Oct 29, 2020 8:10:01 AM com.google.javascript.jscomp.PhaseOptimizer$NamedPass process
INFO: processDefines
Oct 29, 2020 8:10:04 AM com.google.javascript.jscomp.PhaseOptimizer$NamedPass process
INFO: checkVars
Oct 29, 2020 8:10:04 AM com.google.javascript.jscomp.PhaseOptimizer$NamedPass process
INFO: replaceMessages
Oct 29, 2020 8:10:04 AM com.google.javascript.jscomp.PhaseOptimizer$NamedPass process
INFO: processDefines
Oct 29, 2020 8:10:06 AM com.google.javascript.jscomp.PhaseOptimizer$NamedPass process
INFO: checkVars
Oct 29, 2020 8:10:06 AM com.google.javascript.jscomp.PhaseOptimizer$NamedPass process
INFO: replaceMessages
Oct 29, 2020 8:10:06 AM com.google.javascript.jscomp.PhaseOptimizer$NamedPass process
INFO: processDefines
Oct 29, 2020 8:10:08 AM com.google.javascript.jscomp.PhaseOptimizer$NamedPass process
INFO: checkVars
Oct 29, 2020 8:10:08 AM com.google.javascript.jscomp.PhaseOptimizer$NamedPass process
INFO: replaceMessages
Oct 29, 2020 8:10:08 AM com.google.javascript.jscomp.PhaseOptimizer$NamedPass process
INFO: processDefines
Oct 29, 2020 8:10:08 AM com.google.javascript.jscomp.PhaseOptimizer$NamedPass process
INFO: checkVars
Oct 29, 2020 8:10:08 AM com.google.javascript.jscomp.PhaseOptimizer$NamedPass process
INFO: replaceMessages
Oct 29, 2020 8:10:08 AM com.google.javascript.jscomp.PhaseOptimizer$NamedPass process
INFO: processDefines
Oct 29, 2020 8:10:10 AM com.google.javascript.jscomp.PhaseOptimizer$NamedPass process
INFO: checkVars
Oct 29, 2020 8:10:10 AM com.google.javascript.jscomp.PhaseOptimizer$NamedPass process
INFO: replaceMessages
Oct 29, 2020 8:10:10 AM com.google.javascript.jscomp.PhaseOptimizer$NamedPass process
INFO: processDefines
Oct 29, 2020 8:10:10 AM com.google.javascript.jscomp.PhaseOptimizer$NamedPass process
INFO: checkVars
Oct 29, 2020 8:10:10 AM com.google.javascript.jscomp.PhaseOptimizer$NamedPass process
INFO: replaceMessages
Oct 29, 2020 8:10:10 AM com.google.javascript.jscomp.PhaseOptimizer$NamedPass process
INFO: processDefines
Oct 29, 2020 8:10:19 AM com.google.javascript.jscomp.PhaseOptimizer$NamedPass process
INFO: checkVars
Oct 29, 2020 8:10:19 AM com.google.javascript.jscomp.PhaseOptimizer$NamedPass process
INFO: replaceMessages
Oct 29, 2020 8:10:19 AM com.google.javascript.jscomp.PhaseOptimizer$NamedPass process
INFO: processDefines
Oct 29, 2020 8:10:21 AM com.google.javascript.jscomp.PhaseOptimizer$NamedPass process
INFO: checkVars
Oct 29, 2020 8:10:21 AM com.google.javascript.jscomp.PhaseOptimizer$NamedPass process
INFO: replaceMessages
Oct 29, 2020 8:10:21 AM com.google.javascript.jscomp.PhaseOptimizer$NamedPass process
INFO: processDefines
Oct 29, 2020 8:10:23 AM com.google.javascript.jscomp.PhaseOptimizer$NamedPass process
INFO: checkVars
Oct 29, 2020 8:10:23 AM com.google.javascript.jscomp.PhaseOptimizer$NamedPass process
INFO: replaceMessages
Oct 29, 2020 8:10:23 AM com.google.javascript.jscomp.PhaseOptimizer$NamedPass process
INFO: processDefines
Oct 29, 2020 8:10:25 AM com.google.javascript.jscomp.PhaseOptimizer$NamedPass process
INFO: checkVars
Oct 29, 2020 8:10:25 AM com.google.javascript.jscomp.PhaseOptimizer$NamedPass process
INFO: replaceMessages
Oct 29, 2020 8:10:25 AM com.google.javascript.jscomp.PhaseOptimizer$NamedPass process
INFO: processDefines
Oct 29, 2020 8:10:28 AM com.google.javascript.jscomp.PhaseOptimizer$NamedPass process
INFO: checkVars
Oct 29, 2020 8:10:28 AM com.google.javascript.jscomp.PhaseOptimizer$NamedPass process
INFO: replaceMessages
Oct 29, 2020 8:10:28 AM com.google.javascript.jscomp.PhaseOptimizer$NamedPass process
INFO: processDefines
Oct 29, 2020 8:10:30 AM com.google.javascript.jscomp.PhaseOptimizer$NamedPass process
INFO: checkVars
Oct 29, 2020 8:10:30 AM com.google.javascript.jscomp.PhaseOptimizer$NamedPass process
INFO: replaceMessages
Oct 29, 2020 8:10:30 AM com.google.javascript.jscomp.PhaseOptimizer$NamedPass process
INFO: processDefines
Oct 29, 2020 8:10:32 AM com.google.javascript.jscomp.PhaseOptimizer$NamedPass process
INFO: checkVars
Oct 29, 2020 8:10:32 AM com.google.javascript.jscomp.PhaseOptimizer$NamedPass process
INFO: replaceMessages
Oct 29, 2020 8:10:32 AM com.google.javascript.jscomp.PhaseOptimizer$NamedPass process
INFO: processDefines
Oct 29, 2020 8:10:32 AM com.google.javascript.jscomp.PhaseOptimizer$NamedPass process
INFO: checkVars
Oct 29, 2020 8:10:32 AM com.google.javascript.jscomp.PhaseOptimizer$NamedPass process
INFO: replaceMessages
Oct 29, 2020 8:10:32 AM com.google.javascript.jscomp.PhaseOptimizer$NamedPass process
INFO: processDefines
Oct 29, 2020 8:10:35 AM com.google.javascript.jscomp.PhaseOptimizer$NamedPass process
INFO: checkVars
Oct 29, 2020 8:10:35 AM com.google.javascript.jscomp.PhaseOptimizer$NamedPass process
INFO: replaceMessages
Oct 29, 2020 8:10:35 AM com.google.javascript.jscomp.PhaseOptimizer$NamedPass process
INFO: processDefines
Oct 29, 2020 8:10:37 AM com.google.javascript.jscomp.PhaseOptimizer$NamedPass process
INFO: checkVars
Oct 29, 2020 8:10:37 AM com.google.javascript.jscomp.PhaseOptimizer$NamedPass process
INFO: replaceMessages
Oct 29, 2020 8:10:37 AM com.google.javascript.jscomp.PhaseOptimizer$NamedPass process
INFO: processDefines
Oct 29, 2020 8:10:39 AM com.google.javascript.jscomp.PhaseOptimizer$NamedPass process
INFO: checkVars
Oct 29, 2020 8:10:39 AM com.google.javascript.jscomp.PhaseOptimizer$NamedPass process
INFO: replaceMessages
Oct 29, 2020 8:10:39 AM com.google.javascript.jscomp.PhaseOptimizer$NamedPass process
INFO: processDefines
Oct 29, 2020 8:10:41 AM com.google.javascript.jscomp.PhaseOptimizer$NamedPass process
INFO: checkVars
Oct 29, 2020 8:10:41 AM com.google.javascript.jscomp.PhaseOptimizer$NamedPass process
INFO: replaceMessages
Oct 29, 2020 8:10:41 AM com.google.javascript.jscomp.PhaseOptimizer$NamedPass process
INFO: processDefines
Oct 29, 2020 8:10:41 AM com.google.javascript.jscomp.PhaseOptimizer$NamedPass process
INFO: checkVars
Oct 29, 2020 8:10:41 AM com.google.javascript.jscomp.PhaseOptimizer$NamedPass process
INFO: replaceMessages
Oct 29, 2020 8:10:41 AM com.google.javascript.jscomp.PhaseOptimizer$NamedPass process
INFO: processDefines
Oct 29, 2020 8:10:43 AM com.google.javascript.jscomp.PhaseOptimizer$NamedPass process
INFO: checkVars
Oct 29, 2020 8:10:43 AM com.google.javascript.jscomp.PhaseOptimizer$NamedPass process
INFO: replaceMessages
Oct 29, 2020 8:10:43 AM com.google.javascript.jscomp.PhaseOptimizer$NamedPass process
INFO: processDefines
Oct 29, 2020 8:10:43 AM com.google.javascript.jscomp.PhaseOptimizer$NamedPass process
INFO: checkVars
Oct 29, 2020 8:10:43 AM com.google.javascript.jscomp.PhaseOptimizer$NamedPass process
INFO: replaceMessages
Oct 29, 2020 8:10:43 AM com.google.javascript.jscomp.PhaseOptimizer$NamedPass process
INFO: processDefines
Oct 29, 2020 8:10:48 AM com.google.javascript.jscomp.PhaseOptimizer$NamedPass process
INFO: checkVars
Oct 29, 2020 8:10:54 AM com.google.javascript.jscomp.PhaseOptimizer$NamedPass process
INFO: replaceMessages
Oct 29, 2020 8:10:54 AM com.google.javascript.jscomp.PhaseOptimizer$NamedPass process
INFO: processDefines
Oct 29, 2020 8:10:56 AM com.google.javascript.jscomp.PhaseOptimizer$NamedPass process
INFO: checkVars
Oct 29, 2020 8:10:56 AM com.google.javascript.jscomp.PhaseOptimizer$NamedPass process
INFO: replaceMessages
Oct 29, 2020 8:10:56 AM com.google.javascript.jscomp.PhaseOptimizer$NamedPass process
INFO: processDefines
Oct 29, 2020 8:10:58 AM com.google.javascript.jscomp.PhaseOptimizer$NamedPass process
INFO: checkVars
Oct 29, 2020 8:10:58 AM com.google.javascript.jscomp.PhaseOptimizer$NamedPass process
INFO: replaceMessages
Oct 29, 2020 8:10:58 AM com.google.javascript.jscomp.PhaseOptimizer$NamedPass process
INFO: processDefines
Oct 29, 2020 8:11:02 AM com.google.javascript.jscomp.PhaseOptimizer$NamedPass process
INFO: checkVars
Oct 29, 2020 8:11:02 AM com.google.javascript.jscomp.PhaseOptimizer$NamedPass process
INFO: replaceMessages
Oct 29, 2020 8:11:02 AM com.google.javascript.jscomp.PhaseOptimizer$NamedPass process
INFO: processDefines
Oct 29, 2020 8:11:02 AM com.google.javascript.jscomp.PhaseOptimizer$NamedPass process
INFO: checkVars
Oct 29, 2020 8:11:02 AM com.google.javascript.jscomp.PhaseOptimizer$NamedPass process
INFO: replaceMessages
Oct 29, 2020 8:11:02 AM com.google.javascript.jscomp.PhaseOptimizer$NamedPass process
INFO: processDefines
Oct 29, 2020 8:11:05 AM com.google.javascript.jscomp.PhaseOptimizer$NamedPass process
INFO: checkVars
Oct 29, 2020 8:11:05 AM com.google.javascript.jscomp.PhaseOptimizer$NamedPass process
INFO: replaceMessages
Oct 29, 2020 8:11:05 AM com.google.javascript.jscomp.PhaseOptimizer$NamedPass process
INFO: processDefines
Oct 29, 2020 8:11:05 AM com.google.javascript.jscomp.PhaseOptimizer$NamedPass process
INFO: checkVars
Oct 29, 2020 8:11:05 AM com.google.javascript.jscomp.PhaseOptimizer$NamedPass process
INFO: replaceMessages
Oct 29, 2020 8:11:05 AM com.google.javascript.jscomp.PhaseOptimizer$NamedPass process
INFO: processDefines
Oct 29, 2020 8:11:07 AM com.google.javascript.jscomp.PhaseOptimizer$NamedPass process
INFO: checkVars
Oct 29, 2020 8:11:07 AM com.google.javascript.jscomp.PhaseOptimizer$NamedPass process
INFO: replaceMessages
Oct 29, 2020 8:11:07 AM com.google.javascript.jscomp.PhaseOptimizer$NamedPass process
INFO: processDefines
Oct 29, 2020 8:11:09 AM com.google.javascript.jscomp.PhaseOptimizer$NamedPass process
INFO: checkVars
Oct 29, 2020 8:11:09 AM com.google.javascript.jscomp.PhaseOptimizer$NamedPass process
INFO: replaceMessages
Oct 29, 2020 8:11:09 AM com.google.javascript.jscomp.PhaseOptimizer$NamedPass process
INFO: processDefines
Oct 29, 2020 8:12:20 AM com.google.javascript.jscomp.AliasStrings process
INFO: Aliasing common strings
Oct 29, 2020 8:12:20 AM com.google.javascript.jscomp.AliasStrings process
INFO: Aliasing common strings
Oct 29, 2020 8:12:20 AM com.google.javascript.jscomp.AliasStrings process
INFO: Aliasing common strings
Oct 29, 2020 8:12:20 AM com.google.javascript.jscomp.AliasStrings process
INFO: Aliasing common strings
Oct 29, 2020 8:12:20 AM com.google.javascript.jscomp.AliasStrings process
INFO: Aliasing common strings
Oct 29, 2020 8:12:20 AM com.google.javascript.jscomp.AliasStrings process
INFO: Aliasing common strings
Oct 29, 2020 8:12:22 AM com.google.javascript.jscomp.AliasStrings process
INFO: Aliasing common strings
Oct 29, 2020 8:12:22 AM com.google.javascript.jscomp.AliasStrings process
INFO: Aliasing common strings
Oct 29, 2020 8:12:22 AM com.google.javascript.jscomp.AliasStrings process
INFO: Aliasing common strings
Oct 29, 2020 8:12:22 AM com.google.javascript.jscomp.AliasStrings process
INFO: Aliasing common strings
Oct 29, 2020 8:12:22 AM com.google.javascript.jscomp.AliasStrings process
INFO: Aliasing common strings
Oct 29, 2020 8:12:22 AM com.google.javascript.jscomp.AliasStrings process
INFO: Aliasing common strings
Oct 29, 2020 8:12:22 AM com.google.javascript.jscomp.AliasStrings process
INFO: Aliasing common strings
Oct 29, 2020 8:12:22 AM com.google.javascript.jscomp.AliasStrings process
INFO: Aliasing common strings
Oct 29, 2020 8:12:22 AM com.google.javascript.jscomp.AliasStrings process
INFO: Aliasing common strings
Oct 29, 2020 8:12:22 AM com.google.javascript.jscomp.AliasStrings process
INFO: Aliasing common strings
Oct 29, 2020 8:12:24 AM com.google.javascript.jscomp.AliasStrings process
INFO: Aliasing common strings
Oct 29, 2020 8:12:24 AM com.google.javascript.jscomp.AliasStrings process
INFO: Aliasing common strings
Oct 29, 2020 8:12:24 AM com.google.javascript.jscomp.AliasStrings process
INFO: Aliasing common strings
Oct 29, 2020 8:12:24 AM com.google.javascript.jscomp.AliasStrings process
INFO: Aliasing common strings
Oct 29, 2020 8:12:24 AM com.google.javascript.jscomp.AliasStrings process
INFO: Aliasing common strings
Oct 29, 2020 8:12:24 AM com.google.javascript.jscomp.AliasStrings process
INFO: Aliasing common strings
Oct 29, 2020 8:12:27 AM com.google.javascript.jscomp.AliasStrings process
INFO: Aliasing common strings
Oct 29, 2020 8:12:27 AM com.google.javascript.jscomp.AliasStrings process
INFO: Aliasing common strings
Oct 29, 2020 8:12:27 AM com.google.javascript.jscomp.AliasStrings process
INFO: Aliasing common strings
Oct 29, 2020 8:12:27 AM com.google.javascript.jscomp.AliasStrings process
INFO: Aliasing common strings
Oct 29, 2020 8:12:29 AM com.google.javascript.jscomp.AliasStrings process
INFO: Aliasing common strings
Oct 29, 2020 8:12:29 AM com.google.javascript.jscomp.AliasStrings process
INFO: Aliasing common strings
Oct 29, 2020 8:12:32 AM com.google.javascript.jscomp.AliasStrings process
INFO: Aliasing common strings
Oct 29, 2020 8:12:32 AM com.google.javascript.jscomp.AliasStrings process
INFO: Aliasing common strings
Oct 29, 2020 8:12:32 AM com.google.javascript.jscomp.AliasStrings process
INFO: Aliasing common strings
Oct 29, 2020 8:12:32 AM com.google.javascript.jscomp.AliasStrings process
INFO: Aliasing common strings
Oct 29, 2020 8:12:32 AM com.google.javascript.jscomp.AliasStrings process
INFO: Aliasing common strings
Oct 29, 2020 8:12:32 AM com.google.javascript.jscomp.AliasStrings process
INFO: Aliasing common strings
Oct 29, 2020 8:12:32 AM com.google.javascript.jscomp.AliasStrings process
INFO: Aliasing common strings
Oct 29, 2020 8:12:32 AM com.google.javascript.jscomp.AliasStrings process
INFO: Aliasing common strings
Oct 29, 2020 8:12:32 AM com.google.javascript.jscomp.AliasStrings process
INFO: Aliasing common strings
Oct 29, 2020 8:12:32 AM com.google.javascript.jscomp.AliasStrings process
INFO: Aliasing common strings
Oct 29, 2020 8:12:32 AM com.google.javascript.jscomp.AliasStrings process
INFO: Aliasing common strings
Oct 29, 2020 8:12:32 AM com.google.javascript.jscomp.AliasStrings process
INFO: Aliasing common strings
Oct 29, 2020 8:12:32 AM com.google.javascript.jscomp.AliasStrings process
INFO: Aliasing common strings
Oct 29, 2020 8:12:32 AM com.google.javascript.jscomp.AliasStrings process
INFO: Aliasing common strings
Oct 29, 2020 8:12:34 AM com.google.javascript.jscomp.AliasStrings process
INFO: Aliasing common strings
Oct 29, 2020 8:12:34 AM com.google.javascript.jscomp.AliasStrings process
INFO: Aliasing common strings
Oct 29, 2020 8:12:37 AM com.google.javascript.jscomp.AliasStrings process
INFO: Aliasing common strings
Oct 29, 2020 8:12:37 AM com.google.javascript.jscomp.AliasStrings process
INFO: Aliasing common strings
Oct 29, 2020 8:12:39 AM com.google.javascript.jscomp.AliasStrings process
INFO: Aliasing common strings
Oct 29, 2020 8:12:39 AM com.google.javascript.jscomp.AliasStrings process
INFO: Aliasing common strings
Oct 29, 2020 8:12:42 AM com.google.javascript.jscomp.AliasStrings process
INFO: Aliasing common strings
Oct 29, 2020 8:12:42 AM com.google.javascript.jscomp.AliasStrings process
INFO: Aliasing common strings
Oct 29, 2020 8:12:44 AM com.google.javascript.jscomp.AliasStrings process
INFO: Aliasing common strings
Oct 29, 2020 8:12:44 AM com.google.javascript.jscomp.AliasStrings process
INFO: Aliasing common strings
Oct 29, 2020 8:12:47 AM com.google.javascript.jscomp.AliasStrings process
INFO: Aliasing common strings
Oct 29, 2020 8:12:47 AM com.google.javascript.jscomp.AliasStrings process
INFO: Aliasing common strings
Oct 29, 2020 8:12:47 AM com.google.javascript.jscomp.AliasStrings process
INFO: Aliasing common strings
Oct 29, 2020 8:12:47 AM com.google.javascript.jscomp.AliasStrings process
INFO: Aliasing common strings
Oct 29, 2020 8:12:47 AM com.google.javascript.jscomp.AliasStrings process
INFO: Aliasing common strings
Oct 29, 2020 8:12:47 AM com.google.javascript.jscomp.AliasStrings process
INFO: Aliasing common strings
Oct 29, 2020 8:12:47 AM com.google.javascript.jscomp.AliasStrings process
INFO: Aliasing common strings
Oct 29, 2020 8:12:47 AM com.google.javascript.jscomp.AliasStrings process
INFO: Aliasing common strings
Oct 29, 2020 8:12:47 AM com.google.javascript.jscomp.AliasStrings process
INFO: Aliasing common strings
Oct 29, 2020 8:12:47 AM com.google.javascript.jscomp.AliasStrings process
INFO: Aliasing common strings
Oct 29, 2020 8:12:47 AM com.google.javascript.jscomp.AliasStrings process
INFO: Aliasing common strings
Oct 29, 2020 8:12:47 AM com.google.javascript.jscomp.AliasStrings process
INFO: Aliasing common strings
Oct 29, 2020 8:12:47 AM com.google.javascript.jscomp.AliasStrings process
INFO: Aliasing common strings
Oct 29, 2020 8:12:47 AM com.google.javascript.jscomp.AliasStrings process
INFO: Aliasing common strings
Oct 29, 2020 8:12:47 AM com.google.javascript.jscomp.AliasStrings process
INFO: Aliasing common strings
Oct 29, 2020 8:12:47 AM com.google.javascript.jscomp.AliasStrings process
INFO: Aliasing common strings
Oct 29, 2020 8:12:49 AM com.google.javascript.jscomp.AliasStrings process
INFO: Aliasing common strings
Oct 29, 2020 8:12:49 AM com.google.javascript.jscomp.AliasStrings process
INFO: Aliasing common strings
Oct 29, 2020 8:12:52 AM com.google.javascript.jscomp.AliasStrings process
INFO: Aliasing common strings
Oct 29, 2020 8:12:52 AM com.google.javascript.jscomp.AliasStrings process
INFO: Aliasing common strings
Oct 29, 2020 8:12:54 AM com.google.javascript.jscomp.AmbiguateProperties process
INFO: Collapsed 1 properties into 1 and skipped renaming 0 properties.
Oct 29, 2020 8:12:57 AM com.google.javascript.jscomp.AmbiguateProperties process
INFO: Collapsed 0 properties into 1 and skipped renaming 1 properties.
Oct 29, 2020 8:13:00 AM com.google.javascript.jscomp.AmbiguateProperties process
INFO: Collapsed 0 properties into 1 and skipped renaming 1 properties.
Oct 29, 2020 8:13:03 AM com.google.javascript.jscomp.AmbiguateProperties process
INFO: Collapsed 0 properties into 1 and skipped renaming 1 properties.
Oct 29, 2020 8:13:06 AM com.google.javascript.jscomp.AmbiguateProperties process
INFO: Collapsed 2 properties into 2 and skipped renaming 0 properties.
Oct 29, 2020 8:13:09 AM com.google.javascript.jscomp.AmbiguateProperties process
INFO: Collapsed 0 properties into 1 and skipped renaming 2 properties.
Oct 29, 2020 8:13:12 AM com.google.javascript.jscomp.AmbiguateProperties process
INFO: Collapsed 3 properties into 2 and skipped renaming 0 properties.
Oct 29, 2020 8:13:15 AM com.google.javascript.jscomp.AmbiguateProperties process
INFO: Collapsed 3 properties into 2 and skipped renaming 0 properties.
Oct 29, 2020 8:13:18 AM com.google.javascript.jscomp.AmbiguateProperties process
INFO: Collapsed 10 properties into 5 and skipped renaming 0 properties.
Oct 29, 2020 8:13:21 AM com.google.javascript.jscomp.AmbiguateProperties process
INFO: Collapsed 6 properties into 3 and skipped renaming 0 properties.
Oct 29, 2020 8:13:24 AM com.google.javascript.jscomp.AmbiguateProperties process
INFO: Collapsed 20 properties into 10 and skipped renaming 0 properties.
Oct 29, 2020 8:13:27 AM com.google.javascript.jscomp.AmbiguateProperties process
INFO: Collapsed 10 properties into 1 and skipped renaming 0 properties.
Oct 29, 2020 8:13:30 AM com.google.javascript.jscomp.AmbiguateProperties process
INFO: Collapsed 2 properties into 1 and skipped renaming 0 properties.
Oct 29, 2020 8:13:33 AM com.google.javascript.jscomp.AmbiguateProperties process
INFO: Collapsed 1 properties into 1 and skipped renaming 0 properties.
Oct 29, 2020 8:13:36 AM com.google.javascript.jscomp.AmbiguateProperties process
INFO: Collapsed 0 properties into 1 and skipped renaming 0 properties.
Oct 29, 2020 8:13:39 AM com.google.javascript.jscomp.AmbiguateProperties process
INFO: Collapsed 0 properties into 1 and skipped renaming 0 properties.
Oct 29, 2020 8:13:42 AM com.google.javascript.jscomp.AmbiguateProperties process
INFO: Collapsed 2 properties into 2 and skipped renaming 0 properties.
Oct 29, 2020 8:13:45 AM com.google.javascript.jscomp.AmbiguateProperties process
INFO: Collapsed 0 properties into 1 and skipped renaming 1 properties.
Oct 29, 2020 8:13:48 AM com.google.javascript.jscomp.AmbiguateProperties process
INFO: Collapsed 1 properties into 1 and skipped renaming 0 properties.
Oct 29, 2020 8:13:51 AM com.google.javascript.jscomp.AmbiguateProperties process
INFO: Collapsed 0 properties into 1 and skipped renaming 1 properties.
Oct 29, 2020 8:13:54 AM com.google.javascript.jscomp.AmbiguateProperties process
INFO: Collapsed 0 properties into 1 and skipped renaming 1 properties.
Oct 29, 2020 8:13:57 AM com.google.javascript.jscomp.AmbiguateProperties process
INFO: Collapsed 0 properties into 1 and skipped renaming 1 properties.
Oct 29, 2020 8:14:00 AM com.google.javascript.jscomp.AmbiguateProperties process
INFO: Collapsed 0 properties into 1 and skipped renaming 1 properties.
Oct 29, 2020 8:14:03 AM com.google.javascript.jscomp.AmbiguateProperties process
INFO: Collapsed 0 properties into 1 and skipped renaming 0 properties.
Oct 29, 2020 8:14:06 AM com.google.javascript.jscomp.AmbiguateProperties process
INFO: Collapsed 1 properties into 1 and skipped renaming 0 properties.
Oct 29, 2020 8:14:09 AM com.google.javascript.jscomp.AmbiguateProperties process
INFO: Collapsed 0 properties into 1 and skipped renaming 0 properties.
Oct 29, 2020 8:14:12 AM com.google.javascript.jscomp.AmbiguateProperties process
INFO: Collapsed 1 properties into 1 and skipped renaming 0 properties.
Oct 29, 2020 8:14:15 AM com.google.javascript.jscomp.AmbiguateProperties process
INFO: Collapsed 2 properties into 1 and skipped renaming 0 properties.
Oct 29, 2020 8:14:18 AM com.google.javascript.jscomp.AmbiguateProperties process
INFO: Collapsed 3 properties into 1 and skipped renaming 0 properties.
Oct 29, 2020 8:14:21 AM com.google.javascript.jscomp.AmbiguateProperties process
INFO: Collapsed 1 properties into 1 and skipped renaming 1 properties.
Oct 29, 2020 8:14:21 AM com.google.javascript.jscomp.AmbiguateProperties process
INFO: Collapsed 0 properties into 1 and skipped renaming 2 properties.
Oct 29, 2020 8:14:21 AM com.google.javascript.jscomp.AmbiguateProperties process
INFO: Collapsed 2 properties into 1 and skipped renaming 0 properties.
Oct 29, 2020 8:14:24 AM com.google.javascript.jscomp.AmbiguateProperties process
INFO: Collapsed 0 properties into 1 and skipped renaming 1 properties.
Oct 29, 2020 8:14:28 AM com.google.javascript.jscomp.AmbiguateProperties process
INFO: Collapsed 3 properties into 3 and skipped renaming 0 properties.
Oct 29, 2020 8:14:31 AM com.google.javascript.jscomp.AmbiguateProperties process
INFO: Collapsed 3 properties into 3 and skipped renaming 0 properties.
Oct 29, 2020 8:14:34 AM com.google.javascript.jscomp.AmbiguateProperties process
INFO: Collapsed 2 properties into 2 and skipped renaming 0 properties.
Oct 29, 2020 8:14:37 AM com.google.javascript.jscomp.AmbiguateProperties process
INFO: Collapsed 2 properties into 2 and skipped renaming 0 properties.
Oct 29, 2020 8:14:40 AM com.google.javascript.jscomp.AmbiguateProperties process
INFO: Collapsed 2 properties into 2 and skipped renaming 0 properties.
Oct 29, 2020 8:14:43 AM com.google.javascript.jscomp.AmbiguateProperties process
INFO: Collapsed 1 properties into 1 and skipped renaming 1 properties.
Oct 29, 2020 8:14:46 AM com.google.javascript.jscomp.AmbiguateProperties process
INFO: Collapsed 1 properties into 1 and skipped renaming 1 properties.
Oct 29, 2020 8:14:49 AM com.google.javascript.jscomp.AmbiguateProperties process
INFO: Collapsed 2 properties into 1 and skipped renaming 0 properties.
Oct 29, 2020 8:31:28 AM com.google.javascript.jscomp.PhaseOptimizer$NamedPass process
INFO: processGoogScopeAliases
Oct 29, 2020 8:31:28 AM com.google.javascript.jscomp.PhaseOptimizer$NamedPass process
INFO: checkRequires
Oct 29, 2020 8:31:28 AM com.google.javascript.jscomp.PhaseOptimizer$NamedPass process
INFO: processProvidesAndRequires
Oct 29, 2020 8:31:28 AM com.google.javascript.jscomp.PhaseOptimizer$NamedPass process
INFO: checkVars
Oct 29, 2020 8:31:28 AM com.google.javascript.jscomp.PhaseOptimizer$NamedPass process
INFO: renameCssNames
Oct 29, 2020 8:31:28 AM com.google.javascript.jscomp.PhaseOptimizer$NamedPass process
INFO: replaceMessages
Oct 29, 2020 8:31:28 AM com.google.javascript.jscomp.PhaseOptimizer$NamedPass process
INFO: processDefines
Oct 29, 2020 8:31:28 AM com.google.javascript.jscomp.Compiler normalize
INFO: Normalizing
Oct 29, 2020 8:31:28 AM com.google.javascript.jscomp.PhaseOptimizer$NamedPass process
INFO: garbageCollectChecks
Oct 29, 2020 8:31:28 AM com.google.javascript.jscomp.PhaseOptimizer$NamedPass process
INFO: beforeStandardOptimizations
Oct 29, 2020 8:31:28 AM com.google.javascript.jscomp.PhaseOptimizer$NamedPass process
INFO: replaceIdGenerators
Oct 29, 2020 8:31:28 AM com.google.javascript.jscomp.PhaseOptimizer$NamedPass process
INFO: closureCodeRemoval
Oct 29, 2020 8:31:28 AM com.google.javascript.jscomp.PhaseOptimizer$NamedPass process
INFO: closureOptimizePrimitives
Oct 29, 2020 8:31:28 AM com.google.javascript.jscomp.PhaseOptimizer$NamedPass process
INFO: beforeMainOptimizations
Oct 29, 2020 8:31:28 AM com.google.javascript.jscomp.PhaseOptimizer$NamedPass process
INFO: beforeModuleMotion
Oct 29, 2020 8:31:28 AM com.google.javascript.jscomp.PhaseOptimizer$NamedPass process
INFO: afterModuleMotion
Oct 29, 2020 8:31:28 AM com.google.javascript.jscomp.PhaseOptimizer$NamedPass process
INFO: markUnnormalized
Oct 29, 2020 8:31:28 AM com.google.javascript.jscomp.PhaseOptimizer$NamedPass process
INFO: denormalize
Oct 29, 2020 8:31:28 AM com.google.javascript.jscomp.PhaseOptimizer$NamedPass process
INFO: invertNames
Oct 29, 2020 8:31:28 AM com.google.javascript.jscomp.PhaseOptimizer$NamedPass process
INFO: operaCompoundAssignFix
Oct 29, 2020 8:31:28 AM com.google.javascript.jscomp.PhaseOptimizer$NamedPass process
INFO: sanityCheckAst
Oct 29, 2020 8:31:28 AM com.google.javascript.jscomp.PhaseOptimizer$NamedPass process
INFO: sanityCheckVars
Oct 29, 2020 8:31:28 AM com.google.javascript.jscomp.LoggerErrorManager println
WARNING: foo.js:1: WARNING - 'foo.bar.goo' used but not goog.require'd
var foo = {}; var bar = new foo.bar.goo();
                                       ^

Oct 29, 2020 8:31:28 AM com.google.javascript.jscomp.LoggerErrorManager printSummary
WARNING: 0 error(s), 1 warning(s)
Closure Compiler (http://code.google.com/closure/compiler)
Version: Unversioned directory
Built on: 2020/10/29 01:08
Closure Compiler (http://code.google.com/closure/compiler)
Version: Unversioned directory
Built on: 2020/10/29 01:08
Oct 29, 2020 9:35:08 AM com.google.javascript.jscomp.LoggerErrorManager println
WARNING: testcode:1: WARNING - Unable to determine type of parameter a for exported function d
var goog = {};goog.exportSymbol = function(a, b) {}; goog.exportProperty = function(a, b, c) {}; var a = function(d, e, f) {};goog.exportSymbol('foobar', a)
                                                                                                                  ^

Oct 29, 2020 9:35:08 AM com.google.javascript.jscomp.LoggerErrorManager println
WARNING: testcode:1: WARNING - Unable to determine type of parameter a for exported function e
var goog = {};goog.exportSymbol = function(a, b) {}; goog.exportProperty = function(a, b, c) {}; var a = function(d, e, f) {};goog.exportSymbol('foobar', a)
                                                                                                                     ^

Oct 29, 2020 9:35:08 AM com.google.javascript.jscomp.LoggerErrorManager println
WARNING: testcode:1: WARNING - Unable to determine type of parameter a for exported function f
var goog = {};goog.exportSymbol = function(a, b) {}; goog.exportProperty = function(a, b, c) {}; var a = function(d, e, f) {};goog.exportSymbol('foobar', a)
                                                                                                                        ^

Oct 29, 2020 9:35:08 AM com.google.javascript.jscomp.LoggerErrorManager printSummary
WARNING: 0 error(s), 3 warning(s), 100% typed
Oct 29, 2020 9:35:13 AM com.google.javascript.jscomp.LoggerErrorManager println
WARNING: testcode:1: WARNING - Unable to determine type of parameter a.b.c for exported function d
var goog = {};goog.exportSymbol = function(a, b) {}; goog.exportProperty = function(a, b, c) {}; var a = {}; a.b = {}; a.b.c = function(d, e, f) {};goog.exportProperty(a.b, 'cprop', a.b.c)
                                                                                                                                        ^

Oct 29, 2020 9:35:13 AM com.google.javascript.jscomp.LoggerErrorManager println
WARNING: testcode:1: WARNING - Unable to determine type of parameter a.b.c for exported function e
var goog = {};goog.exportSymbol = function(a, b) {}; goog.exportProperty = function(a, b, c) {}; var a = {}; a.b = {}; a.b.c = function(d, e, f) {};goog.exportProperty(a.b, 'cprop', a.b.c)
                                                                                                                                           ^

Oct 29, 2020 9:35:13 AM com.google.javascript.jscomp.LoggerErrorManager println
WARNING: testcode:1: WARNING - Unable to determine type of parameter a.b.c for exported function f
var goog = {};goog.exportSymbol = function(a, b) {}; goog.exportProperty = function(a, b, c) {}; var a = {}; a.b = {}; a.b.c = function(d, e, f) {};goog.exportProperty(a.b, 'cprop', a.b.c)
                                                                                                                                              ^

Oct 29, 2020 9:35:13 AM com.google.javascript.jscomp.LoggerErrorManager printSummary
WARNING: 0 error(s), 3 warning(s), 100% typed
Oct 29, 2020 9:35:18 AM com.google.javascript.jscomp.LoggerErrorManager println
WARNING: testcode:1: WARNING - Unable to determine type of parameter a.b for exported function p1
var goog = {};goog.exportSymbol = function(a, b) {}; goog.exportProperty = function(a, b, c) {}; var a = {}; a.b = function(p1) {}; a.b.c = function(d, e, f) {};a.b.prototype.c = function(g, h, i) {};goog.exportSymbol('a.b', a.b);goog.exportProperty(a.b, 'c', a.b.c);goog.exportProperty(a.b.prototype, 'c', a.b.prototype.c);
                                                                                                                            ^

Oct 29, 2020 9:35:18 AM com.google.javascript.jscomp.LoggerErrorManager println
WARNING: testcode:1: WARNING - Unable to determine type of parameter a.b.c for exported function d
var goog = {};goog.exportSymbol = function(a, b) {}; goog.exportProperty = function(a, b, c) {}; var a = {}; a.b = function(p1) {}; a.b.c = function(d, e, f) {};a.b.prototype.c = function(g, h, i) {};goog.exportSymbol('a.b', a.b);goog.exportProperty(a.b, 'c', a.b.c);goog.exportProperty(a.b.prototype, 'c', a.b.prototype.c);
                                                                                                                                                     ^

Oct 29, 2020 9:35:18 AM com.google.javascript.jscomp.LoggerErrorManager println
WARNING: testcode:1: WARNING - Unable to determine type of parameter a.b.c for exported function e
var goog = {};goog.exportSymbol = function(a, b) {}; goog.exportProperty = function(a, b, c) {}; var a = {}; a.b = function(p1) {}; a.b.c = function(d, e, f) {};a.b.prototype.c = function(g, h, i) {};goog.exportSymbol('a.b', a.b);goog.exportProperty(a.b, 'c', a.b.c);goog.exportProperty(a.b.prototype, 'c', a.b.prototype.c);
                                                                                                                                                        ^

Oct 29, 2020 9:35:18 AM com.google.javascript.jscomp.LoggerErrorManager println
WARNING: testcode:1: WARNING - Unable to determine type of parameter a.b.c for exported function f
var goog = {};goog.exportSymbol = function(a, b) {}; goog.exportProperty = function(a, b, c) {}; var a = {}; a.b = function(p1) {}; a.b.c = function(d, e, f) {};a.b.prototype.c = function(g, h, i) {};goog.exportSymbol('a.b', a.b);goog.exportProperty(a.b, 'c', a.b.c);goog.exportProperty(a.b.prototype, 'c', a.b.prototype.c);
                                                                                                                                                           ^

Oct 29, 2020 9:35:18 AM com.google.javascript.jscomp.LoggerErrorManager println
WARNING: testcode:1: WARNING - Unable to determine type of parameter a.b.prototype.c for exported function g
var goog = {};goog.exportSymbol = function(a, b) {}; goog.exportProperty = function(a, b, c) {}; var a = {}; a.b = function(p1) {}; a.b.c = function(d, e, f) {};a.b.prototype.c = function(g, h, i) {};goog.exportSymbol('a.b', a.b);goog.exportProperty(a.b, 'c', a.b.c);goog.exportProperty(a.b.prototype, 'c', a.b.prototype.c);
                                                                                                                                                                                            ^

Oct 29, 2020 9:35:18 AM com.google.javascript.jscomp.LoggerErrorManager println
WARNING: testcode:1: WARNING - Unable to determine type of parameter a.b.prototype.c for exported function h
var goog = {};goog.exportSymbol = function(a, b) {}; goog.exportProperty = function(a, b, c) {}; var a = {}; a.b = function(p1) {}; a.b.c = function(d, e, f) {};a.b.prototype.c = function(g, h, i) {};goog.exportSymbol('a.b', a.b);goog.exportProperty(a.b, 'c', a.b.c);goog.exportProperty(a.b.prototype, 'c', a.b.prototype.c);
                                                                                                                                                                                               ^

Oct 29, 2020 9:35:18 AM com.google.javascript.jscomp.LoggerErrorManager println
WARNING: testcode:1: WARNING - Unable to determine type of parameter a.b.prototype.c for exported function i
var goog = {};goog.exportSymbol = function(a, b) {}; goog.exportProperty = function(a, b, c) {}; var a = {}; a.b = function(p1) {}; a.b.c = function(d, e, f) {};a.b.prototype.c = function(g, h, i) {};goog.exportSymbol('a.b', a.b);goog.exportProperty(a.b, 'c', a.b.c);goog.exportProperty(a.b.prototype, 'c', a.b.prototype.c);
                                                                                                                                                                                                  ^

Oct 29, 2020 9:35:18 AM com.google.javascript.jscomp.LoggerErrorManager printSummary
WARNING: 0 error(s), 7 warning(s), 100% typed
Oct 29, 2020 9:35:23 AM com.google.javascript.jscomp.LoggerErrorManager println
WARNING: testcode:1: WARNING - Unable to determine type of parameter a.b.c for exported function d
var goog = {};goog.exportSymbol = function(a, b) {}; goog.exportProperty = function(a, b, c) {}; var a = {}; a.b = function(p1) {}; a.b.c = function(d, e, f) {};a.b.prototype.c = function(g, h, i) {};goog.exportSymbol('hello', a);goog.exportProperty(a.b, 'c', a.b.c);goog.exportProperty(a.b.prototype, 'c', a.b.prototype.c);
                                                                                                                                                     ^

Oct 29, 2020 9:35:23 AM com.google.javascript.jscomp.LoggerErrorManager println
WARNING: testcode:1: WARNING - Unable to determine type of parameter a.b.c for exported function e
var goog = {};goog.exportSymbol = function(a, b) {}; goog.exportProperty = function(a, b, c) {}; var a = {}; a.b = function(p1) {}; a.b.c = function(d, e, f) {};a.b.prototype.c = function(g, h, i) {};goog.exportSymbol('hello', a);goog.exportProperty(a.b, 'c', a.b.c);goog.exportProperty(a.b.prototype, 'c', a.b.prototype.c);
                                                                                                                                                        ^

Oct 29, 2020 9:35:23 AM com.google.javascript.jscomp.LoggerErrorManager println
WARNING: testcode:1: WARNING - Unable to determine type of parameter a.b.c for exported function f
var goog = {};goog.exportSymbol = function(a, b) {}; goog.exportProperty = function(a, b, c) {}; var a = {}; a.b = function(p1) {}; a.b.c = function(d, e, f) {};a.b.prototype.c = function(g, h, i) {};goog.exportSymbol('hello', a);goog.exportProperty(a.b, 'c', a.b.c);goog.exportProperty(a.b.prototype, 'c', a.b.prototype.c);
                                                                                                                                                           ^

Oct 29, 2020 9:35:23 AM com.google.javascript.jscomp.LoggerErrorManager println
WARNING: testcode:1: WARNING - Unable to determine type of parameter a.b.prototype.c for exported function g
var goog = {};goog.exportSymbol = function(a, b) {}; goog.exportProperty = function(a, b, c) {}; var a = {}; a.b = function(p1) {}; a.b.c = function(d, e, f) {};a.b.prototype.c = function(g, h, i) {};goog.exportSymbol('hello', a);goog.exportProperty(a.b, 'c', a.b.c);goog.exportProperty(a.b.prototype, 'c', a.b.prototype.c);
                                                                                                                                                                                            ^

Oct 29, 2020 9:35:23 AM com.google.javascript.jscomp.LoggerErrorManager println
WARNING: testcode:1: WARNING - Unable to determine type of parameter a.b.prototype.c for exported function h
var goog = {};goog.exportSymbol = function(a, b) {}; goog.exportProperty = function(a, b, c) {}; var a = {}; a.b = function(p1) {}; a.b.c = function(d, e, f) {};a.b.prototype.c = function(g, h, i) {};goog.exportSymbol('hello', a);goog.exportProperty(a.b, 'c', a.b.c);goog.exportProperty(a.b.prototype, 'c', a.b.prototype.c);
                                                                                                                                                                                               ^

Oct 29, 2020 9:35:23 AM com.google.javascript.jscomp.LoggerErrorManager println
WARNING: testcode:1: WARNING - Unable to determine type of parameter a.b.prototype.c for exported function i
var goog = {};goog.exportSymbol = function(a, b) {}; goog.exportProperty = function(a, b, c) {}; var a = {}; a.b = function(p1) {}; a.b.c = function(d, e, f) {};a.b.prototype.c = function(g, h, i) {};goog.exportSymbol('hello', a);goog.exportProperty(a.b, 'c', a.b.c);goog.exportProperty(a.b.prototype, 'c', a.b.prototype.c);
                                                                                                                                                                                                  ^

Oct 29, 2020 9:35:23 AM com.google.javascript.jscomp.LoggerErrorManager printSummary
WARNING: 0 error(s), 6 warning(s), 100% typed
Oct 29, 2020 9:35:28 AM com.google.javascript.jscomp.LoggerErrorManager println
WARNING: testcode:1: WARNING - Unable to determine type of parameter a.b for exported function p1
var goog = {};goog.exportSymbol = function(a, b) {}; goog.exportProperty = function(a, b, c) {}; var a = {}; a.b = function(p1) {}; a.b.c = function(d, e, f) {};a.b.prototype.c = function(g, h, i) {};goog.exportSymbol('prefix', a.b);goog.exportProperty(a.b, 'c', a.b.c);
                                                                                                                            ^

Oct 29, 2020 9:35:28 AM com.google.javascript.jscomp.LoggerErrorManager println
WARNING: testcode:1: WARNING - Unable to determine type of parameter a.b.c for exported function d
var goog = {};goog.exportSymbol = function(a, b) {}; goog.exportProperty = function(a, b, c) {}; var a = {}; a.b = function(p1) {}; a.b.c = function(d, e, f) {};a.b.prototype.c = function(g, h, i) {};goog.exportSymbol('prefix', a.b);goog.exportProperty(a.b, 'c', a.b.c);
                                                                                                                                                     ^

Oct 29, 2020 9:35:28 AM com.google.javascript.jscomp.LoggerErrorManager println
WARNING: testcode:1: WARNING - Unable to determine type of parameter a.b.c for exported function e
var goog = {};goog.exportSymbol = function(a, b) {}; goog.exportProperty = function(a, b, c) {}; var a = {}; a.b = function(p1) {}; a.b.c = function(d, e, f) {};a.b.prototype.c = function(g, h, i) {};goog.exportSymbol('prefix', a.b);goog.exportProperty(a.b, 'c', a.b.c);
                                                                                                                                                        ^

Oct 29, 2020 9:35:28 AM com.google.javascript.jscomp.LoggerErrorManager println
WARNING: testcode:1: WARNING - Unable to determine type of parameter a.b.c for exported function f
var goog = {};goog.exportSymbol = function(a, b) {}; goog.exportProperty = function(a, b, c) {}; var a = {}; a.b = function(p1) {}; a.b.c = function(d, e, f) {};a.b.prototype.c = function(g, h, i) {};goog.exportSymbol('prefix', a.b);goog.exportProperty(a.b, 'c', a.b.c);
                                                                                                                                                           ^

Oct 29, 2020 9:35:28 AM com.google.javascript.jscomp.LoggerErrorManager printSummary
WARNING: 0 error(s), 4 warning(s), 100% typed
Oct 29, 2020 9:36:13 AM com.google.javascript.jscomp.LoggerErrorManager println
WARNING: testcode:1: WARNING - Unable to determine return type for exported function InternalName
var goog = {};goog.exportSymbol = function(a, b) {}; goog.exportProperty = function(a, b, c) {}; var InternalName = function() {  return 6;};goog.exportSymbol('ExternalName', InternalName)
                                                                                                                    ^

Oct 29, 2020 9:36:13 AM com.google.javascript.jscomp.LoggerErrorManager printSummary
WARNING: 0 error(s), 1 warning(s), 100% typed
Oct 29, 2020 9:36:23 AM com.google.javascript.jscomp.LoggerErrorManager println
WARNING: testcode:4: WARNING - Unable to determine type of parameter InternalName for exported function b
 var InternalName = function(a,b,c) {  return 6;};goog.exportSymbol('ExternalName', InternalName)
                               ^

Oct 29, 2020 9:36:23 AM com.google.javascript.jscomp.LoggerErrorManager println
WARNING: testcode:4: WARNING - Unable to determine type of parameter InternalName for exported function c
 var InternalName = function(a,b,c) {  return 6;};goog.exportSymbol('ExternalName', InternalName)
                                 ^

Oct 29, 2020 9:36:23 AM com.google.javascript.jscomp.LoggerErrorManager printSummary
WARNING: 0 error(s), 2 warning(s), 100% typed
Oct 29, 2020 9:36:33 AM com.google.javascript.jscomp.LoggerErrorManager println
WARNING: testcode:1: WARNING - Unable to determine type of parameter a.b.c for exported function d
var goog = {};goog.exportSymbol = function(a, b) {}; goog.exportProperty = function(a, b, c) {}; var a = {}; a.b = {}; a.b.c = function(d, e, f) {};goog.exportSymbol('foobar', a.b.c)
                                                                                                                                        ^

Oct 29, 2020 9:36:33 AM com.google.javascript.jscomp.LoggerErrorManager println
WARNING: testcode:1: WARNING - Unable to determine type of parameter a.b.c for exported function e
var goog = {};goog.exportSymbol = function(a, b) {}; goog.exportProperty = function(a, b, c) {}; var a = {}; a.b = {}; a.b.c = function(d, e, f) {};goog.exportSymbol('foobar', a.b.c)
                                                                                                                                           ^

Oct 29, 2020 9:36:33 AM com.google.javascript.jscomp.LoggerErrorManager println
WARNING: testcode:1: WARNING - Unable to determine type of parameter a.b.c for exported function f
var goog = {};goog.exportSymbol = function(a, b) {}; goog.exportProperty = function(a, b, c) {}; var a = {}; a.b = {}; a.b.c = function(d, e, f) {};goog.exportSymbol('foobar', a.b.c)
                                                                                                                                              ^

Oct 29, 2020 9:36:33 AM com.google.javascript.jscomp.LoggerErrorManager printSummary
WARNING: 0 error(s), 3 warning(s), 100% typed
Oct 29, 2020 9:36:38 AM com.google.javascript.jscomp.LoggerErrorManager println
WARNING: testcode:5: WARNING - Unable to determine return type for exported function internalName
internalName = function(a) {  return 6;
               ^

Oct 29, 2020 9:36:38 AM com.google.javascript.jscomp.LoggerErrorManager printSummary
WARNING: 0 error(s), 1 warning(s), 100% typed
Oct 29, 2020 9:36:48 AM com.google.javascript.jscomp.LoggerErrorManager println
WARNING: testcode:2: WARNING - assignment to property A of enum{E}
found   : number
required: string
 @export */ var E = {A:1, B:2};goog.exportSymbol('E', E);
                     ^

Oct 29, 2020 9:36:48 AM com.google.javascript.jscomp.LoggerErrorManager println
WARNING: testcode:2: WARNING - assignment to property B of enum{E}
found   : number
required: string
 @export */ var E = {A:1, B:2};goog.exportSymbol('E', E);
                          ^

Oct 29, 2020 9:36:48 AM com.google.javascript.jscomp.LoggerErrorManager printSummary
WARNING: 0 error(s), 2 warning(s), 100% typed
09:55:14.585 [main] INFO  JaguarDF - Test testInline13(com.google.javascript.jscomp.FunctionInjectorTest) : Failed
09:55:19.561 [main] INFO  JaguarDF - Test testInline14(com.google.javascript.jscomp.FunctionInjectorTest) : Failed
09:55:24.548 [main] INFO  JaguarDF - Test testInline15(com.google.javascript.jscomp.FunctionInjectorTest) : Failed
09:55:29.514 [main] INFO  JaguarDF - Test testInline16(com.google.javascript.jscomp.FunctionInjectorTest) : Failed
09:55:34.538 [main] INFO  JaguarDF - Test testInline17(com.google.javascript.jscomp.FunctionInjectorTest) : Failed
09:55:39.568 [main] INFO  JaguarDF - Test testInline18(com.google.javascript.jscomp.FunctionInjectorTest) : Failed
09:55:44.494 [main] INFO  JaguarDF - Test testInline19(com.google.javascript.jscomp.FunctionInjectorTest) : Failed
09:55:49.530 [main] INFO  JaguarDF - Test testInline19b(com.google.javascript.jscomp.FunctionInjectorTest) : Failed
09:55:54.444 [main] INFO  JaguarDF - Test testInlineIntoLoop(com.google.javascript.jscomp.FunctionInjectorTest) : Failed
09:56:19.371 [main] INFO  JaguarDF - Test testInlineFunctionWithInnerFunction5(com.google.javascript.jscomp.FunctionInjectorTest) : Failed
09:57:54.456 [main] INFO  JaguarDF - Test testBug1897706(com.google.javascript.jscomp.FunctionInjectorTest) : Failed
09:59:30.682 [main] INFO  JaguarDF - Test testMutate8(com.google.javascript.jscomp.FunctionToBlockMutatorTest) : Failed
10:00:10.726 [main] INFO  JaguarDF - Test testMutateWithParameters3(com.google.javascript.jscomp.FunctionToBlockMutatorTest) : Failed
10:00:15.666 [main] INFO  JaguarDF - Test testMutateInitializeUninitializedVars1(com.google.javascript.jscomp.FunctionToBlockMutatorTest) : Failed
10:00:20.747 [main] INFO  JaguarDF - Test testMutateInitializeUninitializedVars2(com.google.javascript.jscomp.FunctionToBlockMutatorTest) : Failed
10:00:25.691 [main] INFO  JaguarDF - Test testMutateCallInLoopVars1(com.google.javascript.jscomp.FunctionToBlockMutatorTest) : Failed
10:00:30.611 [main] INFO  JaguarDF - Test testMutateFunctionDefinition(com.google.javascript.jscomp.FunctionToBlockMutatorTest) : Failed
10:07:56.599 [main] INFO  JaguarDF - Test testInlineFunctions9(com.google.javascript.jscomp.InlineFunctionsTest) : Failed
10:08:01.721 [main] INFO  JaguarDF - Test testInlineFunctions10(com.google.javascript.jscomp.InlineFunctionsTest) : Failed
10:08:16.747 [main] INFO  JaguarDF - Test testInlineFunctions13(com.google.javascript.jscomp.InlineFunctionsTest) : Failed
10:08:31.800 [main] INFO  JaguarDF - Test testInlineFunctions15b(com.google.javascript.jscomp.InlineFunctionsTest) : Failed
10:08:41.852 [main] INFO  JaguarDF - Test testInlineFunctions15d(com.google.javascript.jscomp.InlineFunctionsTest) : Failed
10:08:46.939 [main] INFO  JaguarDF - Test testInlineFunctions16a(com.google.javascript.jscomp.InlineFunctionsTest) : Failed
10:09:22.625 [main] INFO  JaguarDF - Test testInlineFunctions22(com.google.javascript.jscomp.InlineFunctionsTest) : Failed
10:09:27.730 [main] INFO  JaguarDF - Test testInlineFunctions23(com.google.javascript.jscomp.InlineFunctionsTest) : Failed
10:10:44.425 [main] INFO  JaguarDF - Test testMixedModeInliningCosting3(com.google.javascript.jscomp.InlineFunctionsTest) : Failed
10:10:54.426 [main] INFO  JaguarDF - Test testNoInlineIfParametersModified1(com.google.javascript.jscomp.InlineFunctionsTest) : Failed
10:11:50.035 [main] INFO  JaguarDF - Test testCostBasedInlining9(com.google.javascript.jscomp.InlineFunctionsTest) : Failed
10:12:00.097 [main] INFO  JaguarDF - Test testCostBasedInlining11(com.google.javascript.jscomp.InlineFunctionsTest) : Failed
10:14:23.597 [main] INFO  JaguarDF - Test testComplexInlineNoResultNoParamCall3(com.google.javascript.jscomp.InlineFunctionsTest) : Failed
10:15:14.045 [main] INFO  JaguarDF - Test testComplexInline7(com.google.javascript.jscomp.InlineFunctionsTest) : Failed
10:15:54.734 [main] INFO  JaguarDF - Test testComplexInlineVars7(com.google.javascript.jscomp.InlineFunctionsTest) : Failed
10:16:30.450 [main] INFO  JaguarDF - Test testNoInlineIfParametersModified2(com.google.javascript.jscomp.InlineFunctionsTest) : Failed
10:16:35.521 [main] INFO  JaguarDF - Test testNoInlineIfParametersModified3(com.google.javascript.jscomp.InlineFunctionsTest) : Failed
10:16:40.648 [main] INFO  JaguarDF - Test testNoInlineIfParametersModified4(com.google.javascript.jscomp.InlineFunctionsTest) : Failed
10:16:45.882 [main] INFO  JaguarDF - Test testNoInlineIfParametersModified5(com.google.javascript.jscomp.InlineFunctionsTest) : Failed
10:16:51.086 [main] INFO  JaguarDF - Test testNoInlineIfParametersModified6(com.google.javascript.jscomp.InlineFunctionsTest) : Failed
10:16:56.236 [main] INFO  JaguarDF - Test testNoInlineIfParametersModified7(com.google.javascript.jscomp.InlineFunctionsTest) : Failed
10:17:21.876 [main] INFO  JaguarDF - Test testInlineNeverMutateConstants(com.google.javascript.jscomp.InlineFunctionsTest) : Failed
10:17:26.987 [main] INFO  JaguarDF - Test testInlineNeverOverrideNewValues(com.google.javascript.jscomp.InlineFunctionsTest) : Failed
10:17:57.318 [main] INFO  JaguarDF - Test testInlineBlockMutableArgs1(com.google.javascript.jscomp.InlineFunctionsTest) : Failed
10:18:02.352 [main] INFO  JaguarDF - Test testInlineBlockMutableArgs2(com.google.javascript.jscomp.InlineFunctionsTest) : Failed
10:18:07.276 [main] INFO  JaguarDF - Test testInlineBlockMutableArgs3(com.google.javascript.jscomp.InlineFunctionsTest) : Failed
10:18:12.362 [main] INFO  JaguarDF - Test testInlineBlockMutableArgs4(com.google.javascript.jscomp.InlineFunctionsTest) : Failed
10:18:17.408 [main] INFO  JaguarDF - Test testShadowVariables1(com.google.javascript.jscomp.InlineFunctionsTest) : Failed
10:18:27.441 [main] INFO  JaguarDF - Test testShadowVariables3(com.google.javascript.jscomp.InlineFunctionsTest) : Failed
10:18:42.583 [main] INFO  JaguarDF - Test testShadowVariables6(com.google.javascript.jscomp.InlineFunctionsTest) : Failed
10:18:47.698 [main] INFO  JaguarDF - Test testShadowVariables7(com.google.javascript.jscomp.InlineFunctionsTest) : Failed
10:19:33.414 [main] INFO  JaguarDF - Test testShadowVariables16(com.google.javascript.jscomp.InlineFunctionsTest) : Failed
10:19:43.535 [main] INFO  JaguarDF - Test testShadowVariables18(com.google.javascript.jscomp.InlineFunctionsTest) : Failed
10:21:00.368 [main] INFO  JaguarDF - Test testComplexSample(com.google.javascript.jscomp.InlineFunctionsTest) : Failed
10:21:20.674 [main] INFO  JaguarDF - Test testComplexFunctionWithFunctionDefinition2(com.google.javascript.jscomp.InlineFunctionsTest) : Failed
10:21:25.788 [main] INFO  JaguarDF - Test testComplexFunctionWithFunctionDefinition2a(com.google.javascript.jscomp.InlineFunctionsTest) : Failed
10:21:30.831 [main] INFO  JaguarDF - Test testComplexFunctionWithFunctionDefinition3(com.google.javascript.jscomp.InlineFunctionsTest) : Failed
10:21:41.043 [main] INFO  JaguarDF - Test testDecomposeFunctionExpressionInCall(com.google.javascript.jscomp.InlineFunctionsTest) : Failed
10:23:22.304 [main] INFO  JaguarDF - Test testFunctionExpressionCallInlining11b(com.google.javascript.jscomp.InlineFunctionsTest) : Failed
10:23:47.705 [main] INFO  JaguarDF - Test testFunctionExpressionOmega(com.google.javascript.jscomp.InlineFunctionsTest) : Failed
10:25:14.413 [main] INFO  JaguarDF - Test testInlineWithThis7(com.google.javascript.jscomp.InlineFunctionsTest) : Failed
10:25:19.443 [main] INFO  JaguarDF - Test testFunctionExpressionYCombinator(com.google.javascript.jscomp.InlineFunctionsTest) : Failed
10:25:49.772 [main] INFO  JaguarDF - Test testBug4944818(com.google.javascript.jscomp.InlineFunctionsTest) : Failed
10:25:54.875 [main] INFO  JaguarDF - Test testIssue423(com.google.javascript.jscomp.InlineFunctionsTest) : Failed
10:25:59.924 [main] INFO  JaguarDF - Test testAnonymous1(com.google.javascript.jscomp.InlineFunctionsTest) : Failed
10:26:10.021 [main] INFO  JaguarDF - Test testAnonymous3(com.google.javascript.jscomp.InlineFunctionsTest) : Failed
10:26:15.149 [main] INFO  JaguarDF - Test testLoopWithFunctionWithFunction(com.google.javascript.jscomp.InlineFunctionsTest) : Failed
10:26:20.189 [main] INFO  JaguarDF - Test testMethodWithFunctionWithFunction(com.google.javascript.jscomp.InlineFunctionsTest) : Failed
12:04:40.890 [main] INFO  JaguarDF - Test testMakeLocalNamesUniqueWithContext5(com.google.javascript.jscomp.MakeDeclaredNamesUniqueTest) : Failed
Oct 29, 2020 2:46:24 PM com.google.javascript.jscomp.LoggerErrorManager println
WARNING: in1:1: WARNING - Suspicious code. The result of the 'getprop' operator is not being used.
/** @constructor */ function Foo() {} this.Foo;
                                      ^

Oct 29, 2020 2:46:24 PM com.google.javascript.jscomp.LoggerErrorManager println
WARNING: in1:1: WARNING - dangerous use of the global this object
/** @constructor */ function Foo() {} this.Foo;
                                      ^

Oct 29, 2020 2:46:24 PM com.google.javascript.jscomp.LoggerErrorManager printSummary
WARNING: 0 error(s), 2 warning(s), 75% typed
Oct 29, 2020 2:47:43 PM com.google.javascript.jscomp.LoggerErrorManager println
WARNING: in1:1: WARNING - Suspicious code. The result of the 'add' operator is not being used.
/** @constructor */ var DomHelper = function(){};/** method */ DomHelper.method = function() {};function f() { var x = DomHelper; x.method() + x.method(); }
                                                                                                                                  ^

Oct 29, 2020 2:47:43 PM com.google.javascript.jscomp.LoggerErrorManager printSummary
WARNING: 0 error(s), 1 warning(s), 100% typed
Oct 29, 2020 2:48:08 PM com.google.javascript.jscomp.LoggerErrorManager println
SEVERE: in1:1: ERROR - variable x is undeclared
/** @constructor */ var DomHelper = function(){};DomHelper.prototype.method = function() {   this.field = 3;  return x.field;}
                                                                                                                     ^

Oct 29, 2020 2:48:08 PM com.google.javascript.jscomp.LoggerErrorManager printSummary
WARNING: 1 error(s), 0 warning(s), 83.3% typed
Oct 29, 2020 2:49:22 PM com.google.javascript.jscomp.LoggerErrorManager println
WARNING: in1:1: WARNING - dangerous use of the global this object
function F() {  this.field1 = 3;}F.prototype.method1 = function() {  this.field1 = 5;};(new F()).method1();
                ^

Oct 29, 2020 2:49:22 PM com.google.javascript.jscomp.LoggerErrorManager println
WARNING: in1:1: WARNING - cannot instantiate non-constructor
function F() {  this.field1 = 3;}F.prototype.method1 = function() {  this.field1 = 5;};(new F()).method1();
                                                                                             ^

Oct 29, 2020 2:49:22 PM com.google.javascript.jscomp.LoggerErrorManager printSummary
WARNING: 0 error(s), 2 warning(s), 75% typed
Oct 29, 2020 2:49:28 PM com.google.javascript.jscomp.LoggerErrorManager println
WARNING: in1:1: WARNING - Parse error. illegal use of unknown JSDoc tag "contstructor"; ignoring it
/** @contstructor */function F() {  this.field1 = 3;}F.prototype.method1 = function() {  this.field1 = 5;};(new F()).method1();
    ^

Oct 29, 2020 2:49:28 PM com.google.javascript.jscomp.LoggerErrorManager printSummary
WARNING: 0 error(s), 1 warning(s)
LOG:unknown:///unknown:1+23: Semicolon inserted
LOG:unknown:///unknown:1+23: Semicolon inserted
LOG:unknown:///unknown:1+40: Semicolon inserted
LOG:unknown:///unknown:1+40: Semicolon inserted
LOG:unknown:///unknown:1+39: Semicolon inserted
LOG:unknown:///unknown:1+66: Semicolon inserted
LOG:unknown:///unknown:1+39: Semicolon inserted
LOG:unknown:///unknown:1+66: Semicolon inserted
LOG:unknown:///unknown:1+102: Semicolon inserted
LOG:unknown:///unknown:1+103: Semicolon inserted
LOG:unknown:///unknown:1+102: Semicolon inserted
LOG:unknown:///unknown:1+103: Semicolon inserted
LOG:unknown:///unknown:1+19: Semicolon inserted
LOG:unknown:///unknown:1+19: Semicolon inserted
LOG:unknown:///unknown:1+37: Semicolon inserted
LOG:unknown:///unknown:1+37: Semicolon inserted
LOG:unknown:///unknown:1+35: Semicolon inserted
LOG:unknown:///unknown:1+62: Semicolon inserted
LOG:unknown:///unknown:1+35: Semicolon inserted
LOG:unknown:///unknown:1+62: Semicolon inserted
LOG:unknown:///unknown:1+98: Semicolon inserted
LOG:unknown:///unknown:1+99: Semicolon inserted
LOG:unknown:///unknown:1+98: Semicolon inserted
LOG:unknown:///unknown:1+99: Semicolon inserted
LOG:unknown:///unknown:1+68: Semicolon inserted
LOG:unknown:///unknown:1+72: Semicolon inserted
LOG:unknown:///unknown:1+68: Semicolon inserted
LOG:unknown:///unknown:1+72: Semicolon inserted
LOG:unknown:///unknown:1+30: Semicolon inserted
LOG:unknown:///unknown:1+30: Semicolon inserted
LOG:unknown:///unknown:1+109: Semicolon inserted
LOG:unknown:///unknown:1+110: Semicolon inserted
LOG:unknown:///unknown:1+109: Semicolon inserted
LOG:unknown:///unknown:1+110: Semicolon inserted
LOG:unknown:///unknown:1+19: Semicolon inserted
LOG:unknown:///unknown:1+19: Semicolon inserted
LOG:unknown:///unknown:1+43: Semicolon inserted
LOG:unknown:///unknown:1+43: Semicolon inserted
LOG:unknown:///unknown:1+48: Semicolon inserted
LOG:unknown:///unknown:1+48: Semicolon inserted
LOG:unknown:///unknown:1+44: Semicolon inserted
LOG:unknown:///unknown:1+71: Semicolon inserted
LOG:unknown:///unknown:1+44: Semicolon inserted
LOG:unknown:///unknown:1+71: Semicolon inserted
LOG:unknown:///unknown:1+104: Semicolon inserted
LOG:unknown:///unknown:1+105: Semicolon inserted
LOG:unknown:///unknown:1+104: Semicolon inserted
LOG:unknown:///unknown:1+105: Semicolon inserted
LOG:unknown:///unknown:1+18: Semicolon inserted
LOG:unknown:///unknown:1+18: Semicolon inserted
LOG:unknown:///unknown:1+97: Semicolon inserted
LOG:unknown:///unknown:1+98: Semicolon inserted
LOG:unknown:///unknown:1+97: Semicolon inserted
LOG:unknown:///unknown:1+98: Semicolon inserted
LOG:unknown:///unknown:1+34: Semicolon inserted
LOG:unknown:///unknown:1+34: Semicolon inserted
LOG:unknown:///unknown:1+34: Semicolon inserted
LOG:unknown:///unknown:1+34: Semicolon inserted
LOG:unknown:///unknown:1+42: Semicolon inserted
LOG:unknown:///unknown:1+42: Semicolon inserted
LOG:unknown:///unknown:1+28: Semicolon inserted
LOG:unknown:///unknown:1+28: Semicolon inserted
LOG:unknown:///unknown:1+42: Semicolon inserted
LOG:unknown:///unknown:1+42: Semicolon inserted
LOG:unknown:///unknown:1+62: Semicolon inserted
LOG:unknown:///unknown:1+63: Semicolon inserted
LOG:unknown:///unknown:1+62: Semicolon inserted
LOG:unknown:///unknown:1+63: Semicolon inserted
LOG:unknown:///unknown:1+16: Semicolon inserted
LOG:unknown:///unknown:1+16: Semicolon inserted
LOG:unknown:///unknown:1+20: Semicolon inserted
LOG:unknown:///unknown:1+20: Semicolon inserted
WARNING:unknown:///unknown:1+2 - 3: Will not work in IE
java.lang.Exception
	at com.google.caja.reporting.EchoingMessageQueue$1.add(EchoingMessageQueue.java:52)
	at com.google.caja.reporting.EchoingMessageQueue$1.add(EchoingMessageQueue.java:40)
	at java.util.AbstractList.add(AbstractList.java:108)
	at com.google.caja.reporting.AbstractMessageQueue.addMessage(AbstractMessageQueue.java:25)
	at com.google.caja.parser.js.Parser.parseExpressionAtom(Parser.java:1138)
	at com.google.caja.parser.js.Parser.parseOp(Parser.java:792)
	at com.google.caja.parser.js.Parser.parseExpressionInt(Parser.java:727)
	at com.google.caja.parser.js.Parser.parseExpressionStmt(Parser.java:1281)
	at com.google.caja.parser.js.Parser.parseStatementWithoutLabel(Parser.java:706)
	at com.google.caja.parser.js.Parser.parseStatement(Parser.java:306)
	at com.google.caja.parser.js.Parser.parseTerminatedStatement(Parser.java:1312)
	at com.google.caja.parser.js.Parser.parseProgramOrFunctionBody(Parser.java:325)
	at com.google.caja.parser.js.Parser.parseProgram(Parser.java:314)
	at com.google.caja.parser.js.Parser.parse(Parser.java:272)
	at com.google.caja.parser.js.JsonMLParser.parse(JsonMLParser.java:42)
	at com.google.caja.parser.js.JsonMLParser.parse(JsonMLParser.java:31)
	at com.google.caja.parser.js.JsonMLParser.parse(JsonMLParser.java:26)
	at com.google.caja.parser.js.JsonMLParser.parse(JsonMLParser.java:22)
	at com.google.javascript.jscomp.jsonml.JsonMLConversionTest.testConversion(JsonMLConversionTest.java:79)
	at com.google.javascript.jscomp.jsonml.JsonMLConversionTest.testArray(JsonMLConversionTest.java:91)
	at sun.reflect.NativeMethodAccessorImpl.invoke0(Native Method)
	at sun.reflect.NativeMethodAccessorImpl.invoke(NativeMethodAccessorImpl.java:62)
	at sun.reflect.DelegatingMethodAccessorImpl.invoke(DelegatingMethodAccessorImpl.java:43)
	at java.lang.reflect.Method.invoke(Method.java:498)
	at junit.framework.TestCase.runTest(TestCase.java:168)
	at junit.framework.TestCase.runBare(TestCase.java:134)
	at junit.framework.TestResult$1.protect(TestResult.java:110)
	at junit.framework.TestResult.runProtected(TestResult.java:128)
	at junit.framework.TestResult.run(TestResult.java:113)
	at junit.framework.TestCase.run(TestCase.java:124)
	at junit.framework.TestSuite.runTest(TestSuite.java:243)
	at junit.framework.TestSuite.run(TestSuite.java:238)
	at org.junit.internal.runners.JUnit38ClassRunner.run(JUnit38ClassRunner.java:83)
	at org.junit.runners.Suite.runChild(Suite.java:128)
	at org.junit.runners.Suite.runChild(Suite.java:24)
	at org.junit.runners.ParentRunner$3.run(ParentRunner.java:193)
	at org.junit.runners.ParentRunner$1.schedule(ParentRunner.java:52)
	at org.junit.runners.ParentRunner.runChildren(ParentRunner.java:191)
	at org.junit.runners.ParentRunner.access$000(ParentRunner.java:42)
	at org.junit.runners.ParentRunner$2.evaluate(ParentRunner.java:184)
	at org.junit.runners.ParentRunner.run(ParentRunner.java:236)
	at org.junit.runner.JUnitCore.run(JUnitCore.java:157)
	at org.junit.runner.JUnitCore.run(JUnitCore.java:136)
	at org.junit.runner.JUnitCore.run(JUnitCore.java:117)
	at br.usp.each.saeg.jaguardf.cli.JaguarRunner.run(JaguarRunner.java:64)
	at br.usp.each.saeg.jaguardf.cli.JaguarRunner.main(JaguarRunner.java:96)
WARNING:unknown:///unknown:1+2 - 3: Will not work in IE
java.lang.Exception
	at com.google.caja.reporting.EchoingMessageQueue$1.add(EchoingMessageQueue.java:52)
	at com.google.caja.reporting.EchoingMessageQueue$1.add(EchoingMessageQueue.java:40)
	at java.util.AbstractList.add(AbstractList.java:108)
	at com.google.caja.reporting.AbstractMessageQueue.addMessage(AbstractMessageQueue.java:25)
	at com.google.caja.parser.js.Parser.parseExpressionAtom(Parser.java:1138)
	at com.google.caja.parser.js.Parser.parseOp(Parser.java:792)
	at com.google.caja.parser.js.Parser.parseExpressionInt(Parser.java:727)
	at com.google.caja.parser.js.Parser.parseExpressionStmt(Parser.java:1281)
	at com.google.caja.parser.js.Parser.parseStatementWithoutLabel(Parser.java:706)
	at com.google.caja.parser.js.Parser.parseStatement(Parser.java:306)
	at com.google.caja.parser.js.Parser.parseTerminatedStatement(Parser.java:1312)
	at com.google.caja.parser.js.Parser.parseProgramOrFunctionBody(Parser.java:325)
	at com.google.caja.parser.js.Parser.parseProgram(Parser.java:314)
	at com.google.caja.parser.js.Parser.parse(Parser.java:272)
	at com.google.caja.parser.js.JsonMLParser.parse(JsonMLParser.java:42)
	at com.google.caja.parser.js.JsonMLParser.parse(JsonMLParser.java:31)
	at com.google.caja.parser.js.JsonMLParser.parse(JsonMLParser.java:26)
	at com.google.caja.parser.js.JsonMLParser.parse(JsonMLParser.java:22)
	at com.google.javascript.jscomp.jsonml.JsonMLConversionTest.testConversion(JsonMLConversionTest.java:86)
	at com.google.javascript.jscomp.jsonml.JsonMLConversionTest.testArray(JsonMLConversionTest.java:91)
	at sun.reflect.NativeMethodAccessorImpl.invoke0(Native Method)
	at sun.reflect.NativeMethodAccessorImpl.invoke(NativeMethodAccessorImpl.java:62)
	at sun.reflect.DelegatingMethodAccessorImpl.invoke(DelegatingMethodAccessorImpl.java:43)
	at java.lang.reflect.Method.invoke(Method.java:498)
	at junit.framework.TestCase.runTest(TestCase.java:168)
	at junit.framework.TestCase.runBare(TestCase.java:134)
	at junit.framework.TestResult$1.protect(TestResult.java:110)
	at junit.framework.TestResult.runProtected(TestResult.java:128)
	at junit.framework.TestResult.run(TestResult.java:113)
	at junit.framework.TestCase.run(TestCase.java:124)
	at junit.framework.TestSuite.runTest(TestSuite.java:243)
	at junit.framework.TestSuite.run(TestSuite.java:238)
	at org.junit.internal.runners.JUnit38ClassRunner.run(JUnit38ClassRunner.java:83)
	at org.junit.runners.Suite.runChild(Suite.java:128)
	at org.junit.runners.Suite.runChild(Suite.java:24)
	at org.junit.runners.ParentRunner$3.run(ParentRunner.java:193)
	at org.junit.runners.ParentRunner$1.schedule(ParentRunner.java:52)
	at org.junit.runners.ParentRunner.runChildren(ParentRunner.java:191)
	at org.junit.runners.ParentRunner.access$000(ParentRunner.java:42)
	at org.junit.runners.ParentRunner$2.evaluate(ParentRunner.java:184)
	at org.junit.runners.ParentRunner.run(ParentRunner.java:236)
	at org.junit.runner.JUnitCore.run(JUnitCore.java:157)
	at org.junit.runner.JUnitCore.run(JUnitCore.java:136)
	at org.junit.runner.JUnitCore.run(JUnitCore.java:117)
	at br.usp.each.saeg.jaguardf.cli.JaguarRunner.run(JaguarRunner.java:64)
	at br.usp.each.saeg.jaguardf.cli.JaguarRunner.main(JaguarRunner.java:96)
WARNING:unknown:///unknown:1+2 - 3: Will not work in IE
java.lang.Exception
	at com.google.caja.reporting.EchoingMessageQueue$1.add(EchoingMessageQueue.java:52)
	at com.google.caja.reporting.EchoingMessageQueue$1.add(EchoingMessageQueue.java:40)
	at java.util.AbstractList.add(AbstractList.java:108)
	at com.google.caja.reporting.AbstractMessageQueue.addMessage(AbstractMessageQueue.java:25)
	at com.google.caja.parser.js.Parser.parseExpressionAtom(Parser.java:1138)
	at com.google.caja.parser.js.Parser.parseOp(Parser.java:792)
	at com.google.caja.parser.js.Parser.parseExpressionInt(Parser.java:727)
	at com.google.caja.parser.js.Parser.parseExpressionStmt(Parser.java:1281)
	at com.google.caja.parser.js.Parser.parseStatementWithoutLabel(Parser.java:706)
	at com.google.caja.parser.js.Parser.parseStatement(Parser.java:306)
	at com.google.caja.parser.js.Parser.parseTerminatedStatement(Parser.java:1312)
	at com.google.caja.parser.js.Parser.parseProgramOrFunctionBody(Parser.java:325)
	at com.google.caja.parser.js.Parser.parseProgram(Parser.java:314)
	at com.google.caja.parser.js.Parser.parse(Parser.java:272)
	at com.google.caja.parser.js.JsonMLParser.parse(JsonMLParser.java:42)
	at com.google.caja.parser.js.JsonMLParser.parse(JsonMLParser.java:31)
	at com.google.caja.parser.js.JsonMLParser.parse(JsonMLParser.java:26)
	at com.google.caja.parser.js.JsonMLParser.parse(JsonMLParser.java:22)
	at com.google.javascript.jscomp.jsonml.JsonMLConversionTest.testConversion(JsonMLConversionTest.java:79)
	at com.google.javascript.jscomp.jsonml.JsonMLConversionTest.testArray1(JsonMLConversionTest.java:102)
	at sun.reflect.NativeMethodAccessorImpl.invoke0(Native Method)
	at sun.reflect.NativeMethodAccessorImpl.invoke(NativeMethodAccessorImpl.java:62)
	at sun.reflect.DelegatingMethodAccessorImpl.invoke(DelegatingMethodAccessorImpl.java:43)
	at java.lang.reflect.Method.invoke(Method.java:498)
	at junit.framework.TestCase.runTest(TestCase.java:168)
	at junit.framework.TestCase.runBare(TestCase.java:134)
	at junit.framework.TestResult$1.protect(TestResult.java:110)
	at junit.framework.TestResult.runProtected(TestResult.java:128)
	at junit.framework.TestResult.run(TestResult.java:113)
	at junit.framework.TestCase.run(TestCase.java:124)
	at junit.framework.TestSuite.runTest(TestSuite.java:243)
	at junit.framework.TestSuite.run(TestSuite.java:238)
	at org.junit.internal.runners.JUnit38ClassRunner.run(JUnit38ClassRunner.java:83)
	at org.junit.runners.Suite.runChild(Suite.java:128)
	at org.junit.runners.Suite.runChild(Suite.java:24)
	at org.junit.runners.ParentRunner$3.run(ParentRunner.java:193)
	at org.junit.runners.ParentRunner$1.schedule(ParentRunner.java:52)
	at org.junit.runners.ParentRunner.runChildren(ParentRunner.java:191)
	at org.junit.runners.ParentRunner.access$000(ParentRunner.java:42)
	at org.junit.runners.ParentRunner$2.evaluate(ParentRunner.java:184)
	at org.junit.runners.ParentRunner.run(ParentRunner.java:236)
	at org.junit.runner.JUnitCore.run(JUnitCore.java:157)
	at org.junit.runner.JUnitCore.run(JUnitCore.java:136)
	at org.junit.runner.JUnitCore.run(JUnitCore.java:117)
	at br.usp.each.saeg.jaguardf.cli.JaguarRunner.run(JaguarRunner.java:64)
	at br.usp.each.saeg.jaguardf.cli.JaguarRunner.main(JaguarRunner.java:96)
WARNING:unknown:///unknown:1+2 - 3: Will not work in IE
java.lang.Exception
	at com.google.caja.reporting.EchoingMessageQueue$1.add(EchoingMessageQueue.java:52)
	at com.google.caja.reporting.EchoingMessageQueue$1.add(EchoingMessageQueue.java:40)
	at java.util.AbstractList.add(AbstractList.java:108)
	at com.google.caja.reporting.AbstractMessageQueue.addMessage(AbstractMessageQueue.java:25)
	at com.google.caja.parser.js.Parser.parseExpressionAtom(Parser.java:1138)
	at com.google.caja.parser.js.Parser.parseOp(Parser.java:792)
	at com.google.caja.parser.js.Parser.parseExpressionInt(Parser.java:727)
	at com.google.caja.parser.js.Parser.parseExpressionStmt(Parser.java:1281)
	at com.google.caja.parser.js.Parser.parseStatementWithoutLabel(Parser.java:706)
	at com.google.caja.parser.js.Parser.parseStatement(Parser.java:306)
	at com.google.caja.parser.js.Parser.parseTerminatedStatement(Parser.java:1312)
	at com.google.caja.parser.js.Parser.parseProgramOrFunctionBody(Parser.java:325)
	at com.google.caja.parser.js.Parser.parseProgram(Parser.java:314)
	at com.google.caja.parser.js.Parser.parse(Parser.java:272)
	at com.google.caja.parser.js.JsonMLParser.parse(JsonMLParser.java:42)
	at com.google.caja.parser.js.JsonMLParser.parse(JsonMLParser.java:31)
	at com.google.caja.parser.js.JsonMLParser.parse(JsonMLParser.java:26)
	at com.google.caja.parser.js.JsonMLParser.parse(JsonMLParser.java:22)
	at com.google.javascript.jscomp.jsonml.JsonMLConversionTest.testConversion(JsonMLConversionTest.java:86)
	at com.google.javascript.jscomp.jsonml.JsonMLConversionTest.testArray1(JsonMLConversionTest.java:102)
	at sun.reflect.NativeMethodAccessorImpl.invoke0(Native Method)
	at sun.reflect.NativeMethodAccessorImpl.invoke(NativeMethodAccessorImpl.java:62)
	at sun.reflect.DelegatingMethodAccessorImpl.invoke(DelegatingMethodAccessorImpl.java:43)
	at java.lang.reflect.Method.invoke(Method.java:498)
	at junit.framework.TestCase.runTest(TestCase.java:168)
	at junit.framework.TestCase.runBare(TestCase.java:134)
	at junit.framework.TestResult$1.protect(TestResult.java:110)
	at junit.framework.TestResult.runProtected(TestResult.java:128)
	at junit.framework.TestResult.run(TestResult.java:113)
	at junit.framework.TestCase.run(TestCase.java:124)
	at junit.framework.TestSuite.runTest(TestSuite.java:243)
	at junit.framework.TestSuite.run(TestSuite.java:238)
	at org.junit.internal.runners.JUnit38ClassRunner.run(JUnit38ClassRunner.java:83)
	at org.junit.runners.Suite.runChild(Suite.java:128)
	at org.junit.runners.Suite.runChild(Suite.java:24)
	at org.junit.runners.ParentRunner$3.run(ParentRunner.java:193)
	at org.junit.runners.ParentRunner$1.schedule(ParentRunner.java:52)
	at org.junit.runners.ParentRunner.runChildren(ParentRunner.java:191)
	at org.junit.runners.ParentRunner.access$000(ParentRunner.java:42)
	at org.junit.runners.ParentRunner$2.evaluate(ParentRunner.java:184)
	at org.junit.runners.ParentRunner.run(ParentRunner.java:236)
	at org.junit.runner.JUnitCore.run(JUnitCore.java:157)
	at org.junit.runner.JUnitCore.run(JUnitCore.java:136)
	at org.junit.runner.JUnitCore.run(JUnitCore.java:117)
	at br.usp.each.saeg.jaguardf.cli.JaguarRunner.run(JaguarRunner.java:64)
	at br.usp.each.saeg.jaguardf.cli.JaguarRunner.main(JaguarRunner.java:96)
LOG:unknown:///unknown:1+39: Semicolon inserted
LOG:unknown:///unknown:1+39: Semicolon inserted
LOG:unknown:///unknown:1+35: Semicolon inserted
LOG:unknown:///unknown:1+35: Semicolon inserted
LOG:unknown:///unknown:1+43: Semicolon inserted
LOG:unknown:///unknown:1+43: Semicolon inserted
LOG:unknown:///unknown:1+36: Semicolon inserted
LOG:unknown:///unknown:1+36: Semicolon inserted
LOG:unknown:///unknown:1+13: Semicolon inserted
LOG:unknown:///unknown:1+13: Semicolon inserted
LOG:unknown:///unknown:1+29: Semicolon inserted
LOG:unknown:///unknown:1+29: Semicolon inserted
LOG:unknown:///unknown:1+43: Semicolon inserted
LOG:unknown:///unknown:1+43: Semicolon inserted
LOG:unknown:///unknown:1+87: Semicolon inserted
LOG:unknown:///unknown:1+88: Semicolon inserted
LOG:unknown:///unknown:1+87: Semicolon inserted
LOG:unknown:///unknown:1+88: Semicolon inserted
LOG:unknown:///unknown:1+17: Semicolon inserted
LOG:unknown:///unknown:1+17: Semicolon inserted
LOG:unknown:///unknown:1+17: Semicolon inserted
LOG:unknown:///unknown:1+30: Semicolon inserted
LOG:unknown:///unknown:1+17: Semicolon inserted
LOG:unknown:///unknown:1+30: Semicolon inserted
LOG:unknown:///unknown:1+22: Semicolon inserted
LOG:unknown:///unknown:1+35: Semicolon inserted
LOG:unknown:///unknown:1+22: Semicolon inserted
LOG:unknown:///unknown:1+35: Semicolon inserted
LOG:unknown:///unknown:1+26: Semicolon inserted
LOG:unknown:///unknown:1+39: Semicolon inserted
LOG:unknown:///unknown:1+26: Semicolon inserted
LOG:unknown:///unknown:1+39: Semicolon inserted
LOG:unknown:///unknown:1+17: Semicolon inserted
LOG:unknown:///unknown:1+17: Semicolon inserted
LOG:unknown:///unknown:1+41: Semicolon inserted
LOG:unknown:///unknown:1+41: Semicolon inserted
LOG:unknown:///unknown:1+48: Semicolon inserted
LOG:unknown:///unknown:1+48: Semicolon inserted
LOG:unknown:///unknown:1+106: Semicolon inserted
LOG:unknown:///unknown:1+107: Semicolon inserted
LOG:unknown:///unknown:1+106: Semicolon inserted
LOG:unknown:///unknown:1+107: Semicolon inserted
LOG:unknown:///unknown:1+23: Semicolon inserted
LOG:unknown:///unknown:1+23: Semicolon inserted
LOG:unknown:///unknown:1+19: Semicolon inserted
LOG:unknown:///unknown:1+19: Semicolon inserted
LOG:unknown:///unknown:1+46: Semicolon inserted
LOG:unknown:///unknown:1+46: Semicolon inserted
LOG:unknown:///unknown:1+25: Semicolon inserted
LOG:unknown:///unknown:1+25: Semicolon inserted
LOG:unknown:///unknown:1+27: Semicolon inserted
LOG:unknown:///unknown:1+27: Semicolon inserted
LOG:unknown:///unknown:1+35: Semicolon inserted
LOG:unknown:///unknown:1+35: Semicolon inserted
LOG:unknown:///unknown:1+39: Semicolon inserted
LOG:unknown:///unknown:1+39: Semicolon inserted
LOG:unknown:///unknown:1+61: Semicolon inserted
LOG:unknown:///unknown:1+62: Semicolon inserted
LOG:unknown:///unknown:1+61: Semicolon inserted
LOG:unknown:///unknown:1+62: Semicolon inserted
LOG:unknown:///unknown:1+63: Semicolon inserted
LOG:unknown:///unknown:1+68: Semicolon inserted
LOG:unknown:///unknown:1+63: Semicolon inserted
LOG:unknown:///unknown:1+68: Semicolon inserted
LOG:unknown:///unknown:1+5: Semicolon inserted
LOG:unknown:///unknown:1+5: Semicolon inserted
LOG:unknown:///unknown:1+84: Semicolon inserted
LOG:unknown:///unknown:1+84: Semicolon inserted
LOG:unknown:///unknown:1+30: Semicolon inserted
LOG:unknown:///unknown:1+30: Semicolon inserted
LOG:unknown:///unknown:1+30: Semicolon inserted
LOG:unknown:///unknown:1+30: Semicolon inserted
LOG:unknown:///unknown:1+38: Semicolon inserted
LOG:unknown:///unknown:1+38: Semicolon inserted
LOG:unknown:///unknown:1+33: Semicolon inserted
LOG:unknown:///unknown:1+33: Semicolon inserted
LOG:unknown:///unknown:1+35: Semicolon inserted
LOG:unknown:///unknown:1+35: Semicolon inserted
LOG:unknown:///unknown:1+59: Semicolon inserted
LOG:unknown:///unknown:1+59: Semicolon inserted
LOG:unknown:///unknown:1+27: Semicolon inserted
LOG:unknown:///unknown:1+27: Semicolon inserted
LOG:unknown:///unknown:1+27: Semicolon inserted
LOG:unknown:///unknown:1+34: Semicolon inserted
LOG:unknown:///unknown:1+27: Semicolon inserted
LOG:unknown:///unknown:1+34: Semicolon inserted
LOG:unknown:///unknown:1+32: Semicolon inserted
LOG:unknown:///unknown:1+32: Semicolon inserted
LOG:unknown:///unknown:1+42: Semicolon inserted
LOG:unknown:///unknown:1+42: Semicolon inserted
LOG:unknown:///unknown:1+58: Semicolon inserted
LOG:unknown:///unknown:1+58: Semicolon inserted
LOG:unknown:///unknown:1+43: Semicolon inserted
LOG:unknown:///unknown:1+59: Semicolon inserted
LOG:unknown:///unknown:1+43: Semicolon inserted
LOG:unknown:///unknown:1+59: Semicolon inserted
LOG:unknown:///unknown:1+22: Semicolon inserted
LOG:unknown:///unknown:1+39: Semicolon inserted
LOG:unknown:///unknown:1+22: Semicolon inserted
LOG:unknown:///unknown:1+39: Semicolon inserted
LOG:unknown:///unknown:1+95: Semicolon inserted
LOG:unknown:///unknown:1+102: Semicolon inserted
LOG:unknown:///unknown:1+119: Semicolon inserted
LOG:unknown:///unknown:1+95: Semicolon inserted
LOG:unknown:///unknown:1+102: Semicolon inserted
LOG:unknown:///unknown:1+119: Semicolon inserted
LOG:unknown:///unknown:1+22: Semicolon inserted
LOG:unknown:///unknown:1+37: Semicolon inserted
LOG:unknown:///unknown:1+22: Semicolon inserted
LOG:unknown:///unknown:1+37: Semicolon inserted
LOG:unknown:///unknown:1+95: Semicolon inserted
LOG:unknown:///unknown:1+102: Semicolon inserted
LOG:unknown:///unknown:1+117: Semicolon inserted
LOG:unknown:///unknown:1+95: Semicolon inserted
LOG:unknown:///unknown:1+102: Semicolon inserted
LOG:unknown:///unknown:1+117: Semicolon inserted
LOG:unknown:///unknown:1+22: Semicolon inserted
LOG:unknown:///unknown:1+22: Semicolon inserted
LOG:unknown:///unknown:1+95: Semicolon inserted
LOG:unknown:///unknown:1+102: Semicolon inserted
LOG:unknown:///unknown:1+119: Semicolon inserted
LOG:unknown:///unknown:1+134: Semicolon inserted
LOG:unknown:///unknown:1+95: Semicolon inserted
LOG:unknown:///unknown:1+102: Semicolon inserted
LOG:unknown:///unknown:1+119: Semicolon inserted
LOG:unknown:///unknown:1+134: Semicolon inserted
LOG:unknown:///unknown:1+15: Semicolon inserted
LOG:unknown:///unknown:1+15: Semicolon inserted
LOG:unknown:///unknown:1+34: Semicolon inserted
LOG:unknown:///unknown:1+34: Semicolon inserted
LOG:unknown:///unknown:1+107: Semicolon inserted
LOG:unknown:///unknown:1+108: Semicolon inserted
LOG:unknown:///unknown:1+117: Semicolon inserted
LOG:unknown:///unknown:1+107: Semicolon inserted
LOG:unknown:///unknown:1+108: Semicolon inserted
LOG:unknown:///unknown:1+117: Semicolon inserted
LOG:unknown:///unknown:1+19: Semicolon inserted
LOG:unknown:///unknown:1+19: Semicolon inserted
Oct 29, 2020 5:17:10 PM com.google.javascript.jscomp.LoggerErrorManager println
SEVERE: ERROR - Syntax error: Wrong type of child number 1 for VarDecl. Expected: [InitPatt, IdPatt]. Found: IdExpr.

Oct 29, 2020 5:17:10 PM com.google.javascript.jscomp.LoggerErrorManager printSummary
WARNING: 1 error(s), 0 warning(s)
Oct 29, 2020 6:18:50 PM com.google.javascript.jscomp.parsing.ParserRunner parse
INFO: Error parsing input: JSCompiler test code: Compilation produced 1 syntax errors.
Oct 29, 2020 6:19:29 PM com.google.javascript.jscomp.parsing.ParserRunner parse
INFO: Error parsing input: JSCompiler test code: Compilation produced 1 syntax errors.
Oct 29, 2020 6:19:48 PM com.google.javascript.jscomp.parsing.ParserRunner parse
INFO: Error parsing input: JSCompiler test code: Compilation produced 2 syntax errors.
Oct 29, 2020 6:19:55 PM com.google.javascript.jscomp.parsing.ParserRunner parse
INFO: Error parsing input: JSCompiler test code: Compilation produced 1 syntax errors.
Oct 29, 2020 6:20:01 PM com.google.javascript.jscomp.parsing.ParserRunner parse
INFO: Error parsing input: JSCompiler test code: Compilation produced 1 syntax errors.
Oct 29, 2020 6:20:07 PM com.google.javascript.jscomp.parsing.ParserRunner parse
INFO: Error parsing input: JSCompiler test code: Compilation produced 1 syntax errors.
Oct 29, 2020 6:20:20 PM com.google.javascript.jscomp.parsing.ParserRunner parse
INFO: Error parsing input: JSCompiler test code: Compilation produced 1 syntax errors.
Oct 29, 2020 6:20:27 PM com.google.javascript.jscomp.parsing.ParserRunner parse
INFO: Error parsing input: JSCompiler test code: Compilation produced 2 syntax errors.
Oct 29, 2020 6:20:33 PM com.google.javascript.jscomp.parsing.ParserRunner parse
INFO: Error parsing input: JSCompiler test code: Compilation produced 2 syntax errors.
Oct 29, 2020 6:20:52 PM com.google.javascript.jscomp.parsing.ParserRunner parse
INFO: Error parsing input: JSCompiler test code: Compilation produced 2 syntax errors.
Oct 29, 2020 6:21:38 PM com.google.javascript.jscomp.parsing.ParserRunner parse
INFO: Error parsing input: JSCompiler test code: Compilation produced 1 syntax errors.
Oct 29, 2020 6:21:57 PM com.google.javascript.jscomp.parsing.ParserRunner parse
INFO: Error parsing input: JSCompiler test code: Compilation produced 1 syntax errors.
Oct 29, 2020 6:21:57 PM com.google.javascript.jscomp.parsing.ParserRunner parse
INFO: Error parsing input: JSCompiler test code: Compilation produced 1 syntax errors.
Oct 29, 2020 6:21:57 PM com.google.javascript.jscomp.parsing.ParserRunner parse
INFO: Error parsing input: JSCompiler test code: Compilation produced 1 syntax errors.
Oct 29, 2020 6:21:57 PM com.google.javascript.jscomp.parsing.ParserRunner parse
INFO: Error parsing input: JSCompiler test code: Compilation produced 1 syntax errors.
Oct 29, 2020 6:21:57 PM com.google.javascript.jscomp.parsing.ParserRunner parse
INFO: Error parsing input: JSCompiler test code: Compilation produced 1 syntax errors.
Oct 29, 2020 6:22:04 PM com.google.javascript.jscomp.parsing.ParserRunner parse
INFO: Error parsing input: JSCompiler test code: Compilation produced 1 syntax errors.
Oct 29, 2020 6:22:04 PM com.google.javascript.jscomp.parsing.ParserRunner parse
INFO: Error parsing input: JSCompiler test code: Compilation produced 1 syntax errors.
Oct 29, 2020 6:22:04 PM com.google.javascript.jscomp.parsing.ParserRunner parse
INFO: Error parsing input: JSCompiler test code: Compilation produced 1 syntax errors.
Oct 29, 2020 6:22:04 PM com.google.javascript.jscomp.parsing.ParserRunner parse
INFO: Error parsing input: JSCompiler test code: Compilation produced 1 syntax errors.
Oct 29, 2020 6:22:04 PM com.google.javascript.jscomp.parsing.ParserRunner parse
INFO: Error parsing input: JSCompiler test code: Compilation produced 1 syntax errors.
Oct 29, 2020 6:22:04 PM com.google.javascript.jscomp.parsing.ParserRunner parse
INFO: Error parsing input: JSCompiler test code: Compilation produced 1 syntax errors.
Oct 29, 2020 6:22:10 PM com.google.javascript.jscomp.parsing.ParserRunner parse
INFO: Error parsing input: JSCompiler test code: Compilation produced 1 syntax errors.
18:58:04.175 [main] INFO  JaguarDF - Jaguar-DF has finished!

real	649m16.368s
user	645m0.775s
sys	6m53.882s
