03:05:54.285 [main] INFO  JaguarDF - Welcome to Jaguar-DF CLI!
03:05:55.020 [main] DEBUG JaguarDF - CLI Arguments: [--projectDir, d4jprojects/closure-compiler, --classesDir, build/classes, --testsDir, build/test, --tests, tests.out, --logLevel, INFO]
Nov 04, 2020 3:06:47 AM com.google.javascript.jscomp.PhaseOptimizer$NamedPass process
INFO: checkVars
Nov 04, 2020 3:06:47 AM com.google.javascript.jscomp.PhaseOptimizer$NamedPass process
INFO: checkStrictMode
Nov 04, 2020 3:06:47 AM com.google.javascript.jscomp.PhaseOptimizer$NamedPass process
INFO: replaceMessages
Nov 04, 2020 3:06:47 AM com.google.javascript.jscomp.PhaseOptimizer$NamedPass process
INFO: processDefines
Nov 04, 2020 3:06:50 AM com.google.javascript.jscomp.PhaseOptimizer$NamedPass process
INFO: checkVars
Nov 04, 2020 3:06:50 AM com.google.javascript.jscomp.PhaseOptimizer$NamedPass process
INFO: checkStrictMode
Nov 04, 2020 3:06:50 AM com.google.javascript.jscomp.PhaseOptimizer$NamedPass process
INFO: replaceMessages
Nov 04, 2020 3:06:50 AM com.google.javascript.jscomp.PhaseOptimizer$NamedPass process
INFO: processDefines
Nov 04, 2020 3:06:52 AM com.google.javascript.jscomp.PhaseOptimizer$NamedPass process
INFO: checkVars
Nov 04, 2020 3:06:52 AM com.google.javascript.jscomp.PhaseOptimizer$NamedPass process
INFO: checkStrictMode
Nov 04, 2020 3:06:52 AM com.google.javascript.jscomp.PhaseOptimizer$NamedPass process
INFO: replaceMessages
Nov 04, 2020 3:06:52 AM com.google.javascript.jscomp.PhaseOptimizer$NamedPass process
INFO: processDefines
Nov 04, 2020 3:06:53 AM com.google.javascript.jscomp.PhaseOptimizer$NamedPass process
INFO: checkVars
Nov 04, 2020 3:06:53 AM com.google.javascript.jscomp.PhaseOptimizer$NamedPass process
INFO: checkStrictMode
Nov 04, 2020 3:06:53 AM com.google.javascript.jscomp.PhaseOptimizer$NamedPass process
INFO: replaceMessages
Nov 04, 2020 3:06:53 AM com.google.javascript.jscomp.PhaseOptimizer$NamedPass process
INFO: processDefines
Nov 04, 2020 3:06:55 AM com.google.javascript.jscomp.PhaseOptimizer$NamedPass process
INFO: checkVars
Nov 04, 2020 3:06:55 AM com.google.javascript.jscomp.PhaseOptimizer$NamedPass process
INFO: checkStrictMode
Nov 04, 2020 3:06:55 AM com.google.javascript.jscomp.PhaseOptimizer$NamedPass process
INFO: replaceMessages
Nov 04, 2020 3:06:55 AM com.google.javascript.jscomp.PhaseOptimizer$NamedPass process
INFO: processDefines
Nov 04, 2020 3:06:56 AM com.google.javascript.jscomp.PhaseOptimizer$NamedPass process
INFO: checkVars
Nov 04, 2020 3:06:56 AM com.google.javascript.jscomp.PhaseOptimizer$NamedPass process
INFO: checkStrictMode
Nov 04, 2020 3:06:56 AM com.google.javascript.jscomp.PhaseOptimizer$NamedPass process
INFO: replaceMessages
Nov 04, 2020 3:06:56 AM com.google.javascript.jscomp.PhaseOptimizer$NamedPass process
INFO: processDefines
Nov 04, 2020 3:06:57 AM com.google.javascript.jscomp.PhaseOptimizer$NamedPass process
INFO: checkVars
Nov 04, 2020 3:06:57 AM com.google.javascript.jscomp.PhaseOptimizer$NamedPass process
INFO: checkStrictMode
Nov 04, 2020 3:06:57 AM com.google.javascript.jscomp.PhaseOptimizer$NamedPass process
INFO: replaceMessages
Nov 04, 2020 3:06:57 AM com.google.javascript.jscomp.PhaseOptimizer$NamedPass process
INFO: processDefines
Nov 04, 2020 3:06:58 AM com.google.javascript.jscomp.PhaseOptimizer$NamedPass process
INFO: checkVars
Nov 04, 2020 3:06:58 AM com.google.javascript.jscomp.PhaseOptimizer$NamedPass process
INFO: checkStrictMode
Nov 04, 2020 3:06:58 AM com.google.javascript.jscomp.PhaseOptimizer$NamedPass process
INFO: replaceMessages
Nov 04, 2020 3:06:58 AM com.google.javascript.jscomp.PhaseOptimizer$NamedPass process
INFO: processDefines
Nov 04, 2020 3:06:59 AM com.google.javascript.jscomp.PhaseOptimizer$NamedPass process
INFO: checkVars
Nov 04, 2020 3:06:59 AM com.google.javascript.jscomp.PhaseOptimizer$NamedPass process
INFO: checkStrictMode
Nov 04, 2020 3:06:59 AM com.google.javascript.jscomp.PhaseOptimizer$NamedPass process
INFO: replaceMessages
Nov 04, 2020 3:06:59 AM com.google.javascript.jscomp.PhaseOptimizer$NamedPass process
INFO: processDefines
Nov 04, 2020 3:07:01 AM com.google.javascript.jscomp.PhaseOptimizer$NamedPass process
INFO: checkVars
Nov 04, 2020 3:07:01 AM com.google.javascript.jscomp.PhaseOptimizer$NamedPass process
INFO: checkStrictMode
Nov 04, 2020 3:07:01 AM com.google.javascript.jscomp.PhaseOptimizer$NamedPass process
INFO: replaceMessages
Nov 04, 2020 3:07:01 AM com.google.javascript.jscomp.PhaseOptimizer$NamedPass process
INFO: processDefines
Nov 04, 2020 3:07:01 AM com.google.javascript.jscomp.PhaseOptimizer$NamedPass process
INFO: checkVars
Nov 04, 2020 3:07:01 AM com.google.javascript.jscomp.PhaseOptimizer$NamedPass process
INFO: checkStrictMode
Nov 04, 2020 3:07:01 AM com.google.javascript.jscomp.PhaseOptimizer$NamedPass process
INFO: replaceMessages
Nov 04, 2020 3:07:01 AM com.google.javascript.jscomp.PhaseOptimizer$NamedPass process
INFO: processDefines
Nov 04, 2020 3:07:02 AM com.google.javascript.jscomp.PhaseOptimizer$NamedPass process
INFO: checkVars
Nov 04, 2020 3:07:02 AM com.google.javascript.jscomp.PhaseOptimizer$NamedPass process
INFO: checkStrictMode
Nov 04, 2020 3:07:02 AM com.google.javascript.jscomp.PhaseOptimizer$NamedPass process
INFO: replaceMessages
Nov 04, 2020 3:07:02 AM com.google.javascript.jscomp.PhaseOptimizer$NamedPass process
INFO: processDefines
Nov 04, 2020 3:07:03 AM com.google.javascript.jscomp.PhaseOptimizer$NamedPass process
INFO: checkVars
Nov 04, 2020 3:07:03 AM com.google.javascript.jscomp.PhaseOptimizer$NamedPass process
INFO: checkStrictMode
Nov 04, 2020 3:07:03 AM com.google.javascript.jscomp.PhaseOptimizer$NamedPass process
INFO: replaceMessages
Nov 04, 2020 3:07:03 AM com.google.javascript.jscomp.PhaseOptimizer$NamedPass process
INFO: processDefines
Nov 04, 2020 3:07:04 AM com.google.javascript.jscomp.PhaseOptimizer$NamedPass process
INFO: checkVars
Nov 04, 2020 3:07:04 AM com.google.javascript.jscomp.PhaseOptimizer$NamedPass process
INFO: checkStrictMode
Nov 04, 2020 3:07:04 AM com.google.javascript.jscomp.PhaseOptimizer$NamedPass process
INFO: replaceMessages
Nov 04, 2020 3:07:04 AM com.google.javascript.jscomp.PhaseOptimizer$NamedPass process
INFO: processDefines
Nov 04, 2020 3:07:06 AM com.google.javascript.jscomp.PhaseOptimizer$NamedPass process
INFO: checkVars
Nov 04, 2020 3:07:06 AM com.google.javascript.jscomp.PhaseOptimizer$NamedPass process
INFO: checkStrictMode
Nov 04, 2020 3:07:06 AM com.google.javascript.jscomp.PhaseOptimizer$NamedPass process
INFO: replaceMessages
Nov 04, 2020 3:07:06 AM com.google.javascript.jscomp.PhaseOptimizer$NamedPass process
INFO: processDefines
Nov 04, 2020 3:07:06 AM com.google.javascript.jscomp.PhaseOptimizer$NamedPass process
INFO: checkVars
Nov 04, 2020 3:07:06 AM com.google.javascript.jscomp.PhaseOptimizer$NamedPass process
INFO: checkStrictMode
Nov 04, 2020 3:07:06 AM com.google.javascript.jscomp.PhaseOptimizer$NamedPass process
INFO: replaceMessages
Nov 04, 2020 3:07:06 AM com.google.javascript.jscomp.PhaseOptimizer$NamedPass process
INFO: processDefines
Nov 04, 2020 3:07:08 AM com.google.javascript.jscomp.PhaseOptimizer$NamedPass process
INFO: checkVars
Nov 04, 2020 3:07:08 AM com.google.javascript.jscomp.PhaseOptimizer$NamedPass process
INFO: checkStrictMode
Nov 04, 2020 3:07:08 AM com.google.javascript.jscomp.PhaseOptimizer$NamedPass process
INFO: replaceMessages
Nov 04, 2020 3:07:08 AM com.google.javascript.jscomp.PhaseOptimizer$NamedPass process
INFO: processDefines
Nov 04, 2020 3:07:08 AM com.google.javascript.jscomp.PhaseOptimizer$NamedPass process
INFO: checkVars
Nov 04, 2020 3:07:08 AM com.google.javascript.jscomp.PhaseOptimizer$NamedPass process
INFO: checkStrictMode
Nov 04, 2020 3:07:08 AM com.google.javascript.jscomp.PhaseOptimizer$NamedPass process
INFO: replaceMessages
Nov 04, 2020 3:07:08 AM com.google.javascript.jscomp.PhaseOptimizer$NamedPass process
INFO: processDefines
Nov 04, 2020 3:07:10 AM com.google.javascript.jscomp.PhaseOptimizer$NamedPass process
INFO: checkVars
Nov 04, 2020 3:07:10 AM com.google.javascript.jscomp.PhaseOptimizer$NamedPass process
INFO: checkStrictMode
Nov 04, 2020 3:07:10 AM com.google.javascript.jscomp.PhaseOptimizer$NamedPass process
INFO: replaceMessages
Nov 04, 2020 3:07:10 AM com.google.javascript.jscomp.PhaseOptimizer$NamedPass process
INFO: processDefines
Nov 04, 2020 3:07:12 AM com.google.javascript.jscomp.PhaseOptimizer$NamedPass process
INFO: checkVars
Nov 04, 2020 3:07:12 AM com.google.javascript.jscomp.PhaseOptimizer$NamedPass process
INFO: checkStrictMode
Nov 04, 2020 3:07:12 AM com.google.javascript.jscomp.PhaseOptimizer$NamedPass process
INFO: replaceMessages
Nov 04, 2020 3:07:12 AM com.google.javascript.jscomp.PhaseOptimizer$NamedPass process
INFO: processDefines
Nov 04, 2020 3:07:14 AM com.google.javascript.jscomp.PhaseOptimizer$NamedPass process
INFO: checkVars
Nov 04, 2020 3:07:14 AM com.google.javascript.jscomp.PhaseOptimizer$NamedPass process
INFO: checkStrictMode
Nov 04, 2020 3:07:14 AM com.google.javascript.jscomp.PhaseOptimizer$NamedPass process
INFO: replaceMessages
Nov 04, 2020 3:07:14 AM com.google.javascript.jscomp.PhaseOptimizer$NamedPass process
INFO: processDefines
Nov 04, 2020 3:07:16 AM com.google.javascript.jscomp.PhaseOptimizer$NamedPass process
INFO: checkVars
Nov 04, 2020 3:07:16 AM com.google.javascript.jscomp.PhaseOptimizer$NamedPass process
INFO: checkStrictMode
Nov 04, 2020 3:07:16 AM com.google.javascript.jscomp.PhaseOptimizer$NamedPass process
INFO: replaceMessages
Nov 04, 2020 3:07:16 AM com.google.javascript.jscomp.PhaseOptimizer$NamedPass process
INFO: processDefines
Nov 04, 2020 3:07:18 AM com.google.javascript.jscomp.PhaseOptimizer$NamedPass process
INFO: checkVars
Nov 04, 2020 3:07:18 AM com.google.javascript.jscomp.PhaseOptimizer$NamedPass process
INFO: checkStrictMode
Nov 04, 2020 3:07:18 AM com.google.javascript.jscomp.PhaseOptimizer$NamedPass process
INFO: replaceMessages
Nov 04, 2020 3:07:18 AM com.google.javascript.jscomp.PhaseOptimizer$NamedPass process
INFO: processDefines
Nov 04, 2020 3:07:20 AM com.google.javascript.jscomp.PhaseOptimizer$NamedPass process
INFO: checkVars
Nov 04, 2020 3:07:20 AM com.google.javascript.jscomp.PhaseOptimizer$NamedPass process
INFO: checkStrictMode
Nov 04, 2020 3:07:20 AM com.google.javascript.jscomp.PhaseOptimizer$NamedPass process
INFO: replaceMessages
Nov 04, 2020 3:07:20 AM com.google.javascript.jscomp.PhaseOptimizer$NamedPass process
INFO: processDefines
Nov 04, 2020 3:07:20 AM com.google.javascript.jscomp.PhaseOptimizer$NamedPass process
INFO: checkVars
Nov 04, 2020 3:07:20 AM com.google.javascript.jscomp.PhaseOptimizer$NamedPass process
INFO: checkStrictMode
Nov 04, 2020 3:07:20 AM com.google.javascript.jscomp.PhaseOptimizer$NamedPass process
INFO: replaceMessages
Nov 04, 2020 3:07:20 AM com.google.javascript.jscomp.PhaseOptimizer$NamedPass process
INFO: processDefines
Nov 04, 2020 3:07:22 AM com.google.javascript.jscomp.PhaseOptimizer$NamedPass process
INFO: checkVars
Nov 04, 2020 3:07:22 AM com.google.javascript.jscomp.PhaseOptimizer$NamedPass process
INFO: checkStrictMode
Nov 04, 2020 3:07:22 AM com.google.javascript.jscomp.PhaseOptimizer$NamedPass process
INFO: replaceMessages
Nov 04, 2020 3:07:22 AM com.google.javascript.jscomp.PhaseOptimizer$NamedPass process
INFO: processDefines
Nov 04, 2020 3:07:25 AM com.google.javascript.jscomp.PhaseOptimizer$NamedPass process
INFO: checkVars
Nov 04, 2020 3:07:25 AM com.google.javascript.jscomp.PhaseOptimizer$NamedPass process
INFO: checkStrictMode
Nov 04, 2020 3:07:25 AM com.google.javascript.jscomp.PhaseOptimizer$NamedPass process
INFO: replaceMessages
Nov 04, 2020 3:07:25 AM com.google.javascript.jscomp.PhaseOptimizer$NamedPass process
INFO: processDefines
Nov 04, 2020 3:07:27 AM com.google.javascript.jscomp.PhaseOptimizer$NamedPass process
INFO: checkVars
Nov 04, 2020 3:07:27 AM com.google.javascript.jscomp.PhaseOptimizer$NamedPass process
INFO: checkStrictMode
Nov 04, 2020 3:07:27 AM com.google.javascript.jscomp.PhaseOptimizer$NamedPass process
INFO: replaceMessages
Nov 04, 2020 3:07:27 AM com.google.javascript.jscomp.PhaseOptimizer$NamedPass process
INFO: processDefines
Nov 04, 2020 3:07:29 AM com.google.javascript.jscomp.PhaseOptimizer$NamedPass process
INFO: checkVars
Nov 04, 2020 3:07:29 AM com.google.javascript.jscomp.PhaseOptimizer$NamedPass process
INFO: checkStrictMode
Nov 04, 2020 3:07:29 AM com.google.javascript.jscomp.PhaseOptimizer$NamedPass process
INFO: replaceMessages
Nov 04, 2020 3:07:29 AM com.google.javascript.jscomp.PhaseOptimizer$NamedPass process
INFO: processDefines
Nov 04, 2020 3:07:29 AM com.google.javascript.jscomp.PhaseOptimizer$NamedPass process
INFO: checkVars
Nov 04, 2020 3:07:29 AM com.google.javascript.jscomp.PhaseOptimizer$NamedPass process
INFO: checkStrictMode
Nov 04, 2020 3:07:29 AM com.google.javascript.jscomp.PhaseOptimizer$NamedPass process
INFO: replaceMessages
Nov 04, 2020 3:07:29 AM com.google.javascript.jscomp.PhaseOptimizer$NamedPass process
INFO: processDefines
Nov 04, 2020 3:07:31 AM com.google.javascript.jscomp.PhaseOptimizer$NamedPass process
INFO: checkVars
Nov 04, 2020 3:07:31 AM com.google.javascript.jscomp.PhaseOptimizer$NamedPass process
INFO: checkStrictMode
Nov 04, 2020 3:07:31 AM com.google.javascript.jscomp.PhaseOptimizer$NamedPass process
INFO: replaceMessages
Nov 04, 2020 3:07:31 AM com.google.javascript.jscomp.PhaseOptimizer$NamedPass process
INFO: processDefines
Nov 04, 2020 3:07:31 AM com.google.javascript.jscomp.PhaseOptimizer$NamedPass process
INFO: checkVars
Nov 04, 2020 3:07:31 AM com.google.javascript.jscomp.PhaseOptimizer$NamedPass process
INFO: checkStrictMode
Nov 04, 2020 3:07:31 AM com.google.javascript.jscomp.PhaseOptimizer$NamedPass process
INFO: replaceMessages
Nov 04, 2020 3:07:31 AM com.google.javascript.jscomp.PhaseOptimizer$NamedPass process
INFO: processDefines
Nov 04, 2020 3:07:33 AM com.google.javascript.jscomp.PhaseOptimizer$NamedPass process
INFO: checkVars
Nov 04, 2020 3:07:33 AM com.google.javascript.jscomp.PhaseOptimizer$NamedPass process
INFO: checkStrictMode
Nov 04, 2020 3:07:33 AM com.google.javascript.jscomp.PhaseOptimizer$NamedPass process
INFO: replaceMessages
Nov 04, 2020 3:07:33 AM com.google.javascript.jscomp.PhaseOptimizer$NamedPass process
INFO: processDefines
Nov 04, 2020 3:07:35 AM com.google.javascript.jscomp.PhaseOptimizer$NamedPass process
INFO: checkVars
Nov 04, 2020 3:07:35 AM com.google.javascript.jscomp.PhaseOptimizer$NamedPass process
INFO: checkStrictMode
Nov 04, 2020 3:07:35 AM com.google.javascript.jscomp.PhaseOptimizer$NamedPass process
INFO: replaceMessages
Nov 04, 2020 3:07:35 AM com.google.javascript.jscomp.PhaseOptimizer$NamedPass process
INFO: processDefines
Nov 04, 2020 3:07:44 AM com.google.javascript.jscomp.PhaseOptimizer$NamedPass process
INFO: checkVars
Nov 04, 2020 3:07:44 AM com.google.javascript.jscomp.PhaseOptimizer$NamedPass process
INFO: checkStrictMode
Nov 04, 2020 3:07:44 AM com.google.javascript.jscomp.PhaseOptimizer$NamedPass process
INFO: replaceMessages
Nov 04, 2020 3:07:44 AM com.google.javascript.jscomp.PhaseOptimizer$NamedPass process
INFO: processDefines
Nov 04, 2020 3:07:46 AM com.google.javascript.jscomp.PhaseOptimizer$NamedPass process
INFO: checkVars
Nov 04, 2020 3:07:46 AM com.google.javascript.jscomp.PhaseOptimizer$NamedPass process
INFO: checkStrictMode
Nov 04, 2020 3:07:46 AM com.google.javascript.jscomp.PhaseOptimizer$NamedPass process
INFO: replaceMessages
Nov 04, 2020 3:07:46 AM com.google.javascript.jscomp.PhaseOptimizer$NamedPass process
INFO: processDefines
Nov 04, 2020 3:07:48 AM com.google.javascript.jscomp.PhaseOptimizer$NamedPass process
INFO: checkVars
Nov 04, 2020 3:07:48 AM com.google.javascript.jscomp.PhaseOptimizer$NamedPass process
INFO: checkStrictMode
Nov 04, 2020 3:07:48 AM com.google.javascript.jscomp.PhaseOptimizer$NamedPass process
INFO: replaceMessages
Nov 04, 2020 3:07:48 AM com.google.javascript.jscomp.PhaseOptimizer$NamedPass process
INFO: processDefines
Nov 04, 2020 3:07:50 AM com.google.javascript.jscomp.PhaseOptimizer$NamedPass process
INFO: checkVars
Nov 04, 2020 3:07:50 AM com.google.javascript.jscomp.PhaseOptimizer$NamedPass process
INFO: checkStrictMode
Nov 04, 2020 3:07:50 AM com.google.javascript.jscomp.PhaseOptimizer$NamedPass process
INFO: replaceMessages
Nov 04, 2020 3:07:50 AM com.google.javascript.jscomp.PhaseOptimizer$NamedPass process
INFO: processDefines
Nov 04, 2020 3:07:52 AM com.google.javascript.jscomp.PhaseOptimizer$NamedPass process
INFO: checkVars
Nov 04, 2020 3:07:52 AM com.google.javascript.jscomp.PhaseOptimizer$NamedPass process
INFO: checkStrictMode
Nov 04, 2020 3:07:52 AM com.google.javascript.jscomp.PhaseOptimizer$NamedPass process
INFO: replaceMessages
Nov 04, 2020 3:07:52 AM com.google.javascript.jscomp.PhaseOptimizer$NamedPass process
INFO: processDefines
Nov 04, 2020 3:07:52 AM com.google.javascript.jscomp.PhaseOptimizer$NamedPass process
INFO: checkVars
Nov 04, 2020 3:07:52 AM com.google.javascript.jscomp.PhaseOptimizer$NamedPass process
INFO: checkStrictMode
Nov 04, 2020 3:07:52 AM com.google.javascript.jscomp.PhaseOptimizer$NamedPass process
INFO: replaceMessages
Nov 04, 2020 3:07:52 AM com.google.javascript.jscomp.PhaseOptimizer$NamedPass process
INFO: processDefines
Nov 04, 2020 3:07:54 AM com.google.javascript.jscomp.PhaseOptimizer$NamedPass process
INFO: checkVars
Nov 04, 2020 3:07:54 AM com.google.javascript.jscomp.PhaseOptimizer$NamedPass process
INFO: checkStrictMode
Nov 04, 2020 3:07:54 AM com.google.javascript.jscomp.PhaseOptimizer$NamedPass process
INFO: replaceMessages
Nov 04, 2020 3:07:54 AM com.google.javascript.jscomp.PhaseOptimizer$NamedPass process
INFO: processDefines
Nov 04, 2020 3:07:57 AM com.google.javascript.jscomp.PhaseOptimizer$NamedPass process
INFO: checkVars
Nov 04, 2020 3:07:57 AM com.google.javascript.jscomp.PhaseOptimizer$NamedPass process
INFO: checkStrictMode
Nov 04, 2020 3:07:57 AM com.google.javascript.jscomp.PhaseOptimizer$NamedPass process
INFO: replaceMessages
Nov 04, 2020 3:07:57 AM com.google.javascript.jscomp.PhaseOptimizer$NamedPass process
INFO: processDefines
Nov 04, 2020 3:07:59 AM com.google.javascript.jscomp.PhaseOptimizer$NamedPass process
INFO: checkVars
Nov 04, 2020 3:07:59 AM com.google.javascript.jscomp.PhaseOptimizer$NamedPass process
INFO: checkStrictMode
Nov 04, 2020 3:07:59 AM com.google.javascript.jscomp.PhaseOptimizer$NamedPass process
INFO: replaceMessages
Nov 04, 2020 3:07:59 AM com.google.javascript.jscomp.PhaseOptimizer$NamedPass process
INFO: processDefines
Nov 04, 2020 3:08:01 AM com.google.javascript.jscomp.PhaseOptimizer$NamedPass process
INFO: checkVars
Nov 04, 2020 3:08:01 AM com.google.javascript.jscomp.PhaseOptimizer$NamedPass process
INFO: checkStrictMode
Nov 04, 2020 3:08:01 AM com.google.javascript.jscomp.PhaseOptimizer$NamedPass process
INFO: replaceMessages
Nov 04, 2020 3:08:01 AM com.google.javascript.jscomp.PhaseOptimizer$NamedPass process
INFO: processDefines
Nov 04, 2020 3:08:01 AM com.google.javascript.jscomp.PhaseOptimizer$NamedPass process
INFO: checkVars
Nov 04, 2020 3:08:01 AM com.google.javascript.jscomp.PhaseOptimizer$NamedPass process
INFO: checkStrictMode
Nov 04, 2020 3:08:01 AM com.google.javascript.jscomp.PhaseOptimizer$NamedPass process
INFO: replaceMessages
Nov 04, 2020 3:08:01 AM com.google.javascript.jscomp.PhaseOptimizer$NamedPass process
INFO: processDefines
Nov 04, 2020 3:08:03 AM com.google.javascript.jscomp.PhaseOptimizer$NamedPass process
INFO: checkVars
Nov 04, 2020 3:08:03 AM com.google.javascript.jscomp.PhaseOptimizer$NamedPass process
INFO: checkStrictMode
Nov 04, 2020 3:08:03 AM com.google.javascript.jscomp.PhaseOptimizer$NamedPass process
INFO: replaceMessages
Nov 04, 2020 3:08:03 AM com.google.javascript.jscomp.PhaseOptimizer$NamedPass process
INFO: processDefines
Nov 04, 2020 3:08:03 AM com.google.javascript.jscomp.PhaseOptimizer$NamedPass process
INFO: checkVars
Nov 04, 2020 3:08:03 AM com.google.javascript.jscomp.PhaseOptimizer$NamedPass process
INFO: checkStrictMode
Nov 04, 2020 3:08:03 AM com.google.javascript.jscomp.PhaseOptimizer$NamedPass process
INFO: replaceMessages
Nov 04, 2020 3:08:03 AM com.google.javascript.jscomp.PhaseOptimizer$NamedPass process
INFO: processDefines
Nov 04, 2020 3:08:07 AM com.google.javascript.jscomp.PhaseOptimizer$NamedPass process
INFO: checkVars
Nov 04, 2020 3:08:07 AM com.google.javascript.jscomp.PhaseOptimizer$NamedPass process
INFO: checkStrictMode
Nov 04, 2020 3:08:07 AM com.google.javascript.jscomp.PhaseOptimizer$NamedPass process
INFO: replaceMessages
Nov 04, 2020 3:08:07 AM com.google.javascript.jscomp.PhaseOptimizer$NamedPass process
INFO: processDefines
Nov 04, 2020 3:08:09 AM com.google.javascript.jscomp.PhaseOptimizer$NamedPass process
INFO: checkVars
Nov 04, 2020 3:08:09 AM com.google.javascript.jscomp.PhaseOptimizer$NamedPass process
INFO: checkStrictMode
Nov 04, 2020 3:08:09 AM com.google.javascript.jscomp.PhaseOptimizer$NamedPass process
INFO: replaceMessages
Nov 04, 2020 3:08:09 AM com.google.javascript.jscomp.PhaseOptimizer$NamedPass process
INFO: processDefines
Nov 04, 2020 3:08:11 AM com.google.javascript.jscomp.PhaseOptimizer$NamedPass process
INFO: checkVars
Nov 04, 2020 3:08:11 AM com.google.javascript.jscomp.PhaseOptimizer$NamedPass process
INFO: checkStrictMode
Nov 04, 2020 3:08:11 AM com.google.javascript.jscomp.PhaseOptimizer$NamedPass process
INFO: replaceMessages
Nov 04, 2020 3:08:11 AM com.google.javascript.jscomp.PhaseOptimizer$NamedPass process
INFO: processDefines
Nov 04, 2020 3:08:14 AM com.google.javascript.jscomp.PhaseOptimizer$NamedPass process
INFO: checkVars
Nov 04, 2020 3:08:14 AM com.google.javascript.jscomp.PhaseOptimizer$NamedPass process
INFO: checkStrictMode
Nov 04, 2020 3:08:14 AM com.google.javascript.jscomp.PhaseOptimizer$NamedPass process
INFO: replaceMessages
Nov 04, 2020 3:08:14 AM com.google.javascript.jscomp.PhaseOptimizer$NamedPass process
INFO: processDefines
Nov 04, 2020 3:08:14 AM com.google.javascript.jscomp.PhaseOptimizer$NamedPass process
INFO: checkVars
Nov 04, 2020 3:08:14 AM com.google.javascript.jscomp.PhaseOptimizer$NamedPass process
INFO: checkStrictMode
Nov 04, 2020 3:08:14 AM com.google.javascript.jscomp.PhaseOptimizer$NamedPass process
INFO: replaceMessages
Nov 04, 2020 3:08:14 AM com.google.javascript.jscomp.PhaseOptimizer$NamedPass process
INFO: processDefines
Nov 04, 2020 3:08:16 AM com.google.javascript.jscomp.PhaseOptimizer$NamedPass process
INFO: checkVars
Nov 04, 2020 3:08:16 AM com.google.javascript.jscomp.PhaseOptimizer$NamedPass process
INFO: checkStrictMode
Nov 04, 2020 3:08:16 AM com.google.javascript.jscomp.PhaseOptimizer$NamedPass process
INFO: replaceMessages
Nov 04, 2020 3:08:16 AM com.google.javascript.jscomp.PhaseOptimizer$NamedPass process
INFO: processDefines
Nov 04, 2020 3:08:16 AM com.google.javascript.jscomp.PhaseOptimizer$NamedPass process
INFO: checkVars
Nov 04, 2020 3:08:16 AM com.google.javascript.jscomp.PhaseOptimizer$NamedPass process
INFO: checkStrictMode
Nov 04, 2020 3:08:16 AM com.google.javascript.jscomp.PhaseOptimizer$NamedPass process
INFO: replaceMessages
Nov 04, 2020 3:08:16 AM com.google.javascript.jscomp.PhaseOptimizer$NamedPass process
INFO: processDefines
Nov 04, 2020 3:08:18 AM com.google.javascript.jscomp.PhaseOptimizer$NamedPass process
INFO: checkVars
Nov 04, 2020 3:08:18 AM com.google.javascript.jscomp.PhaseOptimizer$NamedPass process
INFO: checkStrictMode
Nov 04, 2020 3:08:18 AM com.google.javascript.jscomp.PhaseOptimizer$NamedPass process
INFO: replaceMessages
Nov 04, 2020 3:08:18 AM com.google.javascript.jscomp.PhaseOptimizer$NamedPass process
INFO: processDefines
Nov 04, 2020 3:08:20 AM com.google.javascript.jscomp.PhaseOptimizer$NamedPass process
INFO: checkVars
Nov 04, 2020 3:08:20 AM com.google.javascript.jscomp.PhaseOptimizer$NamedPass process
INFO: checkStrictMode
Nov 04, 2020 3:08:20 AM com.google.javascript.jscomp.PhaseOptimizer$NamedPass process
INFO: replaceMessages
Nov 04, 2020 3:08:20 AM com.google.javascript.jscomp.PhaseOptimizer$NamedPass process
INFO: processDefines
Nov 04, 2020 3:09:31 AM com.google.javascript.jscomp.AliasStrings process
INFO: Aliasing common strings
Nov 04, 2020 3:09:31 AM com.google.javascript.jscomp.AliasStrings process
INFO: Aliasing common strings
Nov 04, 2020 3:09:31 AM com.google.javascript.jscomp.AliasStrings process
INFO: Aliasing common strings
Nov 04, 2020 3:09:31 AM com.google.javascript.jscomp.AliasStrings process
INFO: Aliasing common strings
Nov 04, 2020 3:09:31 AM com.google.javascript.jscomp.AliasStrings process
INFO: Aliasing common strings
Nov 04, 2020 3:09:31 AM com.google.javascript.jscomp.AliasStrings process
INFO: Aliasing common strings
Nov 04, 2020 3:09:33 AM com.google.javascript.jscomp.AliasStrings process
INFO: Aliasing common strings
Nov 04, 2020 3:09:33 AM com.google.javascript.jscomp.AliasStrings process
INFO: Aliasing common strings
Nov 04, 2020 3:09:35 AM com.google.javascript.jscomp.AliasStrings process
INFO: Aliasing common strings
Nov 04, 2020 3:09:35 AM com.google.javascript.jscomp.AliasStrings process
INFO: Aliasing common strings
Nov 04, 2020 3:09:35 AM com.google.javascript.jscomp.AliasStrings process
INFO: Aliasing common strings
Nov 04, 2020 3:09:35 AM com.google.javascript.jscomp.AliasStrings process
INFO: Aliasing common strings
Nov 04, 2020 3:09:35 AM com.google.javascript.jscomp.AliasStrings process
INFO: Aliasing common strings
Nov 04, 2020 3:09:35 AM com.google.javascript.jscomp.AliasStrings process
INFO: Aliasing common strings
Nov 04, 2020 3:09:35 AM com.google.javascript.jscomp.AliasStrings process
INFO: Aliasing common strings
Nov 04, 2020 3:09:35 AM com.google.javascript.jscomp.AliasStrings process
INFO: Aliasing common strings
Nov 04, 2020 3:09:35 AM com.google.javascript.jscomp.AliasStrings process
INFO: Aliasing common strings
Nov 04, 2020 3:09:35 AM com.google.javascript.jscomp.AliasStrings process
INFO: Aliasing common strings
Nov 04, 2020 3:09:35 AM com.google.javascript.jscomp.AliasStrings process
INFO: Aliasing common strings
Nov 04, 2020 3:09:35 AM com.google.javascript.jscomp.AliasStrings process
INFO: Aliasing common strings
Nov 04, 2020 3:09:35 AM com.google.javascript.jscomp.AliasStrings process
INFO: Aliasing common strings
Nov 04, 2020 3:09:35 AM com.google.javascript.jscomp.AliasStrings process
INFO: Aliasing common strings
Nov 04, 2020 3:09:38 AM com.google.javascript.jscomp.AliasStrings process
INFO: Aliasing common strings
Nov 04, 2020 3:09:38 AM com.google.javascript.jscomp.AliasStrings process
INFO: Aliasing common strings
Nov 04, 2020 3:09:40 AM com.google.javascript.jscomp.AliasStrings process
INFO: Aliasing common strings
Nov 04, 2020 3:09:40 AM com.google.javascript.jscomp.AliasStrings process
INFO: Aliasing common strings
Nov 04, 2020 3:09:40 AM com.google.javascript.jscomp.AliasStrings process
INFO: Aliasing common strings
Nov 04, 2020 3:09:40 AM com.google.javascript.jscomp.AliasStrings process
INFO: Aliasing common strings
Nov 04, 2020 3:09:40 AM com.google.javascript.jscomp.AliasStrings process
INFO: Aliasing common strings
Nov 04, 2020 3:09:40 AM com.google.javascript.jscomp.AliasStrings process
INFO: Aliasing common strings
Nov 04, 2020 3:09:40 AM com.google.javascript.jscomp.AliasStrings process
INFO: Aliasing common strings
Nov 04, 2020 3:09:40 AM com.google.javascript.jscomp.AliasStrings process
INFO: Aliasing common strings
Nov 04, 2020 3:09:40 AM com.google.javascript.jscomp.AliasStrings process
INFO: Aliasing common strings
Nov 04, 2020 3:09:40 AM com.google.javascript.jscomp.AliasStrings process
INFO: Aliasing common strings
Nov 04, 2020 3:09:42 AM com.google.javascript.jscomp.AliasStrings process
INFO: Aliasing common strings
Nov 04, 2020 3:09:42 AM com.google.javascript.jscomp.AliasStrings process
INFO: Aliasing common strings
Nov 04, 2020 3:09:42 AM com.google.javascript.jscomp.AliasStrings process
INFO: Aliasing common strings
Nov 04, 2020 3:09:42 AM com.google.javascript.jscomp.AliasStrings process
INFO: Aliasing common strings
Nov 04, 2020 3:09:42 AM com.google.javascript.jscomp.AliasStrings process
INFO: Aliasing common strings
Nov 04, 2020 3:09:42 AM com.google.javascript.jscomp.AliasStrings process
INFO: Aliasing common strings
Nov 04, 2020 3:09:45 AM com.google.javascript.jscomp.AliasStrings process
INFO: Aliasing common strings
Nov 04, 2020 3:09:45 AM com.google.javascript.jscomp.AliasStrings process
INFO: Aliasing common strings
Nov 04, 2020 3:09:47 AM com.google.javascript.jscomp.AliasStrings process
INFO: Aliasing common strings
Nov 04, 2020 3:09:47 AM com.google.javascript.jscomp.AliasStrings process
INFO: Aliasing common strings
Nov 04, 2020 3:09:50 AM com.google.javascript.jscomp.AliasStrings process
INFO: Aliasing common strings
Nov 04, 2020 3:09:50 AM com.google.javascript.jscomp.AliasStrings process
INFO: Aliasing common strings
Nov 04, 2020 3:09:52 AM com.google.javascript.jscomp.AliasStrings process
INFO: Aliasing common strings
Nov 04, 2020 3:09:52 AM com.google.javascript.jscomp.AliasStrings process
INFO: Aliasing common strings
Nov 04, 2020 3:09:52 AM com.google.javascript.jscomp.AliasStrings process
INFO: Aliasing common strings
Nov 04, 2020 3:09:52 AM com.google.javascript.jscomp.AliasStrings process
INFO: Aliasing common strings
Nov 04, 2020 3:09:54 AM com.google.javascript.jscomp.AliasStrings process
INFO: Aliasing common strings
Nov 04, 2020 3:09:54 AM com.google.javascript.jscomp.AliasStrings process
INFO: Aliasing common strings
Nov 04, 2020 3:09:57 AM com.google.javascript.jscomp.AliasStrings process
INFO: Aliasing common strings
Nov 04, 2020 3:09:57 AM com.google.javascript.jscomp.AliasStrings process
INFO: Aliasing common strings
Nov 04, 2020 3:09:57 AM com.google.javascript.jscomp.AliasStrings process
INFO: Aliasing common strings
Nov 04, 2020 3:09:57 AM com.google.javascript.jscomp.AliasStrings process
INFO: Aliasing common strings
Nov 04, 2020 3:09:57 AM com.google.javascript.jscomp.AliasStrings process
INFO: Aliasing common strings
Nov 04, 2020 3:09:57 AM com.google.javascript.jscomp.AliasStrings process
INFO: Aliasing common strings
Nov 04, 2020 3:09:57 AM com.google.javascript.jscomp.AliasStrings process
INFO: Aliasing common strings
Nov 04, 2020 3:09:57 AM com.google.javascript.jscomp.AliasStrings process
INFO: Aliasing common strings
Nov 04, 2020 3:09:57 AM com.google.javascript.jscomp.AliasStrings process
INFO: Aliasing common strings
Nov 04, 2020 3:09:57 AM com.google.javascript.jscomp.AliasStrings process
INFO: Aliasing common strings
Nov 04, 2020 3:09:57 AM com.google.javascript.jscomp.AliasStrings process
INFO: Aliasing common strings
Nov 04, 2020 3:09:57 AM com.google.javascript.jscomp.AliasStrings process
INFO: Aliasing common strings
Nov 04, 2020 3:09:57 AM com.google.javascript.jscomp.AliasStrings process
INFO: Aliasing common strings
Nov 04, 2020 3:09:57 AM com.google.javascript.jscomp.AliasStrings process
INFO: Aliasing common strings
Nov 04, 2020 3:09:57 AM com.google.javascript.jscomp.AliasStrings process
INFO: Aliasing common strings
Nov 04, 2020 3:09:57 AM com.google.javascript.jscomp.AliasStrings process
INFO: Aliasing common strings
Nov 04, 2020 3:09:59 AM com.google.javascript.jscomp.AliasStrings process
INFO: Aliasing common strings
Nov 04, 2020 3:09:59 AM com.google.javascript.jscomp.AliasStrings process
INFO: Aliasing common strings
Nov 04, 2020 3:10:02 AM com.google.javascript.jscomp.AliasStrings process
INFO: Aliasing common strings
Nov 04, 2020 3:10:02 AM com.google.javascript.jscomp.AliasStrings process
INFO: Aliasing common strings
Nov 04, 2020 3:10:05 AM com.google.javascript.jscomp.AmbiguateProperties process
INFO: Collapsed 1 properties into 1 and skipped renaming 0 properties.
Nov 04, 2020 3:10:08 AM com.google.javascript.jscomp.AmbiguateProperties process
INFO: Collapsed 0 properties into 1 and skipped renaming 1 properties.
Nov 04, 2020 3:10:11 AM com.google.javascript.jscomp.AmbiguateProperties process
INFO: Collapsed 0 properties into 1 and skipped renaming 1 properties.
Nov 04, 2020 3:10:13 AM com.google.javascript.jscomp.AmbiguateProperties process
INFO: Collapsed 0 properties into 1 and skipped renaming 1 properties.
Nov 04, 2020 3:10:16 AM com.google.javascript.jscomp.AmbiguateProperties process
INFO: Collapsed 2 properties into 2 and skipped renaming 0 properties.
Nov 04, 2020 3:10:19 AM com.google.javascript.jscomp.AmbiguateProperties process
INFO: Collapsed 0 properties into 1 and skipped renaming 2 properties.
Nov 04, 2020 3:10:22 AM com.google.javascript.jscomp.AmbiguateProperties process
INFO: Collapsed 2 properties into 1 and skipped renaming 0 properties.
Nov 04, 2020 3:10:25 AM com.google.javascript.jscomp.AmbiguateProperties process
INFO: Collapsed 3 properties into 2 and skipped renaming 0 properties.
Nov 04, 2020 3:10:28 AM com.google.javascript.jscomp.AmbiguateProperties process
INFO: Collapsed 3 properties into 2 and skipped renaming 0 properties.
Nov 04, 2020 3:10:31 AM com.google.javascript.jscomp.AmbiguateProperties process
INFO: Collapsed 10 properties into 5 and skipped renaming 0 properties.
Nov 04, 2020 3:10:34 AM com.google.javascript.jscomp.AmbiguateProperties process
INFO: Collapsed 6 properties into 3 and skipped renaming 0 properties.
Nov 04, 2020 3:10:37 AM com.google.javascript.jscomp.AmbiguateProperties process
INFO: Collapsed 20 properties into 10 and skipped renaming 0 properties.
Nov 04, 2020 3:10:40 AM com.google.javascript.jscomp.AmbiguateProperties process
INFO: Collapsed 10 properties into 1 and skipped renaming 0 properties.
Nov 04, 2020 3:10:43 AM com.google.javascript.jscomp.AmbiguateProperties process
INFO: Collapsed 2 properties into 1 and skipped renaming 0 properties.
Nov 04, 2020 3:10:46 AM com.google.javascript.jscomp.AmbiguateProperties process
INFO: Collapsed 1 properties into 1 and skipped renaming 0 properties.
Nov 04, 2020 3:10:49 AM com.google.javascript.jscomp.AmbiguateProperties process
INFO: Collapsed 0 properties into 1 and skipped renaming 0 properties.
Nov 04, 2020 3:10:52 AM com.google.javascript.jscomp.AmbiguateProperties process
INFO: Collapsed 0 properties into 1 and skipped renaming 0 properties.
Nov 04, 2020 3:10:55 AM com.google.javascript.jscomp.AmbiguateProperties process
INFO: Collapsed 2 properties into 2 and skipped renaming 0 properties.
Nov 04, 2020 3:10:58 AM com.google.javascript.jscomp.AmbiguateProperties process
INFO: Collapsed 0 properties into 1 and skipped renaming 1 properties.
Nov 04, 2020 3:11:01 AM com.google.javascript.jscomp.AmbiguateProperties process
INFO: Collapsed 1 properties into 1 and skipped renaming 0 properties.
Nov 04, 2020 3:11:04 AM com.google.javascript.jscomp.AmbiguateProperties process
INFO: Collapsed 0 properties into 1 and skipped renaming 1 properties.
Nov 04, 2020 3:11:07 AM com.google.javascript.jscomp.AmbiguateProperties process
INFO: Collapsed 0 properties into 1 and skipped renaming 1 properties.
Nov 04, 2020 3:11:10 AM com.google.javascript.jscomp.AmbiguateProperties process
INFO: Collapsed 0 properties into 1 and skipped renaming 1 properties.
Nov 04, 2020 3:11:13 AM com.google.javascript.jscomp.AmbiguateProperties process
INFO: Collapsed 0 properties into 1 and skipped renaming 1 properties.
Nov 04, 2020 3:11:16 AM com.google.javascript.jscomp.AmbiguateProperties process
INFO: Collapsed 0 properties into 1 and skipped renaming 0 properties.
Nov 04, 2020 3:11:19 AM com.google.javascript.jscomp.AmbiguateProperties process
INFO: Collapsed 1 properties into 1 and skipped renaming 0 properties.
Nov 04, 2020 3:11:22 AM com.google.javascript.jscomp.AmbiguateProperties process
INFO: Collapsed 0 properties into 1 and skipped renaming 0 properties.
Nov 04, 2020 3:11:25 AM com.google.javascript.jscomp.AmbiguateProperties process
INFO: Collapsed 1 properties into 1 and skipped renaming 0 properties.
Nov 04, 2020 3:11:28 AM com.google.javascript.jscomp.AmbiguateProperties process
INFO: Collapsed 2 properties into 1 and skipped renaming 0 properties.
Nov 04, 2020 3:11:31 AM com.google.javascript.jscomp.AmbiguateProperties process
INFO: Collapsed 3 properties into 1 and skipped renaming 0 properties.
Nov 04, 2020 3:11:34 AM com.google.javascript.jscomp.AmbiguateProperties process
INFO: Collapsed 1 properties into 1 and skipped renaming 1 properties.
Nov 04, 2020 3:11:34 AM com.google.javascript.jscomp.AmbiguateProperties process
INFO: Collapsed 0 properties into 1 and skipped renaming 2 properties.
Nov 04, 2020 3:11:34 AM com.google.javascript.jscomp.AmbiguateProperties process
INFO: Collapsed 2 properties into 1 and skipped renaming 0 properties.
Nov 04, 2020 3:11:37 AM com.google.javascript.jscomp.AmbiguateProperties process
INFO: Collapsed 0 properties into 1 and skipped renaming 1 properties.
Nov 04, 2020 3:11:40 AM com.google.javascript.jscomp.AmbiguateProperties process
INFO: Collapsed 3 properties into 3 and skipped renaming 0 properties.
Nov 04, 2020 3:11:43 AM com.google.javascript.jscomp.AmbiguateProperties process
INFO: Collapsed 3 properties into 3 and skipped renaming 0 properties.
Nov 04, 2020 3:11:46 AM com.google.javascript.jscomp.AmbiguateProperties process
INFO: Collapsed 2 properties into 2 and skipped renaming 0 properties.
Nov 04, 2020 3:11:49 AM com.google.javascript.jscomp.AmbiguateProperties process
INFO: Collapsed 2 properties into 2 and skipped renaming 0 properties.
Nov 04, 2020 3:11:52 AM com.google.javascript.jscomp.AmbiguateProperties process
INFO: Collapsed 2 properties into 2 and skipped renaming 0 properties.
Nov 04, 2020 3:11:55 AM com.google.javascript.jscomp.AmbiguateProperties process
INFO: Collapsed 1 properties into 1 and skipped renaming 1 properties.
Nov 04, 2020 3:11:58 AM com.google.javascript.jscomp.AmbiguateProperties process
INFO: Collapsed 1 properties into 1 and skipped renaming 1 properties.
Nov 04, 2020 3:27:43 AM com.google.javascript.jscomp.PhaseOptimizer$NamedPass process
INFO: processGoogScopeAliases
Nov 04, 2020 3:27:43 AM com.google.javascript.jscomp.PhaseOptimizer$NamedPass process
INFO: checkRequires
Nov 04, 2020 3:27:43 AM com.google.javascript.jscomp.PhaseOptimizer$NamedPass process
INFO: processProvidesAndRequires
Nov 04, 2020 3:27:43 AM com.google.javascript.jscomp.PhaseOptimizer$NamedPass process
INFO: checkVars
Nov 04, 2020 3:27:43 AM com.google.javascript.jscomp.PhaseOptimizer$NamedPass process
INFO: checkStrictMode
Nov 04, 2020 3:27:43 AM com.google.javascript.jscomp.PhaseOptimizer$NamedPass process
INFO: renameCssNames
Nov 04, 2020 3:27:43 AM com.google.javascript.jscomp.PhaseOptimizer$NamedPass process
INFO: replaceMessages
Nov 04, 2020 3:27:43 AM com.google.javascript.jscomp.PhaseOptimizer$NamedPass process
INFO: processDefines
Nov 04, 2020 3:27:43 AM com.google.javascript.jscomp.Compiler normalize
INFO: Normalizing
Nov 04, 2020 3:27:43 AM com.google.javascript.jscomp.PhaseOptimizer$NamedPass process
INFO: garbageCollectChecks
Nov 04, 2020 3:27:43 AM com.google.javascript.jscomp.PhaseOptimizer$NamedPass process
INFO: beforeStandardOptimizations
Nov 04, 2020 3:27:43 AM com.google.javascript.jscomp.PhaseOptimizer$NamedPass process
INFO: closureCodeRemoval
Nov 04, 2020 3:27:43 AM com.google.javascript.jscomp.PhaseOptimizer$NamedPass process
INFO: closureOptimizePrimitives
Nov 04, 2020 3:27:43 AM com.google.javascript.jscomp.PhaseOptimizer$NamedPass process
INFO: beforeMainOptimizations
Nov 04, 2020 3:27:43 AM com.google.javascript.jscomp.PhaseOptimizer$NamedPass process
INFO: beforeModuleMotion
Nov 04, 2020 3:27:43 AM com.google.javascript.jscomp.PhaseOptimizer$NamedPass process
INFO: afterModuleMotion
Nov 04, 2020 3:27:43 AM com.google.javascript.jscomp.PhaseOptimizer$NamedPass process
INFO: markUnnormalized
Nov 04, 2020 3:27:43 AM com.google.javascript.jscomp.PhaseOptimizer$NamedPass process
INFO: denormalize
Nov 04, 2020 3:27:43 AM com.google.javascript.jscomp.PhaseOptimizer$NamedPass process
INFO: invertNames
Nov 04, 2020 3:27:43 AM com.google.javascript.jscomp.PhaseOptimizer$NamedPass process
INFO: operaCompoundAssignFix
Nov 04, 2020 3:27:43 AM com.google.javascript.jscomp.PhaseOptimizer$NamedPass process
INFO: sanityCheckAst
Nov 04, 2020 3:27:43 AM com.google.javascript.jscomp.PhaseOptimizer$NamedPass process
INFO: sanityCheckVars
Nov 04, 2020 3:27:43 AM com.google.javascript.jscomp.LoggerErrorManager println
WARNING: foo.js:1: WARNING - 'foo.bar.goo' used but not goog.require'd

Nov 04, 2020 3:27:43 AM com.google.javascript.jscomp.LoggerErrorManager printSummary
WARNING: 0 error(s), 1 warning(s)
03:51:31.247 [main] INFO  JaguarDF - Test testCheckGlobalThisOff(com.google.javascript.jscomp.CommandLineRunnerTest) : Failed
Closure Compiler (http://code.google.com/closure/compiler)
Version: Unversioned directory
Built on: 2020/11/03 19:03
Closure Compiler (http://code.google.com/closure/compiler)
Version: Unversioned directory
Built on: 2020/11/03 19:03
Nov 04, 2020 4:27:31 AM com.google.javascript.jscomp.LoggerErrorManager println
WARNING: testcode:1: WARNING - Unable to determine type of parameter a for exported function d

Nov 04, 2020 4:27:31 AM com.google.javascript.jscomp.LoggerErrorManager println
WARNING: testcode:1: WARNING - Unable to determine type of parameter a for exported function e

Nov 04, 2020 4:27:31 AM com.google.javascript.jscomp.LoggerErrorManager println
WARNING: testcode:1: WARNING - Unable to determine type of parameter a for exported function f

Nov 04, 2020 4:27:31 AM com.google.javascript.jscomp.LoggerErrorManager printSummary
WARNING: 0 error(s), 3 warning(s), 100% typed
Nov 04, 2020 4:27:36 AM com.google.javascript.jscomp.LoggerErrorManager println
WARNING: testcode:1: WARNING - Unable to determine type of parameter a.b.c for exported function d

Nov 04, 2020 4:27:36 AM com.google.javascript.jscomp.LoggerErrorManager println
WARNING: testcode:1: WARNING - Unable to determine type of parameter a.b.c for exported function e

Nov 04, 2020 4:27:36 AM com.google.javascript.jscomp.LoggerErrorManager println
WARNING: testcode:1: WARNING - Unable to determine type of parameter a.b.c for exported function f

Nov 04, 2020 4:27:36 AM com.google.javascript.jscomp.LoggerErrorManager printSummary
WARNING: 0 error(s), 3 warning(s), 100% typed
Nov 04, 2020 4:27:40 AM com.google.javascript.jscomp.LoggerErrorManager println
WARNING: testcode:1: WARNING - Unable to determine type of parameter a.b for exported function p1

Nov 04, 2020 4:27:40 AM com.google.javascript.jscomp.LoggerErrorManager println
WARNING: testcode:1: WARNING - Unable to determine type of parameter a.b.c for exported function d

Nov 04, 2020 4:27:40 AM com.google.javascript.jscomp.LoggerErrorManager println
WARNING: testcode:1: WARNING - Unable to determine type of parameter a.b.c for exported function e

Nov 04, 2020 4:27:40 AM com.google.javascript.jscomp.LoggerErrorManager println
WARNING: testcode:1: WARNING - Unable to determine type of parameter a.b.c for exported function f

Nov 04, 2020 4:27:40 AM com.google.javascript.jscomp.LoggerErrorManager println
WARNING: testcode:1: WARNING - Unable to determine type of parameter a.b.prototype.c for exported function g

Nov 04, 2020 4:27:40 AM com.google.javascript.jscomp.LoggerErrorManager println
WARNING: testcode:1: WARNING - Unable to determine type of parameter a.b.prototype.c for exported function h

Nov 04, 2020 4:27:40 AM com.google.javascript.jscomp.LoggerErrorManager println
WARNING: testcode:1: WARNING - Unable to determine type of parameter a.b.prototype.c for exported function i

Nov 04, 2020 4:27:40 AM com.google.javascript.jscomp.LoggerErrorManager printSummary
WARNING: 0 error(s), 7 warning(s), 100% typed
Nov 04, 2020 4:27:45 AM com.google.javascript.jscomp.LoggerErrorManager println
WARNING: testcode:1: WARNING - Unable to determine type of parameter a.b.c for exported function d

Nov 04, 2020 4:27:45 AM com.google.javascript.jscomp.LoggerErrorManager println
WARNING: testcode:1: WARNING - Unable to determine type of parameter a.b.c for exported function e

Nov 04, 2020 4:27:45 AM com.google.javascript.jscomp.LoggerErrorManager println
WARNING: testcode:1: WARNING - Unable to determine type of parameter a.b.c for exported function f

Nov 04, 2020 4:27:45 AM com.google.javascript.jscomp.LoggerErrorManager println
WARNING: testcode:1: WARNING - Unable to determine type of parameter a.b.prototype.c for exported function g

Nov 04, 2020 4:27:45 AM com.google.javascript.jscomp.LoggerErrorManager println
WARNING: testcode:1: WARNING - Unable to determine type of parameter a.b.prototype.c for exported function h

Nov 04, 2020 4:27:45 AM com.google.javascript.jscomp.LoggerErrorManager println
WARNING: testcode:1: WARNING - Unable to determine type of parameter a.b.prototype.c for exported function i

Nov 04, 2020 4:27:45 AM com.google.javascript.jscomp.LoggerErrorManager printSummary
WARNING: 0 error(s), 6 warning(s), 100% typed
Nov 04, 2020 4:27:50 AM com.google.javascript.jscomp.LoggerErrorManager println
WARNING: testcode:1: WARNING - Unable to determine type of parameter a.b for exported function p1

Nov 04, 2020 4:27:50 AM com.google.javascript.jscomp.LoggerErrorManager println
WARNING: testcode:1: WARNING - Unable to determine type of parameter a.b.c for exported function d

Nov 04, 2020 4:27:50 AM com.google.javascript.jscomp.LoggerErrorManager println
WARNING: testcode:1: WARNING - Unable to determine type of parameter a.b.c for exported function e

Nov 04, 2020 4:27:50 AM com.google.javascript.jscomp.LoggerErrorManager println
WARNING: testcode:1: WARNING - Unable to determine type of parameter a.b.c for exported function f

Nov 04, 2020 4:27:50 AM com.google.javascript.jscomp.LoggerErrorManager printSummary
WARNING: 0 error(s), 4 warning(s), 100% typed
Nov 04, 2020 4:28:32 AM com.google.javascript.jscomp.LoggerErrorManager println
WARNING: testcode:1: WARNING - Unable to determine return type for exported function InternalName

Nov 04, 2020 4:28:32 AM com.google.javascript.jscomp.LoggerErrorManager printSummary
WARNING: 0 error(s), 1 warning(s), 100% typed
Nov 04, 2020 4:28:42 AM com.google.javascript.jscomp.LoggerErrorManager println
WARNING: testcode:4: WARNING - Unable to determine type of parameter InternalName for exported function b

Nov 04, 2020 4:28:42 AM com.google.javascript.jscomp.LoggerErrorManager println
WARNING: testcode:4: WARNING - Unable to determine type of parameter InternalName for exported function c

Nov 04, 2020 4:28:42 AM com.google.javascript.jscomp.LoggerErrorManager printSummary
WARNING: 0 error(s), 2 warning(s), 100% typed
Nov 04, 2020 4:28:51 AM com.google.javascript.jscomp.LoggerErrorManager println
WARNING: testcode:1: WARNING - Unable to determine type of parameter a.b.c for exported function d

Nov 04, 2020 4:28:51 AM com.google.javascript.jscomp.LoggerErrorManager println
WARNING: testcode:1: WARNING - Unable to determine type of parameter a.b.c for exported function e

Nov 04, 2020 4:28:51 AM com.google.javascript.jscomp.LoggerErrorManager println
WARNING: testcode:1: WARNING - Unable to determine type of parameter a.b.c for exported function f

Nov 04, 2020 4:28:51 AM com.google.javascript.jscomp.LoggerErrorManager printSummary
WARNING: 0 error(s), 3 warning(s), 100% typed
Nov 04, 2020 4:28:56 AM com.google.javascript.jscomp.LoggerErrorManager println
WARNING: testcode:5: WARNING - Unable to determine return type for exported function internalName
internalName = function(a) {  return 6;
                       ^

Nov 04, 2020 4:28:56 AM com.google.javascript.jscomp.LoggerErrorManager printSummary
WARNING: 0 error(s), 1 warning(s), 100% typed
Nov 04, 2020 4:29:06 AM com.google.javascript.jscomp.LoggerErrorManager println
WARNING: testcode:2: WARNING - element type must match enum's type
found   : number
required: string

Nov 04, 2020 4:29:06 AM com.google.javascript.jscomp.LoggerErrorManager println
WARNING: testcode:2: WARNING - element type must match enum's type
found   : number
required: string

Nov 04, 2020 4:29:06 AM com.google.javascript.jscomp.LoggerErrorManager printSummary
WARNING: 0 error(s), 2 warning(s), 100% typed
LOG:unknown:///unknown:1+23: Semicolon inserted
LOG:unknown:///unknown:1+23: Semicolon inserted
LOG:unknown:///unknown:1+40: Semicolon inserted
LOG:unknown:///unknown:1+40: Semicolon inserted
LOG:unknown:///unknown:1+39: Semicolon inserted
LOG:unknown:///unknown:1+66: Semicolon inserted
LOG:unknown:///unknown:1+39: Semicolon inserted
LOG:unknown:///unknown:1+66: Semicolon inserted
LOG:unknown:///unknown:1+102: Semicolon inserted
LOG:unknown:///unknown:1+103: Semicolon inserted
LOG:unknown:///unknown:1+102: Semicolon inserted
LOG:unknown:///unknown:1+103: Semicolon inserted
LOG:unknown:///unknown:1+19: Semicolon inserted
LOG:unknown:///unknown:1+19: Semicolon inserted
LOG:unknown:///unknown:1+37: Semicolon inserted
LOG:unknown:///unknown:1+37: Semicolon inserted
LOG:unknown:///unknown:1+35: Semicolon inserted
LOG:unknown:///unknown:1+62: Semicolon inserted
LOG:unknown:///unknown:1+35: Semicolon inserted
LOG:unknown:///unknown:1+62: Semicolon inserted
LOG:unknown:///unknown:1+98: Semicolon inserted
LOG:unknown:///unknown:1+99: Semicolon inserted
LOG:unknown:///unknown:1+98: Semicolon inserted
LOG:unknown:///unknown:1+99: Semicolon inserted
LOG:unknown:///unknown:1+68: Semicolon inserted
LOG:unknown:///unknown:1+72: Semicolon inserted
LOG:unknown:///unknown:1+68: Semicolon inserted
LOG:unknown:///unknown:1+72: Semicolon inserted
LOG:unknown:///unknown:1+30: Semicolon inserted
LOG:unknown:///unknown:1+30: Semicolon inserted
LOG:unknown:///unknown:1+109: Semicolon inserted
LOG:unknown:///unknown:1+110: Semicolon inserted
LOG:unknown:///unknown:1+109: Semicolon inserted
LOG:unknown:///unknown:1+110: Semicolon inserted
LOG:unknown:///unknown:1+19: Semicolon inserted
LOG:unknown:///unknown:1+19: Semicolon inserted
LOG:unknown:///unknown:1+43: Semicolon inserted
LOG:unknown:///unknown:1+43: Semicolon inserted
LOG:unknown:///unknown:1+48: Semicolon inserted
LOG:unknown:///unknown:1+48: Semicolon inserted
LOG:unknown:///unknown:1+44: Semicolon inserted
LOG:unknown:///unknown:1+71: Semicolon inserted
LOG:unknown:///unknown:1+44: Semicolon inserted
LOG:unknown:///unknown:1+71: Semicolon inserted
LOG:unknown:///unknown:1+104: Semicolon inserted
LOG:unknown:///unknown:1+105: Semicolon inserted
LOG:unknown:///unknown:1+104: Semicolon inserted
LOG:unknown:///unknown:1+105: Semicolon inserted
LOG:unknown:///unknown:1+18: Semicolon inserted
LOG:unknown:///unknown:1+18: Semicolon inserted
LOG:unknown:///unknown:1+97: Semicolon inserted
LOG:unknown:///unknown:1+98: Semicolon inserted
LOG:unknown:///unknown:1+97: Semicolon inserted
LOG:unknown:///unknown:1+98: Semicolon inserted
LOG:unknown:///unknown:1+15: Semicolon inserted
LOG:unknown:///unknown:1+15: Semicolon inserted
LOG:unknown:///unknown:1+34: Semicolon inserted
LOG:unknown:///unknown:1+34: Semicolon inserted
LOG:unknown:///unknown:1+107: Semicolon inserted
LOG:unknown:///unknown:1+108: Semicolon inserted
LOG:unknown:///unknown:1+117: Semicolon inserted
LOG:unknown:///unknown:1+107: Semicolon inserted
LOG:unknown:///unknown:1+108: Semicolon inserted
LOG:unknown:///unknown:1+117: Semicolon inserted
LOG:unknown:///unknown:1+19: Semicolon inserted
LOG:unknown:///unknown:1+19: Semicolon inserted
LOG:unknown:///unknown:1+48: Semicolon inserted
LOG:unknown:///unknown:1+48: Semicolon inserted
LOG:unknown:///unknown:1+106: Semicolon inserted
LOG:unknown:///unknown:1+107: Semicolon inserted
LOG:unknown:///unknown:1+106: Semicolon inserted
LOG:unknown:///unknown:1+107: Semicolon inserted
LOG:unknown:///unknown:1+23: Semicolon inserted
LOG:unknown:///unknown:1+23: Semicolon inserted
LOG:unknown:///unknown:1+19: Semicolon inserted
LOG:unknown:///unknown:1+19: Semicolon inserted
LOG:unknown:///unknown:1+46: Semicolon inserted
LOG:unknown:///unknown:1+46: Semicolon inserted
LOG:unknown:///unknown:1+25: Semicolon inserted
LOG:unknown:///unknown:1+25: Semicolon inserted
LOG:unknown:///unknown:1+27: Semicolon inserted
LOG:unknown:///unknown:1+27: Semicolon inserted
LOG:unknown:///unknown:1+35: Semicolon inserted
LOG:unknown:///unknown:1+35: Semicolon inserted
LOG:unknown:///unknown:1+39: Semicolon inserted
LOG:unknown:///unknown:1+39: Semicolon inserted
LOG:unknown:///unknown:1+61: Semicolon inserted
LOG:unknown:///unknown:1+62: Semicolon inserted
LOG:unknown:///unknown:1+61: Semicolon inserted
LOG:unknown:///unknown:1+62: Semicolon inserted
LOG:unknown:///unknown:1+63: Semicolon inserted
LOG:unknown:///unknown:1+68: Semicolon inserted
LOG:unknown:///unknown:1+63: Semicolon inserted
LOG:unknown:///unknown:1+68: Semicolon inserted
LOG:unknown:///unknown:1+5: Semicolon inserted
LOG:unknown:///unknown:1+5: Semicolon inserted
LOG:unknown:///unknown:1+84: Semicolon inserted
LOG:unknown:///unknown:1+84: Semicolon inserted
LOG:unknown:///unknown:1+30: Semicolon inserted
LOG:unknown:///unknown:1+30: Semicolon inserted
LOG:unknown:///unknown:1+30: Semicolon inserted
LOG:unknown:///unknown:1+30: Semicolon inserted
LOG:unknown:///unknown:1+38: Semicolon inserted
LOG:unknown:///unknown:1+38: Semicolon inserted
LOG:unknown:///unknown:1+33: Semicolon inserted
LOG:unknown:///unknown:1+33: Semicolon inserted
LOG:unknown:///unknown:1+35: Semicolon inserted
LOG:unknown:///unknown:1+35: Semicolon inserted
LOG:unknown:///unknown:1+59: Semicolon inserted
LOG:unknown:///unknown:1+59: Semicolon inserted
LOG:unknown:///unknown:1+27: Semicolon inserted
LOG:unknown:///unknown:1+27: Semicolon inserted
LOG:unknown:///unknown:1+27: Semicolon inserted
LOG:unknown:///unknown:1+34: Semicolon inserted
LOG:unknown:///unknown:1+27: Semicolon inserted
LOG:unknown:///unknown:1+34: Semicolon inserted
LOG:unknown:///unknown:1+32: Semicolon inserted
LOG:unknown:///unknown:1+32: Semicolon inserted
LOG:unknown:///unknown:1+42: Semicolon inserted
LOG:unknown:///unknown:1+42: Semicolon inserted
LOG:unknown:///unknown:1+58: Semicolon inserted
LOG:unknown:///unknown:1+58: Semicolon inserted
LOG:unknown:///unknown:1+43: Semicolon inserted
LOG:unknown:///unknown:1+59: Semicolon inserted
LOG:unknown:///unknown:1+43: Semicolon inserted
LOG:unknown:///unknown:1+59: Semicolon inserted
LOG:unknown:///unknown:1+22: Semicolon inserted
LOG:unknown:///unknown:1+39: Semicolon inserted
LOG:unknown:///unknown:1+22: Semicolon inserted
LOG:unknown:///unknown:1+39: Semicolon inserted
LOG:unknown:///unknown:1+95: Semicolon inserted
LOG:unknown:///unknown:1+102: Semicolon inserted
LOG:unknown:///unknown:1+119: Semicolon inserted
LOG:unknown:///unknown:1+95: Semicolon inserted
LOG:unknown:///unknown:1+102: Semicolon inserted
LOG:unknown:///unknown:1+119: Semicolon inserted
LOG:unknown:///unknown:1+22: Semicolon inserted
LOG:unknown:///unknown:1+37: Semicolon inserted
LOG:unknown:///unknown:1+22: Semicolon inserted
LOG:unknown:///unknown:1+37: Semicolon inserted
LOG:unknown:///unknown:1+95: Semicolon inserted
LOG:unknown:///unknown:1+102: Semicolon inserted
LOG:unknown:///unknown:1+117: Semicolon inserted
LOG:unknown:///unknown:1+95: Semicolon inserted
LOG:unknown:///unknown:1+102: Semicolon inserted
LOG:unknown:///unknown:1+117: Semicolon inserted
LOG:unknown:///unknown:1+22: Semicolon inserted
LOG:unknown:///unknown:1+22: Semicolon inserted
LOG:unknown:///unknown:1+95: Semicolon inserted
LOG:unknown:///unknown:1+102: Semicolon inserted
LOG:unknown:///unknown:1+119: Semicolon inserted
LOG:unknown:///unknown:1+134: Semicolon inserted
LOG:unknown:///unknown:1+95: Semicolon inserted
LOG:unknown:///unknown:1+102: Semicolon inserted
LOG:unknown:///unknown:1+119: Semicolon inserted
LOG:unknown:///unknown:1+134: Semicolon inserted
LOG:unknown:///unknown:1+34: Semicolon inserted
LOG:unknown:///unknown:1+34: Semicolon inserted
LOG:unknown:///unknown:1+34: Semicolon inserted
LOG:unknown:///unknown:1+34: Semicolon inserted
LOG:unknown:///unknown:1+42: Semicolon inserted
LOG:unknown:///unknown:1+42: Semicolon inserted
LOG:unknown:///unknown:1+28: Semicolon inserted
LOG:unknown:///unknown:1+28: Semicolon inserted
LOG:unknown:///unknown:1+42: Semicolon inserted
LOG:unknown:///unknown:1+42: Semicolon inserted
LOG:unknown:///unknown:1+62: Semicolon inserted
LOG:unknown:///unknown:1+63: Semicolon inserted
LOG:unknown:///unknown:1+62: Semicolon inserted
LOG:unknown:///unknown:1+63: Semicolon inserted
WARNING:unknown:///unknown:1+2 - 3: Will not work in IE
java.lang.Exception
	at com.google.caja.reporting.EchoingMessageQueue$1.add(EchoingMessageQueue.java:52)
	at com.google.caja.reporting.EchoingMessageQueue$1.add(EchoingMessageQueue.java:40)
	at java.util.AbstractList.add(AbstractList.java:108)
	at com.google.caja.reporting.AbstractMessageQueue.addMessage(AbstractMessageQueue.java:25)
	at com.google.caja.parser.js.Parser.parseExpressionAtom(Parser.java:1138)
	at com.google.caja.parser.js.Parser.parseOp(Parser.java:792)
	at com.google.caja.parser.js.Parser.parseExpressionInt(Parser.java:727)
	at com.google.caja.parser.js.Parser.parseExpressionStmt(Parser.java:1281)
	at com.google.caja.parser.js.Parser.parseStatementWithoutLabel(Parser.java:706)
	at com.google.caja.parser.js.Parser.parseStatement(Parser.java:306)
	at com.google.caja.parser.js.Parser.parseTerminatedStatement(Parser.java:1312)
	at com.google.caja.parser.js.Parser.parseProgramOrFunctionBody(Parser.java:325)
	at com.google.caja.parser.js.Parser.parseProgram(Parser.java:314)
	at com.google.caja.parser.js.Parser.parse(Parser.java:272)
	at com.google.caja.parser.js.JsonMLParser.parse(JsonMLParser.java:42)
	at com.google.caja.parser.js.JsonMLParser.parse(JsonMLParser.java:31)
	at com.google.caja.parser.js.JsonMLParser.parse(JsonMLParser.java:26)
	at com.google.caja.parser.js.JsonMLParser.parse(JsonMLParser.java:22)
	at com.google.javascript.jscomp.jsonml.JsonMLConversionTest.testConversion(JsonMLConversionTest.java:104)
	at com.google.javascript.jscomp.jsonml.JsonMLConversionTest.testArray(JsonMLConversionTest.java:116)
	at sun.reflect.NativeMethodAccessorImpl.invoke0(Native Method)
	at sun.reflect.NativeMethodAccessorImpl.invoke(NativeMethodAccessorImpl.java:62)
	at sun.reflect.DelegatingMethodAccessorImpl.invoke(DelegatingMethodAccessorImpl.java:43)
	at java.lang.reflect.Method.invoke(Method.java:498)
	at junit.framework.TestCase.runTest(TestCase.java:168)
	at junit.framework.TestCase.runBare(TestCase.java:134)
	at junit.framework.TestResult$1.protect(TestResult.java:110)
	at junit.framework.TestResult.runProtected(TestResult.java:128)
	at junit.framework.TestResult.run(TestResult.java:113)
	at junit.framework.TestCase.run(TestCase.java:124)
	at junit.framework.TestSuite.runTest(TestSuite.java:243)
	at junit.framework.TestSuite.run(TestSuite.java:238)
	at org.junit.internal.runners.JUnit38ClassRunner.run(JUnit38ClassRunner.java:83)
	at org.junit.runners.Suite.runChild(Suite.java:128)
	at org.junit.runners.Suite.runChild(Suite.java:24)
	at org.junit.runners.ParentRunner$3.run(ParentRunner.java:193)
	at org.junit.runners.ParentRunner$1.schedule(ParentRunner.java:52)
	at org.junit.runners.ParentRunner.runChildren(ParentRunner.java:191)
	at org.junit.runners.ParentRunner.access$000(ParentRunner.java:42)
	at org.junit.runners.ParentRunner$2.evaluate(ParentRunner.java:184)
	at org.junit.runners.ParentRunner.run(ParentRunner.java:236)
	at org.junit.runner.JUnitCore.run(JUnitCore.java:157)
	at org.junit.runner.JUnitCore.run(JUnitCore.java:136)
	at org.junit.runner.JUnitCore.run(JUnitCore.java:117)
	at br.usp.each.saeg.jaguardf.cli.JaguarRunner.run(JaguarRunner.java:64)
	at br.usp.each.saeg.jaguardf.cli.JaguarRunner.main(JaguarRunner.java:96)
WARNING:unknown:///unknown:1+2 - 3: Will not work in IE
java.lang.Exception
	at com.google.caja.reporting.EchoingMessageQueue$1.add(EchoingMessageQueue.java:52)
	at com.google.caja.reporting.EchoingMessageQueue$1.add(EchoingMessageQueue.java:40)
	at java.util.AbstractList.add(AbstractList.java:108)
	at com.google.caja.reporting.AbstractMessageQueue.addMessage(AbstractMessageQueue.java:25)
	at com.google.caja.parser.js.Parser.parseExpressionAtom(Parser.java:1138)
	at com.google.caja.parser.js.Parser.parseOp(Parser.java:792)
	at com.google.caja.parser.js.Parser.parseExpressionInt(Parser.java:727)
	at com.google.caja.parser.js.Parser.parseExpressionStmt(Parser.java:1281)
	at com.google.caja.parser.js.Parser.parseStatementWithoutLabel(Parser.java:706)
	at com.google.caja.parser.js.Parser.parseStatement(Parser.java:306)
	at com.google.caja.parser.js.Parser.parseTerminatedStatement(Parser.java:1312)
	at com.google.caja.parser.js.Parser.parseProgramOrFunctionBody(Parser.java:325)
	at com.google.caja.parser.js.Parser.parseProgram(Parser.java:314)
	at com.google.caja.parser.js.Parser.parse(Parser.java:272)
	at com.google.caja.parser.js.JsonMLParser.parse(JsonMLParser.java:42)
	at com.google.caja.parser.js.JsonMLParser.parse(JsonMLParser.java:31)
	at com.google.caja.parser.js.JsonMLParser.parse(JsonMLParser.java:26)
	at com.google.caja.parser.js.JsonMLParser.parse(JsonMLParser.java:22)
	at com.google.javascript.jscomp.jsonml.JsonMLConversionTest.testConversion(JsonMLConversionTest.java:111)
	at com.google.javascript.jscomp.jsonml.JsonMLConversionTest.testArray(JsonMLConversionTest.java:116)
	at sun.reflect.NativeMethodAccessorImpl.invoke0(Native Method)
	at sun.reflect.NativeMethodAccessorImpl.invoke(NativeMethodAccessorImpl.java:62)
	at sun.reflect.DelegatingMethodAccessorImpl.invoke(DelegatingMethodAccessorImpl.java:43)
	at java.lang.reflect.Method.invoke(Method.java:498)
	at junit.framework.TestCase.runTest(TestCase.java:168)
	at junit.framework.TestCase.runBare(TestCase.java:134)
	at junit.framework.TestResult$1.protect(TestResult.java:110)
	at junit.framework.TestResult.runProtected(TestResult.java:128)
	at junit.framework.TestResult.run(TestResult.java:113)
	at junit.framework.TestCase.run(TestCase.java:124)
	at junit.framework.TestSuite.runTest(TestSuite.java:243)
	at junit.framework.TestSuite.run(TestSuite.java:238)
	at org.junit.internal.runners.JUnit38ClassRunner.run(JUnit38ClassRunner.java:83)
	at org.junit.runners.Suite.runChild(Suite.java:128)
	at org.junit.runners.Suite.runChild(Suite.java:24)
	at org.junit.runners.ParentRunner$3.run(ParentRunner.java:193)
	at org.junit.runners.ParentRunner$1.schedule(ParentRunner.java:52)
	at org.junit.runners.ParentRunner.runChildren(ParentRunner.java:191)
	at org.junit.runners.ParentRunner.access$000(ParentRunner.java:42)
	at org.junit.runners.ParentRunner$2.evaluate(ParentRunner.java:184)
	at org.junit.runners.ParentRunner.run(ParentRunner.java:236)
	at org.junit.runner.JUnitCore.run(JUnitCore.java:157)
	at org.junit.runner.JUnitCore.run(JUnitCore.java:136)
	at org.junit.runner.JUnitCore.run(JUnitCore.java:117)
	at br.usp.each.saeg.jaguardf.cli.JaguarRunner.run(JaguarRunner.java:64)
	at br.usp.each.saeg.jaguardf.cli.JaguarRunner.main(JaguarRunner.java:96)
WARNING:unknown:///unknown:1+2 - 3: Will not work in IE
java.lang.Exception
	at com.google.caja.reporting.EchoingMessageQueue$1.add(EchoingMessageQueue.java:52)
	at com.google.caja.reporting.EchoingMessageQueue$1.add(EchoingMessageQueue.java:40)
	at java.util.AbstractList.add(AbstractList.java:108)
	at com.google.caja.reporting.AbstractMessageQueue.addMessage(AbstractMessageQueue.java:25)
	at com.google.caja.parser.js.Parser.parseExpressionAtom(Parser.java:1138)
	at com.google.caja.parser.js.Parser.parseOp(Parser.java:792)
	at com.google.caja.parser.js.Parser.parseExpressionInt(Parser.java:727)
	at com.google.caja.parser.js.Parser.parseExpressionStmt(Parser.java:1281)
	at com.google.caja.parser.js.Parser.parseStatementWithoutLabel(Parser.java:706)
	at com.google.caja.parser.js.Parser.parseStatement(Parser.java:306)
	at com.google.caja.parser.js.Parser.parseTerminatedStatement(Parser.java:1312)
	at com.google.caja.parser.js.Parser.parseProgramOrFunctionBody(Parser.java:325)
	at com.google.caja.parser.js.Parser.parseProgram(Parser.java:314)
	at com.google.caja.parser.js.Parser.parse(Parser.java:272)
	at com.google.caja.parser.js.JsonMLParser.parse(JsonMLParser.java:42)
	at com.google.caja.parser.js.JsonMLParser.parse(JsonMLParser.java:31)
	at com.google.caja.parser.js.JsonMLParser.parse(JsonMLParser.java:26)
	at com.google.caja.parser.js.JsonMLParser.parse(JsonMLParser.java:22)
	at com.google.javascript.jscomp.jsonml.JsonMLConversionTest.testConversion(JsonMLConversionTest.java:104)
	at com.google.javascript.jscomp.jsonml.JsonMLConversionTest.testArray1(JsonMLConversionTest.java:127)
	at sun.reflect.NativeMethodAccessorImpl.invoke0(Native Method)
	at sun.reflect.NativeMethodAccessorImpl.invoke(NativeMethodAccessorImpl.java:62)
	at sun.reflect.DelegatingMethodAccessorImpl.invoke(DelegatingMethodAccessorImpl.java:43)
	at java.lang.reflect.Method.invoke(Method.java:498)
	at junit.framework.TestCase.runTest(TestCase.java:168)
	at junit.framework.TestCase.runBare(TestCase.java:134)
	at junit.framework.TestResult$1.protect(TestResult.java:110)
	at junit.framework.TestResult.runProtected(TestResult.java:128)
	at junit.framework.TestResult.run(TestResult.java:113)
	at junit.framework.TestCase.run(TestCase.java:124)
	at junit.framework.TestSuite.runTest(TestSuite.java:243)
	at junit.framework.TestSuite.run(TestSuite.java:238)
	at org.junit.internal.runners.JUnit38ClassRunner.run(JUnit38ClassRunner.java:83)
	at org.junit.runners.Suite.runChild(Suite.java:128)
	at org.junit.runners.Suite.runChild(Suite.java:24)
	at org.junit.runners.ParentRunner$3.run(ParentRunner.java:193)
	at org.junit.runners.ParentRunner$1.schedule(ParentRunner.java:52)
	at org.junit.runners.ParentRunner.runChildren(ParentRunner.java:191)
	at org.junit.runners.ParentRunner.access$000(ParentRunner.java:42)
	at org.junit.runners.ParentRunner$2.evaluate(ParentRunner.java:184)
	at org.junit.runners.ParentRunner.run(ParentRunner.java:236)
	at org.junit.runner.JUnitCore.run(JUnitCore.java:157)
	at org.junit.runner.JUnitCore.run(JUnitCore.java:136)
	at org.junit.runner.JUnitCore.run(JUnitCore.java:117)
	at br.usp.each.saeg.jaguardf.cli.JaguarRunner.run(JaguarRunner.java:64)
	at br.usp.each.saeg.jaguardf.cli.JaguarRunner.main(JaguarRunner.java:96)
WARNING:unknown:///unknown:1+2 - 3: Will not work in IE
java.lang.Exception
	at com.google.caja.reporting.EchoingMessageQueue$1.add(EchoingMessageQueue.java:52)
	at com.google.caja.reporting.EchoingMessageQueue$1.add(EchoingMessageQueue.java:40)
	at java.util.AbstractList.add(AbstractList.java:108)
	at com.google.caja.reporting.AbstractMessageQueue.addMessage(AbstractMessageQueue.java:25)
	at com.google.caja.parser.js.Parser.parseExpressionAtom(Parser.java:1138)
	at com.google.caja.parser.js.Parser.parseOp(Parser.java:792)
	at com.google.caja.parser.js.Parser.parseExpressionInt(Parser.java:727)
	at com.google.caja.parser.js.Parser.parseExpressionStmt(Parser.java:1281)
	at com.google.caja.parser.js.Parser.parseStatementWithoutLabel(Parser.java:706)
	at com.google.caja.parser.js.Parser.parseStatement(Parser.java:306)
	at com.google.caja.parser.js.Parser.parseTerminatedStatement(Parser.java:1312)
	at com.google.caja.parser.js.Parser.parseProgramOrFunctionBody(Parser.java:325)
	at com.google.caja.parser.js.Parser.parseProgram(Parser.java:314)
	at com.google.caja.parser.js.Parser.parse(Parser.java:272)
	at com.google.caja.parser.js.JsonMLParser.parse(JsonMLParser.java:42)
	at com.google.caja.parser.js.JsonMLParser.parse(JsonMLParser.java:31)
	at com.google.caja.parser.js.JsonMLParser.parse(JsonMLParser.java:26)
	at com.google.caja.parser.js.JsonMLParser.parse(JsonMLParser.java:22)
	at com.google.javascript.jscomp.jsonml.JsonMLConversionTest.testConversion(JsonMLConversionTest.java:111)
	at com.google.javascript.jscomp.jsonml.JsonMLConversionTest.testArray1(JsonMLConversionTest.java:127)
	at sun.reflect.NativeMethodAccessorImpl.invoke0(Native Method)
	at sun.reflect.NativeMethodAccessorImpl.invoke(NativeMethodAccessorImpl.java:62)
	at sun.reflect.DelegatingMethodAccessorImpl.invoke(DelegatingMethodAccessorImpl.java:43)
	at java.lang.reflect.Method.invoke(Method.java:498)
	at junit.framework.TestCase.runTest(TestCase.java:168)
	at junit.framework.TestCase.runBare(TestCase.java:134)
	at junit.framework.TestResult$1.protect(TestResult.java:110)
	at junit.framework.TestResult.runProtected(TestResult.java:128)
	at junit.framework.TestResult.run(TestResult.java:113)
	at junit.framework.TestCase.run(TestCase.java:124)
	at junit.framework.TestSuite.runTest(TestSuite.java:243)
	at junit.framework.TestSuite.run(TestSuite.java:238)
	at org.junit.internal.runners.JUnit38ClassRunner.run(JUnit38ClassRunner.java:83)
	at org.junit.runners.Suite.runChild(Suite.java:128)
	at org.junit.runners.Suite.runChild(Suite.java:24)
	at org.junit.runners.ParentRunner$3.run(ParentRunner.java:193)
	at org.junit.runners.ParentRunner$1.schedule(ParentRunner.java:52)
	at org.junit.runners.ParentRunner.runChildren(ParentRunner.java:191)
	at org.junit.runners.ParentRunner.access$000(ParentRunner.java:42)
	at org.junit.runners.ParentRunner$2.evaluate(ParentRunner.java:184)
	at org.junit.runners.ParentRunner.run(ParentRunner.java:236)
	at org.junit.runner.JUnitCore.run(JUnitCore.java:157)
	at org.junit.runner.JUnitCore.run(JUnitCore.java:136)
	at org.junit.runner.JUnitCore.run(JUnitCore.java:117)
	at br.usp.each.saeg.jaguardf.cli.JaguarRunner.run(JaguarRunner.java:64)
	at br.usp.each.saeg.jaguardf.cli.JaguarRunner.main(JaguarRunner.java:96)
LOG:unknown:///unknown:1+39: Semicolon inserted
LOG:unknown:///unknown:1+39: Semicolon inserted
LOG:unknown:///unknown:1+35: Semicolon inserted
LOG:unknown:///unknown:1+35: Semicolon inserted
LOG:unknown:///unknown:1+43: Semicolon inserted
LOG:unknown:///unknown:1+43: Semicolon inserted
LOG:unknown:///unknown:1+36: Semicolon inserted
LOG:unknown:///unknown:1+36: Semicolon inserted
LOG:unknown:///unknown:1+13: Semicolon inserted
LOG:unknown:///unknown:1+13: Semicolon inserted
LOG:unknown:///unknown:1+29: Semicolon inserted
LOG:unknown:///unknown:1+29: Semicolon inserted
LOG:unknown:///unknown:1+43: Semicolon inserted
LOG:unknown:///unknown:1+43: Semicolon inserted
LOG:unknown:///unknown:1+87: Semicolon inserted
LOG:unknown:///unknown:1+88: Semicolon inserted
LOG:unknown:///unknown:1+87: Semicolon inserted
LOG:unknown:///unknown:1+88: Semicolon inserted
LOG:unknown:///unknown:1+17: Semicolon inserted
LOG:unknown:///unknown:1+17: Semicolon inserted
LOG:unknown:///unknown:1+17: Semicolon inserted
LOG:unknown:///unknown:1+30: Semicolon inserted
LOG:unknown:///unknown:1+17: Semicolon inserted
LOG:unknown:///unknown:1+30: Semicolon inserted
LOG:unknown:///unknown:1+22: Semicolon inserted
LOG:unknown:///unknown:1+35: Semicolon inserted
LOG:unknown:///unknown:1+22: Semicolon inserted
LOG:unknown:///unknown:1+35: Semicolon inserted
LOG:unknown:///unknown:1+26: Semicolon inserted
LOG:unknown:///unknown:1+39: Semicolon inserted
LOG:unknown:///unknown:1+26: Semicolon inserted
LOG:unknown:///unknown:1+39: Semicolon inserted
LOG:unknown:///unknown:1+17: Semicolon inserted
LOG:unknown:///unknown:1+17: Semicolon inserted
LOG:unknown:///unknown:1+41: Semicolon inserted
LOG:unknown:///unknown:1+41: Semicolon inserted
LOG:unknown:///unknown:1+16: Semicolon inserted
LOG:unknown:///unknown:1+16: Semicolon inserted
LOG:unknown:///unknown:1+20: Semicolon inserted
LOG:unknown:///unknown:1+20: Semicolon inserted
Nov 04, 2020 11:22:36 AM com.google.javascript.jscomp.LoggerErrorManager println
SEVERE: ERROR - Syntax error: Wrong type of child number 1 for VarDecl. Expected: [InitPatt, IdPatt]. Found: IdExpr.

Nov 04, 2020 11:22:36 AM com.google.javascript.jscomp.LoggerErrorManager printSummary
WARNING: 1 error(s), 0 warning(s)
Nov 04, 2020 12:18:31 PM com.google.javascript.jscomp.parsing.ParserRunner parse
INFO: Error parsing input: JSCompiler test code: Compilation produced 1 syntax errors.
Nov 04, 2020 12:19:06 PM com.google.javascript.jscomp.parsing.ParserRunner parse
INFO: Error parsing input: JSCompiler test code: Compilation produced 1 syntax errors.
Nov 04, 2020 12:19:24 PM com.google.javascript.jscomp.parsing.ParserRunner parse
INFO: Error parsing input: JSCompiler test code: Compilation produced 2 syntax errors.
Nov 04, 2020 12:19:30 PM com.google.javascript.jscomp.parsing.ParserRunner parse
INFO: Error parsing input: JSCompiler test code: Compilation produced 1 syntax errors.
Nov 04, 2020 12:19:36 PM com.google.javascript.jscomp.parsing.ParserRunner parse
INFO: Error parsing input: JSCompiler test code: Compilation produced 1 syntax errors.
Nov 04, 2020 12:19:41 PM com.google.javascript.jscomp.parsing.ParserRunner parse
INFO: Error parsing input: JSCompiler test code: Compilation produced 1 syntax errors.
Nov 04, 2020 12:19:53 PM com.google.javascript.jscomp.parsing.ParserRunner parse
INFO: Error parsing input: JSCompiler test code: Compilation produced 1 syntax errors.
Nov 04, 2020 12:19:59 PM com.google.javascript.jscomp.parsing.ParserRunner parse
INFO: Error parsing input: JSCompiler test code: Compilation produced 2 syntax errors.
Nov 04, 2020 12:20:05 PM com.google.javascript.jscomp.parsing.ParserRunner parse
INFO: Error parsing input: JSCompiler test code: Compilation produced 2 syntax errors.
Nov 04, 2020 12:20:23 PM com.google.javascript.jscomp.parsing.ParserRunner parse
INFO: Error parsing input: JSCompiler test code: Compilation produced 2 syntax errors.
Nov 04, 2020 12:21:04 PM com.google.javascript.jscomp.parsing.ParserRunner parse
INFO: Error parsing input: JSCompiler test code: Compilation produced 1 syntax errors.
Nov 04, 2020 12:21:22 PM com.google.javascript.jscomp.parsing.ParserRunner parse
INFO: Error parsing input: JSCompiler test code: Compilation produced 1 syntax errors.
Nov 04, 2020 12:21:22 PM com.google.javascript.jscomp.parsing.ParserRunner parse
INFO: Error parsing input: JSCompiler test code: Compilation produced 1 syntax errors.
Nov 04, 2020 12:21:22 PM com.google.javascript.jscomp.parsing.ParserRunner parse
INFO: Error parsing input: JSCompiler test code: Compilation produced 1 syntax errors.
Nov 04, 2020 12:21:22 PM com.google.javascript.jscomp.parsing.ParserRunner parse
INFO: Error parsing input: JSCompiler test code: Compilation produced 1 syntax errors.
Nov 04, 2020 12:21:22 PM com.google.javascript.jscomp.parsing.ParserRunner parse
INFO: Error parsing input: JSCompiler test code: Compilation produced 1 syntax errors.
Nov 04, 2020 12:21:28 PM com.google.javascript.jscomp.parsing.ParserRunner parse
INFO: Error parsing input: JSCompiler test code: Compilation produced 1 syntax errors.
Nov 04, 2020 12:21:28 PM com.google.javascript.jscomp.parsing.ParserRunner parse
INFO: Error parsing input: JSCompiler test code: Compilation produced 1 syntax errors.
Nov 04, 2020 12:21:28 PM com.google.javascript.jscomp.parsing.ParserRunner parse
INFO: Error parsing input: JSCompiler test code: Compilation produced 1 syntax errors.
Nov 04, 2020 12:21:28 PM com.google.javascript.jscomp.parsing.ParserRunner parse
INFO: Error parsing input: JSCompiler test code: Compilation produced 1 syntax errors.
Nov 04, 2020 12:21:28 PM com.google.javascript.jscomp.parsing.ParserRunner parse
INFO: Error parsing input: JSCompiler test code: Compilation produced 1 syntax errors.
Nov 04, 2020 12:21:28 PM com.google.javascript.jscomp.parsing.ParserRunner parse
INFO: Error parsing input: JSCompiler test code: Compilation produced 1 syntax errors.
java.lang.IllegalStateException
	at com.google.common.base.Preconditions.checkState(Preconditions.java:129)
	at com.google.javascript.rhino.jstype.PrototypeObjectType.setImplicitPrototype(PrototypeObjectType.java:412)
	at com.google.javascript.rhino.jstype.FunctionType.setPrototypeBasedOn(FunctionType.java:295)
	at com.google.javascript.rhino.jstype.JSTypeTest.testInvalidSetPrototypeBasedOn(JSTypeTest.java:5231)
	at sun.reflect.NativeMethodAccessorImpl.invoke0(Native Method)
	at sun.reflect.NativeMethodAccessorImpl.invoke(NativeMethodAccessorImpl.java:62)
	at sun.reflect.DelegatingMethodAccessorImpl.invoke(DelegatingMethodAccessorImpl.java:43)
	at java.lang.reflect.Method.invoke(Method.java:498)
	at junit.framework.TestCase.runTest(TestCase.java:168)
	at junit.framework.TestCase.runBare(TestCase.java:134)
	at junit.framework.TestResult$1.protect(TestResult.java:110)
	at junit.framework.TestResult.runProtected(TestResult.java:128)
	at junit.framework.TestResult.run(TestResult.java:113)
	at junit.framework.TestCase.run(TestCase.java:124)
	at junit.framework.TestSuite.runTest(TestSuite.java:243)
	at junit.framework.TestSuite.run(TestSuite.java:238)
	at org.junit.internal.runners.JUnit38ClassRunner.run(JUnit38ClassRunner.java:83)
	at org.junit.runners.Suite.runChild(Suite.java:128)
	at org.junit.runners.Suite.runChild(Suite.java:24)
	at org.junit.runners.ParentRunner$3.run(ParentRunner.java:193)
	at org.junit.runners.ParentRunner$1.schedule(ParentRunner.java:52)
	at org.junit.runners.ParentRunner.runChildren(ParentRunner.java:191)
	at org.junit.runners.ParentRunner.access$000(ParentRunner.java:42)
	at org.junit.runners.ParentRunner$2.evaluate(ParentRunner.java:184)
	at org.junit.runners.ParentRunner.run(ParentRunner.java:236)
	at org.junit.runner.JUnitCore.run(JUnitCore.java:157)
	at org.junit.runner.JUnitCore.run(JUnitCore.java:136)
	at org.junit.runner.JUnitCore.run(JUnitCore.java:117)
	at br.usp.each.saeg.jaguardf.cli.JaguarRunner.run(JaguarRunner.java:64)
	at br.usp.each.saeg.jaguardf.cli.JaguarRunner.main(JaguarRunner.java:96)
12:51:43.863 [main] INFO  JaguarDF - Jaguar-DF has finished!

real	585m52.651s
user	598m9.755s
sys	6m25.040s
