08:23:08.998 [main] INFO  JaguarDF - Welcome to Jaguar-DF CLI!
08:23:09.319 [main] DEBUG JaguarDF - CLI Arguments: [--projectDir, d4jprojects/closure-compiler, --classesDir, build/classes, --testsDir, build/test, --tests, tests.out, --logLevel, INFO]
Oct 29, 2020 8:23:42 AM com.google.javascript.jscomp.PhaseOptimizer$NamedPass process
INFO: checkVars
Oct 29, 2020 8:23:42 AM com.google.javascript.jscomp.PhaseOptimizer$NamedPass process
INFO: replaceMessages
Oct 29, 2020 8:23:42 AM com.google.javascript.jscomp.PhaseOptimizer$NamedPass process
INFO: processDefines
Oct 29, 2020 8:23:43 AM com.google.javascript.jscomp.PhaseOptimizer$NamedPass process
INFO: checkVars
Oct 29, 2020 8:23:43 AM com.google.javascript.jscomp.PhaseOptimizer$NamedPass process
INFO: replaceMessages
Oct 29, 2020 8:23:43 AM com.google.javascript.jscomp.PhaseOptimizer$NamedPass process
INFO: processDefines
Oct 29, 2020 8:23:44 AM com.google.javascript.jscomp.PhaseOptimizer$NamedPass process
INFO: checkVars
Oct 29, 2020 8:23:44 AM com.google.javascript.jscomp.PhaseOptimizer$NamedPass process
INFO: replaceMessages
Oct 29, 2020 8:23:44 AM com.google.javascript.jscomp.PhaseOptimizer$NamedPass process
INFO: processDefines
Oct 29, 2020 8:23:45 AM com.google.javascript.jscomp.PhaseOptimizer$NamedPass process
INFO: checkVars
Oct 29, 2020 8:23:45 AM com.google.javascript.jscomp.PhaseOptimizer$NamedPass process
INFO: replaceMessages
Oct 29, 2020 8:23:45 AM com.google.javascript.jscomp.PhaseOptimizer$NamedPass process
INFO: processDefines
Oct 29, 2020 8:23:46 AM com.google.javascript.jscomp.PhaseOptimizer$NamedPass process
INFO: checkVars
Oct 29, 2020 8:23:46 AM com.google.javascript.jscomp.PhaseOptimizer$NamedPass process
INFO: replaceMessages
Oct 29, 2020 8:23:46 AM com.google.javascript.jscomp.PhaseOptimizer$NamedPass process
INFO: processDefines
Oct 29, 2020 8:23:48 AM com.google.javascript.jscomp.PhaseOptimizer$NamedPass process
INFO: checkVars
Oct 29, 2020 8:23:48 AM com.google.javascript.jscomp.PhaseOptimizer$NamedPass process
INFO: replaceMessages
Oct 29, 2020 8:23:48 AM com.google.javascript.jscomp.PhaseOptimizer$NamedPass process
INFO: processDefines
Oct 29, 2020 8:23:49 AM com.google.javascript.jscomp.PhaseOptimizer$NamedPass process
INFO: checkVars
Oct 29, 2020 8:23:49 AM com.google.javascript.jscomp.PhaseOptimizer$NamedPass process
INFO: replaceMessages
Oct 29, 2020 8:23:49 AM com.google.javascript.jscomp.PhaseOptimizer$NamedPass process
INFO: processDefines
Oct 29, 2020 8:23:50 AM com.google.javascript.jscomp.PhaseOptimizer$NamedPass process
INFO: checkVars
Oct 29, 2020 8:23:50 AM com.google.javascript.jscomp.PhaseOptimizer$NamedPass process
INFO: replaceMessages
Oct 29, 2020 8:23:50 AM com.google.javascript.jscomp.PhaseOptimizer$NamedPass process
INFO: processDefines
Oct 29, 2020 8:23:51 AM com.google.javascript.jscomp.PhaseOptimizer$NamedPass process
INFO: checkVars
Oct 29, 2020 8:23:51 AM com.google.javascript.jscomp.PhaseOptimizer$NamedPass process
INFO: replaceMessages
Oct 29, 2020 8:23:51 AM com.google.javascript.jscomp.PhaseOptimizer$NamedPass process
INFO: processDefines
Oct 29, 2020 8:23:52 AM com.google.javascript.jscomp.PhaseOptimizer$NamedPass process
INFO: checkVars
Oct 29, 2020 8:23:52 AM com.google.javascript.jscomp.PhaseOptimizer$NamedPass process
INFO: replaceMessages
Oct 29, 2020 8:23:52 AM com.google.javascript.jscomp.PhaseOptimizer$NamedPass process
INFO: processDefines
Oct 29, 2020 8:23:52 AM com.google.javascript.jscomp.PhaseOptimizer$NamedPass process
INFO: checkVars
Oct 29, 2020 8:23:52 AM com.google.javascript.jscomp.PhaseOptimizer$NamedPass process
INFO: replaceMessages
Oct 29, 2020 8:23:52 AM com.google.javascript.jscomp.PhaseOptimizer$NamedPass process
INFO: processDefines
Oct 29, 2020 8:23:53 AM com.google.javascript.jscomp.PhaseOptimizer$NamedPass process
INFO: checkVars
Oct 29, 2020 8:23:53 AM com.google.javascript.jscomp.PhaseOptimizer$NamedPass process
INFO: replaceMessages
Oct 29, 2020 8:23:53 AM com.google.javascript.jscomp.PhaseOptimizer$NamedPass process
INFO: processDefines
Oct 29, 2020 8:23:54 AM com.google.javascript.jscomp.PhaseOptimizer$NamedPass process
INFO: checkVars
Oct 29, 2020 8:23:54 AM com.google.javascript.jscomp.PhaseOptimizer$NamedPass process
INFO: replaceMessages
Oct 29, 2020 8:23:54 AM com.google.javascript.jscomp.PhaseOptimizer$NamedPass process
INFO: processDefines
Oct 29, 2020 8:23:55 AM com.google.javascript.jscomp.PhaseOptimizer$NamedPass process
INFO: checkVars
Oct 29, 2020 8:23:55 AM com.google.javascript.jscomp.PhaseOptimizer$NamedPass process
INFO: replaceMessages
Oct 29, 2020 8:23:55 AM com.google.javascript.jscomp.PhaseOptimizer$NamedPass process
INFO: processDefines
Oct 29, 2020 8:23:57 AM com.google.javascript.jscomp.PhaseOptimizer$NamedPass process
INFO: checkVars
Oct 29, 2020 8:23:57 AM com.google.javascript.jscomp.PhaseOptimizer$NamedPass process
INFO: replaceMessages
Oct 29, 2020 8:23:57 AM com.google.javascript.jscomp.PhaseOptimizer$NamedPass process
INFO: processDefines
Oct 29, 2020 8:23:57 AM com.google.javascript.jscomp.PhaseOptimizer$NamedPass process
INFO: checkVars
Oct 29, 2020 8:23:57 AM com.google.javascript.jscomp.PhaseOptimizer$NamedPass process
INFO: replaceMessages
Oct 29, 2020 8:23:57 AM com.google.javascript.jscomp.PhaseOptimizer$NamedPass process
INFO: processDefines
Oct 29, 2020 8:23:59 AM com.google.javascript.jscomp.PhaseOptimizer$NamedPass process
INFO: checkVars
Oct 29, 2020 8:23:59 AM com.google.javascript.jscomp.PhaseOptimizer$NamedPass process
INFO: replaceMessages
Oct 29, 2020 8:23:59 AM com.google.javascript.jscomp.PhaseOptimizer$NamedPass process
INFO: processDefines
Oct 29, 2020 8:23:59 AM com.google.javascript.jscomp.PhaseOptimizer$NamedPass process
INFO: checkVars
Oct 29, 2020 8:23:59 AM com.google.javascript.jscomp.PhaseOptimizer$NamedPass process
INFO: replaceMessages
Oct 29, 2020 8:23:59 AM com.google.javascript.jscomp.PhaseOptimizer$NamedPass process
INFO: processDefines
Oct 29, 2020 8:24:01 AM com.google.javascript.jscomp.PhaseOptimizer$NamedPass process
INFO: checkVars
Oct 29, 2020 8:24:01 AM com.google.javascript.jscomp.PhaseOptimizer$NamedPass process
INFO: replaceMessages
Oct 29, 2020 8:24:01 AM com.google.javascript.jscomp.PhaseOptimizer$NamedPass process
INFO: processDefines
Oct 29, 2020 8:24:03 AM com.google.javascript.jscomp.PhaseOptimizer$NamedPass process
INFO: checkVars
Oct 29, 2020 8:24:03 AM com.google.javascript.jscomp.PhaseOptimizer$NamedPass process
INFO: replaceMessages
Oct 29, 2020 8:24:03 AM com.google.javascript.jscomp.PhaseOptimizer$NamedPass process
INFO: processDefines
Oct 29, 2020 8:24:06 AM com.google.javascript.jscomp.PhaseOptimizer$NamedPass process
INFO: checkVars
Oct 29, 2020 8:24:06 AM com.google.javascript.jscomp.PhaseOptimizer$NamedPass process
INFO: replaceMessages
Oct 29, 2020 8:24:06 AM com.google.javascript.jscomp.PhaseOptimizer$NamedPass process
INFO: processDefines
Oct 29, 2020 8:24:08 AM com.google.javascript.jscomp.PhaseOptimizer$NamedPass process
INFO: checkVars
Oct 29, 2020 8:24:08 AM com.google.javascript.jscomp.PhaseOptimizer$NamedPass process
INFO: replaceMessages
Oct 29, 2020 8:24:08 AM com.google.javascript.jscomp.PhaseOptimizer$NamedPass process
INFO: processDefines
Oct 29, 2020 8:24:10 AM com.google.javascript.jscomp.PhaseOptimizer$NamedPass process
INFO: checkVars
Oct 29, 2020 8:24:10 AM com.google.javascript.jscomp.PhaseOptimizer$NamedPass process
INFO: replaceMessages
Oct 29, 2020 8:24:10 AM com.google.javascript.jscomp.PhaseOptimizer$NamedPass process
INFO: processDefines
Oct 29, 2020 8:24:12 AM com.google.javascript.jscomp.PhaseOptimizer$NamedPass process
INFO: checkVars
Oct 29, 2020 8:24:12 AM com.google.javascript.jscomp.PhaseOptimizer$NamedPass process
INFO: replaceMessages
Oct 29, 2020 8:24:12 AM com.google.javascript.jscomp.PhaseOptimizer$NamedPass process
INFO: processDefines
Oct 29, 2020 8:24:12 AM com.google.javascript.jscomp.PhaseOptimizer$NamedPass process
INFO: checkVars
Oct 29, 2020 8:24:12 AM com.google.javascript.jscomp.PhaseOptimizer$NamedPass process
INFO: replaceMessages
Oct 29, 2020 8:24:12 AM com.google.javascript.jscomp.PhaseOptimizer$NamedPass process
INFO: processDefines
Oct 29, 2020 8:24:15 AM com.google.javascript.jscomp.PhaseOptimizer$NamedPass process
INFO: checkVars
Oct 29, 2020 8:24:15 AM com.google.javascript.jscomp.PhaseOptimizer$NamedPass process
INFO: replaceMessages
Oct 29, 2020 8:24:15 AM com.google.javascript.jscomp.PhaseOptimizer$NamedPass process
INFO: processDefines
Oct 29, 2020 8:24:17 AM com.google.javascript.jscomp.PhaseOptimizer$NamedPass process
INFO: checkVars
Oct 29, 2020 8:24:17 AM com.google.javascript.jscomp.PhaseOptimizer$NamedPass process
INFO: replaceMessages
Oct 29, 2020 8:24:17 AM com.google.javascript.jscomp.PhaseOptimizer$NamedPass process
INFO: processDefines
Oct 29, 2020 8:24:19 AM com.google.javascript.jscomp.PhaseOptimizer$NamedPass process
INFO: checkVars
Oct 29, 2020 8:24:19 AM com.google.javascript.jscomp.PhaseOptimizer$NamedPass process
INFO: replaceMessages
Oct 29, 2020 8:24:19 AM com.google.javascript.jscomp.PhaseOptimizer$NamedPass process
INFO: processDefines
Oct 29, 2020 8:24:21 AM com.google.javascript.jscomp.PhaseOptimizer$NamedPass process
INFO: checkVars
Oct 29, 2020 8:24:21 AM com.google.javascript.jscomp.PhaseOptimizer$NamedPass process
INFO: replaceMessages
Oct 29, 2020 8:24:21 AM com.google.javascript.jscomp.PhaseOptimizer$NamedPass process
INFO: processDefines
Oct 29, 2020 8:24:21 AM com.google.javascript.jscomp.PhaseOptimizer$NamedPass process
INFO: checkVars
Oct 29, 2020 8:24:21 AM com.google.javascript.jscomp.PhaseOptimizer$NamedPass process
INFO: replaceMessages
Oct 29, 2020 8:24:21 AM com.google.javascript.jscomp.PhaseOptimizer$NamedPass process
INFO: processDefines
Oct 29, 2020 8:24:23 AM com.google.javascript.jscomp.PhaseOptimizer$NamedPass process
INFO: checkVars
Oct 29, 2020 8:24:23 AM com.google.javascript.jscomp.PhaseOptimizer$NamedPass process
INFO: replaceMessages
Oct 29, 2020 8:24:23 AM com.google.javascript.jscomp.PhaseOptimizer$NamedPass process
INFO: processDefines
Oct 29, 2020 8:24:23 AM com.google.javascript.jscomp.PhaseOptimizer$NamedPass process
INFO: checkVars
Oct 29, 2020 8:24:23 AM com.google.javascript.jscomp.PhaseOptimizer$NamedPass process
INFO: replaceMessages
Oct 29, 2020 8:24:23 AM com.google.javascript.jscomp.PhaseOptimizer$NamedPass process
INFO: processDefines
Oct 29, 2020 8:24:27 AM com.google.javascript.jscomp.PhaseOptimizer$NamedPass process
INFO: checkVars
Oct 29, 2020 8:24:27 AM com.google.javascript.jscomp.PhaseOptimizer$NamedPass process
INFO: replaceMessages
Oct 29, 2020 8:24:27 AM com.google.javascript.jscomp.PhaseOptimizer$NamedPass process
INFO: processDefines
Oct 29, 2020 8:24:29 AM com.google.javascript.jscomp.PhaseOptimizer$NamedPass process
INFO: checkVars
Oct 29, 2020 8:24:29 AM com.google.javascript.jscomp.PhaseOptimizer$NamedPass process
INFO: replaceMessages
Oct 29, 2020 8:24:29 AM com.google.javascript.jscomp.PhaseOptimizer$NamedPass process
INFO: processDefines
Oct 29, 2020 8:24:36 AM com.google.javascript.jscomp.PhaseOptimizer$NamedPass process
INFO: checkVars
Oct 29, 2020 8:24:36 AM com.google.javascript.jscomp.PhaseOptimizer$NamedPass process
INFO: replaceMessages
Oct 29, 2020 8:24:36 AM com.google.javascript.jscomp.PhaseOptimizer$NamedPass process
INFO: processDefines
Oct 29, 2020 8:24:38 AM com.google.javascript.jscomp.PhaseOptimizer$NamedPass process
INFO: checkVars
Oct 29, 2020 8:24:38 AM com.google.javascript.jscomp.PhaseOptimizer$NamedPass process
INFO: replaceMessages
Oct 29, 2020 8:24:38 AM com.google.javascript.jscomp.PhaseOptimizer$NamedPass process
INFO: processDefines
Oct 29, 2020 8:24:40 AM com.google.javascript.jscomp.PhaseOptimizer$NamedPass process
INFO: checkVars
Oct 29, 2020 8:24:40 AM com.google.javascript.jscomp.PhaseOptimizer$NamedPass process
INFO: replaceMessages
Oct 29, 2020 8:24:40 AM com.google.javascript.jscomp.PhaseOptimizer$NamedPass process
INFO: processDefines
Oct 29, 2020 8:24:42 AM com.google.javascript.jscomp.PhaseOptimizer$NamedPass process
INFO: checkVars
Oct 29, 2020 8:24:42 AM com.google.javascript.jscomp.PhaseOptimizer$NamedPass process
INFO: replaceMessages
Oct 29, 2020 8:24:42 AM com.google.javascript.jscomp.PhaseOptimizer$NamedPass process
INFO: processDefines
Oct 29, 2020 8:24:44 AM com.google.javascript.jscomp.PhaseOptimizer$NamedPass process
INFO: checkVars
Oct 29, 2020 8:24:44 AM com.google.javascript.jscomp.PhaseOptimizer$NamedPass process
INFO: replaceMessages
Oct 29, 2020 8:24:44 AM com.google.javascript.jscomp.PhaseOptimizer$NamedPass process
INFO: processDefines
Oct 29, 2020 8:24:44 AM com.google.javascript.jscomp.PhaseOptimizer$NamedPass process
INFO: checkVars
Oct 29, 2020 8:24:44 AM com.google.javascript.jscomp.PhaseOptimizer$NamedPass process
INFO: replaceMessages
Oct 29, 2020 8:24:44 AM com.google.javascript.jscomp.PhaseOptimizer$NamedPass process
INFO: processDefines
Oct 29, 2020 8:24:47 AM com.google.javascript.jscomp.PhaseOptimizer$NamedPass process
INFO: checkVars
Oct 29, 2020 8:24:47 AM com.google.javascript.jscomp.PhaseOptimizer$NamedPass process
INFO: replaceMessages
Oct 29, 2020 8:24:47 AM com.google.javascript.jscomp.PhaseOptimizer$NamedPass process
INFO: processDefines
Oct 29, 2020 8:24:49 AM com.google.javascript.jscomp.PhaseOptimizer$NamedPass process
INFO: checkVars
Oct 29, 2020 8:24:49 AM com.google.javascript.jscomp.PhaseOptimizer$NamedPass process
INFO: replaceMessages
Oct 29, 2020 8:24:49 AM com.google.javascript.jscomp.PhaseOptimizer$NamedPass process
INFO: processDefines
Oct 29, 2020 8:24:51 AM com.google.javascript.jscomp.PhaseOptimizer$NamedPass process
INFO: checkVars
Oct 29, 2020 8:24:51 AM com.google.javascript.jscomp.PhaseOptimizer$NamedPass process
INFO: replaceMessages
Oct 29, 2020 8:24:51 AM com.google.javascript.jscomp.PhaseOptimizer$NamedPass process
INFO: processDefines
Oct 29, 2020 8:24:53 AM com.google.javascript.jscomp.PhaseOptimizer$NamedPass process
INFO: checkVars
Oct 29, 2020 8:24:53 AM com.google.javascript.jscomp.PhaseOptimizer$NamedPass process
INFO: replaceMessages
Oct 29, 2020 8:24:53 AM com.google.javascript.jscomp.PhaseOptimizer$NamedPass process
INFO: processDefines
Oct 29, 2020 8:24:53 AM com.google.javascript.jscomp.PhaseOptimizer$NamedPass process
INFO: checkVars
Oct 29, 2020 8:24:53 AM com.google.javascript.jscomp.PhaseOptimizer$NamedPass process
INFO: replaceMessages
Oct 29, 2020 8:24:53 AM com.google.javascript.jscomp.PhaseOptimizer$NamedPass process
INFO: processDefines
Oct 29, 2020 8:24:55 AM com.google.javascript.jscomp.PhaseOptimizer$NamedPass process
INFO: checkVars
Oct 29, 2020 8:24:55 AM com.google.javascript.jscomp.PhaseOptimizer$NamedPass process
INFO: replaceMessages
Oct 29, 2020 8:24:55 AM com.google.javascript.jscomp.PhaseOptimizer$NamedPass process
INFO: processDefines
Oct 29, 2020 8:24:55 AM com.google.javascript.jscomp.PhaseOptimizer$NamedPass process
INFO: checkVars
Oct 29, 2020 8:24:55 AM com.google.javascript.jscomp.PhaseOptimizer$NamedPass process
INFO: replaceMessages
Oct 29, 2020 8:24:55 AM com.google.javascript.jscomp.PhaseOptimizer$NamedPass process
INFO: processDefines
Oct 29, 2020 8:24:58 AM com.google.javascript.jscomp.PhaseOptimizer$NamedPass process
INFO: checkVars
Oct 29, 2020 8:24:58 AM com.google.javascript.jscomp.PhaseOptimizer$NamedPass process
INFO: replaceMessages
Oct 29, 2020 8:24:58 AM com.google.javascript.jscomp.PhaseOptimizer$NamedPass process
INFO: processDefines
Oct 29, 2020 8:25:00 AM com.google.javascript.jscomp.PhaseOptimizer$NamedPass process
INFO: checkVars
Oct 29, 2020 8:25:00 AM com.google.javascript.jscomp.PhaseOptimizer$NamedPass process
INFO: replaceMessages
Oct 29, 2020 8:25:00 AM com.google.javascript.jscomp.PhaseOptimizer$NamedPass process
INFO: processDefines
Oct 29, 2020 8:25:04 AM com.google.javascript.jscomp.PhaseOptimizer$NamedPass process
INFO: checkVars
Oct 29, 2020 8:25:04 AM com.google.javascript.jscomp.PhaseOptimizer$NamedPass process
INFO: replaceMessages
Oct 29, 2020 8:25:04 AM com.google.javascript.jscomp.PhaseOptimizer$NamedPass process
INFO: processDefines
Oct 29, 2020 8:25:06 AM com.google.javascript.jscomp.PhaseOptimizer$NamedPass process
INFO: checkVars
Oct 29, 2020 8:25:06 AM com.google.javascript.jscomp.PhaseOptimizer$NamedPass process
INFO: replaceMessages
Oct 29, 2020 8:25:06 AM com.google.javascript.jscomp.PhaseOptimizer$NamedPass process
INFO: processDefines
Oct 29, 2020 8:25:08 AM com.google.javascript.jscomp.PhaseOptimizer$NamedPass process
INFO: checkVars
Oct 29, 2020 8:25:08 AM com.google.javascript.jscomp.PhaseOptimizer$NamedPass process
INFO: replaceMessages
Oct 29, 2020 8:25:08 AM com.google.javascript.jscomp.PhaseOptimizer$NamedPass process
INFO: processDefines
Oct 29, 2020 8:25:13 AM com.google.javascript.jscomp.PhaseOptimizer$NamedPass process
INFO: checkVars
Oct 29, 2020 8:25:13 AM com.google.javascript.jscomp.PhaseOptimizer$NamedPass process
INFO: replaceMessages
Oct 29, 2020 8:25:13 AM com.google.javascript.jscomp.PhaseOptimizer$NamedPass process
INFO: processDefines
Oct 29, 2020 8:25:13 AM com.google.javascript.jscomp.PhaseOptimizer$NamedPass process
INFO: checkVars
Oct 29, 2020 8:25:13 AM com.google.javascript.jscomp.PhaseOptimizer$NamedPass process
INFO: replaceMessages
Oct 29, 2020 8:25:13 AM com.google.javascript.jscomp.PhaseOptimizer$NamedPass process
INFO: processDefines
Oct 29, 2020 8:25:15 AM com.google.javascript.jscomp.PhaseOptimizer$NamedPass process
INFO: checkVars
Oct 29, 2020 8:25:15 AM com.google.javascript.jscomp.PhaseOptimizer$NamedPass process
INFO: replaceMessages
Oct 29, 2020 8:25:15 AM com.google.javascript.jscomp.PhaseOptimizer$NamedPass process
INFO: processDefines
Oct 29, 2020 8:25:15 AM com.google.javascript.jscomp.PhaseOptimizer$NamedPass process
INFO: checkVars
Oct 29, 2020 8:25:15 AM com.google.javascript.jscomp.PhaseOptimizer$NamedPass process
INFO: replaceMessages
Oct 29, 2020 8:25:15 AM com.google.javascript.jscomp.PhaseOptimizer$NamedPass process
INFO: processDefines
Oct 29, 2020 8:26:24 AM com.google.javascript.jscomp.AliasStrings process
INFO: Aliasing common strings
Oct 29, 2020 8:26:24 AM com.google.javascript.jscomp.AliasStrings process
INFO: Aliasing common strings
Oct 29, 2020 8:26:24 AM com.google.javascript.jscomp.AliasStrings process
INFO: Aliasing common strings
Oct 29, 2020 8:26:24 AM com.google.javascript.jscomp.AliasStrings process
INFO: Aliasing common strings
Oct 29, 2020 8:26:24 AM com.google.javascript.jscomp.AliasStrings process
INFO: Aliasing common strings
Oct 29, 2020 8:26:24 AM com.google.javascript.jscomp.AliasStrings process
INFO: Aliasing common strings
Oct 29, 2020 8:26:26 AM com.google.javascript.jscomp.AliasStrings process
INFO: Aliasing common strings
Oct 29, 2020 8:26:26 AM com.google.javascript.jscomp.AliasStrings process
INFO: Aliasing common strings
Oct 29, 2020 8:26:29 AM com.google.javascript.jscomp.AliasStrings process
INFO: Aliasing common strings
Oct 29, 2020 8:26:29 AM com.google.javascript.jscomp.AliasStrings process
INFO: Aliasing common strings
Oct 29, 2020 8:26:31 AM com.google.javascript.jscomp.AliasStrings process
INFO: Aliasing common strings
Oct 29, 2020 8:26:31 AM com.google.javascript.jscomp.AliasStrings process
INFO: Aliasing common strings
Oct 29, 2020 8:26:34 AM com.google.javascript.jscomp.AliasStrings process
INFO: Aliasing common strings
Oct 29, 2020 8:26:34 AM com.google.javascript.jscomp.AliasStrings process
INFO: Aliasing common strings
Oct 29, 2020 8:26:36 AM com.google.javascript.jscomp.AliasStrings process
INFO: Aliasing common strings
Oct 29, 2020 8:26:36 AM com.google.javascript.jscomp.AliasStrings process
INFO: Aliasing common strings
Oct 29, 2020 8:26:36 AM com.google.javascript.jscomp.AliasStrings process
INFO: Aliasing common strings
Oct 29, 2020 8:26:36 AM com.google.javascript.jscomp.AliasStrings process
INFO: Aliasing common strings
Oct 29, 2020 8:26:36 AM com.google.javascript.jscomp.AliasStrings process
INFO: Aliasing common strings
Oct 29, 2020 8:26:36 AM com.google.javascript.jscomp.AliasStrings process
INFO: Aliasing common strings
Oct 29, 2020 8:26:38 AM com.google.javascript.jscomp.AliasStrings process
INFO: Aliasing common strings
Oct 29, 2020 8:26:38 AM com.google.javascript.jscomp.AliasStrings process
INFO: Aliasing common strings
Oct 29, 2020 8:26:38 AM com.google.javascript.jscomp.AliasStrings process
INFO: Aliasing common strings
Oct 29, 2020 8:26:38 AM com.google.javascript.jscomp.AliasStrings process
INFO: Aliasing common strings
Oct 29, 2020 8:26:41 AM com.google.javascript.jscomp.AliasStrings process
INFO: Aliasing common strings
Oct 29, 2020 8:26:41 AM com.google.javascript.jscomp.AliasStrings process
INFO: Aliasing common strings
Oct 29, 2020 8:26:43 AM com.google.javascript.jscomp.AliasStrings process
INFO: Aliasing common strings
Oct 29, 2020 8:26:43 AM com.google.javascript.jscomp.AliasStrings process
INFO: Aliasing common strings
Oct 29, 2020 8:26:45 AM com.google.javascript.jscomp.AliasStrings process
INFO: Aliasing common strings
Oct 29, 2020 8:26:45 AM com.google.javascript.jscomp.AliasStrings process
INFO: Aliasing common strings
Oct 29, 2020 8:26:48 AM com.google.javascript.jscomp.AliasStrings process
INFO: Aliasing common strings
Oct 29, 2020 8:26:48 AM com.google.javascript.jscomp.AliasStrings process
INFO: Aliasing common strings
Oct 29, 2020 8:26:48 AM com.google.javascript.jscomp.AliasStrings process
INFO: Aliasing common strings
Oct 29, 2020 8:26:48 AM com.google.javascript.jscomp.AliasStrings process
INFO: Aliasing common strings
Oct 29, 2020 8:26:48 AM com.google.javascript.jscomp.AliasStrings process
INFO: Aliasing common strings
Oct 29, 2020 8:26:48 AM com.google.javascript.jscomp.AliasStrings process
INFO: Aliasing common strings
Oct 29, 2020 8:26:48 AM com.google.javascript.jscomp.AliasStrings process
INFO: Aliasing common strings
Oct 29, 2020 8:26:48 AM com.google.javascript.jscomp.AliasStrings process
INFO: Aliasing common strings
Oct 29, 2020 8:26:48 AM com.google.javascript.jscomp.AliasStrings process
INFO: Aliasing common strings
Oct 29, 2020 8:26:48 AM com.google.javascript.jscomp.AliasStrings process
INFO: Aliasing common strings
Oct 29, 2020 8:26:50 AM com.google.javascript.jscomp.AliasStrings process
INFO: Aliasing common strings
Oct 29, 2020 8:26:50 AM com.google.javascript.jscomp.AliasStrings process
INFO: Aliasing common strings
Oct 29, 2020 8:26:50 AM com.google.javascript.jscomp.AliasStrings process
INFO: Aliasing common strings
Oct 29, 2020 8:26:50 AM com.google.javascript.jscomp.AliasStrings process
INFO: Aliasing common strings
Oct 29, 2020 8:26:50 AM com.google.javascript.jscomp.AliasStrings process
INFO: Aliasing common strings
Oct 29, 2020 8:26:50 AM com.google.javascript.jscomp.AliasStrings process
INFO: Aliasing common strings
Oct 29, 2020 8:26:50 AM com.google.javascript.jscomp.AliasStrings process
INFO: Aliasing common strings
Oct 29, 2020 8:26:50 AM com.google.javascript.jscomp.AliasStrings process
INFO: Aliasing common strings
Oct 29, 2020 8:26:50 AM com.google.javascript.jscomp.AliasStrings process
INFO: Aliasing common strings
Oct 29, 2020 8:26:50 AM com.google.javascript.jscomp.AliasStrings process
INFO: Aliasing common strings
Oct 29, 2020 8:26:50 AM com.google.javascript.jscomp.AliasStrings process
INFO: Aliasing common strings
Oct 29, 2020 8:26:50 AM com.google.javascript.jscomp.AliasStrings process
INFO: Aliasing common strings
Oct 29, 2020 8:26:50 AM com.google.javascript.jscomp.AliasStrings process
INFO: Aliasing common strings
Oct 29, 2020 8:26:50 AM com.google.javascript.jscomp.AliasStrings process
INFO: Aliasing common strings
Oct 29, 2020 8:26:53 AM com.google.javascript.jscomp.AliasStrings process
INFO: Aliasing common strings
Oct 29, 2020 8:26:53 AM com.google.javascript.jscomp.AliasStrings process
INFO: Aliasing common strings
Oct 29, 2020 8:26:53 AM com.google.javascript.jscomp.AliasStrings process
INFO: Aliasing common strings
Oct 29, 2020 8:26:53 AM com.google.javascript.jscomp.AliasStrings process
INFO: Aliasing common strings
Oct 29, 2020 8:26:53 AM com.google.javascript.jscomp.AliasStrings process
INFO: Aliasing common strings
Oct 29, 2020 8:26:53 AM com.google.javascript.jscomp.AliasStrings process
INFO: Aliasing common strings
Oct 29, 2020 8:26:53 AM com.google.javascript.jscomp.AliasStrings process
INFO: Aliasing common strings
Oct 29, 2020 8:26:53 AM com.google.javascript.jscomp.AliasStrings process
INFO: Aliasing common strings
Oct 29, 2020 8:26:53 AM com.google.javascript.jscomp.AliasStrings process
INFO: Aliasing common strings
Oct 29, 2020 8:26:53 AM com.google.javascript.jscomp.AliasStrings process
INFO: Aliasing common strings
Oct 29, 2020 8:26:53 AM com.google.javascript.jscomp.AliasStrings process
INFO: Aliasing common strings
Oct 29, 2020 8:26:53 AM com.google.javascript.jscomp.AliasStrings process
INFO: Aliasing common strings
Oct 29, 2020 8:26:53 AM com.google.javascript.jscomp.AliasStrings process
INFO: Aliasing common strings
Oct 29, 2020 8:26:53 AM com.google.javascript.jscomp.AliasStrings process
INFO: Aliasing common strings
Oct 29, 2020 8:26:53 AM com.google.javascript.jscomp.AliasStrings process
INFO: Aliasing common strings
Oct 29, 2020 8:26:53 AM com.google.javascript.jscomp.AliasStrings process
INFO: Aliasing common strings
Oct 29, 2020 8:26:55 AM com.google.javascript.jscomp.AliasStrings process
INFO: Aliasing common strings
Oct 29, 2020 8:26:55 AM com.google.javascript.jscomp.AliasStrings process
INFO: Aliasing common strings
Oct 29, 2020 8:26:58 AM com.google.javascript.jscomp.AmbiguateProperties process
INFO: Collapsed 1 properties into 1 and skipped renaming 0 properties.
Oct 29, 2020 8:27:01 AM com.google.javascript.jscomp.AmbiguateProperties process
INFO: Collapsed 0 properties into 1 and skipped renaming 1 properties.
Oct 29, 2020 8:27:04 AM com.google.javascript.jscomp.AmbiguateProperties process
INFO: Collapsed 0 properties into 1 and skipped renaming 1 properties.
Oct 29, 2020 8:27:07 AM com.google.javascript.jscomp.AmbiguateProperties process
INFO: Collapsed 0 properties into 1 and skipped renaming 1 properties.
Oct 29, 2020 8:27:10 AM com.google.javascript.jscomp.AmbiguateProperties process
INFO: Collapsed 2 properties into 2 and skipped renaming 0 properties.
Oct 29, 2020 8:27:13 AM com.google.javascript.jscomp.AmbiguateProperties process
INFO: Collapsed 0 properties into 1 and skipped renaming 2 properties.
Oct 29, 2020 8:27:16 AM com.google.javascript.jscomp.AmbiguateProperties process
INFO: Collapsed 2 properties into 1 and skipped renaming 0 properties.
Oct 29, 2020 8:27:19 AM com.google.javascript.jscomp.AmbiguateProperties process
INFO: Collapsed 3 properties into 2 and skipped renaming 0 properties.
Oct 29, 2020 8:27:22 AM com.google.javascript.jscomp.AmbiguateProperties process
INFO: Collapsed 3 properties into 2 and skipped renaming 0 properties.
Oct 29, 2020 8:27:25 AM com.google.javascript.jscomp.AmbiguateProperties process
INFO: Collapsed 10 properties into 5 and skipped renaming 0 properties.
Oct 29, 2020 8:27:28 AM com.google.javascript.jscomp.AmbiguateProperties process
INFO: Collapsed 6 properties into 3 and skipped renaming 0 properties.
Oct 29, 2020 8:27:31 AM com.google.javascript.jscomp.AmbiguateProperties process
INFO: Collapsed 20 properties into 10 and skipped renaming 0 properties.
Oct 29, 2020 8:27:34 AM com.google.javascript.jscomp.AmbiguateProperties process
INFO: Collapsed 10 properties into 1 and skipped renaming 0 properties.
Oct 29, 2020 8:27:37 AM com.google.javascript.jscomp.AmbiguateProperties process
INFO: Collapsed 2 properties into 1 and skipped renaming 0 properties.
Oct 29, 2020 8:27:40 AM com.google.javascript.jscomp.AmbiguateProperties process
INFO: Collapsed 1 properties into 1 and skipped renaming 0 properties.
Oct 29, 2020 8:27:42 AM com.google.javascript.jscomp.AmbiguateProperties process
INFO: Collapsed 0 properties into 1 and skipped renaming 0 properties.
Oct 29, 2020 8:27:45 AM com.google.javascript.jscomp.AmbiguateProperties process
INFO: Collapsed 0 properties into 1 and skipped renaming 0 properties.
Oct 29, 2020 8:27:48 AM com.google.javascript.jscomp.AmbiguateProperties process
INFO: Collapsed 2 properties into 2 and skipped renaming 0 properties.
Oct 29, 2020 8:27:51 AM com.google.javascript.jscomp.AmbiguateProperties process
INFO: Collapsed 0 properties into 1 and skipped renaming 1 properties.
Oct 29, 2020 8:27:54 AM com.google.javascript.jscomp.AmbiguateProperties process
INFO: Collapsed 1 properties into 1 and skipped renaming 0 properties.
Oct 29, 2020 8:27:57 AM com.google.javascript.jscomp.AmbiguateProperties process
INFO: Collapsed 0 properties into 1 and skipped renaming 1 properties.
Oct 29, 2020 8:28:00 AM com.google.javascript.jscomp.AmbiguateProperties process
INFO: Collapsed 0 properties into 1 and skipped renaming 1 properties.
Oct 29, 2020 8:28:03 AM com.google.javascript.jscomp.AmbiguateProperties process
INFO: Collapsed 0 properties into 1 and skipped renaming 1 properties.
Oct 29, 2020 8:28:06 AM com.google.javascript.jscomp.AmbiguateProperties process
INFO: Collapsed 0 properties into 1 and skipped renaming 1 properties.
Oct 29, 2020 8:28:09 AM com.google.javascript.jscomp.AmbiguateProperties process
INFO: Collapsed 0 properties into 1 and skipped renaming 0 properties.
Oct 29, 2020 8:28:12 AM com.google.javascript.jscomp.AmbiguateProperties process
INFO: Collapsed 1 properties into 1 and skipped renaming 0 properties.
Oct 29, 2020 8:28:15 AM com.google.javascript.jscomp.AmbiguateProperties process
INFO: Collapsed 0 properties into 1 and skipped renaming 0 properties.
Oct 29, 2020 8:28:18 AM com.google.javascript.jscomp.AmbiguateProperties process
INFO: Collapsed 1 properties into 1 and skipped renaming 0 properties.
Oct 29, 2020 8:28:21 AM com.google.javascript.jscomp.AmbiguateProperties process
INFO: Collapsed 2 properties into 1 and skipped renaming 0 properties.
Oct 29, 2020 8:28:24 AM com.google.javascript.jscomp.AmbiguateProperties process
INFO: Collapsed 3 properties into 1 and skipped renaming 0 properties.
Oct 29, 2020 8:28:27 AM com.google.javascript.jscomp.AmbiguateProperties process
INFO: Collapsed 1 properties into 1 and skipped renaming 1 properties.
Oct 29, 2020 8:28:27 AM com.google.javascript.jscomp.AmbiguateProperties process
INFO: Collapsed 0 properties into 1 and skipped renaming 2 properties.
Oct 29, 2020 8:28:27 AM com.google.javascript.jscomp.AmbiguateProperties process
INFO: Collapsed 2 properties into 1 and skipped renaming 0 properties.
Oct 29, 2020 8:28:30 AM com.google.javascript.jscomp.AmbiguateProperties process
INFO: Collapsed 0 properties into 1 and skipped renaming 1 properties.
Oct 29, 2020 8:28:33 AM com.google.javascript.jscomp.AmbiguateProperties process
INFO: Collapsed 3 properties into 3 and skipped renaming 0 properties.
Oct 29, 2020 8:28:36 AM com.google.javascript.jscomp.AmbiguateProperties process
INFO: Collapsed 3 properties into 3 and skipped renaming 0 properties.
Oct 29, 2020 8:28:39 AM com.google.javascript.jscomp.AmbiguateProperties process
INFO: Collapsed 2 properties into 2 and skipped renaming 0 properties.
Oct 29, 2020 8:28:42 AM com.google.javascript.jscomp.AmbiguateProperties process
INFO: Collapsed 2 properties into 2 and skipped renaming 0 properties.
Oct 29, 2020 8:28:45 AM com.google.javascript.jscomp.AmbiguateProperties process
INFO: Collapsed 2 properties into 2 and skipped renaming 0 properties.
Oct 29, 2020 8:28:48 AM com.google.javascript.jscomp.AmbiguateProperties process
INFO: Collapsed 1 properties into 1 and skipped renaming 1 properties.
Oct 29, 2020 8:28:51 AM com.google.javascript.jscomp.AmbiguateProperties process
INFO: Collapsed 1 properties into 1 and skipped renaming 1 properties.
Oct 29, 2020 8:45:15 AM com.google.javascript.jscomp.PhaseOptimizer$NamedPass process
INFO: processGoogScopeAliases
Oct 29, 2020 8:45:15 AM com.google.javascript.jscomp.PhaseOptimizer$NamedPass process
INFO: checkRequires
Oct 29, 2020 8:45:15 AM com.google.javascript.jscomp.PhaseOptimizer$NamedPass process
INFO: processProvidesAndRequires
Oct 29, 2020 8:45:15 AM com.google.javascript.jscomp.PhaseOptimizer$NamedPass process
INFO: checkVars
Oct 29, 2020 8:45:15 AM com.google.javascript.jscomp.PhaseOptimizer$NamedPass process
INFO: renameCssNames
Oct 29, 2020 8:45:15 AM com.google.javascript.jscomp.PhaseOptimizer$NamedPass process
INFO: replaceMessages
Oct 29, 2020 8:45:15 AM com.google.javascript.jscomp.PhaseOptimizer$NamedPass process
INFO: processDefines
Oct 29, 2020 8:45:15 AM com.google.javascript.jscomp.Compiler normalize
INFO: Normalizing
Oct 29, 2020 8:45:15 AM com.google.javascript.jscomp.PhaseOptimizer$NamedPass process
INFO: garbageCollectChecks
Oct 29, 2020 8:45:15 AM com.google.javascript.jscomp.PhaseOptimizer$NamedPass process
INFO: beforeStandardOptimizations
Oct 29, 2020 8:45:15 AM com.google.javascript.jscomp.PhaseOptimizer$NamedPass process
INFO: replaceIdGenerators
Oct 29, 2020 8:45:15 AM com.google.javascript.jscomp.PhaseOptimizer$NamedPass process
INFO: closureCodeRemoval
Oct 29, 2020 8:45:15 AM com.google.javascript.jscomp.PhaseOptimizer$NamedPass process
INFO: closureOptimizePrimitives
Oct 29, 2020 8:45:15 AM com.google.javascript.jscomp.PhaseOptimizer$NamedPass process
INFO: beforeMainOptimizations
Oct 29, 2020 8:45:15 AM com.google.javascript.jscomp.PhaseOptimizer$NamedPass process
INFO: beforeModuleMotion
Oct 29, 2020 8:45:15 AM com.google.javascript.jscomp.PhaseOptimizer$NamedPass process
INFO: afterModuleMotion
Oct 29, 2020 8:45:15 AM com.google.javascript.jscomp.PhaseOptimizer$NamedPass process
INFO: markUnnormalized
Oct 29, 2020 8:45:15 AM com.google.javascript.jscomp.PhaseOptimizer$NamedPass process
INFO: denormalize
Oct 29, 2020 8:45:15 AM com.google.javascript.jscomp.PhaseOptimizer$NamedPass process
INFO: invertNames
Oct 29, 2020 8:45:15 AM com.google.javascript.jscomp.PhaseOptimizer$NamedPass process
INFO: operaCompoundAssignFix
Oct 29, 2020 8:45:15 AM com.google.javascript.jscomp.PhaseOptimizer$NamedPass process
INFO: sanityCheckAst
Oct 29, 2020 8:45:15 AM com.google.javascript.jscomp.PhaseOptimizer$NamedPass process
INFO: sanityCheckVars
Oct 29, 2020 8:45:15 AM com.google.javascript.jscomp.LoggerErrorManager println
WARNING: foo.js:1: WARNING - 'foo.bar.goo' used but not goog.require'd
var foo = {}; var bar = new foo.bar.goo();
                                       ^

Oct 29, 2020 8:45:15 AM com.google.javascript.jscomp.LoggerErrorManager printSummary
WARNING: 0 error(s), 1 warning(s)
Closure Compiler (http://code.google.com/closure/compiler)
Version: Unversioned directory
Built on: 2020/10/29 01:22
Closure Compiler (http://code.google.com/closure/compiler)
Version: Unversioned directory
Built on: 2020/10/29 01:22
Oct 29, 2020 9:48:07 AM com.google.javascript.jscomp.LoggerErrorManager println
WARNING: testcode:1: WARNING - Unable to determine type of parameter a for exported function d
var goog = {};goog.exportSymbol = function(a, b) {}; goog.exportProperty = function(a, b, c) {}; var a = function(d, e, f) {};goog.exportSymbol('foobar', a)
                                                                                                                  ^

Oct 29, 2020 9:48:07 AM com.google.javascript.jscomp.LoggerErrorManager println
WARNING: testcode:1: WARNING - Unable to determine type of parameter a for exported function e
var goog = {};goog.exportSymbol = function(a, b) {}; goog.exportProperty = function(a, b, c) {}; var a = function(d, e, f) {};goog.exportSymbol('foobar', a)
                                                                                                                     ^

Oct 29, 2020 9:48:07 AM com.google.javascript.jscomp.LoggerErrorManager println
WARNING: testcode:1: WARNING - Unable to determine type of parameter a for exported function f
var goog = {};goog.exportSymbol = function(a, b) {}; goog.exportProperty = function(a, b, c) {}; var a = function(d, e, f) {};goog.exportSymbol('foobar', a)
                                                                                                                        ^

Oct 29, 2020 9:48:07 AM com.google.javascript.jscomp.LoggerErrorManager printSummary
WARNING: 0 error(s), 3 warning(s), 100% typed
Oct 29, 2020 9:48:12 AM com.google.javascript.jscomp.LoggerErrorManager println
WARNING: testcode:1: WARNING - Unable to determine type of parameter a.b.c for exported function d
var goog = {};goog.exportSymbol = function(a, b) {}; goog.exportProperty = function(a, b, c) {}; var a = {}; a.b = {}; a.b.c = function(d, e, f) {};goog.exportProperty(a.b, 'cprop', a.b.c)
                                                                                                                                        ^

Oct 29, 2020 9:48:12 AM com.google.javascript.jscomp.LoggerErrorManager println
WARNING: testcode:1: WARNING - Unable to determine type of parameter a.b.c for exported function e
var goog = {};goog.exportSymbol = function(a, b) {}; goog.exportProperty = function(a, b, c) {}; var a = {}; a.b = {}; a.b.c = function(d, e, f) {};goog.exportProperty(a.b, 'cprop', a.b.c)
                                                                                                                                           ^

Oct 29, 2020 9:48:12 AM com.google.javascript.jscomp.LoggerErrorManager println
WARNING: testcode:1: WARNING - Unable to determine type of parameter a.b.c for exported function f
var goog = {};goog.exportSymbol = function(a, b) {}; goog.exportProperty = function(a, b, c) {}; var a = {}; a.b = {}; a.b.c = function(d, e, f) {};goog.exportProperty(a.b, 'cprop', a.b.c)
                                                                                                                                              ^

Oct 29, 2020 9:48:12 AM com.google.javascript.jscomp.LoggerErrorManager printSummary
WARNING: 0 error(s), 3 warning(s), 100% typed
Oct 29, 2020 9:48:17 AM com.google.javascript.jscomp.LoggerErrorManager println
WARNING: testcode:1: WARNING - Unable to determine type of parameter a.b for exported function p1
var goog = {};goog.exportSymbol = function(a, b) {}; goog.exportProperty = function(a, b, c) {}; var a = {}; a.b = function(p1) {}; a.b.c = function(d, e, f) {};a.b.prototype.c = function(g, h, i) {};goog.exportSymbol('a.b', a.b);goog.exportProperty(a.b, 'c', a.b.c);goog.exportProperty(a.b.prototype, 'c', a.b.prototype.c);
                                                                                                                            ^

Oct 29, 2020 9:48:17 AM com.google.javascript.jscomp.LoggerErrorManager println
WARNING: testcode:1: WARNING - Unable to determine type of parameter a.b.c for exported function d
var goog = {};goog.exportSymbol = function(a, b) {}; goog.exportProperty = function(a, b, c) {}; var a = {}; a.b = function(p1) {}; a.b.c = function(d, e, f) {};a.b.prototype.c = function(g, h, i) {};goog.exportSymbol('a.b', a.b);goog.exportProperty(a.b, 'c', a.b.c);goog.exportProperty(a.b.prototype, 'c', a.b.prototype.c);
                                                                                                                                                     ^

Oct 29, 2020 9:48:17 AM com.google.javascript.jscomp.LoggerErrorManager println
WARNING: testcode:1: WARNING - Unable to determine type of parameter a.b.c for exported function e
var goog = {};goog.exportSymbol = function(a, b) {}; goog.exportProperty = function(a, b, c) {}; var a = {}; a.b = function(p1) {}; a.b.c = function(d, e, f) {};a.b.prototype.c = function(g, h, i) {};goog.exportSymbol('a.b', a.b);goog.exportProperty(a.b, 'c', a.b.c);goog.exportProperty(a.b.prototype, 'c', a.b.prototype.c);
                                                                                                                                                        ^

Oct 29, 2020 9:48:17 AM com.google.javascript.jscomp.LoggerErrorManager println
WARNING: testcode:1: WARNING - Unable to determine type of parameter a.b.c for exported function f
var goog = {};goog.exportSymbol = function(a, b) {}; goog.exportProperty = function(a, b, c) {}; var a = {}; a.b = function(p1) {}; a.b.c = function(d, e, f) {};a.b.prototype.c = function(g, h, i) {};goog.exportSymbol('a.b', a.b);goog.exportProperty(a.b, 'c', a.b.c);goog.exportProperty(a.b.prototype, 'c', a.b.prototype.c);
                                                                                                                                                           ^

Oct 29, 2020 9:48:17 AM com.google.javascript.jscomp.LoggerErrorManager println
WARNING: testcode:1: WARNING - Unable to determine type of parameter a.b.prototype.c for exported function g
var goog = {};goog.exportSymbol = function(a, b) {}; goog.exportProperty = function(a, b, c) {}; var a = {}; a.b = function(p1) {}; a.b.c = function(d, e, f) {};a.b.prototype.c = function(g, h, i) {};goog.exportSymbol('a.b', a.b);goog.exportProperty(a.b, 'c', a.b.c);goog.exportProperty(a.b.prototype, 'c', a.b.prototype.c);
                                                                                                                                                                                            ^

Oct 29, 2020 9:48:17 AM com.google.javascript.jscomp.LoggerErrorManager println
WARNING: testcode:1: WARNING - Unable to determine type of parameter a.b.prototype.c for exported function h
var goog = {};goog.exportSymbol = function(a, b) {}; goog.exportProperty = function(a, b, c) {}; var a = {}; a.b = function(p1) {}; a.b.c = function(d, e, f) {};a.b.prototype.c = function(g, h, i) {};goog.exportSymbol('a.b', a.b);goog.exportProperty(a.b, 'c', a.b.c);goog.exportProperty(a.b.prototype, 'c', a.b.prototype.c);
                                                                                                                                                                                               ^

Oct 29, 2020 9:48:17 AM com.google.javascript.jscomp.LoggerErrorManager println
WARNING: testcode:1: WARNING - Unable to determine type of parameter a.b.prototype.c for exported function i
var goog = {};goog.exportSymbol = function(a, b) {}; goog.exportProperty = function(a, b, c) {}; var a = {}; a.b = function(p1) {}; a.b.c = function(d, e, f) {};a.b.prototype.c = function(g, h, i) {};goog.exportSymbol('a.b', a.b);goog.exportProperty(a.b, 'c', a.b.c);goog.exportProperty(a.b.prototype, 'c', a.b.prototype.c);
                                                                                                                                                                                                  ^

Oct 29, 2020 9:48:17 AM com.google.javascript.jscomp.LoggerErrorManager printSummary
WARNING: 0 error(s), 7 warning(s), 100% typed
Oct 29, 2020 9:48:22 AM com.google.javascript.jscomp.LoggerErrorManager println
WARNING: testcode:1: WARNING - Unable to determine type of parameter a.b.c for exported function d
var goog = {};goog.exportSymbol = function(a, b) {}; goog.exportProperty = function(a, b, c) {}; var a = {}; a.b = function(p1) {}; a.b.c = function(d, e, f) {};a.b.prototype.c = function(g, h, i) {};goog.exportSymbol('hello', a);goog.exportProperty(a.b, 'c', a.b.c);goog.exportProperty(a.b.prototype, 'c', a.b.prototype.c);
                                                                                                                                                     ^

Oct 29, 2020 9:48:22 AM com.google.javascript.jscomp.LoggerErrorManager println
WARNING: testcode:1: WARNING - Unable to determine type of parameter a.b.c for exported function e
var goog = {};goog.exportSymbol = function(a, b) {}; goog.exportProperty = function(a, b, c) {}; var a = {}; a.b = function(p1) {}; a.b.c = function(d, e, f) {};a.b.prototype.c = function(g, h, i) {};goog.exportSymbol('hello', a);goog.exportProperty(a.b, 'c', a.b.c);goog.exportProperty(a.b.prototype, 'c', a.b.prototype.c);
                                                                                                                                                        ^

Oct 29, 2020 9:48:22 AM com.google.javascript.jscomp.LoggerErrorManager println
WARNING: testcode:1: WARNING - Unable to determine type of parameter a.b.c for exported function f
var goog = {};goog.exportSymbol = function(a, b) {}; goog.exportProperty = function(a, b, c) {}; var a = {}; a.b = function(p1) {}; a.b.c = function(d, e, f) {};a.b.prototype.c = function(g, h, i) {};goog.exportSymbol('hello', a);goog.exportProperty(a.b, 'c', a.b.c);goog.exportProperty(a.b.prototype, 'c', a.b.prototype.c);
                                                                                                                                                           ^

Oct 29, 2020 9:48:22 AM com.google.javascript.jscomp.LoggerErrorManager println
WARNING: testcode:1: WARNING - Unable to determine type of parameter a.b.prototype.c for exported function g
var goog = {};goog.exportSymbol = function(a, b) {}; goog.exportProperty = function(a, b, c) {}; var a = {}; a.b = function(p1) {}; a.b.c = function(d, e, f) {};a.b.prototype.c = function(g, h, i) {};goog.exportSymbol('hello', a);goog.exportProperty(a.b, 'c', a.b.c);goog.exportProperty(a.b.prototype, 'c', a.b.prototype.c);
                                                                                                                                                                                            ^

Oct 29, 2020 9:48:22 AM com.google.javascript.jscomp.LoggerErrorManager println
WARNING: testcode:1: WARNING - Unable to determine type of parameter a.b.prototype.c for exported function h
var goog = {};goog.exportSymbol = function(a, b) {}; goog.exportProperty = function(a, b, c) {}; var a = {}; a.b = function(p1) {}; a.b.c = function(d, e, f) {};a.b.prototype.c = function(g, h, i) {};goog.exportSymbol('hello', a);goog.exportProperty(a.b, 'c', a.b.c);goog.exportProperty(a.b.prototype, 'c', a.b.prototype.c);
                                                                                                                                                                                               ^

Oct 29, 2020 9:48:22 AM com.google.javascript.jscomp.LoggerErrorManager println
WARNING: testcode:1: WARNING - Unable to determine type of parameter a.b.prototype.c for exported function i
var goog = {};goog.exportSymbol = function(a, b) {}; goog.exportProperty = function(a, b, c) {}; var a = {}; a.b = function(p1) {}; a.b.c = function(d, e, f) {};a.b.prototype.c = function(g, h, i) {};goog.exportSymbol('hello', a);goog.exportProperty(a.b, 'c', a.b.c);goog.exportProperty(a.b.prototype, 'c', a.b.prototype.c);
                                                                                                                                                                                                  ^

Oct 29, 2020 9:48:22 AM com.google.javascript.jscomp.LoggerErrorManager printSummary
WARNING: 0 error(s), 6 warning(s), 100% typed
Oct 29, 2020 9:48:27 AM com.google.javascript.jscomp.LoggerErrorManager println
WARNING: testcode:1: WARNING - Unable to determine type of parameter a.b for exported function p1
var goog = {};goog.exportSymbol = function(a, b) {}; goog.exportProperty = function(a, b, c) {}; var a = {}; a.b = function(p1) {}; a.b.c = function(d, e, f) {};a.b.prototype.c = function(g, h, i) {};goog.exportSymbol('prefix', a.b);goog.exportProperty(a.b, 'c', a.b.c);
                                                                                                                            ^

Oct 29, 2020 9:48:27 AM com.google.javascript.jscomp.LoggerErrorManager println
WARNING: testcode:1: WARNING - Unable to determine type of parameter a.b.c for exported function d
var goog = {};goog.exportSymbol = function(a, b) {}; goog.exportProperty = function(a, b, c) {}; var a = {}; a.b = function(p1) {}; a.b.c = function(d, e, f) {};a.b.prototype.c = function(g, h, i) {};goog.exportSymbol('prefix', a.b);goog.exportProperty(a.b, 'c', a.b.c);
                                                                                                                                                     ^

Oct 29, 2020 9:48:27 AM com.google.javascript.jscomp.LoggerErrorManager println
WARNING: testcode:1: WARNING - Unable to determine type of parameter a.b.c for exported function e
var goog = {};goog.exportSymbol = function(a, b) {}; goog.exportProperty = function(a, b, c) {}; var a = {}; a.b = function(p1) {}; a.b.c = function(d, e, f) {};a.b.prototype.c = function(g, h, i) {};goog.exportSymbol('prefix', a.b);goog.exportProperty(a.b, 'c', a.b.c);
                                                                                                                                                        ^

Oct 29, 2020 9:48:27 AM com.google.javascript.jscomp.LoggerErrorManager println
WARNING: testcode:1: WARNING - Unable to determine type of parameter a.b.c for exported function f
var goog = {};goog.exportSymbol = function(a, b) {}; goog.exportProperty = function(a, b, c) {}; var a = {}; a.b = function(p1) {}; a.b.c = function(d, e, f) {};a.b.prototype.c = function(g, h, i) {};goog.exportSymbol('prefix', a.b);goog.exportProperty(a.b, 'c', a.b.c);
                                                                                                                                                           ^

Oct 29, 2020 9:48:27 AM com.google.javascript.jscomp.LoggerErrorManager printSummary
WARNING: 0 error(s), 4 warning(s), 100% typed
Oct 29, 2020 9:49:12 AM com.google.javascript.jscomp.LoggerErrorManager println
WARNING: testcode:1: WARNING - Unable to determine return type for exported function InternalName
var goog = {};goog.exportSymbol = function(a, b) {}; goog.exportProperty = function(a, b, c) {}; var InternalName = function() {  return 6;};goog.exportSymbol('ExternalName', InternalName)
                                                                                                                    ^

Oct 29, 2020 9:49:12 AM com.google.javascript.jscomp.LoggerErrorManager printSummary
WARNING: 0 error(s), 1 warning(s), 100% typed
Oct 29, 2020 9:49:22 AM com.google.javascript.jscomp.LoggerErrorManager println
WARNING: testcode:4: WARNING - Unable to determine type of parameter InternalName for exported function b
 var InternalName = function(a,b,c) {  return 6;};goog.exportSymbol('ExternalName', InternalName)
                               ^

Oct 29, 2020 9:49:22 AM com.google.javascript.jscomp.LoggerErrorManager println
WARNING: testcode:4: WARNING - Unable to determine type of parameter InternalName for exported function c
 var InternalName = function(a,b,c) {  return 6;};goog.exportSymbol('ExternalName', InternalName)
                                 ^

Oct 29, 2020 9:49:22 AM com.google.javascript.jscomp.LoggerErrorManager printSummary
WARNING: 0 error(s), 2 warning(s), 100% typed
Oct 29, 2020 9:49:31 AM com.google.javascript.jscomp.LoggerErrorManager println
WARNING: testcode:1: WARNING - Unable to determine type of parameter a.b.c for exported function d
var goog = {};goog.exportSymbol = function(a, b) {}; goog.exportProperty = function(a, b, c) {}; var a = {}; a.b = {}; a.b.c = function(d, e, f) {};goog.exportSymbol('foobar', a.b.c)
                                                                                                                                        ^

Oct 29, 2020 9:49:31 AM com.google.javascript.jscomp.LoggerErrorManager println
WARNING: testcode:1: WARNING - Unable to determine type of parameter a.b.c for exported function e
var goog = {};goog.exportSymbol = function(a, b) {}; goog.exportProperty = function(a, b, c) {}; var a = {}; a.b = {}; a.b.c = function(d, e, f) {};goog.exportSymbol('foobar', a.b.c)
                                                                                                                                           ^

Oct 29, 2020 9:49:31 AM com.google.javascript.jscomp.LoggerErrorManager println
WARNING: testcode:1: WARNING - Unable to determine type of parameter a.b.c for exported function f
var goog = {};goog.exportSymbol = function(a, b) {}; goog.exportProperty = function(a, b, c) {}; var a = {}; a.b = {}; a.b.c = function(d, e, f) {};goog.exportSymbol('foobar', a.b.c)
                                                                                                                                              ^

Oct 29, 2020 9:49:31 AM com.google.javascript.jscomp.LoggerErrorManager printSummary
WARNING: 0 error(s), 3 warning(s), 100% typed
Oct 29, 2020 9:49:36 AM com.google.javascript.jscomp.LoggerErrorManager println
WARNING: testcode:5: WARNING - Unable to determine return type for exported function internalName
internalName = function(a) {  return 6;
               ^

Oct 29, 2020 9:49:36 AM com.google.javascript.jscomp.LoggerErrorManager printSummary
WARNING: 0 error(s), 1 warning(s), 100% typed
Oct 29, 2020 9:49:46 AM com.google.javascript.jscomp.LoggerErrorManager println
WARNING: testcode:2: WARNING - assignment to property A of enum{E}
found   : number
required: string
 @export */ var E = {A:1, B:2};goog.exportSymbol('E', E);
                     ^

Oct 29, 2020 9:49:46 AM com.google.javascript.jscomp.LoggerErrorManager println
WARNING: testcode:2: WARNING - assignment to property B of enum{E}
found   : number
required: string
 @export */ var E = {A:1, B:2};goog.exportSymbol('E', E);
                          ^

Oct 29, 2020 9:49:46 AM com.google.javascript.jscomp.LoggerErrorManager printSummary
WARNING: 0 error(s), 2 warning(s), 100% typed
13:25:12.762 [main] INFO  JaguarDF - Test testNoStringJoin(com.google.javascript.jscomp.PeepholeReplaceKnownMethodsTest) : Failed
13:25:33.407 [main] INFO  JaguarDF - Test testStringJoinAdd(com.google.javascript.jscomp.PeepholeReplaceKnownMethodsTest) : Failed
Oct 29, 2020 2:49:49 PM com.google.javascript.jscomp.LoggerErrorManager println
WARNING: in1:1: WARNING - Suspicious code. The result of the 'getprop' operator is not being used.
/** @constructor */ function Foo() {} this.Foo;
                                      ^

Oct 29, 2020 2:49:49 PM com.google.javascript.jscomp.LoggerErrorManager println
WARNING: in1:1: WARNING - dangerous use of the global this object
/** @constructor */ function Foo() {} this.Foo;
                                      ^

Oct 29, 2020 2:49:49 PM com.google.javascript.jscomp.LoggerErrorManager printSummary
WARNING: 0 error(s), 2 warning(s), 75% typed
Oct 29, 2020 2:51:05 PM com.google.javascript.jscomp.LoggerErrorManager println
WARNING: in1:1: WARNING - Suspicious code. The result of the 'add' operator is not being used.
/** @constructor */ var DomHelper = function(){};/** method */ DomHelper.method = function() {};function f() { var x = DomHelper; x.method() + x.method(); }
                                                                                                                                  ^

Oct 29, 2020 2:51:05 PM com.google.javascript.jscomp.LoggerErrorManager printSummary
WARNING: 0 error(s), 1 warning(s), 100% typed
Oct 29, 2020 2:51:28 PM com.google.javascript.jscomp.LoggerErrorManager println
SEVERE: in1:1: ERROR - variable x is undeclared
/** @constructor */ var DomHelper = function(){};DomHelper.prototype.method = function() {   this.field = 3;  return x.field;}
                                                                                                                     ^

Oct 29, 2020 2:51:28 PM com.google.javascript.jscomp.LoggerErrorManager printSummary
WARNING: 1 error(s), 0 warning(s), 83.3% typed
LOG:unknown:///unknown:1+23: Semicolon inserted
LOG:unknown:///unknown:1+23: Semicolon inserted
LOG:unknown:///unknown:1+40: Semicolon inserted
LOG:unknown:///unknown:1+40: Semicolon inserted
LOG:unknown:///unknown:1+39: Semicolon inserted
LOG:unknown:///unknown:1+66: Semicolon inserted
LOG:unknown:///unknown:1+39: Semicolon inserted
LOG:unknown:///unknown:1+66: Semicolon inserted
LOG:unknown:///unknown:1+102: Semicolon inserted
LOG:unknown:///unknown:1+103: Semicolon inserted
LOG:unknown:///unknown:1+102: Semicolon inserted
LOG:unknown:///unknown:1+103: Semicolon inserted
LOG:unknown:///unknown:1+19: Semicolon inserted
LOG:unknown:///unknown:1+19: Semicolon inserted
LOG:unknown:///unknown:1+37: Semicolon inserted
LOG:unknown:///unknown:1+37: Semicolon inserted
LOG:unknown:///unknown:1+35: Semicolon inserted
LOG:unknown:///unknown:1+62: Semicolon inserted
LOG:unknown:///unknown:1+35: Semicolon inserted
LOG:unknown:///unknown:1+62: Semicolon inserted
LOG:unknown:///unknown:1+98: Semicolon inserted
LOG:unknown:///unknown:1+99: Semicolon inserted
LOG:unknown:///unknown:1+98: Semicolon inserted
LOG:unknown:///unknown:1+99: Semicolon inserted
LOG:unknown:///unknown:1+68: Semicolon inserted
LOG:unknown:///unknown:1+72: Semicolon inserted
LOG:unknown:///unknown:1+68: Semicolon inserted
LOG:unknown:///unknown:1+72: Semicolon inserted
LOG:unknown:///unknown:1+30: Semicolon inserted
LOG:unknown:///unknown:1+30: Semicolon inserted
LOG:unknown:///unknown:1+109: Semicolon inserted
LOG:unknown:///unknown:1+110: Semicolon inserted
LOG:unknown:///unknown:1+109: Semicolon inserted
LOG:unknown:///unknown:1+110: Semicolon inserted
LOG:unknown:///unknown:1+19: Semicolon inserted
LOG:unknown:///unknown:1+19: Semicolon inserted
LOG:unknown:///unknown:1+43: Semicolon inserted
LOG:unknown:///unknown:1+43: Semicolon inserted
LOG:unknown:///unknown:1+48: Semicolon inserted
LOG:unknown:///unknown:1+48: Semicolon inserted
LOG:unknown:///unknown:1+44: Semicolon inserted
LOG:unknown:///unknown:1+71: Semicolon inserted
LOG:unknown:///unknown:1+44: Semicolon inserted
LOG:unknown:///unknown:1+71: Semicolon inserted
LOG:unknown:///unknown:1+104: Semicolon inserted
LOG:unknown:///unknown:1+105: Semicolon inserted
LOG:unknown:///unknown:1+104: Semicolon inserted
LOG:unknown:///unknown:1+105: Semicolon inserted
LOG:unknown:///unknown:1+18: Semicolon inserted
LOG:unknown:///unknown:1+18: Semicolon inserted
LOG:unknown:///unknown:1+97: Semicolon inserted
LOG:unknown:///unknown:1+98: Semicolon inserted
LOG:unknown:///unknown:1+97: Semicolon inserted
LOG:unknown:///unknown:1+98: Semicolon inserted
LOG:unknown:///unknown:1+16: Semicolon inserted
LOG:unknown:///unknown:1+16: Semicolon inserted
LOG:unknown:///unknown:1+20: Semicolon inserted
LOG:unknown:///unknown:1+20: Semicolon inserted
LOG:unknown:///unknown:1+34: Semicolon inserted
LOG:unknown:///unknown:1+34: Semicolon inserted
LOG:unknown:///unknown:1+34: Semicolon inserted
LOG:unknown:///unknown:1+34: Semicolon inserted
LOG:unknown:///unknown:1+42: Semicolon inserted
LOG:unknown:///unknown:1+42: Semicolon inserted
LOG:unknown:///unknown:1+28: Semicolon inserted
LOG:unknown:///unknown:1+28: Semicolon inserted
LOG:unknown:///unknown:1+42: Semicolon inserted
LOG:unknown:///unknown:1+42: Semicolon inserted
LOG:unknown:///unknown:1+62: Semicolon inserted
LOG:unknown:///unknown:1+63: Semicolon inserted
LOG:unknown:///unknown:1+62: Semicolon inserted
LOG:unknown:///unknown:1+63: Semicolon inserted
LOG:unknown:///unknown:1+15: Semicolon inserted
LOG:unknown:///unknown:1+15: Semicolon inserted
LOG:unknown:///unknown:1+34: Semicolon inserted
LOG:unknown:///unknown:1+34: Semicolon inserted
LOG:unknown:///unknown:1+107: Semicolon inserted
LOG:unknown:///unknown:1+108: Semicolon inserted
LOG:unknown:///unknown:1+117: Semicolon inserted
LOG:unknown:///unknown:1+107: Semicolon inserted
LOG:unknown:///unknown:1+108: Semicolon inserted
LOG:unknown:///unknown:1+117: Semicolon inserted
LOG:unknown:///unknown:1+19: Semicolon inserted
LOG:unknown:///unknown:1+19: Semicolon inserted
WARNING:unknown:///unknown:1+2 - 3: Will not work in IE
java.lang.Exception
	at com.google.caja.reporting.EchoingMessageQueue$1.add(EchoingMessageQueue.java:52)
	at com.google.caja.reporting.EchoingMessageQueue$1.add(EchoingMessageQueue.java:40)
	at java.util.AbstractList.add(AbstractList.java:108)
	at com.google.caja.reporting.AbstractMessageQueue.addMessage(AbstractMessageQueue.java:25)
	at com.google.caja.parser.js.Parser.parseExpressionAtom(Parser.java:1138)
	at com.google.caja.parser.js.Parser.parseOp(Parser.java:792)
	at com.google.caja.parser.js.Parser.parseExpressionInt(Parser.java:727)
	at com.google.caja.parser.js.Parser.parseExpressionStmt(Parser.java:1281)
	at com.google.caja.parser.js.Parser.parseStatementWithoutLabel(Parser.java:706)
	at com.google.caja.parser.js.Parser.parseStatement(Parser.java:306)
	at com.google.caja.parser.js.Parser.parseTerminatedStatement(Parser.java:1312)
	at com.google.caja.parser.js.Parser.parseProgramOrFunctionBody(Parser.java:325)
	at com.google.caja.parser.js.Parser.parseProgram(Parser.java:314)
	at com.google.caja.parser.js.Parser.parse(Parser.java:272)
	at com.google.caja.parser.js.JsonMLParser.parse(JsonMLParser.java:42)
	at com.google.caja.parser.js.JsonMLParser.parse(JsonMLParser.java:31)
	at com.google.caja.parser.js.JsonMLParser.parse(JsonMLParser.java:26)
	at com.google.caja.parser.js.JsonMLParser.parse(JsonMLParser.java:22)
	at com.google.javascript.jscomp.jsonml.JsonMLConversionTest.testConversion(JsonMLConversionTest.java:79)
	at com.google.javascript.jscomp.jsonml.JsonMLConversionTest.testArray(JsonMLConversionTest.java:91)
	at sun.reflect.NativeMethodAccessorImpl.invoke0(Native Method)
	at sun.reflect.NativeMethodAccessorImpl.invoke(NativeMethodAccessorImpl.java:62)
	at sun.reflect.DelegatingMethodAccessorImpl.invoke(DelegatingMethodAccessorImpl.java:43)
	at java.lang.reflect.Method.invoke(Method.java:498)
	at junit.framework.TestCase.runTest(TestCase.java:168)
	at junit.framework.TestCase.runBare(TestCase.java:134)
	at junit.framework.TestResult$1.protect(TestResult.java:110)
	at junit.framework.TestResult.runProtected(TestResult.java:128)
	at junit.framework.TestResult.run(TestResult.java:113)
	at junit.framework.TestCase.run(TestCase.java:124)
	at junit.framework.TestSuite.runTest(TestSuite.java:243)
	at junit.framework.TestSuite.run(TestSuite.java:238)
	at org.junit.internal.runners.JUnit38ClassRunner.run(JUnit38ClassRunner.java:83)
	at org.junit.runners.Suite.runChild(Suite.java:128)
	at org.junit.runners.Suite.runChild(Suite.java:24)
	at org.junit.runners.ParentRunner$3.run(ParentRunner.java:193)
	at org.junit.runners.ParentRunner$1.schedule(ParentRunner.java:52)
	at org.junit.runners.ParentRunner.runChildren(ParentRunner.java:191)
	at org.junit.runners.ParentRunner.access$000(ParentRunner.java:42)
	at org.junit.runners.ParentRunner$2.evaluate(ParentRunner.java:184)
	at org.junit.runners.ParentRunner.run(ParentRunner.java:236)
	at org.junit.runner.JUnitCore.run(JUnitCore.java:157)
	at org.junit.runner.JUnitCore.run(JUnitCore.java:136)
	at org.junit.runner.JUnitCore.run(JUnitCore.java:117)
	at br.usp.each.saeg.jaguardf.cli.JaguarRunner.run(JaguarRunner.java:64)
	at br.usp.each.saeg.jaguardf.cli.JaguarRunner.main(JaguarRunner.java:96)
WARNING:unknown:///unknown:1+2 - 3: Will not work in IE
java.lang.Exception
	at com.google.caja.reporting.EchoingMessageQueue$1.add(EchoingMessageQueue.java:52)
	at com.google.caja.reporting.EchoingMessageQueue$1.add(EchoingMessageQueue.java:40)
	at java.util.AbstractList.add(AbstractList.java:108)
	at com.google.caja.reporting.AbstractMessageQueue.addMessage(AbstractMessageQueue.java:25)
	at com.google.caja.parser.js.Parser.parseExpressionAtom(Parser.java:1138)
	at com.google.caja.parser.js.Parser.parseOp(Parser.java:792)
	at com.google.caja.parser.js.Parser.parseExpressionInt(Parser.java:727)
	at com.google.caja.parser.js.Parser.parseExpressionStmt(Parser.java:1281)
	at com.google.caja.parser.js.Parser.parseStatementWithoutLabel(Parser.java:706)
	at com.google.caja.parser.js.Parser.parseStatement(Parser.java:306)
	at com.google.caja.parser.js.Parser.parseTerminatedStatement(Parser.java:1312)
	at com.google.caja.parser.js.Parser.parseProgramOrFunctionBody(Parser.java:325)
	at com.google.caja.parser.js.Parser.parseProgram(Parser.java:314)
	at com.google.caja.parser.js.Parser.parse(Parser.java:272)
	at com.google.caja.parser.js.JsonMLParser.parse(JsonMLParser.java:42)
	at com.google.caja.parser.js.JsonMLParser.parse(JsonMLParser.java:31)
	at com.google.caja.parser.js.JsonMLParser.parse(JsonMLParser.java:26)
	at com.google.caja.parser.js.JsonMLParser.parse(JsonMLParser.java:22)
	at com.google.javascript.jscomp.jsonml.JsonMLConversionTest.testConversion(JsonMLConversionTest.java:86)
	at com.google.javascript.jscomp.jsonml.JsonMLConversionTest.testArray(JsonMLConversionTest.java:91)
	at sun.reflect.NativeMethodAccessorImpl.invoke0(Native Method)
	at sun.reflect.NativeMethodAccessorImpl.invoke(NativeMethodAccessorImpl.java:62)
	at sun.reflect.DelegatingMethodAccessorImpl.invoke(DelegatingMethodAccessorImpl.java:43)
	at java.lang.reflect.Method.invoke(Method.java:498)
	at junit.framework.TestCase.runTest(TestCase.java:168)
	at junit.framework.TestCase.runBare(TestCase.java:134)
	at junit.framework.TestResult$1.protect(TestResult.java:110)
	at junit.framework.TestResult.runProtected(TestResult.java:128)
	at junit.framework.TestResult.run(TestResult.java:113)
	at junit.framework.TestCase.run(TestCase.java:124)
	at junit.framework.TestSuite.runTest(TestSuite.java:243)
	at junit.framework.TestSuite.run(TestSuite.java:238)
	at org.junit.internal.runners.JUnit38ClassRunner.run(JUnit38ClassRunner.java:83)
	at org.junit.runners.Suite.runChild(Suite.java:128)
	at org.junit.runners.Suite.runChild(Suite.java:24)
	at org.junit.runners.ParentRunner$3.run(ParentRunner.java:193)
	at org.junit.runners.ParentRunner$1.schedule(ParentRunner.java:52)
	at org.junit.runners.ParentRunner.runChildren(ParentRunner.java:191)
	at org.junit.runners.ParentRunner.access$000(ParentRunner.java:42)
	at org.junit.runners.ParentRunner$2.evaluate(ParentRunner.java:184)
	at org.junit.runners.ParentRunner.run(ParentRunner.java:236)
	at org.junit.runner.JUnitCore.run(JUnitCore.java:157)
	at org.junit.runner.JUnitCore.run(JUnitCore.java:136)
	at org.junit.runner.JUnitCore.run(JUnitCore.java:117)
	at br.usp.each.saeg.jaguardf.cli.JaguarRunner.run(JaguarRunner.java:64)
	at br.usp.each.saeg.jaguardf.cli.JaguarRunner.main(JaguarRunner.java:96)
WARNING:unknown:///unknown:1+2 - 3: Will not work in IE
java.lang.Exception
	at com.google.caja.reporting.EchoingMessageQueue$1.add(EchoingMessageQueue.java:52)
	at com.google.caja.reporting.EchoingMessageQueue$1.add(EchoingMessageQueue.java:40)
	at java.util.AbstractList.add(AbstractList.java:108)
	at com.google.caja.reporting.AbstractMessageQueue.addMessage(AbstractMessageQueue.java:25)
	at com.google.caja.parser.js.Parser.parseExpressionAtom(Parser.java:1138)
	at com.google.caja.parser.js.Parser.parseOp(Parser.java:792)
	at com.google.caja.parser.js.Parser.parseExpressionInt(Parser.java:727)
	at com.google.caja.parser.js.Parser.parseExpressionStmt(Parser.java:1281)
	at com.google.caja.parser.js.Parser.parseStatementWithoutLabel(Parser.java:706)
	at com.google.caja.parser.js.Parser.parseStatement(Parser.java:306)
	at com.google.caja.parser.js.Parser.parseTerminatedStatement(Parser.java:1312)
	at com.google.caja.parser.js.Parser.parseProgramOrFunctionBody(Parser.java:325)
	at com.google.caja.parser.js.Parser.parseProgram(Parser.java:314)
	at com.google.caja.parser.js.Parser.parse(Parser.java:272)
	at com.google.caja.parser.js.JsonMLParser.parse(JsonMLParser.java:42)
	at com.google.caja.parser.js.JsonMLParser.parse(JsonMLParser.java:31)
	at com.google.caja.parser.js.JsonMLParser.parse(JsonMLParser.java:26)
	at com.google.caja.parser.js.JsonMLParser.parse(JsonMLParser.java:22)
	at com.google.javascript.jscomp.jsonml.JsonMLConversionTest.testConversion(JsonMLConversionTest.java:79)
	at com.google.javascript.jscomp.jsonml.JsonMLConversionTest.testArray1(JsonMLConversionTest.java:102)
	at sun.reflect.NativeMethodAccessorImpl.invoke0(Native Method)
	at sun.reflect.NativeMethodAccessorImpl.invoke(NativeMethodAccessorImpl.java:62)
	at sun.reflect.DelegatingMethodAccessorImpl.invoke(DelegatingMethodAccessorImpl.java:43)
	at java.lang.reflect.Method.invoke(Method.java:498)
	at junit.framework.TestCase.runTest(TestCase.java:168)
	at junit.framework.TestCase.runBare(TestCase.java:134)
	at junit.framework.TestResult$1.protect(TestResult.java:110)
	at junit.framework.TestResult.runProtected(TestResult.java:128)
	at junit.framework.TestResult.run(TestResult.java:113)
	at junit.framework.TestCase.run(TestCase.java:124)
	at junit.framework.TestSuite.runTest(TestSuite.java:243)
	at junit.framework.TestSuite.run(TestSuite.java:238)
	at org.junit.internal.runners.JUnit38ClassRunner.run(JUnit38ClassRunner.java:83)
	at org.junit.runners.Suite.runChild(Suite.java:128)
	at org.junit.runners.Suite.runChild(Suite.java:24)
	at org.junit.runners.ParentRunner$3.run(ParentRunner.java:193)
	at org.junit.runners.ParentRunner$1.schedule(ParentRunner.java:52)
	at org.junit.runners.ParentRunner.runChildren(ParentRunner.java:191)
	at org.junit.runners.ParentRunner.access$000(ParentRunner.java:42)
	at org.junit.runners.ParentRunner$2.evaluate(ParentRunner.java:184)
	at org.junit.runners.ParentRunner.run(ParentRunner.java:236)
	at org.junit.runner.JUnitCore.run(JUnitCore.java:157)
	at org.junit.runner.JUnitCore.run(JUnitCore.java:136)
	at org.junit.runner.JUnitCore.run(JUnitCore.java:117)
	at br.usp.each.saeg.jaguardf.cli.JaguarRunner.run(JaguarRunner.java:64)
	at br.usp.each.saeg.jaguardf.cli.JaguarRunner.main(JaguarRunner.java:96)
WARNING:unknown:///unknown:1+2 - 3: Will not work in IE
java.lang.Exception
	at com.google.caja.reporting.EchoingMessageQueue$1.add(EchoingMessageQueue.java:52)
	at com.google.caja.reporting.EchoingMessageQueue$1.add(EchoingMessageQueue.java:40)
	at java.util.AbstractList.add(AbstractList.java:108)
	at com.google.caja.reporting.AbstractMessageQueue.addMessage(AbstractMessageQueue.java:25)
	at com.google.caja.parser.js.Parser.parseExpressionAtom(Parser.java:1138)
	at com.google.caja.parser.js.Parser.parseOp(Parser.java:792)
	at com.google.caja.parser.js.Parser.parseExpressionInt(Parser.java:727)
	at com.google.caja.parser.js.Parser.parseExpressionStmt(Parser.java:1281)
	at com.google.caja.parser.js.Parser.parseStatementWithoutLabel(Parser.java:706)
	at com.google.caja.parser.js.Parser.parseStatement(Parser.java:306)
	at com.google.caja.parser.js.Parser.parseTerminatedStatement(Parser.java:1312)
	at com.google.caja.parser.js.Parser.parseProgramOrFunctionBody(Parser.java:325)
	at com.google.caja.parser.js.Parser.parseProgram(Parser.java:314)
	at com.google.caja.parser.js.Parser.parse(Parser.java:272)
	at com.google.caja.parser.js.JsonMLParser.parse(JsonMLParser.java:42)
	at com.google.caja.parser.js.JsonMLParser.parse(JsonMLParser.java:31)
	at com.google.caja.parser.js.JsonMLParser.parse(JsonMLParser.java:26)
	at com.google.caja.parser.js.JsonMLParser.parse(JsonMLParser.java:22)
	at com.google.javascript.jscomp.jsonml.JsonMLConversionTest.testConversion(JsonMLConversionTest.java:86)
	at com.google.javascript.jscomp.jsonml.JsonMLConversionTest.testArray1(JsonMLConversionTest.java:102)
	at sun.reflect.NativeMethodAccessorImpl.invoke0(Native Method)
	at sun.reflect.NativeMethodAccessorImpl.invoke(NativeMethodAccessorImpl.java:62)
	at sun.reflect.DelegatingMethodAccessorImpl.invoke(DelegatingMethodAccessorImpl.java:43)
	at java.lang.reflect.Method.invoke(Method.java:498)
	at junit.framework.TestCase.runTest(TestCase.java:168)
	at junit.framework.TestCase.runBare(TestCase.java:134)
	at junit.framework.TestResult$1.protect(TestResult.java:110)
	at junit.framework.TestResult.runProtected(TestResult.java:128)
	at junit.framework.TestResult.run(TestResult.java:113)
	at junit.framework.TestCase.run(TestCase.java:124)
	at junit.framework.TestSuite.runTest(TestSuite.java:243)
	at junit.framework.TestSuite.run(TestSuite.java:238)
	at org.junit.internal.runners.JUnit38ClassRunner.run(JUnit38ClassRunner.java:83)
	at org.junit.runners.Suite.runChild(Suite.java:128)
	at org.junit.runners.Suite.runChild(Suite.java:24)
	at org.junit.runners.ParentRunner$3.run(ParentRunner.java:193)
	at org.junit.runners.ParentRunner$1.schedule(ParentRunner.java:52)
	at org.junit.runners.ParentRunner.runChildren(ParentRunner.java:191)
	at org.junit.runners.ParentRunner.access$000(ParentRunner.java:42)
	at org.junit.runners.ParentRunner$2.evaluate(ParentRunner.java:184)
	at org.junit.runners.ParentRunner.run(ParentRunner.java:236)
	at org.junit.runner.JUnitCore.run(JUnitCore.java:157)
	at org.junit.runner.JUnitCore.run(JUnitCore.java:136)
	at org.junit.runner.JUnitCore.run(JUnitCore.java:117)
	at br.usp.each.saeg.jaguardf.cli.JaguarRunner.run(JaguarRunner.java:64)
	at br.usp.each.saeg.jaguardf.cli.JaguarRunner.main(JaguarRunner.java:96)
LOG:unknown:///unknown:1+39: Semicolon inserted
LOG:unknown:///unknown:1+39: Semicolon inserted
LOG:unknown:///unknown:1+35: Semicolon inserted
LOG:unknown:///unknown:1+35: Semicolon inserted
LOG:unknown:///unknown:1+43: Semicolon inserted
LOG:unknown:///unknown:1+43: Semicolon inserted
LOG:unknown:///unknown:1+36: Semicolon inserted
LOG:unknown:///unknown:1+36: Semicolon inserted
LOG:unknown:///unknown:1+13: Semicolon inserted
LOG:unknown:///unknown:1+13: Semicolon inserted
LOG:unknown:///unknown:1+29: Semicolon inserted
LOG:unknown:///unknown:1+29: Semicolon inserted
LOG:unknown:///unknown:1+43: Semicolon inserted
LOG:unknown:///unknown:1+43: Semicolon inserted
LOG:unknown:///unknown:1+87: Semicolon inserted
LOG:unknown:///unknown:1+88: Semicolon inserted
LOG:unknown:///unknown:1+87: Semicolon inserted
LOG:unknown:///unknown:1+88: Semicolon inserted
LOG:unknown:///unknown:1+17: Semicolon inserted
LOG:unknown:///unknown:1+17: Semicolon inserted
LOG:unknown:///unknown:1+17: Semicolon inserted
LOG:unknown:///unknown:1+30: Semicolon inserted
LOG:unknown:///unknown:1+17: Semicolon inserted
LOG:unknown:///unknown:1+30: Semicolon inserted
LOG:unknown:///unknown:1+22: Semicolon inserted
LOG:unknown:///unknown:1+35: Semicolon inserted
LOG:unknown:///unknown:1+22: Semicolon inserted
LOG:unknown:///unknown:1+35: Semicolon inserted
LOG:unknown:///unknown:1+26: Semicolon inserted
LOG:unknown:///unknown:1+39: Semicolon inserted
LOG:unknown:///unknown:1+26: Semicolon inserted
LOG:unknown:///unknown:1+39: Semicolon inserted
LOG:unknown:///unknown:1+17: Semicolon inserted
LOG:unknown:///unknown:1+17: Semicolon inserted
LOG:unknown:///unknown:1+41: Semicolon inserted
LOG:unknown:///unknown:1+41: Semicolon inserted
LOG:unknown:///unknown:1+48: Semicolon inserted
LOG:unknown:///unknown:1+48: Semicolon inserted
LOG:unknown:///unknown:1+106: Semicolon inserted
LOG:unknown:///unknown:1+107: Semicolon inserted
LOG:unknown:///unknown:1+106: Semicolon inserted
LOG:unknown:///unknown:1+107: Semicolon inserted
LOG:unknown:///unknown:1+23: Semicolon inserted
LOG:unknown:///unknown:1+23: Semicolon inserted
LOG:unknown:///unknown:1+19: Semicolon inserted
LOG:unknown:///unknown:1+19: Semicolon inserted
LOG:unknown:///unknown:1+46: Semicolon inserted
LOG:unknown:///unknown:1+46: Semicolon inserted
LOG:unknown:///unknown:1+25: Semicolon inserted
LOG:unknown:///unknown:1+25: Semicolon inserted
LOG:unknown:///unknown:1+27: Semicolon inserted
LOG:unknown:///unknown:1+27: Semicolon inserted
LOG:unknown:///unknown:1+35: Semicolon inserted
LOG:unknown:///unknown:1+35: Semicolon inserted
LOG:unknown:///unknown:1+39: Semicolon inserted
LOG:unknown:///unknown:1+39: Semicolon inserted
LOG:unknown:///unknown:1+61: Semicolon inserted
LOG:unknown:///unknown:1+62: Semicolon inserted
LOG:unknown:///unknown:1+61: Semicolon inserted
LOG:unknown:///unknown:1+62: Semicolon inserted
LOG:unknown:///unknown:1+63: Semicolon inserted
LOG:unknown:///unknown:1+68: Semicolon inserted
LOG:unknown:///unknown:1+63: Semicolon inserted
LOG:unknown:///unknown:1+68: Semicolon inserted
LOG:unknown:///unknown:1+5: Semicolon inserted
LOG:unknown:///unknown:1+5: Semicolon inserted
LOG:unknown:///unknown:1+84: Semicolon inserted
LOG:unknown:///unknown:1+84: Semicolon inserted
LOG:unknown:///unknown:1+30: Semicolon inserted
LOG:unknown:///unknown:1+30: Semicolon inserted
LOG:unknown:///unknown:1+30: Semicolon inserted
LOG:unknown:///unknown:1+30: Semicolon inserted
LOG:unknown:///unknown:1+38: Semicolon inserted
LOG:unknown:///unknown:1+38: Semicolon inserted
LOG:unknown:///unknown:1+33: Semicolon inserted
LOG:unknown:///unknown:1+33: Semicolon inserted
LOG:unknown:///unknown:1+35: Semicolon inserted
LOG:unknown:///unknown:1+35: Semicolon inserted
LOG:unknown:///unknown:1+59: Semicolon inserted
LOG:unknown:///unknown:1+59: Semicolon inserted
LOG:unknown:///unknown:1+27: Semicolon inserted
LOG:unknown:///unknown:1+27: Semicolon inserted
LOG:unknown:///unknown:1+27: Semicolon inserted
LOG:unknown:///unknown:1+34: Semicolon inserted
LOG:unknown:///unknown:1+27: Semicolon inserted
LOG:unknown:///unknown:1+34: Semicolon inserted
LOG:unknown:///unknown:1+32: Semicolon inserted
LOG:unknown:///unknown:1+32: Semicolon inserted
LOG:unknown:///unknown:1+42: Semicolon inserted
LOG:unknown:///unknown:1+42: Semicolon inserted
LOG:unknown:///unknown:1+58: Semicolon inserted
LOG:unknown:///unknown:1+58: Semicolon inserted
LOG:unknown:///unknown:1+43: Semicolon inserted
LOG:unknown:///unknown:1+59: Semicolon inserted
LOG:unknown:///unknown:1+43: Semicolon inserted
LOG:unknown:///unknown:1+59: Semicolon inserted
LOG:unknown:///unknown:1+22: Semicolon inserted
LOG:unknown:///unknown:1+39: Semicolon inserted
LOG:unknown:///unknown:1+22: Semicolon inserted
LOG:unknown:///unknown:1+39: Semicolon inserted
LOG:unknown:///unknown:1+95: Semicolon inserted
LOG:unknown:///unknown:1+102: Semicolon inserted
LOG:unknown:///unknown:1+119: Semicolon inserted
LOG:unknown:///unknown:1+95: Semicolon inserted
LOG:unknown:///unknown:1+102: Semicolon inserted
LOG:unknown:///unknown:1+119: Semicolon inserted
LOG:unknown:///unknown:1+22: Semicolon inserted
LOG:unknown:///unknown:1+37: Semicolon inserted
LOG:unknown:///unknown:1+22: Semicolon inserted
LOG:unknown:///unknown:1+37: Semicolon inserted
LOG:unknown:///unknown:1+95: Semicolon inserted
LOG:unknown:///unknown:1+102: Semicolon inserted
LOG:unknown:///unknown:1+117: Semicolon inserted
LOG:unknown:///unknown:1+95: Semicolon inserted
LOG:unknown:///unknown:1+102: Semicolon inserted
LOG:unknown:///unknown:1+117: Semicolon inserted
LOG:unknown:///unknown:1+22: Semicolon inserted
LOG:unknown:///unknown:1+22: Semicolon inserted
LOG:unknown:///unknown:1+95: Semicolon inserted
LOG:unknown:///unknown:1+102: Semicolon inserted
LOG:unknown:///unknown:1+119: Semicolon inserted
LOG:unknown:///unknown:1+134: Semicolon inserted
LOG:unknown:///unknown:1+95: Semicolon inserted
LOG:unknown:///unknown:1+102: Semicolon inserted
LOG:unknown:///unknown:1+119: Semicolon inserted
LOG:unknown:///unknown:1+134: Semicolon inserted
Oct 29, 2020 5:16:04 PM com.google.javascript.jscomp.LoggerErrorManager println
SEVERE: ERROR - Syntax error: Wrong type of child number 1 for VarDecl. Expected: [InitPatt, IdPatt]. Found: IdExpr.

Oct 29, 2020 5:16:04 PM com.google.javascript.jscomp.LoggerErrorManager printSummary
WARNING: 1 error(s), 0 warning(s)
Oct 29, 2020 6:15:46 PM com.google.javascript.jscomp.parsing.ParserRunner parse
INFO: Error parsing input: JSCompiler test code: Compilation produced 1 syntax errors.
Oct 29, 2020 6:16:24 PM com.google.javascript.jscomp.parsing.ParserRunner parse
INFO: Error parsing input: JSCompiler test code: Compilation produced 1 syntax errors.
Oct 29, 2020 6:16:43 PM com.google.javascript.jscomp.parsing.ParserRunner parse
INFO: Error parsing input: JSCompiler test code: Compilation produced 2 syntax errors.
Oct 29, 2020 6:16:49 PM com.google.javascript.jscomp.parsing.ParserRunner parse
INFO: Error parsing input: JSCompiler test code: Compilation produced 1 syntax errors.
Oct 29, 2020 6:16:55 PM com.google.javascript.jscomp.parsing.ParserRunner parse
INFO: Error parsing input: JSCompiler test code: Compilation produced 1 syntax errors.
Oct 29, 2020 6:17:02 PM com.google.javascript.jscomp.parsing.ParserRunner parse
INFO: Error parsing input: JSCompiler test code: Compilation produced 1 syntax errors.
Oct 29, 2020 6:17:14 PM com.google.javascript.jscomp.parsing.ParserRunner parse
INFO: Error parsing input: JSCompiler test code: Compilation produced 1 syntax errors.
Oct 29, 2020 6:17:20 PM com.google.javascript.jscomp.parsing.ParserRunner parse
INFO: Error parsing input: JSCompiler test code: Compilation produced 2 syntax errors.
Oct 29, 2020 6:17:27 PM com.google.javascript.jscomp.parsing.ParserRunner parse
INFO: Error parsing input: JSCompiler test code: Compilation produced 2 syntax errors.
Oct 29, 2020 6:17:45 PM com.google.javascript.jscomp.parsing.ParserRunner parse
INFO: Error parsing input: JSCompiler test code: Compilation produced 2 syntax errors.
Oct 29, 2020 6:18:29 PM com.google.javascript.jscomp.parsing.ParserRunner parse
INFO: Error parsing input: JSCompiler test code: Compilation produced 1 syntax errors.
Oct 29, 2020 6:18:48 PM com.google.javascript.jscomp.parsing.ParserRunner parse
INFO: Error parsing input: JSCompiler test code: Compilation produced 1 syntax errors.
Oct 29, 2020 6:18:48 PM com.google.javascript.jscomp.parsing.ParserRunner parse
INFO: Error parsing input: JSCompiler test code: Compilation produced 1 syntax errors.
Oct 29, 2020 6:18:48 PM com.google.javascript.jscomp.parsing.ParserRunner parse
INFO: Error parsing input: JSCompiler test code: Compilation produced 1 syntax errors.
Oct 29, 2020 6:18:48 PM com.google.javascript.jscomp.parsing.ParserRunner parse
INFO: Error parsing input: JSCompiler test code: Compilation produced 1 syntax errors.
Oct 29, 2020 6:18:48 PM com.google.javascript.jscomp.parsing.ParserRunner parse
INFO: Error parsing input: JSCompiler test code: Compilation produced 1 syntax errors.
Oct 29, 2020 6:18:54 PM com.google.javascript.jscomp.parsing.ParserRunner parse
INFO: Error parsing input: JSCompiler test code: Compilation produced 1 syntax errors.
Oct 29, 2020 6:18:54 PM com.google.javascript.jscomp.parsing.ParserRunner parse
INFO: Error parsing input: JSCompiler test code: Compilation produced 1 syntax errors.
Oct 29, 2020 6:18:54 PM com.google.javascript.jscomp.parsing.ParserRunner parse
INFO: Error parsing input: JSCompiler test code: Compilation produced 1 syntax errors.
Oct 29, 2020 6:18:54 PM com.google.javascript.jscomp.parsing.ParserRunner parse
INFO: Error parsing input: JSCompiler test code: Compilation produced 1 syntax errors.
Oct 29, 2020 6:18:54 PM com.google.javascript.jscomp.parsing.ParserRunner parse
INFO: Error parsing input: JSCompiler test code: Compilation produced 1 syntax errors.
Oct 29, 2020 6:18:54 PM com.google.javascript.jscomp.parsing.ParserRunner parse
INFO: Error parsing input: JSCompiler test code: Compilation produced 1 syntax errors.
Oct 29, 2020 6:19:01 PM com.google.javascript.jscomp.parsing.ParserRunner parse
INFO: Error parsing input: JSCompiler test code: Compilation produced 1 syntax errors.
18:53:22.947 [main] INFO  JaguarDF - Jaguar-DF has finished!

real	630m15.269s
user	633m26.817s
sys	6m32.799s
