20:00:15.247 [main] INFO  JaguarDF - Welcome to Jaguar-DF CLI!
20:00:16.058 [main] DEBUG JaguarDF - CLI Arguments: [--projectDir, d4jprojects/closure-compiler, --classesDir, build/classes, --testsDir, build/test, --tests, tests.out, --logLevel, INFO]
Nov 04, 2020 8:00:40 PM com.google.javascript.jscomp.PhaseOptimizer$NamedPass process
INFO: checkVars
Nov 04, 2020 8:00:40 PM com.google.javascript.jscomp.PhaseOptimizer$NamedPass process
INFO: replaceMessages
Nov 04, 2020 8:00:40 PM com.google.javascript.jscomp.PhaseOptimizer$NamedPass process
INFO: processDefines
Nov 04, 2020 8:00:48 PM com.google.javascript.jscomp.PhaseOptimizer$NamedPass process
INFO: checkVars
Nov 04, 2020 8:00:48 PM com.google.javascript.jscomp.PhaseOptimizer$NamedPass process
INFO: replaceMessages
Nov 04, 2020 8:00:48 PM com.google.javascript.jscomp.PhaseOptimizer$NamedPass process
INFO: processDefines
Nov 04, 2020 8:00:51 PM com.google.javascript.jscomp.PhaseOptimizer$NamedPass process
INFO: checkVars
Nov 04, 2020 8:00:51 PM com.google.javascript.jscomp.PhaseOptimizer$NamedPass process
INFO: replaceMessages
Nov 04, 2020 8:00:51 PM com.google.javascript.jscomp.PhaseOptimizer$NamedPass process
INFO: processDefines
Nov 04, 2020 8:00:53 PM com.google.javascript.jscomp.PhaseOptimizer$NamedPass process
INFO: checkVars
Nov 04, 2020 8:00:53 PM com.google.javascript.jscomp.PhaseOptimizer$NamedPass process
INFO: replaceMessages
Nov 04, 2020 8:00:53 PM com.google.javascript.jscomp.PhaseOptimizer$NamedPass process
INFO: processDefines
Nov 04, 2020 8:00:54 PM com.google.javascript.jscomp.PhaseOptimizer$NamedPass process
INFO: checkVars
Nov 04, 2020 8:00:54 PM com.google.javascript.jscomp.PhaseOptimizer$NamedPass process
INFO: replaceMessages
Nov 04, 2020 8:00:54 PM com.google.javascript.jscomp.PhaseOptimizer$NamedPass process
INFO: processDefines
Nov 04, 2020 8:00:57 PM com.google.javascript.jscomp.PhaseOptimizer$NamedPass process
INFO: checkVars
Nov 04, 2020 8:00:57 PM com.google.javascript.jscomp.PhaseOptimizer$NamedPass process
INFO: replaceMessages
Nov 04, 2020 8:00:57 PM com.google.javascript.jscomp.PhaseOptimizer$NamedPass process
INFO: processDefines
Nov 04, 2020 8:00:58 PM com.google.javascript.jscomp.PhaseOptimizer$NamedPass process
INFO: checkVars
Nov 04, 2020 8:00:58 PM com.google.javascript.jscomp.PhaseOptimizer$NamedPass process
INFO: replaceMessages
Nov 04, 2020 8:00:58 PM com.google.javascript.jscomp.PhaseOptimizer$NamedPass process
INFO: processDefines
Nov 04, 2020 8:00:59 PM com.google.javascript.jscomp.PhaseOptimizer$NamedPass process
INFO: checkVars
Nov 04, 2020 8:00:59 PM com.google.javascript.jscomp.PhaseOptimizer$NamedPass process
INFO: replaceMessages
Nov 04, 2020 8:00:59 PM com.google.javascript.jscomp.PhaseOptimizer$NamedPass process
INFO: processDefines
Nov 04, 2020 8:01:01 PM com.google.javascript.jscomp.PhaseOptimizer$NamedPass process
INFO: checkVars
Nov 04, 2020 8:01:01 PM com.google.javascript.jscomp.PhaseOptimizer$NamedPass process
INFO: replaceMessages
Nov 04, 2020 8:01:01 PM com.google.javascript.jscomp.PhaseOptimizer$NamedPass process
INFO: processDefines
Nov 04, 2020 8:01:03 PM com.google.javascript.jscomp.PhaseOptimizer$NamedPass process
INFO: checkVars
Nov 04, 2020 8:01:03 PM com.google.javascript.jscomp.PhaseOptimizer$NamedPass process
INFO: replaceMessages
Nov 04, 2020 8:01:03 PM com.google.javascript.jscomp.PhaseOptimizer$NamedPass process
INFO: processDefines
Nov 04, 2020 8:01:03 PM com.google.javascript.jscomp.PhaseOptimizer$NamedPass process
INFO: checkVars
Nov 04, 2020 8:01:03 PM com.google.javascript.jscomp.PhaseOptimizer$NamedPass process
INFO: replaceMessages
Nov 04, 2020 8:01:03 PM com.google.javascript.jscomp.PhaseOptimizer$NamedPass process
INFO: processDefines
Nov 04, 2020 8:01:04 PM com.google.javascript.jscomp.PhaseOptimizer$NamedPass process
INFO: checkVars
Nov 04, 2020 8:01:04 PM com.google.javascript.jscomp.PhaseOptimizer$NamedPass process
INFO: replaceMessages
Nov 04, 2020 8:01:04 PM com.google.javascript.jscomp.PhaseOptimizer$NamedPass process
INFO: processDefines
Nov 04, 2020 8:01:05 PM com.google.javascript.jscomp.PhaseOptimizer$NamedPass process
INFO: checkVars
Nov 04, 2020 8:01:05 PM com.google.javascript.jscomp.PhaseOptimizer$NamedPass process
INFO: replaceMessages
Nov 04, 2020 8:01:05 PM com.google.javascript.jscomp.PhaseOptimizer$NamedPass process
INFO: processDefines
Nov 04, 2020 8:01:06 PM com.google.javascript.jscomp.PhaseOptimizer$NamedPass process
INFO: checkVars
Nov 04, 2020 8:01:06 PM com.google.javascript.jscomp.PhaseOptimizer$NamedPass process
INFO: replaceMessages
Nov 04, 2020 8:01:06 PM com.google.javascript.jscomp.PhaseOptimizer$NamedPass process
INFO: processDefines
Nov 04, 2020 8:01:08 PM com.google.javascript.jscomp.PhaseOptimizer$NamedPass process
INFO: checkVars
Nov 04, 2020 8:01:08 PM com.google.javascript.jscomp.PhaseOptimizer$NamedPass process
INFO: replaceMessages
Nov 04, 2020 8:01:08 PM com.google.javascript.jscomp.PhaseOptimizer$NamedPass process
INFO: processDefines
Nov 04, 2020 8:01:08 PM com.google.javascript.jscomp.PhaseOptimizer$NamedPass process
INFO: checkVars
Nov 04, 2020 8:01:08 PM com.google.javascript.jscomp.PhaseOptimizer$NamedPass process
INFO: replaceMessages
Nov 04, 2020 8:01:08 PM com.google.javascript.jscomp.PhaseOptimizer$NamedPass process
INFO: processDefines
Nov 04, 2020 8:01:11 PM com.google.javascript.jscomp.PhaseOptimizer$NamedPass process
INFO: checkVars
Nov 04, 2020 8:01:11 PM com.google.javascript.jscomp.PhaseOptimizer$NamedPass process
INFO: replaceMessages
Nov 04, 2020 8:01:11 PM com.google.javascript.jscomp.PhaseOptimizer$NamedPass process
INFO: processDefines
Nov 04, 2020 8:01:11 PM com.google.javascript.jscomp.PhaseOptimizer$NamedPass process
INFO: checkVars
Nov 04, 2020 8:01:11 PM com.google.javascript.jscomp.PhaseOptimizer$NamedPass process
INFO: replaceMessages
Nov 04, 2020 8:01:11 PM com.google.javascript.jscomp.PhaseOptimizer$NamedPass process
INFO: processDefines
Nov 04, 2020 8:01:13 PM com.google.javascript.jscomp.PhaseOptimizer$NamedPass process
INFO: checkVars
Nov 04, 2020 8:01:13 PM com.google.javascript.jscomp.PhaseOptimizer$NamedPass process
INFO: replaceMessages
Nov 04, 2020 8:01:13 PM com.google.javascript.jscomp.PhaseOptimizer$NamedPass process
INFO: processDefines
line: [0, 0, 0, 0, 0, 0, 0, 0, 1, 1, 1, 1, 1, 1, 1, 1, 1, 1, 2, 3, 3, 3, 3, 3, 3, 3, 3, 3, 3, 2, 4, 4, 4, 4, 4, 4, 4, 4, 4, 4, 2, 5, 6, 6, 6, 6, 7, 7, 7, 7, 7, 7, 7, 7, 8, 8, 8, 8, 8, 8, 8, 8, 8, 5]
Nov 04, 2020 8:01:15 PM com.google.javascript.jscomp.PhaseOptimizer$NamedPass process
INFO: checkVars
Nov 04, 2020 8:01:15 PM com.google.javascript.jscomp.PhaseOptimizer$NamedPass process
INFO: replaceMessages
Nov 04, 2020 8:01:15 PM com.google.javascript.jscomp.PhaseOptimizer$NamedPass process
INFO: processDefines
line: [0, 0, 0, 0, 0, 0, 0, 0, 1, 1, 1, 1, 1, 1, 1, 1, 1, 1, 2, 3, 3, 3, 3, 3, 3, 3, 3, 3, 3, 2, 4, 4, 4, 4, 4, 4, 4, 4, 4, 4, 2, 5, 6, 6, 6, 6, 7, 7, 7, 7, 7, 7, 7, 7, 8, 8, 8, 8, 8, 8, 8, 8, 8, 9, 9, 9, 9, 9, 10, 10, 10, 10, 10, 10, 10, 10, 11, 11, 11, 11, 11, 11, 11, 11, 11, 11, 5]
Nov 04, 2020 8:01:17 PM com.google.javascript.jscomp.PhaseOptimizer$NamedPass process
INFO: checkVars
Nov 04, 2020 8:01:17 PM com.google.javascript.jscomp.PhaseOptimizer$NamedPass process
INFO: replaceMessages
Nov 04, 2020 8:01:17 PM com.google.javascript.jscomp.PhaseOptimizer$NamedPass process
INFO: processDefines
line: [0, 0, 0, 0, 0, 0, 0, 0, 1, 1, 1, 1, 1, 1, 1, 1, 1, 1, 2, 2, 3, 3]
Nov 04, 2020 8:01:19 PM com.google.javascript.jscomp.PhaseOptimizer$NamedPass process
INFO: checkVars
Nov 04, 2020 8:01:19 PM com.google.javascript.jscomp.PhaseOptimizer$NamedPass process
INFO: replaceMessages
Nov 04, 2020 8:01:19 PM com.google.javascript.jscomp.PhaseOptimizer$NamedPass process
INFO: processDefines
line: [0, 0, 0, 0, 0, 0, 0, 0, 1, 1, 1, 1, 1, 1, 1, 1, 1, 1, 2, 3, 3, 3, 3, 3, 3, 3, 3, 3, 3, 2, 4, 4, 4, 4, 4, 4, 4, 4, 4, 4, 2, 5, 6, 6, 6, 6, 7, 7, 7, 7, 7, 7, 7, 7, 8, 8, 8, 8, 8, 8, 8, 8, 8, 9, 9, 9, 9, 9, 10, 10, 10, 10, 10, 10, 10, 10, 11, 11, 11, 11, 11, 11, 11, 11, 11, 11, 5, 12, 12, 12, 12, 12, 12, 12, 12, 13, 13, 13, 13, 13, 13, 13, 13, 13, 13, 13, 14, 15, 15, 15, 15, 15, 15, 15, 15, 15, 15, 14, 16, 16, 16, 16, 16, 16, 16, 16, 16, 16, 14, 17, 18, 18, 18, 18, 19, 19, 19, 19, 19, 19, 19, 19, 19, 20, 20, 20, 20, 20, 20, 20, 20, 20, 20, 21, 21, 21, 21, 21, 22, 22, 22, 22, 22, 22, 22, 22, 22, 23, 23, 23, 23, 23, 23, 23, 23, 23, 23, 17]
Nov 04, 2020 8:01:21 PM com.google.javascript.jscomp.PhaseOptimizer$NamedPass process
INFO: checkVars
Nov 04, 2020 8:01:21 PM com.google.javascript.jscomp.PhaseOptimizer$NamedPass process
INFO: replaceMessages
Nov 04, 2020 8:01:21 PM com.google.javascript.jscomp.PhaseOptimizer$NamedPass process
INFO: processDefines
Nov 04, 2020 8:01:23 PM com.google.javascript.jscomp.PhaseOptimizer$NamedPass process
INFO: checkVars
Nov 04, 2020 8:01:23 PM com.google.javascript.jscomp.PhaseOptimizer$NamedPass process
INFO: replaceMessages
Nov 04, 2020 8:01:23 PM com.google.javascript.jscomp.PhaseOptimizer$NamedPass process
INFO: processDefines
Nov 04, 2020 8:01:23 PM com.google.javascript.jscomp.PhaseOptimizer$NamedPass process
INFO: checkVars
Nov 04, 2020 8:01:23 PM com.google.javascript.jscomp.PhaseOptimizer$NamedPass process
INFO: replaceMessages
Nov 04, 2020 8:01:23 PM com.google.javascript.jscomp.PhaseOptimizer$NamedPass process
INFO: processDefines
Nov 04, 2020 8:01:26 PM com.google.javascript.jscomp.PhaseOptimizer$NamedPass process
INFO: checkVars
Nov 04, 2020 8:01:26 PM com.google.javascript.jscomp.PhaseOptimizer$NamedPass process
INFO: replaceMessages
Nov 04, 2020 8:01:26 PM com.google.javascript.jscomp.PhaseOptimizer$NamedPass process
INFO: processDefines
Nov 04, 2020 8:01:28 PM com.google.javascript.jscomp.PhaseOptimizer$NamedPass process
INFO: checkVars
Nov 04, 2020 8:01:28 PM com.google.javascript.jscomp.PhaseOptimizer$NamedPass process
INFO: replaceMessages
Nov 04, 2020 8:01:28 PM com.google.javascript.jscomp.PhaseOptimizer$NamedPass process
INFO: processDefines
Nov 04, 2020 8:01:30 PM com.google.javascript.jscomp.PhaseOptimizer$NamedPass process
INFO: checkVars
Nov 04, 2020 8:01:30 PM com.google.javascript.jscomp.PhaseOptimizer$NamedPass process
INFO: replaceMessages
Nov 04, 2020 8:01:30 PM com.google.javascript.jscomp.PhaseOptimizer$NamedPass process
INFO: processDefines
Nov 04, 2020 8:01:32 PM com.google.javascript.jscomp.PhaseOptimizer$NamedPass process
INFO: checkVars
Nov 04, 2020 8:01:32 PM com.google.javascript.jscomp.PhaseOptimizer$NamedPass process
INFO: replaceMessages
Nov 04, 2020 8:01:32 PM com.google.javascript.jscomp.PhaseOptimizer$NamedPass process
INFO: processDefines
Nov 04, 2020 8:01:32 PM com.google.javascript.jscomp.PhaseOptimizer$NamedPass process
INFO: checkVars
Nov 04, 2020 8:01:32 PM com.google.javascript.jscomp.PhaseOptimizer$NamedPass process
INFO: replaceMessages
Nov 04, 2020 8:01:32 PM com.google.javascript.jscomp.PhaseOptimizer$NamedPass process
INFO: processDefines
Nov 04, 2020 8:01:34 PM com.google.javascript.jscomp.PhaseOptimizer$NamedPass process
INFO: checkVars
Nov 04, 2020 8:01:34 PM com.google.javascript.jscomp.PhaseOptimizer$NamedPass process
INFO: replaceMessages
Nov 04, 2020 8:01:34 PM com.google.javascript.jscomp.PhaseOptimizer$NamedPass process
INFO: processDefines
Nov 04, 2020 8:01:34 PM com.google.javascript.jscomp.PhaseOptimizer$NamedPass process
INFO: checkVars
Nov 04, 2020 8:01:34 PM com.google.javascript.jscomp.PhaseOptimizer$NamedPass process
INFO: replaceMessages
Nov 04, 2020 8:01:34 PM com.google.javascript.jscomp.PhaseOptimizer$NamedPass process
INFO: processDefines
Nov 04, 2020 8:01:36 PM com.google.javascript.jscomp.PhaseOptimizer$NamedPass process
INFO: checkVars
Nov 04, 2020 8:01:36 PM com.google.javascript.jscomp.PhaseOptimizer$NamedPass process
INFO: replaceMessages
Nov 04, 2020 8:01:36 PM com.google.javascript.jscomp.PhaseOptimizer$NamedPass process
INFO: processDefines
Nov 04, 2020 8:01:44 PM com.google.javascript.jscomp.PhaseOptimizer$NamedPass process
INFO: checkVars
Nov 04, 2020 8:01:44 PM com.google.javascript.jscomp.PhaseOptimizer$NamedPass process
INFO: replaceMessages
Nov 04, 2020 8:01:44 PM com.google.javascript.jscomp.PhaseOptimizer$NamedPass process
INFO: processDefines
Nov 04, 2020 8:02:46 PM com.google.javascript.jscomp.AliasStrings process
INFO: Aliasing common strings
Nov 04, 2020 8:02:46 PM com.google.javascript.jscomp.AliasStrings process
INFO: Aliasing common strings
Nov 04, 2020 8:02:46 PM com.google.javascript.jscomp.AliasStrings process
INFO: Aliasing common strings
Nov 04, 2020 8:02:46 PM com.google.javascript.jscomp.AliasStrings process
INFO: Aliasing common strings
Nov 04, 2020 8:02:46 PM com.google.javascript.jscomp.AliasStrings process
INFO: Aliasing common strings
Nov 04, 2020 8:02:46 PM com.google.javascript.jscomp.AliasStrings process
INFO: Aliasing common strings
Nov 04, 2020 8:02:48 PM com.google.javascript.jscomp.AliasStrings process
INFO: Aliasing common strings
Nov 04, 2020 8:02:48 PM com.google.javascript.jscomp.AliasStrings process
INFO: Aliasing common strings
Nov 04, 2020 8:02:50 PM com.google.javascript.jscomp.AliasStrings process
INFO: Aliasing common strings
Nov 04, 2020 8:02:50 PM com.google.javascript.jscomp.AliasStrings process
INFO: Aliasing common strings
Nov 04, 2020 8:02:52 PM com.google.javascript.jscomp.AliasStrings process
INFO: Aliasing common strings
Nov 04, 2020 8:02:52 PM com.google.javascript.jscomp.AliasStrings process
INFO: Aliasing common strings
Nov 04, 2020 8:02:52 PM com.google.javascript.jscomp.AliasStrings process
INFO: Aliasing common strings
Nov 04, 2020 8:02:52 PM com.google.javascript.jscomp.AliasStrings process
INFO: Aliasing common strings
Nov 04, 2020 8:02:52 PM com.google.javascript.jscomp.AliasStrings process
INFO: Aliasing common strings
Nov 04, 2020 8:02:52 PM com.google.javascript.jscomp.AliasStrings process
INFO: Aliasing common strings
Nov 04, 2020 8:02:52 PM com.google.javascript.jscomp.AliasStrings process
INFO: Aliasing common strings
Nov 04, 2020 8:02:52 PM com.google.javascript.jscomp.AliasStrings process
INFO: Aliasing common strings
Nov 04, 2020 8:02:52 PM com.google.javascript.jscomp.AliasStrings process
INFO: Aliasing common strings
Nov 04, 2020 8:02:52 PM com.google.javascript.jscomp.AliasStrings process
INFO: Aliasing common strings
Nov 04, 2020 8:02:54 PM com.google.javascript.jscomp.AliasStrings process
INFO: Aliasing common strings
Nov 04, 2020 8:02:54 PM com.google.javascript.jscomp.AliasStrings process
INFO: Aliasing common strings
Nov 04, 2020 8:02:54 PM com.google.javascript.jscomp.AliasStrings process
INFO: Aliasing common strings
Nov 04, 2020 8:02:54 PM com.google.javascript.jscomp.AliasStrings process
INFO: Aliasing common strings
Nov 04, 2020 8:02:54 PM com.google.javascript.jscomp.AliasStrings process
INFO: Aliasing common strings
Nov 04, 2020 8:02:54 PM com.google.javascript.jscomp.AliasStrings process
INFO: Aliasing common strings
Nov 04, 2020 8:02:55 PM com.google.javascript.jscomp.AliasStrings process
INFO: Aliasing common strings
Nov 04, 2020 8:02:55 PM com.google.javascript.jscomp.AliasStrings process
INFO: Aliasing common strings
Nov 04, 2020 8:02:55 PM com.google.javascript.jscomp.AliasStrings process
INFO: Aliasing common strings
Nov 04, 2020 8:02:55 PM com.google.javascript.jscomp.AliasStrings process
INFO: Aliasing common strings
Nov 04, 2020 8:02:55 PM com.google.javascript.jscomp.AliasStrings process
INFO: Aliasing common strings
Nov 04, 2020 8:02:55 PM com.google.javascript.jscomp.AliasStrings process
INFO: Aliasing common strings
Nov 04, 2020 8:02:55 PM com.google.javascript.jscomp.AliasStrings process
INFO: Aliasing common strings
Nov 04, 2020 8:02:55 PM com.google.javascript.jscomp.AliasStrings process
INFO: Aliasing common strings
Nov 04, 2020 8:02:57 PM com.google.javascript.jscomp.AliasStrings process
INFO: Aliasing common strings
Nov 04, 2020 8:02:57 PM com.google.javascript.jscomp.AliasStrings process
INFO: Aliasing common strings
Nov 04, 2020 8:02:57 PM com.google.javascript.jscomp.AliasStrings process
INFO: Aliasing common strings
Nov 04, 2020 8:02:57 PM com.google.javascript.jscomp.AliasStrings process
INFO: Aliasing common strings
Nov 04, 2020 8:02:57 PM com.google.javascript.jscomp.AliasStrings process
INFO: Aliasing common strings
Nov 04, 2020 8:02:57 PM com.google.javascript.jscomp.AliasStrings process
INFO: Aliasing common strings
Nov 04, 2020 8:02:59 PM com.google.javascript.jscomp.AliasStrings process
INFO: Aliasing common strings
Nov 04, 2020 8:02:59 PM com.google.javascript.jscomp.AliasStrings process
INFO: Aliasing common strings
Nov 04, 2020 8:03:01 PM com.google.javascript.jscomp.AliasStrings process
INFO: Aliasing common strings
Nov 04, 2020 8:03:01 PM com.google.javascript.jscomp.AliasStrings process
INFO: Aliasing common strings
Nov 04, 2020 8:03:03 PM com.google.javascript.jscomp.AliasStrings process
INFO: Aliasing common strings
Nov 04, 2020 8:03:03 PM com.google.javascript.jscomp.AliasStrings process
INFO: Aliasing common strings
Nov 04, 2020 8:03:03 PM com.google.javascript.jscomp.AliasStrings process
INFO: Aliasing common strings
Nov 04, 2020 8:03:03 PM com.google.javascript.jscomp.AliasStrings process
INFO: Aliasing common strings
Nov 04, 2020 8:03:06 PM com.google.javascript.jscomp.AliasStrings process
INFO: Aliasing common strings
Nov 04, 2020 8:03:06 PM com.google.javascript.jscomp.AliasStrings process
INFO: Aliasing common strings
Nov 04, 2020 8:03:08 PM com.google.javascript.jscomp.AliasStrings process
INFO: Aliasing common strings
Nov 04, 2020 8:03:08 PM com.google.javascript.jscomp.AliasStrings process
INFO: Aliasing common strings
Nov 04, 2020 8:03:08 PM com.google.javascript.jscomp.AliasStrings process
INFO: Aliasing common strings
Nov 04, 2020 8:03:08 PM com.google.javascript.jscomp.AliasStrings process
INFO: Aliasing common strings
Nov 04, 2020 8:03:08 PM com.google.javascript.jscomp.AliasStrings process
INFO: Aliasing common strings
Nov 04, 2020 8:03:08 PM com.google.javascript.jscomp.AliasStrings process
INFO: Aliasing common strings
Nov 04, 2020 8:03:08 PM com.google.javascript.jscomp.AliasStrings process
INFO: Aliasing common strings
Nov 04, 2020 8:03:08 PM com.google.javascript.jscomp.AliasStrings process
INFO: Aliasing common strings
Nov 04, 2020 8:03:08 PM com.google.javascript.jscomp.AliasStrings process
INFO: Aliasing common strings
Nov 04, 2020 8:03:08 PM com.google.javascript.jscomp.AliasStrings process
INFO: Aliasing common strings
Nov 04, 2020 8:03:08 PM com.google.javascript.jscomp.AliasStrings process
INFO: Aliasing common strings
Nov 04, 2020 8:03:08 PM com.google.javascript.jscomp.AliasStrings process
INFO: Aliasing common strings
Nov 04, 2020 8:03:08 PM com.google.javascript.jscomp.AliasStrings process
INFO: Aliasing common strings
Nov 04, 2020 8:03:08 PM com.google.javascript.jscomp.AliasStrings process
INFO: Aliasing common strings
Nov 04, 2020 8:03:08 PM com.google.javascript.jscomp.AliasStrings process
INFO: Aliasing common strings
Nov 04, 2020 8:03:08 PM com.google.javascript.jscomp.AliasStrings process
INFO: Aliasing common strings
Nov 04, 2020 8:03:10 PM com.google.javascript.jscomp.AliasStrings process
INFO: Aliasing common strings
Nov 04, 2020 8:03:10 PM com.google.javascript.jscomp.AliasStrings process
INFO: Aliasing common strings
Nov 04, 2020 8:03:12 PM com.google.javascript.jscomp.AliasStrings process
INFO: Aliasing common strings
Nov 04, 2020 8:03:12 PM com.google.javascript.jscomp.AliasStrings process
INFO: Aliasing common strings
Nov 04, 2020 8:03:16 PM com.google.javascript.jscomp.AmbiguateProperties process
INFO: Collapsed 1 properties into 1 and skipped renaming 0 properties.
Nov 04, 2020 8:03:19 PM com.google.javascript.jscomp.AmbiguateProperties process
INFO: Collapsed 2 properties into 1 and skipped renaming 0 properties.
Nov 04, 2020 8:03:22 PM com.google.javascript.jscomp.AmbiguateProperties process
INFO: Collapsed 1 properties into 1 and skipped renaming 0 properties.
Nov 04, 2020 8:03:24 PM com.google.javascript.jscomp.AmbiguateProperties process
INFO: Collapsed 0 properties into 1 and skipped renaming 1 properties.
Nov 04, 2020 8:03:27 PM com.google.javascript.jscomp.AmbiguateProperties process
INFO: Collapsed 0 properties into 1 and skipped renaming 1 properties.
Nov 04, 2020 8:03:29 PM com.google.javascript.jscomp.AmbiguateProperties process
INFO: Collapsed 0 properties into 1 and skipped renaming 1 properties.
Nov 04, 2020 8:03:32 PM com.google.javascript.jscomp.AmbiguateProperties process
INFO: Collapsed 0 properties into 1 and skipped renaming 1 properties.
Nov 04, 2020 8:03:35 PM com.google.javascript.jscomp.AmbiguateProperties process
INFO: Collapsed 0 properties into 1 and skipped renaming 0 properties.
Nov 04, 2020 8:03:38 PM com.google.javascript.jscomp.AmbiguateProperties process
INFO: Collapsed 1 properties into 1 and skipped renaming 0 properties.
Nov 04, 2020 8:03:40 PM com.google.javascript.jscomp.AmbiguateProperties process
INFO: Collapsed 0 properties into 1 and skipped renaming 0 properties.
Nov 04, 2020 8:03:43 PM com.google.javascript.jscomp.AmbiguateProperties process
INFO: Collapsed 1 properties into 1 and skipped renaming 0 properties.
Nov 04, 2020 8:03:46 PM com.google.javascript.jscomp.AmbiguateProperties process
INFO: Collapsed 2 properties into 1 and skipped renaming 0 properties.
Nov 04, 2020 8:03:48 PM com.google.javascript.jscomp.AmbiguateProperties process
INFO: Collapsed 3 properties into 1 and skipped renaming 0 properties.
Nov 04, 2020 8:03:51 PM com.google.javascript.jscomp.AmbiguateProperties process
INFO: Collapsed 1 properties into 1 and skipped renaming 1 properties.
Nov 04, 2020 8:03:51 PM com.google.javascript.jscomp.AmbiguateProperties process
INFO: Collapsed 0 properties into 1 and skipped renaming 2 properties.
Nov 04, 2020 8:03:51 PM com.google.javascript.jscomp.AmbiguateProperties process
INFO: Collapsed 2 properties into 1 and skipped renaming 0 properties.
Nov 04, 2020 8:03:54 PM com.google.javascript.jscomp.AmbiguateProperties process
INFO: Collapsed 0 properties into 1 and skipped renaming 1 properties.
Nov 04, 2020 8:03:56 PM com.google.javascript.jscomp.AmbiguateProperties process
INFO: Collapsed 3 properties into 3 and skipped renaming 0 properties.
Nov 04, 2020 8:03:59 PM com.google.javascript.jscomp.AmbiguateProperties process
INFO: Collapsed 3 properties into 3 and skipped renaming 0 properties.
Nov 04, 2020 8:04:02 PM com.google.javascript.jscomp.AmbiguateProperties process
INFO: Collapsed 2 properties into 2 and skipped renaming 0 properties.
Nov 04, 2020 8:04:04 PM com.google.javascript.jscomp.AmbiguateProperties process
INFO: Collapsed 2 properties into 2 and skipped renaming 0 properties.
Nov 04, 2020 8:04:07 PM com.google.javascript.jscomp.AmbiguateProperties process
INFO: Collapsed 2 properties into 2 and skipped renaming 0 properties.
Nov 04, 2020 8:04:10 PM com.google.javascript.jscomp.AmbiguateProperties process
INFO: Collapsed 1 properties into 1 and skipped renaming 1 properties.
Nov 04, 2020 8:04:12 PM com.google.javascript.jscomp.AmbiguateProperties process
INFO: Collapsed 1 properties into 1 and skipped renaming 1 properties.
Nov 04, 2020 8:04:15 PM com.google.javascript.jscomp.AmbiguateProperties process
INFO: Collapsed 0 properties into 1 and skipped renaming 1 properties.
Nov 04, 2020 8:04:18 PM com.google.javascript.jscomp.AmbiguateProperties process
INFO: Collapsed 0 properties into 1 and skipped renaming 1 properties.
Nov 04, 2020 8:04:20 PM com.google.javascript.jscomp.AmbiguateProperties process
INFO: Collapsed 2 properties into 2 and skipped renaming 0 properties.
Nov 04, 2020 8:04:23 PM com.google.javascript.jscomp.AmbiguateProperties process
INFO: Collapsed 0 properties into 1 and skipped renaming 2 properties.
Nov 04, 2020 8:04:26 PM com.google.javascript.jscomp.AmbiguateProperties process
INFO: Collapsed 3 properties into 2 and skipped renaming 0 properties.
Nov 04, 2020 8:04:28 PM com.google.javascript.jscomp.AmbiguateProperties process
INFO: Collapsed 3 properties into 2 and skipped renaming 0 properties.
Nov 04, 2020 8:04:31 PM com.google.javascript.jscomp.AmbiguateProperties process
INFO: Collapsed 10 properties into 5 and skipped renaming 0 properties.
Nov 04, 2020 8:04:34 PM com.google.javascript.jscomp.AmbiguateProperties process
INFO: Collapsed 6 properties into 3 and skipped renaming 0 properties.
Nov 04, 2020 8:04:36 PM com.google.javascript.jscomp.AmbiguateProperties process
INFO: Collapsed 20 properties into 10 and skipped renaming 0 properties.
Nov 04, 2020 8:04:39 PM com.google.javascript.jscomp.AmbiguateProperties process
INFO: Collapsed 10 properties into 1 and skipped renaming 0 properties.
Nov 04, 2020 8:04:42 PM com.google.javascript.jscomp.AmbiguateProperties process
INFO: Collapsed 2 properties into 1 and skipped renaming 0 properties.
Nov 04, 2020 8:04:44 PM com.google.javascript.jscomp.AmbiguateProperties process
INFO: Collapsed 1 properties into 1 and skipped renaming 0 properties.
Nov 04, 2020 8:04:47 PM com.google.javascript.jscomp.AmbiguateProperties process
INFO: Collapsed 0 properties into 1 and skipped renaming 0 properties.
Nov 04, 2020 8:04:50 PM com.google.javascript.jscomp.AmbiguateProperties process
INFO: Collapsed 0 properties into 1 and skipped renaming 0 properties.
Nov 04, 2020 8:04:52 PM com.google.javascript.jscomp.AmbiguateProperties process
INFO: Collapsed 2 properties into 2 and skipped renaming 0 properties.
Nov 04, 2020 8:04:55 PM com.google.javascript.jscomp.AmbiguateProperties process
INFO: Collapsed 0 properties into 1 and skipped renaming 1 properties.
Nov 04, 2020 8:04:58 PM com.google.javascript.jscomp.AmbiguateProperties process
INFO: Collapsed 0 properties into 1 and skipped renaming 1 properties.
Nov 04, 2020 8:17:18 PM com.google.javascript.jscomp.PhaseOptimizer$NamedPass process
INFO: processGoogScopeAliases
Nov 04, 2020 8:17:18 PM com.google.javascript.jscomp.PhaseOptimizer$NamedPass process
INFO: checkRequires
Nov 04, 2020 8:17:18 PM com.google.javascript.jscomp.PhaseOptimizer$NamedPass process
INFO: processProvidesAndRequires
Nov 04, 2020 8:17:18 PM com.google.javascript.jscomp.PhaseOptimizer$NamedPass process
INFO: checkVars
Nov 04, 2020 8:17:18 PM com.google.javascript.jscomp.PhaseOptimizer$NamedPass process
INFO: renameCssNames
Nov 04, 2020 8:17:18 PM com.google.javascript.jscomp.PhaseOptimizer$NamedPass process
INFO: replaceMessages
Nov 04, 2020 8:17:18 PM com.google.javascript.jscomp.PhaseOptimizer$NamedPass process
INFO: processDefines
Nov 04, 2020 8:17:18 PM com.google.javascript.jscomp.Compiler normalize
INFO: Normalizing
Nov 04, 2020 8:17:18 PM com.google.javascript.jscomp.PhaseOptimizer$NamedPass process
INFO: beforeStandardOptimizations
Nov 04, 2020 8:17:18 PM com.google.javascript.jscomp.PhaseOptimizer$NamedPass process
INFO: closureCodeRemoval
Nov 04, 2020 8:17:18 PM com.google.javascript.jscomp.PhaseOptimizer$NamedPass process
INFO: beforeMainOptimizations
Nov 04, 2020 8:17:18 PM com.google.javascript.jscomp.PhaseOptimizer$NamedPass process
INFO: beforeModuleMotion
Nov 04, 2020 8:17:18 PM com.google.javascript.jscomp.PhaseOptimizer$NamedPass process
INFO: afterModuleMotion
Nov 04, 2020 8:17:18 PM com.google.javascript.jscomp.PhaseOptimizer$NamedPass process
INFO: markUnnormalized
Nov 04, 2020 8:17:18 PM com.google.javascript.jscomp.PhaseOptimizer$NamedPass process
INFO: denormalize
Nov 04, 2020 8:17:18 PM com.google.javascript.jscomp.PhaseOptimizer$NamedPass process
INFO: invertNames
Nov 04, 2020 8:17:18 PM com.google.javascript.jscomp.LoggerErrorManager println
WARNING: foo.js:1: WARNING - 'foo.bar.goo' used but not goog.require'd

Nov 04, 2020 8:17:18 PM com.google.javascript.jscomp.LoggerErrorManager printSummary
WARNING: 0 error(s), 1 warning(s)
20:25:14.047 [main] INFO  JaguarDF - Test testZero(com.google.javascript.jscomp.CodePrinterTest) : Failed
Closure Compiler (http://code.google.com/closure/compiler)
Version: Unversioned directory
Built on: 2020/11/04 11:58
Closure Compiler (http://code.google.com/closure/compiler)
Version: Unversioned directory
Built on: 2020/11/04 11:58
Nov 04, 2020 9:06:50 PM com.google.javascript.jscomp.LoggerErrorManager println
WARNING: testcode:1: WARNING - Unable to determine type of parameter a for exported function d

Nov 04, 2020 9:06:50 PM com.google.javascript.jscomp.LoggerErrorManager println
WARNING: testcode:1: WARNING - Unable to determine type of parameter a for exported function e

Nov 04, 2020 9:06:50 PM com.google.javascript.jscomp.LoggerErrorManager println
WARNING: testcode:1: WARNING - Unable to determine type of parameter a for exported function f

Nov 04, 2020 9:06:50 PM com.google.javascript.jscomp.LoggerErrorManager printSummary
WARNING: 0 error(s), 3 warning(s), 100% typed
Nov 04, 2020 9:06:54 PM com.google.javascript.jscomp.LoggerErrorManager println
WARNING: testcode:1: WARNING - Unable to determine type of parameter a.b.c for exported function d

Nov 04, 2020 9:06:54 PM com.google.javascript.jscomp.LoggerErrorManager println
WARNING: testcode:1: WARNING - Unable to determine type of parameter a.b.c for exported function e

Nov 04, 2020 9:06:54 PM com.google.javascript.jscomp.LoggerErrorManager println
WARNING: testcode:1: WARNING - Unable to determine type of parameter a.b.c for exported function f

Nov 04, 2020 9:06:54 PM com.google.javascript.jscomp.LoggerErrorManager printSummary
WARNING: 0 error(s), 3 warning(s), 100% typed
Nov 04, 2020 9:06:59 PM com.google.javascript.jscomp.LoggerErrorManager println
WARNING: testcode:1: WARNING - Unable to determine type of parameter a.b for exported function p1

Nov 04, 2020 9:06:59 PM com.google.javascript.jscomp.LoggerErrorManager println
WARNING: testcode:1: WARNING - Unable to determine type of parameter a.b.c for exported function d

Nov 04, 2020 9:06:59 PM com.google.javascript.jscomp.LoggerErrorManager println
WARNING: testcode:1: WARNING - Unable to determine type of parameter a.b.c for exported function e

Nov 04, 2020 9:06:59 PM com.google.javascript.jscomp.LoggerErrorManager println
WARNING: testcode:1: WARNING - Unable to determine type of parameter a.b.c for exported function f

Nov 04, 2020 9:06:59 PM com.google.javascript.jscomp.LoggerErrorManager println
WARNING: testcode:1: WARNING - Unable to determine type of parameter a.b.prototype.c for exported function g

Nov 04, 2020 9:06:59 PM com.google.javascript.jscomp.LoggerErrorManager println
WARNING: testcode:1: WARNING - Unable to determine type of parameter a.b.prototype.c for exported function h

Nov 04, 2020 9:06:59 PM com.google.javascript.jscomp.LoggerErrorManager println
WARNING: testcode:1: WARNING - Unable to determine type of parameter a.b.prototype.c for exported function i

Nov 04, 2020 9:06:59 PM com.google.javascript.jscomp.LoggerErrorManager printSummary
WARNING: 0 error(s), 7 warning(s), 100% typed
Nov 04, 2020 9:07:03 PM com.google.javascript.jscomp.LoggerErrorManager println
WARNING: testcode:1: WARNING - Unable to determine type of parameter a.b.c for exported function d

Nov 04, 2020 9:07:03 PM com.google.javascript.jscomp.LoggerErrorManager println
WARNING: testcode:1: WARNING - Unable to determine type of parameter a.b.c for exported function e

Nov 04, 2020 9:07:03 PM com.google.javascript.jscomp.LoggerErrorManager println
WARNING: testcode:1: WARNING - Unable to determine type of parameter a.b.c for exported function f

Nov 04, 2020 9:07:03 PM com.google.javascript.jscomp.LoggerErrorManager println
WARNING: testcode:1: WARNING - Unable to determine type of parameter a.b.prototype.c for exported function g

Nov 04, 2020 9:07:03 PM com.google.javascript.jscomp.LoggerErrorManager println
WARNING: testcode:1: WARNING - Unable to determine type of parameter a.b.prototype.c for exported function h

Nov 04, 2020 9:07:03 PM com.google.javascript.jscomp.LoggerErrorManager println
WARNING: testcode:1: WARNING - Unable to determine type of parameter a.b.prototype.c for exported function i

Nov 04, 2020 9:07:03 PM com.google.javascript.jscomp.LoggerErrorManager printSummary
WARNING: 0 error(s), 6 warning(s), 100% typed
Nov 04, 2020 9:07:07 PM com.google.javascript.jscomp.LoggerErrorManager println
WARNING: testcode:1: WARNING - Unable to determine type of parameter a.b for exported function p1

Nov 04, 2020 9:07:07 PM com.google.javascript.jscomp.LoggerErrorManager println
WARNING: testcode:1: WARNING - Unable to determine type of parameter a.b.c for exported function d

Nov 04, 2020 9:07:07 PM com.google.javascript.jscomp.LoggerErrorManager println
WARNING: testcode:1: WARNING - Unable to determine type of parameter a.b.c for exported function e

Nov 04, 2020 9:07:07 PM com.google.javascript.jscomp.LoggerErrorManager println
WARNING: testcode:1: WARNING - Unable to determine type of parameter a.b.c for exported function f

Nov 04, 2020 9:07:07 PM com.google.javascript.jscomp.LoggerErrorManager printSummary
WARNING: 0 error(s), 4 warning(s), 100% typed
Nov 04, 2020 9:07:41 PM com.google.javascript.jscomp.LoggerErrorManager println
WARNING: testcode:5: WARNING - Unable to determine return type for exported function internalName
internalName = function(a) {  return 6;
                       ^

Nov 04, 2020 9:07:41 PM com.google.javascript.jscomp.LoggerErrorManager printSummary
WARNING: 0 error(s), 1 warning(s), 100% typed
Nov 04, 2020 9:07:58 PM com.google.javascript.jscomp.LoggerErrorManager println
WARNING: testcode:1: WARNING - Unable to determine return type for exported function InternalName

Nov 04, 2020 9:07:58 PM com.google.javascript.jscomp.LoggerErrorManager printSummary
WARNING: 0 error(s), 1 warning(s), 100% typed
Nov 04, 2020 9:08:07 PM com.google.javascript.jscomp.LoggerErrorManager println
WARNING: testcode:4: WARNING - Unable to determine type of parameter InternalName for exported function b

Nov 04, 2020 9:08:07 PM com.google.javascript.jscomp.LoggerErrorManager println
WARNING: testcode:4: WARNING - Unable to determine type of parameter InternalName for exported function c

Nov 04, 2020 9:08:07 PM com.google.javascript.jscomp.LoggerErrorManager printSummary
WARNING: 0 error(s), 2 warning(s), 100% typed
Nov 04, 2020 9:08:11 PM com.google.javascript.jscomp.LoggerErrorManager println
WARNING: testcode:2: WARNING - element type must match enum's type
found   : number
required: string

Nov 04, 2020 9:08:11 PM com.google.javascript.jscomp.LoggerErrorManager println
WARNING: testcode:2: WARNING - element type must match enum's type
found   : number
required: string

Nov 04, 2020 9:08:11 PM com.google.javascript.jscomp.LoggerErrorManager printSummary
WARNING: 0 error(s), 2 warning(s), 88.2% typed
Nov 04, 2020 9:08:15 PM com.google.javascript.jscomp.LoggerErrorManager println
WARNING: testcode:1: WARNING - Unable to determine type of parameter a.b.c for exported function d

Nov 04, 2020 9:08:15 PM com.google.javascript.jscomp.LoggerErrorManager println
WARNING: testcode:1: WARNING - Unable to determine type of parameter a.b.c for exported function e

Nov 04, 2020 9:08:15 PM com.google.javascript.jscomp.LoggerErrorManager println
WARNING: testcode:1: WARNING - Unable to determine type of parameter a.b.c for exported function f

Nov 04, 2020 9:08:15 PM com.google.javascript.jscomp.LoggerErrorManager printSummary
WARNING: 0 error(s), 3 warning(s), 100% typed
LOG:unknown:///unknown:1+68: Semicolon inserted
LOG:unknown:///unknown:1+72: Semicolon inserted
LOG:unknown:///unknown:1+68: Semicolon inserted
LOG:unknown:///unknown:1+72: Semicolon inserted
LOG:unknown:///unknown:1+30: Semicolon inserted
LOG:unknown:///unknown:1+30: Semicolon inserted
LOG:unknown:///unknown:1+109: Semicolon inserted
LOG:unknown:///unknown:1+110: Semicolon inserted
LOG:unknown:///unknown:1+109: Semicolon inserted
LOG:unknown:///unknown:1+110: Semicolon inserted
LOG:unknown:///unknown:1+19: Semicolon inserted
LOG:unknown:///unknown:1+19: Semicolon inserted
LOG:unknown:///unknown:1+43: Semicolon inserted
LOG:unknown:///unknown:1+43: Semicolon inserted
LOG:unknown:///unknown:1+48: Semicolon inserted
LOG:unknown:///unknown:1+48: Semicolon inserted
LOG:unknown:///unknown:1+44: Semicolon inserted
LOG:unknown:///unknown:1+71: Semicolon inserted
LOG:unknown:///unknown:1+44: Semicolon inserted
LOG:unknown:///unknown:1+71: Semicolon inserted
LOG:unknown:///unknown:1+23: Semicolon inserted
LOG:unknown:///unknown:1+23: Semicolon inserted
LOG:unknown:///unknown:1+40: Semicolon inserted
LOG:unknown:///unknown:1+40: Semicolon inserted
LOG:unknown:///unknown:1+39: Semicolon inserted
LOG:unknown:///unknown:1+66: Semicolon inserted
LOG:unknown:///unknown:1+39: Semicolon inserted
LOG:unknown:///unknown:1+66: Semicolon inserted
LOG:unknown:///unknown:1+102: Semicolon inserted
LOG:unknown:///unknown:1+103: Semicolon inserted
LOG:unknown:///unknown:1+102: Semicolon inserted
LOG:unknown:///unknown:1+103: Semicolon inserted
LOG:unknown:///unknown:1+19: Semicolon inserted
LOG:unknown:///unknown:1+19: Semicolon inserted
LOG:unknown:///unknown:1+37: Semicolon inserted
LOG:unknown:///unknown:1+37: Semicolon inserted
LOG:unknown:///unknown:1+35: Semicolon inserted
LOG:unknown:///unknown:1+62: Semicolon inserted
LOG:unknown:///unknown:1+35: Semicolon inserted
LOG:unknown:///unknown:1+62: Semicolon inserted
LOG:unknown:///unknown:1+98: Semicolon inserted
LOG:unknown:///unknown:1+99: Semicolon inserted
LOG:unknown:///unknown:1+98: Semicolon inserted
LOG:unknown:///unknown:1+99: Semicolon inserted
LOG:unknown:///unknown:1+104: Semicolon inserted
LOG:unknown:///unknown:1+105: Semicolon inserted
LOG:unknown:///unknown:1+104: Semicolon inserted
LOG:unknown:///unknown:1+105: Semicolon inserted
LOG:unknown:///unknown:1+18: Semicolon inserted
LOG:unknown:///unknown:1+18: Semicolon inserted
LOG:unknown:///unknown:1+97: Semicolon inserted
LOG:unknown:///unknown:1+98: Semicolon inserted
LOG:unknown:///unknown:1+97: Semicolon inserted
LOG:unknown:///unknown:1+98: Semicolon inserted
LOG:unknown:///unknown:1+15: Semicolon inserted
LOG:unknown:///unknown:1+15: Semicolon inserted
LOG:unknown:///unknown:1+34: Semicolon inserted
LOG:unknown:///unknown:1+34: Semicolon inserted
LOG:unknown:///unknown:1+107: Semicolon inserted
LOG:unknown:///unknown:1+108: Semicolon inserted
LOG:unknown:///unknown:1+117: Semicolon inserted
LOG:unknown:///unknown:1+107: Semicolon inserted
LOG:unknown:///unknown:1+108: Semicolon inserted
LOG:unknown:///unknown:1+117: Semicolon inserted
LOG:unknown:///unknown:1+19: Semicolon inserted
LOG:unknown:///unknown:1+19: Semicolon inserted
LOG:unknown:///unknown:1+16: Semicolon inserted
LOG:unknown:///unknown:1+16: Semicolon inserted
LOG:unknown:///unknown:1+20: Semicolon inserted
LOG:unknown:///unknown:1+20: Semicolon inserted
WARNING:unknown:///unknown:1+2 - 3: Will not work in IE
java.lang.Exception
	at com.google.caja.reporting.EchoingMessageQueue$1.add(EchoingMessageQueue.java:52)
	at com.google.caja.reporting.EchoingMessageQueue$1.add(EchoingMessageQueue.java:40)
	at java.util.AbstractList.add(AbstractList.java:108)
	at com.google.caja.reporting.AbstractMessageQueue.addMessage(AbstractMessageQueue.java:25)
	at com.google.caja.parser.js.Parser.parseExpressionAtom(Parser.java:1138)
	at com.google.caja.parser.js.Parser.parseOp(Parser.java:792)
	at com.google.caja.parser.js.Parser.parseExpressionInt(Parser.java:727)
	at com.google.caja.parser.js.Parser.parseExpressionStmt(Parser.java:1281)
	at com.google.caja.parser.js.Parser.parseStatementWithoutLabel(Parser.java:706)
	at com.google.caja.parser.js.Parser.parseStatement(Parser.java:306)
	at com.google.caja.parser.js.Parser.parseTerminatedStatement(Parser.java:1312)
	at com.google.caja.parser.js.Parser.parseProgramOrFunctionBody(Parser.java:325)
	at com.google.caja.parser.js.Parser.parseProgram(Parser.java:314)
	at com.google.caja.parser.js.Parser.parse(Parser.java:272)
	at com.google.caja.parser.js.JsonMLParser.parse(JsonMLParser.java:42)
	at com.google.caja.parser.js.JsonMLParser.parse(JsonMLParser.java:31)
	at com.google.caja.parser.js.JsonMLParser.parse(JsonMLParser.java:26)
	at com.google.caja.parser.js.JsonMLParser.parse(JsonMLParser.java:22)
	at com.google.javascript.jscomp.jsonml.JsonMLConversionTest.testConversion(JsonMLConversionTest.java:97)
	at com.google.javascript.jscomp.jsonml.JsonMLConversionTest.testArray(JsonMLConversionTest.java:106)
	at sun.reflect.NativeMethodAccessorImpl.invoke0(Native Method)
	at sun.reflect.NativeMethodAccessorImpl.invoke(NativeMethodAccessorImpl.java:62)
	at sun.reflect.DelegatingMethodAccessorImpl.invoke(DelegatingMethodAccessorImpl.java:43)
	at java.lang.reflect.Method.invoke(Method.java:498)
	at junit.framework.TestCase.runTest(TestCase.java:168)
	at junit.framework.TestCase.runBare(TestCase.java:134)
	at junit.framework.TestResult$1.protect(TestResult.java:110)
	at junit.framework.TestResult.runProtected(TestResult.java:128)
	at junit.framework.TestResult.run(TestResult.java:113)
	at junit.framework.TestCase.run(TestCase.java:124)
	at junit.framework.TestSuite.runTest(TestSuite.java:243)
	at junit.framework.TestSuite.run(TestSuite.java:238)
	at org.junit.internal.runners.JUnit38ClassRunner.run(JUnit38ClassRunner.java:83)
	at org.junit.runners.Suite.runChild(Suite.java:128)
	at org.junit.runners.Suite.runChild(Suite.java:24)
	at org.junit.runners.ParentRunner$3.run(ParentRunner.java:193)
	at org.junit.runners.ParentRunner$1.schedule(ParentRunner.java:52)
	at org.junit.runners.ParentRunner.runChildren(ParentRunner.java:191)
	at org.junit.runners.ParentRunner.access$000(ParentRunner.java:42)
	at org.junit.runners.ParentRunner$2.evaluate(ParentRunner.java:184)
	at org.junit.runners.ParentRunner.run(ParentRunner.java:236)
	at org.junit.runner.JUnitCore.run(JUnitCore.java:157)
	at org.junit.runner.JUnitCore.run(JUnitCore.java:136)
	at org.junit.runner.JUnitCore.run(JUnitCore.java:117)
	at br.usp.each.saeg.jaguardf.cli.JaguarRunner.run(JaguarRunner.java:64)
	at br.usp.each.saeg.jaguardf.cli.JaguarRunner.main(JaguarRunner.java:96)
WARNING:unknown:///unknown:1+2 - 3: Will not work in IE
java.lang.Exception
	at com.google.caja.reporting.EchoingMessageQueue$1.add(EchoingMessageQueue.java:52)
	at com.google.caja.reporting.EchoingMessageQueue$1.add(EchoingMessageQueue.java:40)
	at java.util.AbstractList.add(AbstractList.java:108)
	at com.google.caja.reporting.AbstractMessageQueue.addMessage(AbstractMessageQueue.java:25)
	at com.google.caja.parser.js.Parser.parseExpressionAtom(Parser.java:1138)
	at com.google.caja.parser.js.Parser.parseOp(Parser.java:792)
	at com.google.caja.parser.js.Parser.parseExpressionInt(Parser.java:727)
	at com.google.caja.parser.js.Parser.parseExpressionStmt(Parser.java:1281)
	at com.google.caja.parser.js.Parser.parseStatementWithoutLabel(Parser.java:706)
	at com.google.caja.parser.js.Parser.parseStatement(Parser.java:306)
	at com.google.caja.parser.js.Parser.parseTerminatedStatement(Parser.java:1312)
	at com.google.caja.parser.js.Parser.parseProgramOrFunctionBody(Parser.java:325)
	at com.google.caja.parser.js.Parser.parseProgram(Parser.java:314)
	at com.google.caja.parser.js.Parser.parse(Parser.java:272)
	at com.google.caja.parser.js.JsonMLParser.parse(JsonMLParser.java:42)
	at com.google.caja.parser.js.JsonMLParser.parse(JsonMLParser.java:31)
	at com.google.caja.parser.js.JsonMLParser.parse(JsonMLParser.java:26)
	at com.google.caja.parser.js.JsonMLParser.parse(JsonMLParser.java:22)
	at com.google.javascript.jscomp.jsonml.JsonMLConversionTest.testConversion(JsonMLConversionTest.java:101)
	at com.google.javascript.jscomp.jsonml.JsonMLConversionTest.testArray(JsonMLConversionTest.java:106)
	at sun.reflect.NativeMethodAccessorImpl.invoke0(Native Method)
	at sun.reflect.NativeMethodAccessorImpl.invoke(NativeMethodAccessorImpl.java:62)
	at sun.reflect.DelegatingMethodAccessorImpl.invoke(DelegatingMethodAccessorImpl.java:43)
	at java.lang.reflect.Method.invoke(Method.java:498)
	at junit.framework.TestCase.runTest(TestCase.java:168)
	at junit.framework.TestCase.runBare(TestCase.java:134)
	at junit.framework.TestResult$1.protect(TestResult.java:110)
	at junit.framework.TestResult.runProtected(TestResult.java:128)
	at junit.framework.TestResult.run(TestResult.java:113)
	at junit.framework.TestCase.run(TestCase.java:124)
	at junit.framework.TestSuite.runTest(TestSuite.java:243)
	at junit.framework.TestSuite.run(TestSuite.java:238)
	at org.junit.internal.runners.JUnit38ClassRunner.run(JUnit38ClassRunner.java:83)
	at org.junit.runners.Suite.runChild(Suite.java:128)
	at org.junit.runners.Suite.runChild(Suite.java:24)
	at org.junit.runners.ParentRunner$3.run(ParentRunner.java:193)
	at org.junit.runners.ParentRunner$1.schedule(ParentRunner.java:52)
	at org.junit.runners.ParentRunner.runChildren(ParentRunner.java:191)
	at org.junit.runners.ParentRunner.access$000(ParentRunner.java:42)
	at org.junit.runners.ParentRunner$2.evaluate(ParentRunner.java:184)
	at org.junit.runners.ParentRunner.run(ParentRunner.java:236)
	at org.junit.runner.JUnitCore.run(JUnitCore.java:157)
	at org.junit.runner.JUnitCore.run(JUnitCore.java:136)
	at org.junit.runner.JUnitCore.run(JUnitCore.java:117)
	at br.usp.each.saeg.jaguardf.cli.JaguarRunner.run(JaguarRunner.java:64)
	at br.usp.each.saeg.jaguardf.cli.JaguarRunner.main(JaguarRunner.java:96)
WARNING:unknown:///unknown:1+2 - 3: Will not work in IE
java.lang.Exception
	at com.google.caja.reporting.EchoingMessageQueue$1.add(EchoingMessageQueue.java:52)
	at com.google.caja.reporting.EchoingMessageQueue$1.add(EchoingMessageQueue.java:40)
	at java.util.AbstractList.add(AbstractList.java:108)
	at com.google.caja.reporting.AbstractMessageQueue.addMessage(AbstractMessageQueue.java:25)
	at com.google.caja.parser.js.Parser.parseExpressionAtom(Parser.java:1138)
	at com.google.caja.parser.js.Parser.parseOp(Parser.java:792)
	at com.google.caja.parser.js.Parser.parseExpressionInt(Parser.java:727)
	at com.google.caja.parser.js.Parser.parseExpressionStmt(Parser.java:1281)
	at com.google.caja.parser.js.Parser.parseStatementWithoutLabel(Parser.java:706)
	at com.google.caja.parser.js.Parser.parseStatement(Parser.java:306)
	at com.google.caja.parser.js.Parser.parseTerminatedStatement(Parser.java:1312)
	at com.google.caja.parser.js.Parser.parseProgramOrFunctionBody(Parser.java:325)
	at com.google.caja.parser.js.Parser.parseProgram(Parser.java:314)
	at com.google.caja.parser.js.Parser.parse(Parser.java:272)
	at com.google.caja.parser.js.JsonMLParser.parse(JsonMLParser.java:42)
	at com.google.caja.parser.js.JsonMLParser.parse(JsonMLParser.java:31)
	at com.google.caja.parser.js.JsonMLParser.parse(JsonMLParser.java:26)
	at com.google.caja.parser.js.JsonMLParser.parse(JsonMLParser.java:22)
	at com.google.javascript.jscomp.jsonml.JsonMLConversionTest.testConversion(JsonMLConversionTest.java:97)
	at com.google.javascript.jscomp.jsonml.JsonMLConversionTest.testArray1(JsonMLConversionTest.java:117)
	at sun.reflect.NativeMethodAccessorImpl.invoke0(Native Method)
	at sun.reflect.NativeMethodAccessorImpl.invoke(NativeMethodAccessorImpl.java:62)
	at sun.reflect.DelegatingMethodAccessorImpl.invoke(DelegatingMethodAccessorImpl.java:43)
	at java.lang.reflect.Method.invoke(Method.java:498)
	at junit.framework.TestCase.runTest(TestCase.java:168)
	at junit.framework.TestCase.runBare(TestCase.java:134)
	at junit.framework.TestResult$1.protect(TestResult.java:110)
	at junit.framework.TestResult.runProtected(TestResult.java:128)
	at junit.framework.TestResult.run(TestResult.java:113)
	at junit.framework.TestCase.run(TestCase.java:124)
	at junit.framework.TestSuite.runTest(TestSuite.java:243)
	at junit.framework.TestSuite.run(TestSuite.java:238)
	at org.junit.internal.runners.JUnit38ClassRunner.run(JUnit38ClassRunner.java:83)
	at org.junit.runners.Suite.runChild(Suite.java:128)
	at org.junit.runners.Suite.runChild(Suite.java:24)
	at org.junit.runners.ParentRunner$3.run(ParentRunner.java:193)
	at org.junit.runners.ParentRunner$1.schedule(ParentRunner.java:52)
	at org.junit.runners.ParentRunner.runChildren(ParentRunner.java:191)
	at org.junit.runners.ParentRunner.access$000(ParentRunner.java:42)
	at org.junit.runners.ParentRunner$2.evaluate(ParentRunner.java:184)
	at org.junit.runners.ParentRunner.run(ParentRunner.java:236)
	at org.junit.runner.JUnitCore.run(JUnitCore.java:157)
	at org.junit.runner.JUnitCore.run(JUnitCore.java:136)
	at org.junit.runner.JUnitCore.run(JUnitCore.java:117)
	at br.usp.each.saeg.jaguardf.cli.JaguarRunner.run(JaguarRunner.java:64)
	at br.usp.each.saeg.jaguardf.cli.JaguarRunner.main(JaguarRunner.java:96)
WARNING:unknown:///unknown:1+2 - 3: Will not work in IE
java.lang.Exception
	at com.google.caja.reporting.EchoingMessageQueue$1.add(EchoingMessageQueue.java:52)
	at com.google.caja.reporting.EchoingMessageQueue$1.add(EchoingMessageQueue.java:40)
	at java.util.AbstractList.add(AbstractList.java:108)
	at com.google.caja.reporting.AbstractMessageQueue.addMessage(AbstractMessageQueue.java:25)
	at com.google.caja.parser.js.Parser.parseExpressionAtom(Parser.java:1138)
	at com.google.caja.parser.js.Parser.parseOp(Parser.java:792)
	at com.google.caja.parser.js.Parser.parseExpressionInt(Parser.java:727)
	at com.google.caja.parser.js.Parser.parseExpressionStmt(Parser.java:1281)
	at com.google.caja.parser.js.Parser.parseStatementWithoutLabel(Parser.java:706)
	at com.google.caja.parser.js.Parser.parseStatement(Parser.java:306)
	at com.google.caja.parser.js.Parser.parseTerminatedStatement(Parser.java:1312)
	at com.google.caja.parser.js.Parser.parseProgramOrFunctionBody(Parser.java:325)
	at com.google.caja.parser.js.Parser.parseProgram(Parser.java:314)
	at com.google.caja.parser.js.Parser.parse(Parser.java:272)
	at com.google.caja.parser.js.JsonMLParser.parse(JsonMLParser.java:42)
	at com.google.caja.parser.js.JsonMLParser.parse(JsonMLParser.java:31)
	at com.google.caja.parser.js.JsonMLParser.parse(JsonMLParser.java:26)
	at com.google.caja.parser.js.JsonMLParser.parse(JsonMLParser.java:22)
	at com.google.javascript.jscomp.jsonml.JsonMLConversionTest.testConversion(JsonMLConversionTest.java:101)
	at com.google.javascript.jscomp.jsonml.JsonMLConversionTest.testArray1(JsonMLConversionTest.java:117)
	at sun.reflect.NativeMethodAccessorImpl.invoke0(Native Method)
	at sun.reflect.NativeMethodAccessorImpl.invoke(NativeMethodAccessorImpl.java:62)
	at sun.reflect.DelegatingMethodAccessorImpl.invoke(DelegatingMethodAccessorImpl.java:43)
	at java.lang.reflect.Method.invoke(Method.java:498)
	at junit.framework.TestCase.runTest(TestCase.java:168)
	at junit.framework.TestCase.runBare(TestCase.java:134)
	at junit.framework.TestResult$1.protect(TestResult.java:110)
	at junit.framework.TestResult.runProtected(TestResult.java:128)
	at junit.framework.TestResult.run(TestResult.java:113)
	at junit.framework.TestCase.run(TestCase.java:124)
	at junit.framework.TestSuite.runTest(TestSuite.java:243)
	at junit.framework.TestSuite.run(TestSuite.java:238)
	at org.junit.internal.runners.JUnit38ClassRunner.run(JUnit38ClassRunner.java:83)
	at org.junit.runners.Suite.runChild(Suite.java:128)
	at org.junit.runners.Suite.runChild(Suite.java:24)
	at org.junit.runners.ParentRunner$3.run(ParentRunner.java:193)
	at org.junit.runners.ParentRunner$1.schedule(ParentRunner.java:52)
	at org.junit.runners.ParentRunner.runChildren(ParentRunner.java:191)
	at org.junit.runners.ParentRunner.access$000(ParentRunner.java:42)
	at org.junit.runners.ParentRunner$2.evaluate(ParentRunner.java:184)
	at org.junit.runners.ParentRunner.run(ParentRunner.java:236)
	at org.junit.runner.JUnitCore.run(JUnitCore.java:157)
	at org.junit.runner.JUnitCore.run(JUnitCore.java:136)
	at org.junit.runner.JUnitCore.run(JUnitCore.java:117)
	at br.usp.each.saeg.jaguardf.cli.JaguarRunner.run(JaguarRunner.java:64)
	at br.usp.each.saeg.jaguardf.cli.JaguarRunner.main(JaguarRunner.java:96)
LOG:unknown:///unknown:1+39: Semicolon inserted
LOG:unknown:///unknown:1+39: Semicolon inserted
LOG:unknown:///unknown:1+35: Semicolon inserted
LOG:unknown:///unknown:1+35: Semicolon inserted
LOG:unknown:///unknown:1+43: Semicolon inserted
LOG:unknown:///unknown:1+43: Semicolon inserted
LOG:unknown:///unknown:1+36: Semicolon inserted
LOG:unknown:///unknown:1+36: Semicolon inserted
LOG:unknown:///unknown:1+13: Semicolon inserted
LOG:unknown:///unknown:1+13: Semicolon inserted
LOG:unknown:///unknown:1+29: Semicolon inserted
LOG:unknown:///unknown:1+29: Semicolon inserted
LOG:unknown:///unknown:1+43: Semicolon inserted
LOG:unknown:///unknown:1+43: Semicolon inserted
LOG:unknown:///unknown:1+87: Semicolon inserted
LOG:unknown:///unknown:1+88: Semicolon inserted
LOG:unknown:///unknown:1+87: Semicolon inserted
LOG:unknown:///unknown:1+88: Semicolon inserted
LOG:unknown:///unknown:1+17: Semicolon inserted
LOG:unknown:///unknown:1+17: Semicolon inserted
LOG:unknown:///unknown:1+17: Semicolon inserted
LOG:unknown:///unknown:1+30: Semicolon inserted
LOG:unknown:///unknown:1+17: Semicolon inserted
LOG:unknown:///unknown:1+30: Semicolon inserted
LOG:unknown:///unknown:1+22: Semicolon inserted
LOG:unknown:///unknown:1+35: Semicolon inserted
LOG:unknown:///unknown:1+22: Semicolon inserted
LOG:unknown:///unknown:1+35: Semicolon inserted
LOG:unknown:///unknown:1+26: Semicolon inserted
LOG:unknown:///unknown:1+39: Semicolon inserted
LOG:unknown:///unknown:1+26: Semicolon inserted
LOG:unknown:///unknown:1+39: Semicolon inserted
LOG:unknown:///unknown:1+17: Semicolon inserted
LOG:unknown:///unknown:1+17: Semicolon inserted
LOG:unknown:///unknown:1+41: Semicolon inserted
LOG:unknown:///unknown:1+41: Semicolon inserted
LOG:unknown:///unknown:1+48: Semicolon inserted
LOG:unknown:///unknown:1+48: Semicolon inserted
LOG:unknown:///unknown:1+106: Semicolon inserted
LOG:unknown:///unknown:1+107: Semicolon inserted
LOG:unknown:///unknown:1+106: Semicolon inserted
LOG:unknown:///unknown:1+107: Semicolon inserted
LOG:unknown:///unknown:1+23: Semicolon inserted
LOG:unknown:///unknown:1+23: Semicolon inserted
LOG:unknown:///unknown:1+19: Semicolon inserted
LOG:unknown:///unknown:1+19: Semicolon inserted
LOG:unknown:///unknown:1+46: Semicolon inserted
LOG:unknown:///unknown:1+46: Semicolon inserted
LOG:unknown:///unknown:1+25: Semicolon inserted
LOG:unknown:///unknown:1+25: Semicolon inserted
LOG:unknown:///unknown:1+27: Semicolon inserted
LOG:unknown:///unknown:1+27: Semicolon inserted
LOG:unknown:///unknown:1+35: Semicolon inserted
LOG:unknown:///unknown:1+35: Semicolon inserted
LOG:unknown:///unknown:1+39: Semicolon inserted
LOG:unknown:///unknown:1+39: Semicolon inserted
LOG:unknown:///unknown:1+61: Semicolon inserted
LOG:unknown:///unknown:1+62: Semicolon inserted
LOG:unknown:///unknown:1+61: Semicolon inserted
LOG:unknown:///unknown:1+62: Semicolon inserted
LOG:unknown:///unknown:1+63: Semicolon inserted
LOG:unknown:///unknown:1+68: Semicolon inserted
LOG:unknown:///unknown:1+63: Semicolon inserted
LOG:unknown:///unknown:1+68: Semicolon inserted
LOG:unknown:///unknown:1+5: Semicolon inserted
LOG:unknown:///unknown:1+5: Semicolon inserted
LOG:unknown:///unknown:1+84: Semicolon inserted
LOG:unknown:///unknown:1+84: Semicolon inserted
LOG:unknown:///unknown:1+30: Semicolon inserted
LOG:unknown:///unknown:1+30: Semicolon inserted
LOG:unknown:///unknown:1+30: Semicolon inserted
LOG:unknown:///unknown:1+30: Semicolon inserted
LOG:unknown:///unknown:1+38: Semicolon inserted
LOG:unknown:///unknown:1+38: Semicolon inserted
LOG:unknown:///unknown:1+33: Semicolon inserted
LOG:unknown:///unknown:1+33: Semicolon inserted
LOG:unknown:///unknown:1+35: Semicolon inserted
LOG:unknown:///unknown:1+35: Semicolon inserted
LOG:unknown:///unknown:1+59: Semicolon inserted
LOG:unknown:///unknown:1+59: Semicolon inserted
LOG:unknown:///unknown:1+27: Semicolon inserted
LOG:unknown:///unknown:1+27: Semicolon inserted
LOG:unknown:///unknown:1+27: Semicolon inserted
LOG:unknown:///unknown:1+34: Semicolon inserted
LOG:unknown:///unknown:1+27: Semicolon inserted
LOG:unknown:///unknown:1+34: Semicolon inserted
LOG:unknown:///unknown:1+32: Semicolon inserted
LOG:unknown:///unknown:1+32: Semicolon inserted
LOG:unknown:///unknown:1+42: Semicolon inserted
LOG:unknown:///unknown:1+42: Semicolon inserted
LOG:unknown:///unknown:1+58: Semicolon inserted
LOG:unknown:///unknown:1+58: Semicolon inserted
LOG:unknown:///unknown:1+43: Semicolon inserted
LOG:unknown:///unknown:1+59: Semicolon inserted
LOG:unknown:///unknown:1+43: Semicolon inserted
LOG:unknown:///unknown:1+59: Semicolon inserted
LOG:unknown:///unknown:1+22: Semicolon inserted
LOG:unknown:///unknown:1+39: Semicolon inserted
LOG:unknown:///unknown:1+22: Semicolon inserted
LOG:unknown:///unknown:1+39: Semicolon inserted
LOG:unknown:///unknown:1+95: Semicolon inserted
LOG:unknown:///unknown:1+102: Semicolon inserted
LOG:unknown:///unknown:1+119: Semicolon inserted
LOG:unknown:///unknown:1+95: Semicolon inserted
LOG:unknown:///unknown:1+102: Semicolon inserted
LOG:unknown:///unknown:1+119: Semicolon inserted
LOG:unknown:///unknown:1+22: Semicolon inserted
LOG:unknown:///unknown:1+37: Semicolon inserted
LOG:unknown:///unknown:1+22: Semicolon inserted
LOG:unknown:///unknown:1+37: Semicolon inserted
LOG:unknown:///unknown:1+95: Semicolon inserted
LOG:unknown:///unknown:1+102: Semicolon inserted
LOG:unknown:///unknown:1+117: Semicolon inserted
LOG:unknown:///unknown:1+95: Semicolon inserted
LOG:unknown:///unknown:1+102: Semicolon inserted
LOG:unknown:///unknown:1+117: Semicolon inserted
LOG:unknown:///unknown:1+22: Semicolon inserted
LOG:unknown:///unknown:1+22: Semicolon inserted
LOG:unknown:///unknown:1+95: Semicolon inserted
LOG:unknown:///unknown:1+102: Semicolon inserted
LOG:unknown:///unknown:1+119: Semicolon inserted
LOG:unknown:///unknown:1+134: Semicolon inserted
LOG:unknown:///unknown:1+95: Semicolon inserted
LOG:unknown:///unknown:1+102: Semicolon inserted
LOG:unknown:///unknown:1+119: Semicolon inserted
LOG:unknown:///unknown:1+134: Semicolon inserted
LOG:unknown:///unknown:1+34: Semicolon inserted
LOG:unknown:///unknown:1+34: Semicolon inserted
LOG:unknown:///unknown:1+34: Semicolon inserted
LOG:unknown:///unknown:1+34: Semicolon inserted
LOG:unknown:///unknown:1+42: Semicolon inserted
LOG:unknown:///unknown:1+42: Semicolon inserted
LOG:unknown:///unknown:1+28: Semicolon inserted
LOG:unknown:///unknown:1+28: Semicolon inserted
LOG:unknown:///unknown:1+42: Semicolon inserted
LOG:unknown:///unknown:1+42: Semicolon inserted
LOG:unknown:///unknown:1+62: Semicolon inserted
LOG:unknown:///unknown:1+63: Semicolon inserted
LOG:unknown:///unknown:1+62: Semicolon inserted
LOG:unknown:///unknown:1+63: Semicolon inserted
Nov 05, 2020 3:01:25 AM com.google.javascript.jscomp.LoggerErrorManager println
SEVERE: ERROR - Syntax error: Wrong type of child number 1 for VarDecl. Expected: [InitPatt, IdPatt]. Found: IdExpr.

Nov 05, 2020 3:01:25 AM com.google.javascript.jscomp.LoggerErrorManager printSummary
WARNING: 1 error(s), 0 warning(s)
Nov 05, 2020 3:44:59 AM com.google.javascript.jscomp.parsing.ParserRunner parse
INFO: Error parsing input: JSCompiler test code: Compilation produced 1 syntax errors.
Nov 05, 2020 3:45:15 AM com.google.javascript.jscomp.parsing.ParserRunner parse
INFO: Error parsing input: JSCompiler test code: Compilation produced 1 syntax errors.
Nov 05, 2020 3:45:15 AM com.google.javascript.jscomp.parsing.ParserRunner parse
INFO: Error parsing input: JSCompiler test code: Compilation produced 1 syntax errors.
Nov 05, 2020 3:45:15 AM com.google.javascript.jscomp.parsing.ParserRunner parse
INFO: Error parsing input: JSCompiler test code: Compilation produced 1 syntax errors.
Nov 05, 2020 3:45:15 AM com.google.javascript.jscomp.parsing.ParserRunner parse
INFO: Error parsing input: JSCompiler test code: Compilation produced 1 syntax errors.
Nov 05, 2020 3:45:15 AM com.google.javascript.jscomp.parsing.ParserRunner parse
INFO: Error parsing input: JSCompiler test code: Compilation produced 1 syntax errors.
Nov 05, 2020 3:45:20 AM com.google.javascript.jscomp.parsing.ParserRunner parse
INFO: Error parsing input: JSCompiler test code: Compilation produced 1 syntax errors.
Nov 05, 2020 3:45:20 AM com.google.javascript.jscomp.parsing.ParserRunner parse
INFO: Error parsing input: JSCompiler test code: Compilation produced 1 syntax errors.
Nov 05, 2020 3:45:20 AM com.google.javascript.jscomp.parsing.ParserRunner parse
INFO: Error parsing input: JSCompiler test code: Compilation produced 1 syntax errors.
Nov 05, 2020 3:45:20 AM com.google.javascript.jscomp.parsing.ParserRunner parse
INFO: Error parsing input: JSCompiler test code: Compilation produced 1 syntax errors.
Nov 05, 2020 3:45:20 AM com.google.javascript.jscomp.parsing.ParserRunner parse
INFO: Error parsing input: JSCompiler test code: Compilation produced 1 syntax errors.
Nov 05, 2020 3:45:20 AM com.google.javascript.jscomp.parsing.ParserRunner parse
INFO: Error parsing input: JSCompiler test code: Compilation produced 1 syntax errors.
Nov 05, 2020 3:50:27 AM com.google.javascript.jscomp.parsing.ParserRunner parse
INFO: Error parsing input: JSCompiler test code: Compilation produced 1 syntax errors.
Nov 05, 2020 3:50:48 AM com.google.javascript.jscomp.parsing.ParserRunner parse
INFO: Error parsing input: JSCompiler test code: Compilation produced 1 syntax errors.
Nov 05, 2020 3:51:04 AM com.google.javascript.jscomp.parsing.ParserRunner parse
INFO: Error parsing input: JSCompiler test code: Compilation produced 2 syntax errors.
Nov 05, 2020 3:51:09 AM com.google.javascript.jscomp.parsing.ParserRunner parse
INFO: Error parsing input: JSCompiler test code: Compilation produced 1 syntax errors.
Nov 05, 2020 3:51:15 AM com.google.javascript.jscomp.parsing.ParserRunner parse
INFO: Error parsing input: JSCompiler test code: Compilation produced 1 syntax errors.
Nov 05, 2020 3:51:20 AM com.google.javascript.jscomp.parsing.ParserRunner parse
INFO: Error parsing input: JSCompiler test code: Compilation produced 1 syntax errors.
Nov 05, 2020 3:51:30 AM com.google.javascript.jscomp.parsing.ParserRunner parse
INFO: Error parsing input: JSCompiler test code: Compilation produced 1 syntax errors.
Nov 05, 2020 3:51:36 AM com.google.javascript.jscomp.parsing.ParserRunner parse
INFO: Error parsing input: JSCompiler test code: Compilation produced 2 syntax errors.
Nov 05, 2020 3:51:41 AM com.google.javascript.jscomp.parsing.ParserRunner parse
INFO: Error parsing input: JSCompiler test code: Compilation produced 2 syntax errors.
Nov 05, 2020 3:51:57 AM com.google.javascript.jscomp.parsing.ParserRunner parse
INFO: Error parsing input: JSCompiler test code: Compilation produced 2 syntax errors.
java.lang.IllegalStateException
	at com.google.common.base.Preconditions.checkState(Preconditions.java:129)
	at com.google.javascript.rhino.jstype.PrototypeObjectType.setImplicitPrototype(PrototypeObjectType.java:404)
	at com.google.javascript.rhino.jstype.FunctionType.setPrototypeBasedOn(FunctionType.java:277)
	at com.google.javascript.rhino.jstype.JSTypeTest.testInvalidSetPrototypeBasedOn(JSTypeTest.java:5203)
	at sun.reflect.NativeMethodAccessorImpl.invoke0(Native Method)
	at sun.reflect.NativeMethodAccessorImpl.invoke(NativeMethodAccessorImpl.java:62)
	at sun.reflect.DelegatingMethodAccessorImpl.invoke(DelegatingMethodAccessorImpl.java:43)
	at java.lang.reflect.Method.invoke(Method.java:498)
	at junit.framework.TestCase.runTest(TestCase.java:168)
	at junit.framework.TestCase.runBare(TestCase.java:134)
	at junit.framework.TestResult$1.protect(TestResult.java:110)
	at junit.framework.TestResult.runProtected(TestResult.java:128)
	at junit.framework.TestResult.run(TestResult.java:113)
	at junit.framework.TestCase.run(TestCase.java:124)
	at junit.framework.TestSuite.runTest(TestSuite.java:243)
	at junit.framework.TestSuite.run(TestSuite.java:238)
	at org.junit.internal.runners.JUnit38ClassRunner.run(JUnit38ClassRunner.java:83)
	at org.junit.runners.Suite.runChild(Suite.java:128)
	at org.junit.runners.Suite.runChild(Suite.java:24)
	at org.junit.runners.ParentRunner$3.run(ParentRunner.java:193)
	at org.junit.runners.ParentRunner$1.schedule(ParentRunner.java:52)
	at org.junit.runners.ParentRunner.runChildren(ParentRunner.java:191)
	at org.junit.runners.ParentRunner.access$000(ParentRunner.java:42)
	at org.junit.runners.ParentRunner$2.evaluate(ParentRunner.java:184)
	at org.junit.runners.ParentRunner.run(ParentRunner.java:236)
	at org.junit.runner.JUnitCore.run(JUnitCore.java:157)
	at org.junit.runner.JUnitCore.run(JUnitCore.java:136)
	at org.junit.runner.JUnitCore.run(JUnitCore.java:117)
	at br.usp.each.saeg.jaguardf.cli.JaguarRunner.run(JaguarRunner.java:64)
	at br.usp.each.saeg.jaguardf.cli.JaguarRunner.main(JaguarRunner.java:96)
04:17:50.928 [main] INFO  JaguarDF - Jaguar-DF has finished!

real	497m39.719s
user	491m34.859s
sys	5m10.345s
