17:41:20.857 [main] INFO  JaguarDF - Welcome to Jaguar-DF CLI!
17:41:21.007 [main] DEBUG JaguarDF - CLI Arguments: [--projectDir, /PPgSI/workdir/Compress/29b, --classesDir, target/classes, --testsDir, target/test-classes, --tests, /PPgSI/workdir/Compress/29b/tests.all, --logLevel, INFO]
Cannot find encoding in class ZipArchiveInputStream
Cannot find encoding in class CpioArchiveInputStream
Cannot find encoding in class TarArchiveInputStream
Cannot find encoding in class JarArchiveInputStream
Cannot find encoding in class DumpArchiveInputStream
Cannot find encoding in class CpioArchiveInputStream
Cannot find encoding in class CpioArchiveInputStream
Failed test 7. expected: UTF-8 actual: ?? type: cpio
Cannot find encoding in class CpioArchiveInputStream
Failed test 8. expected: ASCII actual: ?? type: cpio
Cannot find encoding in class CpioArchiveInputStream
Failed test 9. expected: UTF-8 actual: ?? type: cpio
Cannot find encoding in class CpioArchiveInputStream
Failed test 10. expected: ASCII actual: ?? type: cpio
Cannot find encoding in class DumpArchiveInputStream
Cannot find encoding in class DumpArchiveInputStream
Failed test 12. expected: UTF-8 actual: ?? type: dump
Cannot find encoding in class DumpArchiveInputStream
Failed test 13. expected: ASCII actual: ?? type: dump
Cannot find encoding in class DumpArchiveInputStream
Failed test 14. expected: UTF-8 actual: ?? type: dump
Cannot find encoding in class DumpArchiveInputStream
Failed test 15. expected: ASCII actual: ?? type: dump
Cannot find encoding in class TarArchiveInputStream
Cannot find encoding in class TarArchiveInputStream
Failed test 17. expected: UTF-8 actual: ?? type: tar
Cannot find encoding in class TarArchiveInputStream
Failed test 18. expected: ASCII actual: ?? type: tar
Cannot find encoding in class TarArchiveInputStream
Failed test 19. expected: UTF-8 actual: ?? type: tar
Cannot find encoding in class TarArchiveInputStream
Failed test 20. expected: ASCII actual: ?? type: tar
Cannot find encoding in class JarArchiveInputStream
Cannot find encoding in class JarArchiveInputStream
Failed test 22. expected: UTF-8 actual: ?? type: jar
Cannot find encoding in class JarArchiveInputStream
Failed test 23. expected: ASCII actual: ?? type: jar
Cannot find encoding in class JarArchiveInputStream
Failed test 24. expected: UTF-8 actual: ?? type: jar
Cannot find encoding in class JarArchiveInputStream
Failed test 25. expected: ASCII actual: ?? type: jar
Cannot find encoding in class ZipArchiveInputStream
Cannot find encoding in class ZipArchiveInputStream
Failed test 27. expected: UTF-8 actual: ?? type: zip
Cannot find encoding in class ZipArchiveInputStream
Failed test 28. expected: ASCII actual: ?? type: zip
Cannot find encoding in class ZipArchiveInputStream
Failed test 29. expected: UTF-8 actual: ?? type: zip
Cannot find encoding in class ZipArchiveInputStream
Failed test 30. expected: ASCII actual: ?? type: zip
17:42:04.287 [main] INFO  JaguarDF - Test testEncodingInputStream(org.apache.commons.compress.archivers.ArchiveStreamFactoryTest) : Failed
Failed test 2. expected: UTF-8 actual: CP437 type: arj
Failed test 3. expected: ASCII actual: CP437 type: arj
Failed test 4. expected: UTF-8 actual: CP437 type: arj
Failed test 5. expected: ASCII actual: CP437 type: arj
Cannot find encoding in class CpioArchiveInputStream
Cannot find encoding in class CpioArchiveInputStream
Failed test 7. expected: UTF-8 actual: ?? type: cpio
Cannot find encoding in class CpioArchiveInputStream
Failed test 8. expected: ASCII actual: ?? type: cpio
Cannot find encoding in class CpioArchiveInputStream
Failed test 9. expected: UTF-8 actual: ?? type: cpio
Cannot find encoding in class CpioArchiveInputStream
Failed test 10. expected: ASCII actual: ?? type: cpio
Cannot find encoding in class DumpArchiveInputStream
Cannot find encoding in class DumpArchiveInputStream
Failed test 12. expected: UTF-8 actual: ?? type: dump
Cannot find encoding in class DumpArchiveInputStream
Failed test 13. expected: ASCII actual: ?? type: dump
Cannot find encoding in class DumpArchiveInputStream
Failed test 14. expected: UTF-8 actual: ?? type: dump
Cannot find encoding in class DumpArchiveInputStream
Failed test 15. expected: ASCII actual: ?? type: dump
Cannot find encoding in class TarArchiveInputStream
Cannot find encoding in class TarArchiveInputStream
Failed test 17. expected: UTF-8 actual: ?? type: tar
Cannot find encoding in class TarArchiveInputStream
Failed test 18. expected: ASCII actual: ?? type: tar
Cannot find encoding in class TarArchiveInputStream
Failed test 19. expected: UTF-8 actual: ?? type: tar
Cannot find encoding in class TarArchiveInputStream
Failed test 20. expected: ASCII actual: ?? type: tar
Cannot find encoding in class ZipArchiveInputStream
Cannot find encoding in class ZipArchiveInputStream
Failed test 22. expected: UTF-8 actual: ?? type: jar
Cannot find encoding in class ZipArchiveInputStream
Failed test 23. expected: ASCII actual: ?? type: jar
Cannot find encoding in class ZipArchiveInputStream
Failed test 24. expected: UTF-8 actual: ?? type: jar
Cannot find encoding in class ZipArchiveInputStream
Failed test 25. expected: ASCII actual: ?? type: jar
Cannot find encoding in class ZipArchiveInputStream
Cannot find encoding in class ZipArchiveInputStream
Failed test 27. expected: UTF-8 actual: ?? type: zip
Cannot find encoding in class ZipArchiveInputStream
Failed test 28. expected: ASCII actual: ?? type: zip
Cannot find encoding in class ZipArchiveInputStream
Failed test 29. expected: UTF-8 actual: ?? type: zip
Cannot find encoding in class ZipArchiveInputStream
Failed test 30. expected: ASCII actual: ?? type: zip
17:42:05.465 [main] INFO  JaguarDF - Test testEncodingInputStreamAutodetect(org.apache.commons.compress.archivers.ArchiveStreamFactoryTest) : Failed
Cannot find encoding in class CpioArchiveOutputStream
Cannot find encoding in class CpioArchiveOutputStream
Failed test 7. expected: UTF-8 actual: ?? type: cpio
Cannot find encoding in class CpioArchiveOutputStream
Failed test 8. expected: ASCII actual: ?? type: cpio
Cannot find encoding in class CpioArchiveOutputStream
Failed test 9. expected: UTF-8 actual: ?? type: cpio
Cannot find encoding in class CpioArchiveOutputStream
Failed test 10. expected: ASCII actual: ?? type: cpio
Cannot find encoding in class TarArchiveOutputStream
Cannot find encoding in class TarArchiveOutputStream
Failed test 17. expected: UTF-8 actual: ?? type: tar
Cannot find encoding in class TarArchiveOutputStream
Failed test 18. expected: ASCII actual: ?? type: tar
Cannot find encoding in class TarArchiveOutputStream
Failed test 19. expected: UTF-8 actual: ?? type: tar
Cannot find encoding in class TarArchiveOutputStream
Failed test 20. expected: ASCII actual: ?? type: tar
Failed test 21. expected: ?? actual: UTF8 type: jar
Failed test 22. expected: UTF-8 actual: UTF8 type: jar
Failed test 23. expected: ASCII actual: UTF8 type: jar
Failed test 24. expected: UTF-8 actual: UTF8 type: jar
Failed test 25. expected: ASCII actual: UTF8 type: jar
Failed test 26. expected: ?? actual: UTF8 type: zip
17:42:13.658 [main] INFO  JaguarDF - Test testEncodingOutputStream(org.apache.commons.compress.archivers.ArchiveStreamFactoryTest) : Failed
XZTestCase: HeapMax=1431830528 bytes 1365.5 MB
Attempt to read the whole thing in, should throw ...
17:56:44.189 [main] INFO  JaguarDF - Jaguar-DF has finished!
