04:57:58.196 [main] INFO  JaguarDF - Welcome to Jaguar-DF CLI!
04:57:58.675 [main] DEBUG JaguarDF - CLI Arguments: [--projectDir, d4jprojects/closure-compiler, --classesDir, build/classes, --testsDir, build/test, --tests, tests.out, --logLevel, INFO]
Nov 05, 2020 4:59:26 AM com.google.javascript.jscomp.AliasStrings process
INFO: Aliasing common strings
Nov 05, 2020 4:59:26 AM com.google.javascript.jscomp.AliasStrings process
INFO: Aliasing common strings
Nov 05, 2020 4:59:26 AM com.google.javascript.jscomp.AliasStrings process
INFO: Aliasing common strings
Nov 05, 2020 4:59:26 AM com.google.javascript.jscomp.AliasStrings process
INFO: Aliasing common strings
Nov 05, 2020 4:59:26 AM com.google.javascript.jscomp.AliasStrings process
INFO: Aliasing common strings
Nov 05, 2020 4:59:26 AM com.google.javascript.jscomp.AliasStrings process
INFO: Aliasing common strings
Nov 05, 2020 4:59:28 AM com.google.javascript.jscomp.AliasStrings process
INFO: Aliasing common strings
Nov 05, 2020 4:59:28 AM com.google.javascript.jscomp.AliasStrings process
INFO: Aliasing common strings
Nov 05, 2020 4:59:30 AM com.google.javascript.jscomp.AliasStrings process
INFO: Aliasing common strings
Nov 05, 2020 4:59:30 AM com.google.javascript.jscomp.AliasStrings process
INFO: Aliasing common strings
Nov 05, 2020 4:59:30 AM com.google.javascript.jscomp.AliasStrings process
INFO: Aliasing common strings
Nov 05, 2020 4:59:30 AM com.google.javascript.jscomp.AliasStrings process
INFO: Aliasing common strings
Nov 05, 2020 4:59:30 AM com.google.javascript.jscomp.AliasStrings process
INFO: Aliasing common strings
Nov 05, 2020 4:59:30 AM com.google.javascript.jscomp.AliasStrings process
INFO: Aliasing common strings
Nov 05, 2020 4:59:30 AM com.google.javascript.jscomp.AliasStrings process
INFO: Aliasing common strings
Nov 05, 2020 4:59:30 AM com.google.javascript.jscomp.AliasStrings process
INFO: Aliasing common strings
Nov 05, 2020 4:59:30 AM com.google.javascript.jscomp.AliasStrings process
INFO: Aliasing common strings
Nov 05, 2020 4:59:30 AM com.google.javascript.jscomp.AliasStrings process
INFO: Aliasing common strings
Nov 05, 2020 4:59:30 AM com.google.javascript.jscomp.AliasStrings process
INFO: Aliasing common strings
Nov 05, 2020 4:59:30 AM com.google.javascript.jscomp.AliasStrings process
INFO: Aliasing common strings
Nov 05, 2020 4:59:30 AM com.google.javascript.jscomp.AliasStrings process
INFO: Aliasing common strings
Nov 05, 2020 4:59:30 AM com.google.javascript.jscomp.AliasStrings process
INFO: Aliasing common strings
Nov 05, 2020 4:59:32 AM com.google.javascript.jscomp.AliasStrings process
INFO: Aliasing common strings
Nov 05, 2020 4:59:32 AM com.google.javascript.jscomp.AliasStrings process
INFO: Aliasing common strings
Nov 05, 2020 4:59:32 AM com.google.javascript.jscomp.AliasStrings process
INFO: Aliasing common strings
Nov 05, 2020 4:59:32 AM com.google.javascript.jscomp.AliasStrings process
INFO: Aliasing common strings
Nov 05, 2020 4:59:32 AM com.google.javascript.jscomp.AliasStrings process
INFO: Aliasing common strings
Nov 05, 2020 4:59:32 AM com.google.javascript.jscomp.AliasStrings process
INFO: Aliasing common strings
Nov 05, 2020 4:59:32 AM com.google.javascript.jscomp.AliasStrings process
INFO: Aliasing common strings
Nov 05, 2020 4:59:32 AM com.google.javascript.jscomp.AliasStrings process
INFO: Aliasing common strings
Nov 05, 2020 4:59:32 AM com.google.javascript.jscomp.AliasStrings process
INFO: Aliasing common strings
Nov 05, 2020 4:59:32 AM com.google.javascript.jscomp.AliasStrings process
INFO: Aliasing common strings
Nov 05, 2020 4:59:34 AM com.google.javascript.jscomp.AliasStrings process
INFO: Aliasing common strings
Nov 05, 2020 4:59:34 AM com.google.javascript.jscomp.AliasStrings process
INFO: Aliasing common strings
Nov 05, 2020 4:59:36 AM com.google.javascript.jscomp.AliasStrings process
INFO: Aliasing common strings
Nov 05, 2020 4:59:36 AM com.google.javascript.jscomp.AliasStrings process
INFO: Aliasing common strings
Nov 05, 2020 4:59:38 AM com.google.javascript.jscomp.AliasStrings process
INFO: Aliasing common strings
Nov 05, 2020 4:59:38 AM com.google.javascript.jscomp.AliasStrings process
INFO: Aliasing common strings
Nov 05, 2020 4:59:38 AM com.google.javascript.jscomp.AliasStrings process
INFO: Aliasing common strings
Nov 05, 2020 4:59:38 AM com.google.javascript.jscomp.AliasStrings process
INFO: Aliasing common strings
Nov 05, 2020 4:59:38 AM com.google.javascript.jscomp.AliasStrings process
INFO: Aliasing common strings
Nov 05, 2020 4:59:38 AM com.google.javascript.jscomp.AliasStrings process
INFO: Aliasing common strings
Nov 05, 2020 4:59:40 AM com.google.javascript.jscomp.AliasStrings process
INFO: Aliasing common strings
Nov 05, 2020 4:59:40 AM com.google.javascript.jscomp.AliasStrings process
INFO: Aliasing common strings
Nov 05, 2020 4:59:42 AM com.google.javascript.jscomp.AliasStrings process
INFO: Aliasing common strings
Nov 05, 2020 4:59:42 AM com.google.javascript.jscomp.AliasStrings process
INFO: Aliasing common strings
Nov 05, 2020 4:59:42 AM com.google.javascript.jscomp.AliasStrings process
INFO: Aliasing common strings
Nov 05, 2020 4:59:42 AM com.google.javascript.jscomp.AliasStrings process
INFO: Aliasing common strings
Nov 05, 2020 4:59:44 AM com.google.javascript.jscomp.AliasStrings process
INFO: Aliasing common strings
Nov 05, 2020 4:59:44 AM com.google.javascript.jscomp.AliasStrings process
INFO: Aliasing common strings
Nov 05, 2020 4:59:46 AM com.google.javascript.jscomp.AliasStrings process
INFO: Aliasing common strings
Nov 05, 2020 4:59:46 AM com.google.javascript.jscomp.AliasStrings process
INFO: Aliasing common strings
Nov 05, 2020 4:59:46 AM com.google.javascript.jscomp.AliasStrings process
INFO: Aliasing common strings
Nov 05, 2020 4:59:46 AM com.google.javascript.jscomp.AliasStrings process
INFO: Aliasing common strings
Nov 05, 2020 4:59:46 AM com.google.javascript.jscomp.AliasStrings process
INFO: Aliasing common strings
Nov 05, 2020 4:59:46 AM com.google.javascript.jscomp.AliasStrings process
INFO: Aliasing common strings
Nov 05, 2020 4:59:46 AM com.google.javascript.jscomp.AliasStrings process
INFO: Aliasing common strings
Nov 05, 2020 4:59:46 AM com.google.javascript.jscomp.AliasStrings process
INFO: Aliasing common strings
Nov 05, 2020 4:59:46 AM com.google.javascript.jscomp.AliasStrings process
INFO: Aliasing common strings
Nov 05, 2020 4:59:46 AM com.google.javascript.jscomp.AliasStrings process
INFO: Aliasing common strings
Nov 05, 2020 4:59:46 AM com.google.javascript.jscomp.AliasStrings process
INFO: Aliasing common strings
Nov 05, 2020 4:59:46 AM com.google.javascript.jscomp.AliasStrings process
INFO: Aliasing common strings
Nov 05, 2020 4:59:46 AM com.google.javascript.jscomp.AliasStrings process
INFO: Aliasing common strings
Nov 05, 2020 4:59:46 AM com.google.javascript.jscomp.AliasStrings process
INFO: Aliasing common strings
Nov 05, 2020 4:59:46 AM com.google.javascript.jscomp.AliasStrings process
INFO: Aliasing common strings
Nov 05, 2020 4:59:46 AM com.google.javascript.jscomp.AliasStrings process
INFO: Aliasing common strings
Nov 05, 2020 4:59:48 AM com.google.javascript.jscomp.AliasStrings process
INFO: Aliasing common strings
Nov 05, 2020 4:59:48 AM com.google.javascript.jscomp.AliasStrings process
INFO: Aliasing common strings
Nov 05, 2020 4:59:50 AM com.google.javascript.jscomp.AmbiguateProperties process
INFO: Collapsed 1 properties into 1 and skipped renaming 0 properties.
Nov 05, 2020 4:59:53 AM com.google.javascript.jscomp.AmbiguateProperties process
INFO: Collapsed 2 properties into 2 and skipped renaming 0 properties.
Nov 05, 2020 4:59:55 AM com.google.javascript.jscomp.AmbiguateProperties process
INFO: Collapsed 2 properties into 1 and skipped renaming 0 properties.
Nov 05, 2020 4:59:57 AM com.google.javascript.jscomp.AmbiguateProperties process
INFO: Collapsed 3 properties into 2 and skipped renaming 0 properties.
Nov 05, 2020 5:00:00 AM com.google.javascript.jscomp.AmbiguateProperties process
INFO: Collapsed 3 properties into 2 and skipped renaming 0 properties.
Nov 05, 2020 5:00:02 AM com.google.javascript.jscomp.AmbiguateProperties process
INFO: Collapsed 10 properties into 5 and skipped renaming 0 properties.
Nov 05, 2020 5:00:05 AM com.google.javascript.jscomp.AmbiguateProperties process
INFO: Collapsed 6 properties into 3 and skipped renaming 0 properties.
Nov 05, 2020 5:00:07 AM com.google.javascript.jscomp.AmbiguateProperties process
INFO: Collapsed 20 properties into 10 and skipped renaming 0 properties.
Nov 05, 2020 5:00:09 AM com.google.javascript.jscomp.AmbiguateProperties process
INFO: Collapsed 10 properties into 1 and skipped renaming 0 properties.
Nov 05, 2020 5:00:12 AM com.google.javascript.jscomp.AmbiguateProperties process
INFO: Collapsed 2 properties into 1 and skipped renaming 0 properties.
Nov 05, 2020 5:00:14 AM com.google.javascript.jscomp.AmbiguateProperties process
INFO: Collapsed 0 properties into 1 and skipped renaming 1 properties.
Nov 05, 2020 5:00:17 AM com.google.javascript.jscomp.AmbiguateProperties process
INFO: Collapsed 0 properties into 1 and skipped renaming 0 properties.
Nov 05, 2020 5:00:19 AM com.google.javascript.jscomp.AmbiguateProperties process
INFO: Collapsed 2 properties into 2 and skipped renaming 0 properties.
Nov 05, 2020 5:00:21 AM com.google.javascript.jscomp.AmbiguateProperties process
INFO: Collapsed 0 properties into 1 and skipped renaming 1 properties.
Nov 05, 2020 5:00:24 AM com.google.javascript.jscomp.AmbiguateProperties process
INFO: Collapsed 1 properties into 1 and skipped renaming 0 properties.
Nov 05, 2020 5:00:26 AM com.google.javascript.jscomp.AmbiguateProperties process
INFO: Collapsed 0 properties into 1 and skipped renaming 1 properties.
Nov 05, 2020 5:00:28 AM com.google.javascript.jscomp.AmbiguateProperties process
INFO: Collapsed 0 properties into 1 and skipped renaming 1 properties.
Nov 05, 2020 5:00:31 AM com.google.javascript.jscomp.AmbiguateProperties process
INFO: Collapsed 0 properties into 1 and skipped renaming 1 properties.
Nov 05, 2020 5:00:33 AM com.google.javascript.jscomp.AmbiguateProperties process
INFO: Collapsed 0 properties into 1 and skipped renaming 1 properties.
Nov 05, 2020 5:00:35 AM com.google.javascript.jscomp.AmbiguateProperties process
INFO: Collapsed 0 properties into 1 and skipped renaming 0 properties.
Nov 05, 2020 5:00:38 AM com.google.javascript.jscomp.AmbiguateProperties process
INFO: Collapsed 1 properties into 1 and skipped renaming 0 properties.
Nov 05, 2020 5:00:40 AM com.google.javascript.jscomp.AmbiguateProperties process
INFO: Collapsed 0 properties into 1 and skipped renaming 0 properties.
Nov 05, 2020 5:00:42 AM com.google.javascript.jscomp.AmbiguateProperties process
INFO: Collapsed 1 properties into 1 and skipped renaming 0 properties.
Nov 05, 2020 5:00:45 AM com.google.javascript.jscomp.AmbiguateProperties process
INFO: Collapsed 2 properties into 1 and skipped renaming 0 properties.
Nov 05, 2020 5:00:47 AM com.google.javascript.jscomp.AmbiguateProperties process
INFO: Collapsed 3 properties into 1 and skipped renaming 0 properties.
Nov 05, 2020 5:00:50 AM com.google.javascript.jscomp.AmbiguateProperties process
INFO: Collapsed 1 properties into 1 and skipped renaming 1 properties.
Nov 05, 2020 5:00:50 AM com.google.javascript.jscomp.AmbiguateProperties process
INFO: Collapsed 0 properties into 1 and skipped renaming 2 properties.
Nov 05, 2020 5:00:50 AM com.google.javascript.jscomp.AmbiguateProperties process
INFO: Collapsed 2 properties into 1 and skipped renaming 0 properties.
Nov 05, 2020 5:00:52 AM com.google.javascript.jscomp.AmbiguateProperties process
INFO: Collapsed 0 properties into 1 and skipped renaming 1 properties.
Nov 05, 2020 5:00:54 AM com.google.javascript.jscomp.AmbiguateProperties process
INFO: Collapsed 3 properties into 3 and skipped renaming 0 properties.
Nov 05, 2020 5:00:57 AM com.google.javascript.jscomp.AmbiguateProperties process
INFO: Collapsed 3 properties into 3 and skipped renaming 0 properties.
Nov 05, 2020 5:00:59 AM com.google.javascript.jscomp.AmbiguateProperties process
INFO: Collapsed 2 properties into 2 and skipped renaming 0 properties.
Nov 05, 2020 5:01:02 AM com.google.javascript.jscomp.AmbiguateProperties process
INFO: Collapsed 2 properties into 2 and skipped renaming 0 properties.
Nov 05, 2020 5:01:04 AM com.google.javascript.jscomp.AmbiguateProperties process
INFO: Collapsed 2 properties into 2 and skipped renaming 0 properties.
Nov 05, 2020 5:01:06 AM com.google.javascript.jscomp.AmbiguateProperties process
INFO: Collapsed 1 properties into 1 and skipped renaming 1 properties.
Nov 05, 2020 5:01:09 AM com.google.javascript.jscomp.AmbiguateProperties process
INFO: Collapsed 1 properties into 1 and skipped renaming 1 properties.
Nov 05, 2020 5:11:30 AM com.google.javascript.jscomp.PhaseOptimizer$NamedPass process
INFO: processGoogScopeAliases
Nov 05, 2020 5:11:30 AM com.google.javascript.jscomp.PhaseOptimizer$NamedPass process
INFO: checkRequires
Nov 05, 2020 5:11:30 AM com.google.javascript.jscomp.PhaseOptimizer$NamedPass process
INFO: processProvidesAndRequires
Nov 05, 2020 5:11:30 AM com.google.javascript.jscomp.PhaseOptimizer$NamedPass process
INFO: checkVars
Nov 05, 2020 5:11:30 AM com.google.javascript.jscomp.PhaseOptimizer$NamedPass process
INFO: renameCssNames
Nov 05, 2020 5:11:30 AM com.google.javascript.jscomp.PhaseOptimizer$NamedPass process
INFO: replaceMessages
Nov 05, 2020 5:11:30 AM com.google.javascript.jscomp.PhaseOptimizer$NamedPass process
INFO: processDefines
Nov 05, 2020 5:11:30 AM com.google.javascript.jscomp.Compiler normalize
INFO: Normalizing
Nov 05, 2020 5:11:30 AM com.google.javascript.jscomp.PhaseOptimizer$NamedPass process
INFO: beforeStandardOptimizations
Nov 05, 2020 5:11:30 AM com.google.javascript.jscomp.PhaseOptimizer$NamedPass process
INFO: closureCodeRemoval
Nov 05, 2020 5:11:30 AM com.google.javascript.jscomp.PhaseOptimizer$NamedPass process
INFO: beforeMainOptimizations
Nov 05, 2020 5:11:30 AM com.google.javascript.jscomp.PhaseOptimizer$NamedPass process
INFO: beforeModuleMotion
Nov 05, 2020 5:11:30 AM com.google.javascript.jscomp.PhaseOptimizer$NamedPass process
INFO: afterModuleMotion
Nov 05, 2020 5:11:30 AM com.google.javascript.jscomp.PhaseOptimizer$NamedPass process
INFO: markUnnormalized
Nov 05, 2020 5:11:30 AM com.google.javascript.jscomp.PhaseOptimizer$NamedPass process
INFO: denormalize
Nov 05, 2020 5:11:30 AM com.google.javascript.jscomp.PhaseOptimizer$NamedPass process
INFO: invertNames
Nov 05, 2020 5:11:30 AM com.google.javascript.jscomp.LoggerErrorManager println
WARNING: foo.js:1: WARNING - 'foo.bar.goo' used but not goog.require'd

Nov 05, 2020 5:11:30 AM com.google.javascript.jscomp.LoggerErrorManager printSummary
WARNING: 0 error(s), 1 warning(s)
Closure Compiler (http://code.google.com/closure/compiler)
Version: Unversioned directory
Built on: 2020/11/04 20:56
Nov 05, 2020 5:55:25 AM com.google.javascript.jscomp.LoggerErrorManager println
WARNING: testcode:4: WARNING - Unable to determine type of parameter InternalName for exported function b

Nov 05, 2020 5:55:25 AM com.google.javascript.jscomp.LoggerErrorManager println
WARNING: testcode:4: WARNING - Unable to determine type of parameter InternalName for exported function c

Nov 05, 2020 5:55:25 AM com.google.javascript.jscomp.LoggerErrorManager printSummary
WARNING: 0 error(s), 2 warning(s), 100% typed
Nov 05, 2020 5:55:29 AM com.google.javascript.jscomp.LoggerErrorManager println
WARNING: testcode:1: WARNING - Unable to determine type of parameter a for exported function d

Nov 05, 2020 5:55:29 AM com.google.javascript.jscomp.LoggerErrorManager println
WARNING: testcode:1: WARNING - Unable to determine type of parameter a for exported function e

Nov 05, 2020 5:55:29 AM com.google.javascript.jscomp.LoggerErrorManager println
WARNING: testcode:1: WARNING - Unable to determine type of parameter a for exported function f

Nov 05, 2020 5:55:29 AM com.google.javascript.jscomp.LoggerErrorManager printSummary
WARNING: 0 error(s), 3 warning(s), 100% typed
Nov 05, 2020 5:55:33 AM com.google.javascript.jscomp.LoggerErrorManager println
WARNING: testcode:1: WARNING - Unable to determine type of parameter a.b.c for exported function d

Nov 05, 2020 5:55:33 AM com.google.javascript.jscomp.LoggerErrorManager println
WARNING: testcode:1: WARNING - Unable to determine type of parameter a.b.c for exported function e

Nov 05, 2020 5:55:33 AM com.google.javascript.jscomp.LoggerErrorManager println
WARNING: testcode:1: WARNING - Unable to determine type of parameter a.b.c for exported function f

Nov 05, 2020 5:55:33 AM com.google.javascript.jscomp.LoggerErrorManager printSummary
WARNING: 0 error(s), 3 warning(s), 100% typed
Nov 05, 2020 5:55:38 AM com.google.javascript.jscomp.LoggerErrorManager println
WARNING: testcode:1: WARNING - Unable to determine type of parameter a.b for exported function p1

Nov 05, 2020 5:55:38 AM com.google.javascript.jscomp.LoggerErrorManager println
WARNING: testcode:1: WARNING - Unable to determine type of parameter a.b.c for exported function d

Nov 05, 2020 5:55:38 AM com.google.javascript.jscomp.LoggerErrorManager println
WARNING: testcode:1: WARNING - Unable to determine type of parameter a.b.c for exported function e

Nov 05, 2020 5:55:38 AM com.google.javascript.jscomp.LoggerErrorManager println
WARNING: testcode:1: WARNING - Unable to determine type of parameter a.b.c for exported function f

Nov 05, 2020 5:55:38 AM com.google.javascript.jscomp.LoggerErrorManager println
WARNING: testcode:1: WARNING - Unable to determine type of parameter a.b.prototype.c for exported function g

Nov 05, 2020 5:55:38 AM com.google.javascript.jscomp.LoggerErrorManager println
WARNING: testcode:1: WARNING - Unable to determine type of parameter a.b.prototype.c for exported function h

Nov 05, 2020 5:55:38 AM com.google.javascript.jscomp.LoggerErrorManager println
WARNING: testcode:1: WARNING - Unable to determine type of parameter a.b.prototype.c for exported function i

Nov 05, 2020 5:55:38 AM com.google.javascript.jscomp.LoggerErrorManager printSummary
WARNING: 0 error(s), 7 warning(s), 100% typed
Nov 05, 2020 5:55:42 AM com.google.javascript.jscomp.LoggerErrorManager println
WARNING: testcode:1: WARNING - Unable to determine type of parameter a.b.c for exported function d

Nov 05, 2020 5:55:42 AM com.google.javascript.jscomp.LoggerErrorManager println
WARNING: testcode:1: WARNING - Unable to determine type of parameter a.b.c for exported function e

Nov 05, 2020 5:55:42 AM com.google.javascript.jscomp.LoggerErrorManager println
WARNING: testcode:1: WARNING - Unable to determine type of parameter a.b.c for exported function f

Nov 05, 2020 5:55:42 AM com.google.javascript.jscomp.LoggerErrorManager println
WARNING: testcode:1: WARNING - Unable to determine type of parameter a.b.prototype.c for exported function g

Nov 05, 2020 5:55:42 AM com.google.javascript.jscomp.LoggerErrorManager println
WARNING: testcode:1: WARNING - Unable to determine type of parameter a.b.prototype.c for exported function h

Nov 05, 2020 5:55:42 AM com.google.javascript.jscomp.LoggerErrorManager println
WARNING: testcode:1: WARNING - Unable to determine type of parameter a.b.prototype.c for exported function i

Nov 05, 2020 5:55:42 AM com.google.javascript.jscomp.LoggerErrorManager printSummary
WARNING: 0 error(s), 6 warning(s), 100% typed
Nov 05, 2020 5:55:46 AM com.google.javascript.jscomp.LoggerErrorManager println
WARNING: testcode:1: WARNING - Unable to determine type of parameter a.b for exported function p1

Nov 05, 2020 5:55:46 AM com.google.javascript.jscomp.LoggerErrorManager println
WARNING: testcode:1: WARNING - Unable to determine type of parameter a.b.c for exported function d

Nov 05, 2020 5:55:46 AM com.google.javascript.jscomp.LoggerErrorManager println
WARNING: testcode:1: WARNING - Unable to determine type of parameter a.b.c for exported function e

Nov 05, 2020 5:55:46 AM com.google.javascript.jscomp.LoggerErrorManager println
WARNING: testcode:1: WARNING - Unable to determine type of parameter a.b.c for exported function f

Nov 05, 2020 5:55:46 AM com.google.javascript.jscomp.LoggerErrorManager printSummary
WARNING: 0 error(s), 4 warning(s), 100% typed
Nov 05, 2020 5:56:18 AM com.google.javascript.jscomp.LoggerErrorManager println
WARNING: testcode:5: WARNING - Unable to determine return type for exported function internalName
internalName = function(a) {  return 6;
                       ^

Nov 05, 2020 5:56:18 AM com.google.javascript.jscomp.LoggerErrorManager printSummary
WARNING: 0 error(s), 1 warning(s), 100% typed
Nov 05, 2020 5:56:34 AM com.google.javascript.jscomp.LoggerErrorManager println
WARNING: testcode:1: WARNING - Unable to determine return type for exported function InternalName

Nov 05, 2020 5:56:34 AM com.google.javascript.jscomp.LoggerErrorManager printSummary
WARNING: 0 error(s), 1 warning(s), 100% typed
Nov 05, 2020 5:56:43 AM com.google.javascript.jscomp.LoggerErrorManager println
WARNING: testcode:1: WARNING - Unable to determine type of parameter a.b.c for exported function d

Nov 05, 2020 5:56:43 AM com.google.javascript.jscomp.LoggerErrorManager println
WARNING: testcode:1: WARNING - Unable to determine type of parameter a.b.c for exported function e

Nov 05, 2020 5:56:43 AM com.google.javascript.jscomp.LoggerErrorManager println
WARNING: testcode:1: WARNING - Unable to determine type of parameter a.b.c for exported function f

Nov 05, 2020 5:56:43 AM com.google.javascript.jscomp.LoggerErrorManager printSummary
WARNING: 0 error(s), 3 warning(s), 100% typed
08:40:11.880 [main] INFO  JaguarDF - Test testIssue291(com.google.javascript.jscomp.PeepholeSubstituteAlternateSyntaxTest) : Failed
line: [0, 0, 0, 0, 0, 0, 0, 0, 1, 1, 1, 1, 1, 1, 1, 1, 1, 1, 2, 2, 3, 3]
line: [0, 0, 0, 0, 0, 0, 0, 0, 1, 1, 1, 1, 1, 1, 1, 1, 1, 1, 2, 3, 3, 3, 3, 3, 3, 3, 3, 3, 3, 2, 4, 4, 4, 4, 4, 4, 4, 4, 4, 4, 2, 5, 6, 6, 6, 6, 7, 7, 7, 7, 7, 7, 7, 7, 8, 8, 8, 8, 8, 8, 8, 8, 8, 5]
line: [0, 0, 0, 0, 0, 0, 0, 0, 1, 1, 1, 1, 1, 1, 1, 1, 1, 1, 2, 3, 3, 3, 3, 3, 3, 3, 3, 3, 3, 2, 4, 4, 4, 4, 4, 4, 4, 4, 4, 4, 2, 5, 6, 6, 6, 6, 7, 7, 7, 7, 7, 7, 7, 7, 8, 8, 8, 8, 8, 8, 8, 8, 8, 9, 9, 9, 9, 9, 10, 10, 10, 10, 10, 10, 10, 10, 11, 11, 11, 11, 11, 11, 11, 11, 11, 11, 5]
line: [0, 0, 0, 0, 0, 0, 0, 0, 1, 1, 1, 1, 1, 1, 1, 1, 1, 1, 2, 3, 3, 3, 3, 3, 3, 3, 3, 3, 3, 2, 4, 4, 4, 4, 4, 4, 4, 4, 4, 4, 2, 5, 6, 6, 6, 6, 7, 7, 7, 7, 7, 7, 7, 7, 8, 8, 8, 8, 8, 8, 8, 8, 8, 9, 9, 9, 9, 9, 10, 10, 10, 10, 10, 10, 10, 10, 11, 11, 11, 11, 11, 11, 11, 11, 11, 11, 5, 12, 12, 12, 12, 12, 12, 12, 12, 13, 13, 13, 13, 13, 13, 13, 13, 13, 13, 13, 14, 15, 15, 15, 15, 15, 15, 15, 15, 15, 15, 14, 16, 16, 16, 16, 16, 16, 16, 16, 16, 16, 14, 17, 18, 18, 18, 18, 19, 19, 19, 19, 19, 19, 19, 19, 19, 20, 20, 20, 20, 20, 20, 20, 20, 20, 20, 21, 21, 21, 21, 21, 22, 22, 22, 22, 22, 22, 22, 22, 22, 23, 23, 23, 23, 23, 23, 23, 23, 23, 23, 17]
Nov 05, 2020 11:53:46 AM com.google.javascript.jscomp.parsing.ParserRunner parse
INFO: Error parsing input: JSCompiler test code: Compilation produced 2 syntax errors.
Nov 05, 2020 11:58:41 AM com.google.javascript.jscomp.parsing.ParserRunner parse
INFO: Error parsing input: JSCompiler test code: Compilation produced 1 syntax errors.
Nov 05, 2020 11:59:01 AM com.google.javascript.jscomp.parsing.ParserRunner parse
INFO: Error parsing input: JSCompiler test code: Compilation produced 1 syntax errors.
Nov 05, 2020 11:59:16 AM com.google.javascript.jscomp.parsing.ParserRunner parse
INFO: Error parsing input: JSCompiler test code: Compilation produced 1 syntax errors.
Nov 05, 2020 11:59:21 AM com.google.javascript.jscomp.parsing.ParserRunner parse
INFO: Error parsing input: JSCompiler test code: Compilation produced 1 syntax errors.
Nov 05, 2020 11:59:26 AM com.google.javascript.jscomp.parsing.ParserRunner parse
INFO: Error parsing input: JSCompiler test code: Compilation produced 1 syntax errors.
Nov 05, 2020 11:59:36 AM com.google.javascript.jscomp.parsing.ParserRunner parse
INFO: Error parsing input: JSCompiler test code: Compilation produced 1 syntax errors.
Nov 05, 2020 11:59:41 AM com.google.javascript.jscomp.parsing.ParserRunner parse
INFO: Error parsing input: JSCompiler test code: Compilation produced 2 syntax errors.
Nov 05, 2020 11:59:46 AM com.google.javascript.jscomp.parsing.ParserRunner parse
INFO: Error parsing input: JSCompiler test code: Compilation produced 2 syntax errors.
Nov 05, 2020 12:00:01 PM com.google.javascript.jscomp.parsing.ParserRunner parse
INFO: Error parsing input: JSCompiler test code: Compilation produced 2 syntax errors.
Nov 05, 2020 12:00:36 PM com.google.javascript.jscomp.parsing.ParserRunner parse
INFO: Error parsing input: JSCompiler test code: Compilation produced 1 syntax errors.
java.lang.IllegalStateException
	at com.google.common.base.Preconditions.checkState(Preconditions.java:129)
	at com.google.javascript.rhino.jstype.PrototypeObjectType.setImplicitPrototype(PrototypeObjectType.java:390)
	at com.google.javascript.rhino.jstype.FunctionType.setPrototypeBasedOn(FunctionType.java:277)
	at com.google.javascript.rhino.jstype.JSTypeTest.testInvalidSetPrototypeBasedOn(JSTypeTest.java:4992)
	at sun.reflect.NativeMethodAccessorImpl.invoke0(Native Method)
	at sun.reflect.NativeMethodAccessorImpl.invoke(NativeMethodAccessorImpl.java:62)
	at sun.reflect.DelegatingMethodAccessorImpl.invoke(DelegatingMethodAccessorImpl.java:43)
	at java.lang.reflect.Method.invoke(Method.java:498)
	at junit.framework.TestCase.runTest(TestCase.java:168)
	at junit.framework.TestCase.runBare(TestCase.java:134)
	at junit.framework.TestResult$1.protect(TestResult.java:110)
	at junit.framework.TestResult.runProtected(TestResult.java:128)
	at junit.framework.TestResult.run(TestResult.java:113)
	at junit.framework.TestCase.run(TestCase.java:124)
	at junit.framework.TestSuite.runTest(TestSuite.java:243)
	at junit.framework.TestSuite.run(TestSuite.java:238)
	at org.junit.internal.runners.JUnit38ClassRunner.run(JUnit38ClassRunner.java:83)
	at org.junit.runners.Suite.runChild(Suite.java:128)
	at org.junit.runners.Suite.runChild(Suite.java:24)
	at org.junit.runners.ParentRunner$3.run(ParentRunner.java:193)
	at org.junit.runners.ParentRunner$1.schedule(ParentRunner.java:52)
	at org.junit.runners.ParentRunner.runChildren(ParentRunner.java:191)
	at org.junit.runners.ParentRunner.access$000(ParentRunner.java:42)
	at org.junit.runners.ParentRunner$2.evaluate(ParentRunner.java:184)
	at org.junit.runners.ParentRunner.run(ParentRunner.java:236)
	at org.junit.runner.JUnitCore.run(JUnitCore.java:157)
	at org.junit.runner.JUnitCore.run(JUnitCore.java:136)
	at org.junit.runner.JUnitCore.run(JUnitCore.java:117)
	at br.usp.each.saeg.jaguardf.cli.JaguarRunner.run(JaguarRunner.java:64)
	at br.usp.each.saeg.jaguardf.cli.JaguarRunner.main(JaguarRunner.java:96)
12:24:29.790 [main] INFO  JaguarDF - Jaguar-DF has finished!

real	446m34.368s
user	442m49.895s
sys	4m36.573s
