21:45:05.159 [main] INFO  JaguarDF - Welcome to Jaguar-DF CLI!
21:45:05.888 [main] DEBUG JaguarDF - CLI Arguments: [--projectDir, d4jprojects/closure-compiler, --classesDir, build/classes, --testsDir, build/test, --tests, tests.out, --logLevel, INFO]
Oct 22, 2021 9:45:58 PM com.google.javascript.jscomp.PhaseOptimizer$NamedPass process
INFO: checkVars
Oct 22, 2021 9:45:58 PM com.google.javascript.jscomp.PhaseOptimizer$NamedPass process
INFO: replaceMessages
Oct 22, 2021 9:45:58 PM com.google.javascript.jscomp.PhaseOptimizer$NamedPass process
INFO: processDefines
Oct 22, 2021 9:46:00 PM com.google.javascript.jscomp.PhaseOptimizer$NamedPass process
INFO: checkVars
Oct 22, 2021 9:46:00 PM com.google.javascript.jscomp.PhaseOptimizer$NamedPass process
INFO: replaceMessages
Oct 22, 2021 9:46:00 PM com.google.javascript.jscomp.PhaseOptimizer$NamedPass process
INFO: processDefines
Oct 22, 2021 9:46:01 PM com.google.javascript.jscomp.PhaseOptimizer$NamedPass process
INFO: checkVars
Oct 22, 2021 9:46:02 PM com.google.javascript.jscomp.PhaseOptimizer$NamedPass process
INFO: replaceMessages
Oct 22, 2021 9:46:02 PM com.google.javascript.jscomp.PhaseOptimizer$NamedPass process
INFO: processDefines
Oct 22, 2021 9:46:03 PM com.google.javascript.jscomp.PhaseOptimizer$NamedPass process
INFO: checkVars
Oct 22, 2021 9:46:03 PM com.google.javascript.jscomp.PhaseOptimizer$NamedPass process
INFO: replaceMessages
Oct 22, 2021 9:46:03 PM com.google.javascript.jscomp.PhaseOptimizer$NamedPass process
INFO: processDefines
Oct 22, 2021 9:46:05 PM com.google.javascript.jscomp.PhaseOptimizer$NamedPass process
INFO: checkVars
Oct 22, 2021 9:46:05 PM com.google.javascript.jscomp.PhaseOptimizer$NamedPass process
INFO: replaceMessages
Oct 22, 2021 9:46:05 PM com.google.javascript.jscomp.PhaseOptimizer$NamedPass process
INFO: processDefines
Oct 22, 2021 9:46:06 PM com.google.javascript.jscomp.PhaseOptimizer$NamedPass process
INFO: checkVars
Oct 22, 2021 9:46:06 PM com.google.javascript.jscomp.PhaseOptimizer$NamedPass process
INFO: replaceMessages
Oct 22, 2021 9:46:06 PM com.google.javascript.jscomp.PhaseOptimizer$NamedPass process
INFO: processDefines
Oct 22, 2021 9:46:07 PM com.google.javascript.jscomp.PhaseOptimizer$NamedPass process
INFO: checkVars
Oct 22, 2021 9:46:07 PM com.google.javascript.jscomp.PhaseOptimizer$NamedPass process
INFO: replaceMessages
Oct 22, 2021 9:46:07 PM com.google.javascript.jscomp.PhaseOptimizer$NamedPass process
INFO: processDefines
Oct 22, 2021 9:46:08 PM com.google.javascript.jscomp.PhaseOptimizer$NamedPass process
INFO: checkVars
Oct 22, 2021 9:46:08 PM com.google.javascript.jscomp.PhaseOptimizer$NamedPass process
INFO: replaceMessages
Oct 22, 2021 9:46:08 PM com.google.javascript.jscomp.PhaseOptimizer$NamedPass process
INFO: processDefines
Oct 22, 2021 9:46:10 PM com.google.javascript.jscomp.PhaseOptimizer$NamedPass process
INFO: checkVars
Oct 22, 2021 9:46:10 PM com.google.javascript.jscomp.PhaseOptimizer$NamedPass process
INFO: replaceMessages
Oct 22, 2021 9:46:10 PM com.google.javascript.jscomp.PhaseOptimizer$NamedPass process
INFO: processDefines
Oct 22, 2021 9:46:11 PM com.google.javascript.jscomp.PhaseOptimizer$NamedPass process
INFO: checkVars
Oct 22, 2021 9:46:11 PM com.google.javascript.jscomp.PhaseOptimizer$NamedPass process
INFO: replaceMessages
Oct 22, 2021 9:46:11 PM com.google.javascript.jscomp.PhaseOptimizer$NamedPass process
INFO: processDefines
Oct 22, 2021 9:46:11 PM com.google.javascript.jscomp.PhaseOptimizer$NamedPass process
INFO: checkVars
Oct 22, 2021 9:46:11 PM com.google.javascript.jscomp.PhaseOptimizer$NamedPass process
INFO: replaceMessages
Oct 22, 2021 9:46:11 PM com.google.javascript.jscomp.PhaseOptimizer$NamedPass process
INFO: processDefines
Oct 22, 2021 9:46:12 PM com.google.javascript.jscomp.PhaseOptimizer$NamedPass process
INFO: checkVars
Oct 22, 2021 9:46:12 PM com.google.javascript.jscomp.PhaseOptimizer$NamedPass process
INFO: replaceMessages
Oct 22, 2021 9:46:12 PM com.google.javascript.jscomp.PhaseOptimizer$NamedPass process
INFO: processDefines
Oct 22, 2021 9:46:13 PM com.google.javascript.jscomp.PhaseOptimizer$NamedPass process
INFO: checkVars
Oct 22, 2021 9:46:13 PM com.google.javascript.jscomp.PhaseOptimizer$NamedPass process
INFO: replaceMessages
Oct 22, 2021 9:46:13 PM com.google.javascript.jscomp.PhaseOptimizer$NamedPass process
INFO: processDefines
Oct 22, 2021 9:46:14 PM com.google.javascript.jscomp.PhaseOptimizer$NamedPass process
INFO: checkVars
Oct 22, 2021 9:46:14 PM com.google.javascript.jscomp.PhaseOptimizer$NamedPass process
INFO: replaceMessages
Oct 22, 2021 9:46:14 PM com.google.javascript.jscomp.PhaseOptimizer$NamedPass process
INFO: processDefines
Oct 22, 2021 9:46:17 PM com.google.javascript.jscomp.PhaseOptimizer$NamedPass process
INFO: checkVars
Oct 22, 2021 9:46:17 PM com.google.javascript.jscomp.PhaseOptimizer$NamedPass process
INFO: replaceMessages
Oct 22, 2021 9:46:17 PM com.google.javascript.jscomp.PhaseOptimizer$NamedPass process
INFO: processDefines
Oct 22, 2021 9:46:17 PM com.google.javascript.jscomp.PhaseOptimizer$NamedPass process
INFO: checkVars
Oct 22, 2021 9:46:17 PM com.google.javascript.jscomp.PhaseOptimizer$NamedPass process
INFO: replaceMessages
Oct 22, 2021 9:46:17 PM com.google.javascript.jscomp.PhaseOptimizer$NamedPass process
INFO: processDefines
Oct 22, 2021 9:46:19 PM com.google.javascript.jscomp.PhaseOptimizer$NamedPass process
INFO: checkVars
Oct 22, 2021 9:46:19 PM com.google.javascript.jscomp.PhaseOptimizer$NamedPass process
INFO: replaceMessages
Oct 22, 2021 9:46:19 PM com.google.javascript.jscomp.PhaseOptimizer$NamedPass process
INFO: processDefines
Oct 22, 2021 9:46:19 PM com.google.javascript.jscomp.PhaseOptimizer$NamedPass process
INFO: checkVars
Oct 22, 2021 9:46:19 PM com.google.javascript.jscomp.PhaseOptimizer$NamedPass process
INFO: replaceMessages
Oct 22, 2021 9:46:19 PM com.google.javascript.jscomp.PhaseOptimizer$NamedPass process
INFO: processDefines
Oct 22, 2021 9:46:21 PM com.google.javascript.jscomp.PhaseOptimizer$NamedPass process
INFO: checkVars
Oct 22, 2021 9:46:21 PM com.google.javascript.jscomp.PhaseOptimizer$NamedPass process
INFO: replaceMessages
Oct 22, 2021 9:46:21 PM com.google.javascript.jscomp.PhaseOptimizer$NamedPass process
INFO: processDefines
Oct 22, 2021 9:46:23 PM com.google.javascript.jscomp.PhaseOptimizer$NamedPass process
INFO: checkVars
Oct 22, 2021 9:46:23 PM com.google.javascript.jscomp.PhaseOptimizer$NamedPass process
INFO: replaceMessages
Oct 22, 2021 9:46:23 PM com.google.javascript.jscomp.PhaseOptimizer$NamedPass process
INFO: processDefines
Oct 22, 2021 9:46:25 PM com.google.javascript.jscomp.PhaseOptimizer$NamedPass process
INFO: checkVars
Oct 22, 2021 9:46:25 PM com.google.javascript.jscomp.PhaseOptimizer$NamedPass process
INFO: replaceMessages
Oct 22, 2021 9:46:25 PM com.google.javascript.jscomp.PhaseOptimizer$NamedPass process
INFO: processDefines
Oct 22, 2021 9:46:28 PM com.google.javascript.jscomp.PhaseOptimizer$NamedPass process
INFO: checkVars
Oct 22, 2021 9:46:28 PM com.google.javascript.jscomp.PhaseOptimizer$NamedPass process
INFO: replaceMessages
Oct 22, 2021 9:46:28 PM com.google.javascript.jscomp.PhaseOptimizer$NamedPass process
INFO: processDefines
Oct 22, 2021 9:46:30 PM com.google.javascript.jscomp.PhaseOptimizer$NamedPass process
INFO: checkVars
Oct 22, 2021 9:46:30 PM com.google.javascript.jscomp.PhaseOptimizer$NamedPass process
INFO: replaceMessages
Oct 22, 2021 9:46:30 PM com.google.javascript.jscomp.PhaseOptimizer$NamedPass process
INFO: processDefines
Oct 22, 2021 9:46:32 PM com.google.javascript.jscomp.PhaseOptimizer$NamedPass process
INFO: checkVars
Oct 22, 2021 9:46:32 PM com.google.javascript.jscomp.PhaseOptimizer$NamedPass process
INFO: replaceMessages
Oct 22, 2021 9:46:32 PM com.google.javascript.jscomp.PhaseOptimizer$NamedPass process
INFO: processDefines
Oct 22, 2021 9:46:32 PM com.google.javascript.jscomp.PhaseOptimizer$NamedPass process
INFO: checkVars
Oct 22, 2021 9:46:32 PM com.google.javascript.jscomp.PhaseOptimizer$NamedPass process
INFO: replaceMessages
Oct 22, 2021 9:46:32 PM com.google.javascript.jscomp.PhaseOptimizer$NamedPass process
INFO: processDefines
Oct 22, 2021 9:46:34 PM com.google.javascript.jscomp.PhaseOptimizer$NamedPass process
INFO: checkVars
Oct 22, 2021 9:46:34 PM com.google.javascript.jscomp.PhaseOptimizer$NamedPass process
INFO: replaceMessages
Oct 22, 2021 9:46:34 PM com.google.javascript.jscomp.PhaseOptimizer$NamedPass process
INFO: processDefines
Oct 22, 2021 9:46:36 PM com.google.javascript.jscomp.PhaseOptimizer$NamedPass process
INFO: checkVars
Oct 22, 2021 9:46:36 PM com.google.javascript.jscomp.PhaseOptimizer$NamedPass process
INFO: replaceMessages
Oct 22, 2021 9:46:36 PM com.google.javascript.jscomp.PhaseOptimizer$NamedPass process
INFO: processDefines
Oct 22, 2021 9:46:38 PM com.google.javascript.jscomp.PhaseOptimizer$NamedPass process
INFO: checkVars
Oct 22, 2021 9:46:38 PM com.google.javascript.jscomp.PhaseOptimizer$NamedPass process
INFO: replaceMessages
Oct 22, 2021 9:46:38 PM com.google.javascript.jscomp.PhaseOptimizer$NamedPass process
INFO: processDefines
Oct 22, 2021 9:46:40 PM com.google.javascript.jscomp.PhaseOptimizer$NamedPass process
INFO: checkVars
Oct 22, 2021 9:46:40 PM com.google.javascript.jscomp.PhaseOptimizer$NamedPass process
INFO: replaceMessages
Oct 22, 2021 9:46:40 PM com.google.javascript.jscomp.PhaseOptimizer$NamedPass process
INFO: processDefines
Oct 22, 2021 9:46:41 PM com.google.javascript.jscomp.PhaseOptimizer$NamedPass process
INFO: checkVars
Oct 22, 2021 9:46:41 PM com.google.javascript.jscomp.PhaseOptimizer$NamedPass process
INFO: replaceMessages
Oct 22, 2021 9:46:41 PM com.google.javascript.jscomp.PhaseOptimizer$NamedPass process
INFO: processDefines
Oct 22, 2021 9:46:43 PM com.google.javascript.jscomp.PhaseOptimizer$NamedPass process
INFO: checkVars
Oct 22, 2021 9:46:43 PM com.google.javascript.jscomp.PhaseOptimizer$NamedPass process
INFO: replaceMessages
Oct 22, 2021 9:46:43 PM com.google.javascript.jscomp.PhaseOptimizer$NamedPass process
INFO: processDefines
Oct 22, 2021 9:46:43 PM com.google.javascript.jscomp.PhaseOptimizer$NamedPass process
INFO: checkVars
Oct 22, 2021 9:46:43 PM com.google.javascript.jscomp.PhaseOptimizer$NamedPass process
INFO: replaceMessages
Oct 22, 2021 9:46:43 PM com.google.javascript.jscomp.PhaseOptimizer$NamedPass process
INFO: processDefines
Oct 22, 2021 9:46:45 PM com.google.javascript.jscomp.PhaseOptimizer$NamedPass process
INFO: checkVars
Oct 22, 2021 9:46:45 PM com.google.javascript.jscomp.PhaseOptimizer$NamedPass process
INFO: replaceMessages
Oct 22, 2021 9:46:45 PM com.google.javascript.jscomp.PhaseOptimizer$NamedPass process
INFO: processDefines
Oct 22, 2021 9:46:47 PM com.google.javascript.jscomp.PhaseOptimizer$NamedPass process
INFO: checkVars
Oct 22, 2021 9:46:47 PM com.google.javascript.jscomp.PhaseOptimizer$NamedPass process
INFO: replaceMessages
Oct 22, 2021 9:46:47 PM com.google.javascript.jscomp.PhaseOptimizer$NamedPass process
INFO: processDefines
Oct 22, 2021 9:46:57 PM com.google.javascript.jscomp.PhaseOptimizer$NamedPass process
INFO: checkVars
Oct 22, 2021 9:46:57 PM com.google.javascript.jscomp.PhaseOptimizer$NamedPass process
INFO: replaceMessages
Oct 22, 2021 9:46:57 PM com.google.javascript.jscomp.PhaseOptimizer$NamedPass process
INFO: processDefines
Oct 22, 2021 9:46:59 PM com.google.javascript.jscomp.PhaseOptimizer$NamedPass process
INFO: checkVars
Oct 22, 2021 9:46:59 PM com.google.javascript.jscomp.PhaseOptimizer$NamedPass process
INFO: replaceMessages
Oct 22, 2021 9:46:59 PM com.google.javascript.jscomp.PhaseOptimizer$NamedPass process
INFO: processDefines
Oct 22, 2021 9:47:02 PM com.google.javascript.jscomp.PhaseOptimizer$NamedPass process
INFO: checkVars
Oct 22, 2021 9:47:02 PM com.google.javascript.jscomp.PhaseOptimizer$NamedPass process
INFO: replaceMessages
Oct 22, 2021 9:47:02 PM com.google.javascript.jscomp.PhaseOptimizer$NamedPass process
INFO: processDefines
Oct 22, 2021 9:47:04 PM com.google.javascript.jscomp.PhaseOptimizer$NamedPass process
INFO: checkVars
Oct 22, 2021 9:47:04 PM com.google.javascript.jscomp.PhaseOptimizer$NamedPass process
INFO: replaceMessages
Oct 22, 2021 9:47:04 PM com.google.javascript.jscomp.PhaseOptimizer$NamedPass process
INFO: processDefines
Oct 22, 2021 9:47:06 PM com.google.javascript.jscomp.PhaseOptimizer$NamedPass process
INFO: checkVars
Oct 22, 2021 9:47:06 PM com.google.javascript.jscomp.PhaseOptimizer$NamedPass process
INFO: replaceMessages
Oct 22, 2021 9:47:06 PM com.google.javascript.jscomp.PhaseOptimizer$NamedPass process
INFO: processDefines
Oct 22, 2021 9:47:06 PM com.google.javascript.jscomp.PhaseOptimizer$NamedPass process
INFO: checkVars
Oct 22, 2021 9:47:06 PM com.google.javascript.jscomp.PhaseOptimizer$NamedPass process
INFO: replaceMessages
Oct 22, 2021 9:47:06 PM com.google.javascript.jscomp.PhaseOptimizer$NamedPass process
INFO: processDefines
Oct 22, 2021 9:47:08 PM com.google.javascript.jscomp.PhaseOptimizer$NamedPass process
INFO: checkVars
Oct 22, 2021 9:47:08 PM com.google.javascript.jscomp.PhaseOptimizer$NamedPass process
INFO: replaceMessages
Oct 22, 2021 9:47:08 PM com.google.javascript.jscomp.PhaseOptimizer$NamedPass process
INFO: processDefines
Oct 22, 2021 9:47:10 PM com.google.javascript.jscomp.PhaseOptimizer$NamedPass process
INFO: checkVars
Oct 22, 2021 9:47:10 PM com.google.javascript.jscomp.PhaseOptimizer$NamedPass process
INFO: replaceMessages
Oct 22, 2021 9:47:10 PM com.google.javascript.jscomp.PhaseOptimizer$NamedPass process
INFO: processDefines
Oct 22, 2021 9:47:12 PM com.google.javascript.jscomp.PhaseOptimizer$NamedPass process
INFO: checkVars
Oct 22, 2021 9:47:12 PM com.google.javascript.jscomp.PhaseOptimizer$NamedPass process
INFO: replaceMessages
Oct 22, 2021 9:47:12 PM com.google.javascript.jscomp.PhaseOptimizer$NamedPass process
INFO: processDefines
Oct 22, 2021 9:47:14 PM com.google.javascript.jscomp.PhaseOptimizer$NamedPass process
INFO: checkVars
Oct 22, 2021 9:47:14 PM com.google.javascript.jscomp.PhaseOptimizer$NamedPass process
INFO: replaceMessages
Oct 22, 2021 9:47:14 PM com.google.javascript.jscomp.PhaseOptimizer$NamedPass process
INFO: processDefines
Oct 22, 2021 9:47:14 PM com.google.javascript.jscomp.PhaseOptimizer$NamedPass process
INFO: checkVars
Oct 22, 2021 9:47:14 PM com.google.javascript.jscomp.PhaseOptimizer$NamedPass process
INFO: replaceMessages
Oct 22, 2021 9:47:14 PM com.google.javascript.jscomp.PhaseOptimizer$NamedPass process
INFO: processDefines
Oct 22, 2021 9:47:16 PM com.google.javascript.jscomp.PhaseOptimizer$NamedPass process
INFO: checkVars
Oct 22, 2021 9:47:16 PM com.google.javascript.jscomp.PhaseOptimizer$NamedPass process
INFO: replaceMessages
Oct 22, 2021 9:47:16 PM com.google.javascript.jscomp.PhaseOptimizer$NamedPass process
INFO: processDefines
Oct 22, 2021 9:47:16 PM com.google.javascript.jscomp.PhaseOptimizer$NamedPass process
INFO: checkVars
Oct 22, 2021 9:47:16 PM com.google.javascript.jscomp.PhaseOptimizer$NamedPass process
INFO: replaceMessages
Oct 22, 2021 9:47:16 PM com.google.javascript.jscomp.PhaseOptimizer$NamedPass process
INFO: processDefines
Oct 22, 2021 9:47:18 PM com.google.javascript.jscomp.PhaseOptimizer$NamedPass process
INFO: checkVars
Oct 22, 2021 9:47:18 PM com.google.javascript.jscomp.PhaseOptimizer$NamedPass process
INFO: replaceMessages
Oct 22, 2021 9:47:18 PM com.google.javascript.jscomp.PhaseOptimizer$NamedPass process
INFO: processDefines
Oct 22, 2021 9:47:20 PM com.google.javascript.jscomp.PhaseOptimizer$NamedPass process
INFO: checkVars
Oct 22, 2021 9:47:21 PM com.google.javascript.jscomp.PhaseOptimizer$NamedPass process
INFO: replaceMessages
Oct 22, 2021 9:47:21 PM com.google.javascript.jscomp.PhaseOptimizer$NamedPass process
INFO: processDefines
Oct 22, 2021 9:47:23 PM com.google.javascript.jscomp.PhaseOptimizer$NamedPass process
INFO: checkVars
Oct 22, 2021 9:47:23 PM com.google.javascript.jscomp.PhaseOptimizer$NamedPass process
INFO: replaceMessages
Oct 22, 2021 9:47:23 PM com.google.javascript.jscomp.PhaseOptimizer$NamedPass process
INFO: processDefines
Oct 22, 2021 9:47:25 PM com.google.javascript.jscomp.PhaseOptimizer$NamedPass process
INFO: checkVars
Oct 22, 2021 9:47:25 PM com.google.javascript.jscomp.PhaseOptimizer$NamedPass process
INFO: replaceMessages
Oct 22, 2021 9:47:25 PM com.google.javascript.jscomp.PhaseOptimizer$NamedPass process
INFO: processDefines
Oct 22, 2021 9:47:25 PM com.google.javascript.jscomp.PhaseOptimizer$NamedPass process
INFO: checkVars
Oct 22, 2021 9:47:25 PM com.google.javascript.jscomp.PhaseOptimizer$NamedPass process
INFO: replaceMessages
Oct 22, 2021 9:47:25 PM com.google.javascript.jscomp.PhaseOptimizer$NamedPass process
INFO: processDefines
Oct 22, 2021 9:47:27 PM com.google.javascript.jscomp.PhaseOptimizer$NamedPass process
INFO: checkVars
Oct 22, 2021 9:47:27 PM com.google.javascript.jscomp.PhaseOptimizer$NamedPass process
INFO: replaceMessages
Oct 22, 2021 9:47:27 PM com.google.javascript.jscomp.PhaseOptimizer$NamedPass process
INFO: processDefines
Oct 22, 2021 9:47:27 PM com.google.javascript.jscomp.PhaseOptimizer$NamedPass process
INFO: checkVars
Oct 22, 2021 9:47:27 PM com.google.javascript.jscomp.PhaseOptimizer$NamedPass process
INFO: replaceMessages
Oct 22, 2021 9:47:27 PM com.google.javascript.jscomp.PhaseOptimizer$NamedPass process
INFO: processDefines
Oct 22, 2021 9:47:29 PM com.google.javascript.jscomp.PhaseOptimizer$NamedPass process
INFO: checkVars
Oct 22, 2021 9:47:29 PM com.google.javascript.jscomp.PhaseOptimizer$NamedPass process
INFO: replaceMessages
Oct 22, 2021 9:47:29 PM com.google.javascript.jscomp.PhaseOptimizer$NamedPass process
INFO: processDefines
Oct 22, 2021 9:47:31 PM com.google.javascript.jscomp.PhaseOptimizer$NamedPass process
INFO: checkVars
Oct 22, 2021 9:47:31 PM com.google.javascript.jscomp.PhaseOptimizer$NamedPass process
INFO: replaceMessages
Oct 22, 2021 9:47:31 PM com.google.javascript.jscomp.PhaseOptimizer$NamedPass process
INFO: processDefines
Oct 22, 2021 9:48:40 PM com.google.javascript.jscomp.AliasStrings process
INFO: Aliasing common strings
Oct 22, 2021 9:48:40 PM com.google.javascript.jscomp.AliasStrings process
INFO: Aliasing common strings
Oct 22, 2021 9:48:40 PM com.google.javascript.jscomp.AliasStrings process
INFO: Aliasing common strings
Oct 22, 2021 9:48:40 PM com.google.javascript.jscomp.AliasStrings process
INFO: Aliasing common strings
Oct 22, 2021 9:48:40 PM com.google.javascript.jscomp.AliasStrings process
INFO: Aliasing common strings
Oct 22, 2021 9:48:40 PM com.google.javascript.jscomp.AliasStrings process
INFO: Aliasing common strings
Oct 22, 2021 9:48:42 PM com.google.javascript.jscomp.AliasStrings process
INFO: Aliasing common strings
Oct 22, 2021 9:48:42 PM com.google.javascript.jscomp.AliasStrings process
INFO: Aliasing common strings
Oct 22, 2021 9:48:42 PM com.google.javascript.jscomp.AliasStrings process
INFO: Aliasing common strings
Oct 22, 2021 9:48:42 PM com.google.javascript.jscomp.AliasStrings process
INFO: Aliasing common strings
Oct 22, 2021 9:48:42 PM com.google.javascript.jscomp.AliasStrings process
INFO: Aliasing common strings
Oct 22, 2021 9:48:42 PM com.google.javascript.jscomp.AliasStrings process
INFO: Aliasing common strings
Oct 22, 2021 9:48:42 PM com.google.javascript.jscomp.AliasStrings process
INFO: Aliasing common strings
Oct 22, 2021 9:48:42 PM com.google.javascript.jscomp.AliasStrings process
INFO: Aliasing common strings
Oct 22, 2021 9:48:42 PM com.google.javascript.jscomp.AliasStrings process
INFO: Aliasing common strings
Oct 22, 2021 9:48:42 PM com.google.javascript.jscomp.AliasStrings process
INFO: Aliasing common strings
Oct 22, 2021 9:48:44 PM com.google.javascript.jscomp.AliasStrings process
INFO: Aliasing common strings
Oct 22, 2021 9:48:44 PM com.google.javascript.jscomp.AliasStrings process
INFO: Aliasing common strings
Oct 22, 2021 9:48:47 PM com.google.javascript.jscomp.AliasStrings process
INFO: Aliasing common strings
Oct 22, 2021 9:48:47 PM com.google.javascript.jscomp.AliasStrings process
INFO: Aliasing common strings
Oct 22, 2021 9:48:49 PM com.google.javascript.jscomp.AliasStrings process
INFO: Aliasing common strings
Oct 22, 2021 9:48:49 PM com.google.javascript.jscomp.AliasStrings process
INFO: Aliasing common strings
Oct 22, 2021 9:48:49 PM com.google.javascript.jscomp.AliasStrings process
INFO: Aliasing common strings
Oct 22, 2021 9:48:49 PM com.google.javascript.jscomp.AliasStrings process
INFO: Aliasing common strings
Oct 22, 2021 9:48:49 PM com.google.javascript.jscomp.AliasStrings process
INFO: Aliasing common strings
Oct 22, 2021 9:48:49 PM com.google.javascript.jscomp.AliasStrings process
INFO: Aliasing common strings
Oct 22, 2021 9:48:49 PM com.google.javascript.jscomp.AliasStrings process
INFO: Aliasing common strings
Oct 22, 2021 9:48:49 PM com.google.javascript.jscomp.AliasStrings process
INFO: Aliasing common strings
Oct 22, 2021 9:48:49 PM com.google.javascript.jscomp.AliasStrings process
INFO: Aliasing common strings
Oct 22, 2021 9:48:49 PM com.google.javascript.jscomp.AliasStrings process
INFO: Aliasing common strings
Oct 22, 2021 9:48:49 PM com.google.javascript.jscomp.AliasStrings process
INFO: Aliasing common strings
Oct 22, 2021 9:48:49 PM com.google.javascript.jscomp.AliasStrings process
INFO: Aliasing common strings
Oct 22, 2021 9:48:49 PM com.google.javascript.jscomp.AliasStrings process
INFO: Aliasing common strings
Oct 22, 2021 9:48:49 PM com.google.javascript.jscomp.AliasStrings process
INFO: Aliasing common strings
Oct 22, 2021 9:48:49 PM com.google.javascript.jscomp.AliasStrings process
INFO: Aliasing common strings
Oct 22, 2021 9:48:49 PM com.google.javascript.jscomp.AliasStrings process
INFO: Aliasing common strings
Oct 22, 2021 9:48:52 PM com.google.javascript.jscomp.AliasStrings process
INFO: Aliasing common strings
Oct 22, 2021 9:48:52 PM com.google.javascript.jscomp.AliasStrings process
INFO: Aliasing common strings
Oct 22, 2021 9:48:54 PM com.google.javascript.jscomp.AliasStrings process
INFO: Aliasing common strings
Oct 22, 2021 9:48:54 PM com.google.javascript.jscomp.AliasStrings process
INFO: Aliasing common strings
Oct 22, 2021 9:48:57 PM com.google.javascript.jscomp.AliasStrings process
INFO: Aliasing common strings
Oct 22, 2021 9:48:57 PM com.google.javascript.jscomp.AliasStrings process
INFO: Aliasing common strings
Oct 22, 2021 9:48:59 PM com.google.javascript.jscomp.AliasStrings process
INFO: Aliasing common strings
Oct 22, 2021 9:48:59 PM com.google.javascript.jscomp.AliasStrings process
INFO: Aliasing common strings
Oct 22, 2021 9:48:59 PM com.google.javascript.jscomp.AliasStrings process
INFO: Aliasing common strings
Oct 22, 2021 9:48:59 PM com.google.javascript.jscomp.AliasStrings process
INFO: Aliasing common strings
Oct 22, 2021 9:49:01 PM com.google.javascript.jscomp.AliasStrings process
INFO: Aliasing common strings
Oct 22, 2021 9:49:01 PM com.google.javascript.jscomp.AliasStrings process
INFO: Aliasing common strings
Oct 22, 2021 9:49:04 PM com.google.javascript.jscomp.AliasStrings process
INFO: Aliasing common strings
Oct 22, 2021 9:49:04 PM com.google.javascript.jscomp.AliasStrings process
INFO: Aliasing common strings
Oct 22, 2021 9:49:06 PM com.google.javascript.jscomp.AliasStrings process
INFO: Aliasing common strings
Oct 22, 2021 9:49:06 PM com.google.javascript.jscomp.AliasStrings process
INFO: Aliasing common strings
Oct 22, 2021 9:49:06 PM com.google.javascript.jscomp.AliasStrings process
INFO: Aliasing common strings
Oct 22, 2021 9:49:06 PM com.google.javascript.jscomp.AliasStrings process
INFO: Aliasing common strings
Oct 22, 2021 9:49:06 PM com.google.javascript.jscomp.AliasStrings process
INFO: Aliasing common strings
Oct 22, 2021 9:49:06 PM com.google.javascript.jscomp.AliasStrings process
INFO: Aliasing common strings
Oct 22, 2021 9:49:06 PM com.google.javascript.jscomp.AliasStrings process
INFO: Aliasing common strings
Oct 22, 2021 9:49:06 PM com.google.javascript.jscomp.AliasStrings process
INFO: Aliasing common strings
Oct 22, 2021 9:49:06 PM com.google.javascript.jscomp.AliasStrings process
INFO: Aliasing common strings
Oct 22, 2021 9:49:06 PM com.google.javascript.jscomp.AliasStrings process
INFO: Aliasing common strings
Oct 22, 2021 9:49:06 PM com.google.javascript.jscomp.AliasStrings process
INFO: Aliasing common strings
Oct 22, 2021 9:49:06 PM com.google.javascript.jscomp.AliasStrings process
INFO: Aliasing common strings
Oct 22, 2021 9:49:06 PM com.google.javascript.jscomp.AliasStrings process
INFO: Aliasing common strings
Oct 22, 2021 9:49:06 PM com.google.javascript.jscomp.AliasStrings process
INFO: Aliasing common strings
Oct 22, 2021 9:49:09 PM com.google.javascript.jscomp.AliasStrings process
INFO: Aliasing common strings
Oct 22, 2021 9:49:09 PM com.google.javascript.jscomp.AliasStrings process
INFO: Aliasing common strings
Oct 22, 2021 9:49:09 PM com.google.javascript.jscomp.AliasStrings process
INFO: Aliasing common strings
Oct 22, 2021 9:49:09 PM com.google.javascript.jscomp.AliasStrings process
INFO: Aliasing common strings
Oct 22, 2021 9:49:09 PM com.google.javascript.jscomp.AliasStrings process
INFO: Aliasing common strings
Oct 22, 2021 9:49:09 PM com.google.javascript.jscomp.AliasStrings process
INFO: Aliasing common strings
Oct 22, 2021 9:49:11 PM com.google.javascript.jscomp.AliasStrings process
INFO: Aliasing common strings
Oct 22, 2021 9:49:11 PM com.google.javascript.jscomp.AliasStrings process
INFO: Aliasing common strings
Oct 22, 2021 9:49:13 PM com.google.javascript.jscomp.AmbiguateProperties process
INFO: Collapsed 1 properties into 1 and skipped renaming 0 properties.
Oct 22, 2021 9:49:16 PM com.google.javascript.jscomp.AmbiguateProperties process
INFO: Collapsed 0 properties into 1 and skipped renaming 0 properties.
Oct 22, 2021 9:49:19 PM com.google.javascript.jscomp.AmbiguateProperties process
INFO: Collapsed 1 properties into 1 and skipped renaming 0 properties.
Oct 22, 2021 9:49:22 PM com.google.javascript.jscomp.AmbiguateProperties process
INFO: Collapsed 2 properties into 1 and skipped renaming 0 properties.
Oct 22, 2021 9:49:25 PM com.google.javascript.jscomp.AmbiguateProperties process
INFO: Collapsed 3 properties into 1 and skipped renaming 0 properties.
Oct 22, 2021 9:49:28 PM com.google.javascript.jscomp.AmbiguateProperties process
INFO: Collapsed 1 properties into 1 and skipped renaming 1 properties.
Oct 22, 2021 9:49:28 PM com.google.javascript.jscomp.AmbiguateProperties process
INFO: Collapsed 0 properties into 1 and skipped renaming 2 properties.
Oct 22, 2021 9:49:28 PM com.google.javascript.jscomp.AmbiguateProperties process
INFO: Collapsed 2 properties into 1 and skipped renaming 0 properties.
Oct 22, 2021 9:49:31 PM com.google.javascript.jscomp.AmbiguateProperties process
INFO: Collapsed 0 properties into 1 and skipped renaming 1 properties.
Oct 22, 2021 9:49:34 PM com.google.javascript.jscomp.AmbiguateProperties process
INFO: Collapsed 3 properties into 3 and skipped renaming 0 properties.
Oct 22, 2021 9:49:37 PM com.google.javascript.jscomp.AmbiguateProperties process
INFO: Collapsed 3 properties into 3 and skipped renaming 0 properties.
Oct 22, 2021 9:49:40 PM com.google.javascript.jscomp.AmbiguateProperties process
INFO: Collapsed 2 properties into 2 and skipped renaming 0 properties.
Oct 22, 2021 9:49:43 PM com.google.javascript.jscomp.AmbiguateProperties process
INFO: Collapsed 2 properties into 2 and skipped renaming 0 properties.
Oct 22, 2021 9:49:46 PM com.google.javascript.jscomp.AmbiguateProperties process
INFO: Collapsed 2 properties into 2 and skipped renaming 0 properties.
Oct 22, 2021 9:49:49 PM com.google.javascript.jscomp.AmbiguateProperties process
INFO: Collapsed 1 properties into 1 and skipped renaming 1 properties.
Oct 22, 2021 9:49:51 PM com.google.javascript.jscomp.AmbiguateProperties process
INFO: Collapsed 1 properties into 1 and skipped renaming 1 properties.
Oct 22, 2021 9:49:54 PM com.google.javascript.jscomp.AmbiguateProperties process
INFO: Collapsed 1 properties into 1 and skipped renaming 0 properties.
Oct 22, 2021 9:49:57 PM com.google.javascript.jscomp.AmbiguateProperties process
INFO: Collapsed 0 properties into 1 and skipped renaming 1 properties.
Oct 22, 2021 9:50:00 PM com.google.javascript.jscomp.AmbiguateProperties process
INFO: Collapsed 0 properties into 1 and skipped renaming 1 properties.
Oct 22, 2021 9:50:03 PM com.google.javascript.jscomp.AmbiguateProperties process
INFO: Collapsed 0 properties into 1 and skipped renaming 1 properties.
Oct 22, 2021 9:50:06 PM com.google.javascript.jscomp.AmbiguateProperties process
INFO: Collapsed 2 properties into 2 and skipped renaming 0 properties.
Oct 22, 2021 9:50:09 PM com.google.javascript.jscomp.AmbiguateProperties process
INFO: Collapsed 0 properties into 1 and skipped renaming 2 properties.
Oct 22, 2021 9:50:12 PM com.google.javascript.jscomp.AmbiguateProperties process
INFO: Collapsed 2 properties into 1 and skipped renaming 0 properties.
Oct 22, 2021 9:50:15 PM com.google.javascript.jscomp.AmbiguateProperties process
INFO: Collapsed 3 properties into 2 and skipped renaming 0 properties.
Oct 22, 2021 9:50:18 PM com.google.javascript.jscomp.AmbiguateProperties process
INFO: Collapsed 3 properties into 2 and skipped renaming 0 properties.
Oct 22, 2021 9:50:20 PM com.google.javascript.jscomp.AmbiguateProperties process
INFO: Collapsed 10 properties into 5 and skipped renaming 0 properties.
Oct 22, 2021 9:50:23 PM com.google.javascript.jscomp.AmbiguateProperties process
INFO: Collapsed 6 properties into 3 and skipped renaming 0 properties.
Oct 22, 2021 9:50:26 PM com.google.javascript.jscomp.AmbiguateProperties process
INFO: Collapsed 20 properties into 10 and skipped renaming 0 properties.
Oct 22, 2021 9:50:29 PM com.google.javascript.jscomp.AmbiguateProperties process
INFO: Collapsed 10 properties into 1 and skipped renaming 0 properties.
Oct 22, 2021 9:50:32 PM com.google.javascript.jscomp.AmbiguateProperties process
INFO: Collapsed 2 properties into 1 and skipped renaming 0 properties.
Oct 22, 2021 9:50:35 PM com.google.javascript.jscomp.AmbiguateProperties process
INFO: Collapsed 1 properties into 1 and skipped renaming 0 properties.
Oct 22, 2021 9:50:38 PM com.google.javascript.jscomp.AmbiguateProperties process
INFO: Collapsed 0 properties into 1 and skipped renaming 0 properties.
Oct 22, 2021 9:50:41 PM com.google.javascript.jscomp.AmbiguateProperties process
INFO: Collapsed 0 properties into 1 and skipped renaming 0 properties.
Oct 22, 2021 9:50:44 PM com.google.javascript.jscomp.AmbiguateProperties process
INFO: Collapsed 2 properties into 2 and skipped renaming 0 properties.
Oct 22, 2021 9:50:47 PM com.google.javascript.jscomp.AmbiguateProperties process
INFO: Collapsed 0 properties into 1 and skipped renaming 1 properties.
Oct 22, 2021 9:50:50 PM com.google.javascript.jscomp.AmbiguateProperties process
INFO: Collapsed 1 properties into 1 and skipped renaming 0 properties.
Oct 22, 2021 9:50:53 PM com.google.javascript.jscomp.AmbiguateProperties process
INFO: Collapsed 0 properties into 1 and skipped renaming 1 properties.
Oct 22, 2021 9:50:55 PM com.google.javascript.jscomp.AmbiguateProperties process
INFO: Collapsed 0 properties into 1 and skipped renaming 1 properties.
Oct 22, 2021 9:50:58 PM com.google.javascript.jscomp.AmbiguateProperties process
INFO: Collapsed 0 properties into 1 and skipped renaming 1 properties.
Oct 22, 2021 9:51:01 PM com.google.javascript.jscomp.AmbiguateProperties process
INFO: Collapsed 0 properties into 1 and skipped renaming 1 properties.
Oct 22, 2021 9:51:04 PM com.google.javascript.jscomp.AmbiguateProperties process
INFO: Collapsed 0 properties into 1 and skipped renaming 0 properties.
Oct 22, 2021 10:05:42 PM com.google.javascript.jscomp.PhaseOptimizer$NamedPass process
INFO: processGoogScopeAliases
Oct 22, 2021 10:05:42 PM com.google.javascript.jscomp.PhaseOptimizer$NamedPass process
INFO: checkRequires
Oct 22, 2021 10:05:42 PM com.google.javascript.jscomp.PhaseOptimizer$NamedPass process
INFO: processProvidesAndRequires
Oct 22, 2021 10:05:42 PM com.google.javascript.jscomp.PhaseOptimizer$NamedPass process
INFO: checkVars
Oct 22, 2021 10:05:42 PM com.google.javascript.jscomp.PhaseOptimizer$NamedPass process
INFO: renameCssNames
Oct 22, 2021 10:05:42 PM com.google.javascript.jscomp.PhaseOptimizer$NamedPass process
INFO: replaceMessages
Oct 22, 2021 10:05:42 PM com.google.javascript.jscomp.PhaseOptimizer$NamedPass process
INFO: processDefines
Oct 22, 2021 10:05:42 PM com.google.javascript.jscomp.Compiler normalize
INFO: Normalizing
Oct 22, 2021 10:05:42 PM com.google.javascript.jscomp.PhaseOptimizer$NamedPass process
INFO: beforeStandardOptimizations
Oct 22, 2021 10:05:42 PM com.google.javascript.jscomp.PhaseOptimizer$NamedPass process
INFO: closureCodeRemoval
Oct 22, 2021 10:05:42 PM com.google.javascript.jscomp.PhaseOptimizer$NamedPass process
INFO: closureOptimizePrimitives
Oct 22, 2021 10:05:42 PM com.google.javascript.jscomp.PhaseOptimizer$NamedPass process
INFO: beforeMainOptimizations
Oct 22, 2021 10:05:42 PM com.google.javascript.jscomp.PhaseOptimizer$NamedPass process
INFO: beforeModuleMotion
Oct 22, 2021 10:05:42 PM com.google.javascript.jscomp.PhaseOptimizer$NamedPass process
INFO: afterModuleMotion
Oct 22, 2021 10:05:42 PM com.google.javascript.jscomp.PhaseOptimizer$NamedPass process
INFO: markUnnormalized
Oct 22, 2021 10:05:42 PM com.google.javascript.jscomp.PhaseOptimizer$NamedPass process
INFO: denormalize
Oct 22, 2021 10:05:42 PM com.google.javascript.jscomp.PhaseOptimizer$NamedPass process
INFO: invertNames
Oct 22, 2021 10:05:42 PM com.google.javascript.jscomp.PhaseOptimizer$NamedPass process
INFO: operaCompoundAssignFix
Oct 22, 2021 10:05:42 PM com.google.javascript.jscomp.PhaseOptimizer$NamedPass process
INFO: sanityCheckAst
Oct 22, 2021 10:05:42 PM com.google.javascript.jscomp.PhaseOptimizer$NamedPass process
INFO: sanityCheckVars
Oct 22, 2021 10:05:42 PM com.google.javascript.jscomp.LoggerErrorManager println
WARNING: foo.js:1: WARNING - 'foo.bar.goo' used but not goog.require'd

Oct 22, 2021 10:05:42 PM com.google.javascript.jscomp.LoggerErrorManager printSummary
WARNING: 0 error(s), 1 warning(s)
22:29:27.486 [main] INFO  JaguarDF - Test testCheckSymbolsOverrideForQuiet(com.google.javascript.jscomp.CommandLineRunnerTest) : Failed
Closure Compiler (http://code.google.com/closure/compiler)
Version: Unversioned directory
Built on: 2021/10/22 14:43
Closure Compiler (http://code.google.com/closure/compiler)
Version: Unversioned directory
Built on: 2021/10/22 14:43
Oct 22, 2021 11:03:04 PM com.google.javascript.jscomp.LoggerErrorManager println
WARNING: testcode:1: WARNING - Unable to determine type of parameter a for exported function d

Oct 22, 2021 11:03:04 PM com.google.javascript.jscomp.LoggerErrorManager println
WARNING: testcode:1: WARNING - Unable to determine type of parameter a for exported function e

Oct 22, 2021 11:03:04 PM com.google.javascript.jscomp.LoggerErrorManager println
WARNING: testcode:1: WARNING - Unable to determine type of parameter a for exported function f

Oct 22, 2021 11:03:04 PM com.google.javascript.jscomp.LoggerErrorManager printSummary
WARNING: 0 error(s), 3 warning(s), 100% typed
Oct 22, 2021 11:03:09 PM com.google.javascript.jscomp.LoggerErrorManager println
WARNING: testcode:1: WARNING - Unable to determine type of parameter a.b.c for exported function d

Oct 22, 2021 11:03:09 PM com.google.javascript.jscomp.LoggerErrorManager println
WARNING: testcode:1: WARNING - Unable to determine type of parameter a.b.c for exported function e

Oct 22, 2021 11:03:09 PM com.google.javascript.jscomp.LoggerErrorManager println
WARNING: testcode:1: WARNING - Unable to determine type of parameter a.b.c for exported function f

Oct 22, 2021 11:03:09 PM com.google.javascript.jscomp.LoggerErrorManager printSummary
WARNING: 0 error(s), 3 warning(s), 100% typed
Oct 22, 2021 11:03:13 PM com.google.javascript.jscomp.LoggerErrorManager println
WARNING: testcode:1: WARNING - Unable to determine type of parameter a.b for exported function p1

Oct 22, 2021 11:03:13 PM com.google.javascript.jscomp.LoggerErrorManager println
WARNING: testcode:1: WARNING - Unable to determine type of parameter a.b.c for exported function d

Oct 22, 2021 11:03:13 PM com.google.javascript.jscomp.LoggerErrorManager println
WARNING: testcode:1: WARNING - Unable to determine type of parameter a.b.c for exported function e

Oct 22, 2021 11:03:13 PM com.google.javascript.jscomp.LoggerErrorManager println
WARNING: testcode:1: WARNING - Unable to determine type of parameter a.b.c for exported function f

Oct 22, 2021 11:03:13 PM com.google.javascript.jscomp.LoggerErrorManager println
WARNING: testcode:1: WARNING - Unable to determine type of parameter a.b.prototype.c for exported function g

Oct 22, 2021 11:03:13 PM com.google.javascript.jscomp.LoggerErrorManager println
WARNING: testcode:1: WARNING - Unable to determine type of parameter a.b.prototype.c for exported function h

Oct 22, 2021 11:03:13 PM com.google.javascript.jscomp.LoggerErrorManager println
WARNING: testcode:1: WARNING - Unable to determine type of parameter a.b.prototype.c for exported function i

Oct 22, 2021 11:03:13 PM com.google.javascript.jscomp.LoggerErrorManager printSummary
WARNING: 0 error(s), 7 warning(s), 100% typed
Oct 22, 2021 11:03:18 PM com.google.javascript.jscomp.LoggerErrorManager println
WARNING: testcode:1: WARNING - Unable to determine type of parameter a.b.c for exported function d

Oct 22, 2021 11:03:18 PM com.google.javascript.jscomp.LoggerErrorManager println
WARNING: testcode:1: WARNING - Unable to determine type of parameter a.b.c for exported function e

Oct 22, 2021 11:03:18 PM com.google.javascript.jscomp.LoggerErrorManager println
WARNING: testcode:1: WARNING - Unable to determine type of parameter a.b.c for exported function f

Oct 22, 2021 11:03:18 PM com.google.javascript.jscomp.LoggerErrorManager println
WARNING: testcode:1: WARNING - Unable to determine type of parameter a.b.prototype.c for exported function g

Oct 22, 2021 11:03:18 PM com.google.javascript.jscomp.LoggerErrorManager println
WARNING: testcode:1: WARNING - Unable to determine type of parameter a.b.prototype.c for exported function h

Oct 22, 2021 11:03:18 PM com.google.javascript.jscomp.LoggerErrorManager println
WARNING: testcode:1: WARNING - Unable to determine type of parameter a.b.prototype.c for exported function i

Oct 22, 2021 11:03:18 PM com.google.javascript.jscomp.LoggerErrorManager printSummary
WARNING: 0 error(s), 6 warning(s), 100% typed
Oct 22, 2021 11:03:23 PM com.google.javascript.jscomp.LoggerErrorManager println
WARNING: testcode:1: WARNING - Unable to determine type of parameter a.b for exported function p1

Oct 22, 2021 11:03:23 PM com.google.javascript.jscomp.LoggerErrorManager println
WARNING: testcode:1: WARNING - Unable to determine type of parameter a.b.c for exported function d

Oct 22, 2021 11:03:23 PM com.google.javascript.jscomp.LoggerErrorManager println
WARNING: testcode:1: WARNING - Unable to determine type of parameter a.b.c for exported function e

Oct 22, 2021 11:03:23 PM com.google.javascript.jscomp.LoggerErrorManager println
WARNING: testcode:1: WARNING - Unable to determine type of parameter a.b.c for exported function f

Oct 22, 2021 11:03:23 PM com.google.javascript.jscomp.LoggerErrorManager printSummary
WARNING: 0 error(s), 4 warning(s), 100% typed
Oct 22, 2021 11:04:00 PM com.google.javascript.jscomp.LoggerErrorManager println
WARNING: testcode:5: WARNING - Unable to determine return type for exported function internalName
internalName = function(a) {  return 6;
                       ^

Oct 22, 2021 11:04:00 PM com.google.javascript.jscomp.LoggerErrorManager printSummary
WARNING: 0 error(s), 1 warning(s), 100% typed
Oct 22, 2021 11:04:19 PM com.google.javascript.jscomp.LoggerErrorManager println
WARNING: testcode:1: WARNING - Unable to determine return type for exported function InternalName

Oct 22, 2021 11:04:19 PM com.google.javascript.jscomp.LoggerErrorManager printSummary
WARNING: 0 error(s), 1 warning(s), 100% typed
Oct 22, 2021 11:04:28 PM com.google.javascript.jscomp.LoggerErrorManager println
WARNING: testcode:4: WARNING - Unable to determine type of parameter InternalName for exported function b

Oct 22, 2021 11:04:28 PM com.google.javascript.jscomp.LoggerErrorManager println
WARNING: testcode:4: WARNING - Unable to determine type of parameter InternalName for exported function c

Oct 22, 2021 11:04:28 PM com.google.javascript.jscomp.LoggerErrorManager printSummary
WARNING: 0 error(s), 2 warning(s), 100% typed
Oct 22, 2021 11:04:33 PM com.google.javascript.jscomp.LoggerErrorManager println
WARNING: testcode:2: WARNING - element type must match enum's type
found   : number
required: string

Oct 22, 2021 11:04:33 PM com.google.javascript.jscomp.LoggerErrorManager println
WARNING: testcode:2: WARNING - element type must match enum's type
found   : number
required: string

Oct 22, 2021 11:04:33 PM com.google.javascript.jscomp.LoggerErrorManager printSummary
WARNING: 0 error(s), 2 warning(s), 88.2% typed
Oct 22, 2021 11:04:37 PM com.google.javascript.jscomp.LoggerErrorManager println
WARNING: testcode:1: WARNING - Unable to determine type of parameter a.b.c for exported function d

Oct 22, 2021 11:04:37 PM com.google.javascript.jscomp.LoggerErrorManager println
WARNING: testcode:1: WARNING - Unable to determine type of parameter a.b.c for exported function e

Oct 22, 2021 11:04:37 PM com.google.javascript.jscomp.LoggerErrorManager println
WARNING: testcode:1: WARNING - Unable to determine type of parameter a.b.c for exported function f

Oct 22, 2021 11:04:37 PM com.google.javascript.jscomp.LoggerErrorManager printSummary
WARNING: 0 error(s), 3 warning(s), 100% typed
LOG:unknown:///unknown:1+23: Semicolon inserted
LOG:unknown:///unknown:1+23: Semicolon inserted
LOG:unknown:///unknown:1+40: Semicolon inserted
LOG:unknown:///unknown:1+40: Semicolon inserted
LOG:unknown:///unknown:1+39: Semicolon inserted
LOG:unknown:///unknown:1+66: Semicolon inserted
LOG:unknown:///unknown:1+39: Semicolon inserted
LOG:unknown:///unknown:1+66: Semicolon inserted
LOG:unknown:///unknown:1+102: Semicolon inserted
LOG:unknown:///unknown:1+103: Semicolon inserted
LOG:unknown:///unknown:1+102: Semicolon inserted
LOG:unknown:///unknown:1+103: Semicolon inserted
LOG:unknown:///unknown:1+19: Semicolon inserted
LOG:unknown:///unknown:1+19: Semicolon inserted
LOG:unknown:///unknown:1+37: Semicolon inserted
LOG:unknown:///unknown:1+37: Semicolon inserted
LOG:unknown:///unknown:1+35: Semicolon inserted
LOG:unknown:///unknown:1+62: Semicolon inserted
LOG:unknown:///unknown:1+35: Semicolon inserted
LOG:unknown:///unknown:1+62: Semicolon inserted
LOG:unknown:///unknown:1+98: Semicolon inserted
LOG:unknown:///unknown:1+99: Semicolon inserted
LOG:unknown:///unknown:1+98: Semicolon inserted
LOG:unknown:///unknown:1+99: Semicolon inserted
LOG:unknown:///unknown:1+68: Semicolon inserted
LOG:unknown:///unknown:1+72: Semicolon inserted
LOG:unknown:///unknown:1+68: Semicolon inserted
LOG:unknown:///unknown:1+72: Semicolon inserted
LOG:unknown:///unknown:1+30: Semicolon inserted
LOG:unknown:///unknown:1+30: Semicolon inserted
LOG:unknown:///unknown:1+109: Semicolon inserted
LOG:unknown:///unknown:1+110: Semicolon inserted
LOG:unknown:///unknown:1+109: Semicolon inserted
LOG:unknown:///unknown:1+110: Semicolon inserted
LOG:unknown:///unknown:1+19: Semicolon inserted
LOG:unknown:///unknown:1+19: Semicolon inserted
LOG:unknown:///unknown:1+43: Semicolon inserted
LOG:unknown:///unknown:1+43: Semicolon inserted
LOG:unknown:///unknown:1+48: Semicolon inserted
LOG:unknown:///unknown:1+48: Semicolon inserted
LOG:unknown:///unknown:1+44: Semicolon inserted
LOG:unknown:///unknown:1+71: Semicolon inserted
LOG:unknown:///unknown:1+44: Semicolon inserted
LOG:unknown:///unknown:1+71: Semicolon inserted
LOG:unknown:///unknown:1+104: Semicolon inserted
LOG:unknown:///unknown:1+105: Semicolon inserted
LOG:unknown:///unknown:1+104: Semicolon inserted
LOG:unknown:///unknown:1+105: Semicolon inserted
LOG:unknown:///unknown:1+18: Semicolon inserted
LOG:unknown:///unknown:1+18: Semicolon inserted
LOG:unknown:///unknown:1+97: Semicolon inserted
LOG:unknown:///unknown:1+98: Semicolon inserted
LOG:unknown:///unknown:1+97: Semicolon inserted
LOG:unknown:///unknown:1+98: Semicolon inserted
LOG:unknown:///unknown:1+15: Semicolon inserted
LOG:unknown:///unknown:1+15: Semicolon inserted
LOG:unknown:///unknown:1+34: Semicolon inserted
LOG:unknown:///unknown:1+34: Semicolon inserted
LOG:unknown:///unknown:1+107: Semicolon inserted
LOG:unknown:///unknown:1+108: Semicolon inserted
LOG:unknown:///unknown:1+117: Semicolon inserted
LOG:unknown:///unknown:1+107: Semicolon inserted
LOG:unknown:///unknown:1+108: Semicolon inserted
LOG:unknown:///unknown:1+117: Semicolon inserted
LOG:unknown:///unknown:1+19: Semicolon inserted
LOG:unknown:///unknown:1+19: Semicolon inserted
LOG:unknown:///unknown:1+16: Semicolon inserted
LOG:unknown:///unknown:1+16: Semicolon inserted
LOG:unknown:///unknown:1+20: Semicolon inserted
LOG:unknown:///unknown:1+20: Semicolon inserted
WARNING:unknown:///unknown:1+2 - 3: Will not work in IE
java.lang.Exception
	at com.google.caja.reporting.EchoingMessageQueue$1.add(EchoingMessageQueue.java:52)
	at com.google.caja.reporting.EchoingMessageQueue$1.add(EchoingMessageQueue.java:40)
	at java.util.AbstractList.add(AbstractList.java:108)
	at com.google.caja.reporting.AbstractMessageQueue.addMessage(AbstractMessageQueue.java:25)
	at com.google.caja.parser.js.Parser.parseExpressionAtom(Parser.java:1138)
	at com.google.caja.parser.js.Parser.parseOp(Parser.java:792)
	at com.google.caja.parser.js.Parser.parseExpressionInt(Parser.java:727)
	at com.google.caja.parser.js.Parser.parseExpressionStmt(Parser.java:1281)
	at com.google.caja.parser.js.Parser.parseStatementWithoutLabel(Parser.java:706)
	at com.google.caja.parser.js.Parser.parseStatement(Parser.java:306)
	at com.google.caja.parser.js.Parser.parseTerminatedStatement(Parser.java:1312)
	at com.google.caja.parser.js.Parser.parseProgramOrFunctionBody(Parser.java:325)
	at com.google.caja.parser.js.Parser.parseProgram(Parser.java:314)
	at com.google.caja.parser.js.Parser.parse(Parser.java:272)
	at com.google.caja.parser.js.JsonMLParser.parse(JsonMLParser.java:42)
	at com.google.caja.parser.js.JsonMLParser.parse(JsonMLParser.java:31)
	at com.google.caja.parser.js.JsonMLParser.parse(JsonMLParser.java:26)
	at com.google.caja.parser.js.JsonMLParser.parse(JsonMLParser.java:22)
	at com.google.javascript.jscomp.jsonml.JsonMLConversionTest.testConversion(JsonMLConversionTest.java:104)
	at com.google.javascript.jscomp.jsonml.JsonMLConversionTest.testArray(JsonMLConversionTest.java:116)
	at sun.reflect.NativeMethodAccessorImpl.invoke0(Native Method)
	at sun.reflect.NativeMethodAccessorImpl.invoke(NativeMethodAccessorImpl.java:62)
	at sun.reflect.DelegatingMethodAccessorImpl.invoke(DelegatingMethodAccessorImpl.java:43)
	at java.lang.reflect.Method.invoke(Method.java:498)
	at junit.framework.TestCase.runTest(TestCase.java:168)
	at junit.framework.TestCase.runBare(TestCase.java:134)
	at junit.framework.TestResult$1.protect(TestResult.java:110)
	at junit.framework.TestResult.runProtected(TestResult.java:128)
	at junit.framework.TestResult.run(TestResult.java:113)
	at junit.framework.TestCase.run(TestCase.java:124)
	at junit.framework.TestSuite.runTest(TestSuite.java:243)
	at junit.framework.TestSuite.run(TestSuite.java:238)
	at org.junit.internal.runners.JUnit38ClassRunner.run(JUnit38ClassRunner.java:83)
	at org.junit.runners.Suite.runChild(Suite.java:128)
	at org.junit.runners.Suite.runChild(Suite.java:24)
	at org.junit.runners.ParentRunner$3.run(ParentRunner.java:193)
	at org.junit.runners.ParentRunner$1.schedule(ParentRunner.java:52)
	at org.junit.runners.ParentRunner.runChildren(ParentRunner.java:191)
	at org.junit.runners.ParentRunner.access$000(ParentRunner.java:42)
	at org.junit.runners.ParentRunner$2.evaluate(ParentRunner.java:184)
	at org.junit.runners.ParentRunner.run(ParentRunner.java:236)
	at org.junit.runner.JUnitCore.run(JUnitCore.java:157)
	at org.junit.runner.JUnitCore.run(JUnitCore.java:136)
	at org.junit.runner.JUnitCore.run(JUnitCore.java:117)
	at br.usp.each.saeg.jaguardf.cli.JaguarRunner.run(JaguarRunner.java:64)
	at br.usp.each.saeg.jaguardf.cli.JaguarRunner.main(JaguarRunner.java:96)
WARNING:unknown:///unknown:1+2 - 3: Will not work in IE
java.lang.Exception
	at com.google.caja.reporting.EchoingMessageQueue$1.add(EchoingMessageQueue.java:52)
	at com.google.caja.reporting.EchoingMessageQueue$1.add(EchoingMessageQueue.java:40)
	at java.util.AbstractList.add(AbstractList.java:108)
	at com.google.caja.reporting.AbstractMessageQueue.addMessage(AbstractMessageQueue.java:25)
	at com.google.caja.parser.js.Parser.parseExpressionAtom(Parser.java:1138)
	at com.google.caja.parser.js.Parser.parseOp(Parser.java:792)
	at com.google.caja.parser.js.Parser.parseExpressionInt(Parser.java:727)
	at com.google.caja.parser.js.Parser.parseExpressionStmt(Parser.java:1281)
	at com.google.caja.parser.js.Parser.parseStatementWithoutLabel(Parser.java:706)
	at com.google.caja.parser.js.Parser.parseStatement(Parser.java:306)
	at com.google.caja.parser.js.Parser.parseTerminatedStatement(Parser.java:1312)
	at com.google.caja.parser.js.Parser.parseProgramOrFunctionBody(Parser.java:325)
	at com.google.caja.parser.js.Parser.parseProgram(Parser.java:314)
	at com.google.caja.parser.js.Parser.parse(Parser.java:272)
	at com.google.caja.parser.js.JsonMLParser.parse(JsonMLParser.java:42)
	at com.google.caja.parser.js.JsonMLParser.parse(JsonMLParser.java:31)
	at com.google.caja.parser.js.JsonMLParser.parse(JsonMLParser.java:26)
	at com.google.caja.parser.js.JsonMLParser.parse(JsonMLParser.java:22)
	at com.google.javascript.jscomp.jsonml.JsonMLConversionTest.testConversion(JsonMLConversionTest.java:111)
	at com.google.javascript.jscomp.jsonml.JsonMLConversionTest.testArray(JsonMLConversionTest.java:116)
	at sun.reflect.NativeMethodAccessorImpl.invoke0(Native Method)
	at sun.reflect.NativeMethodAccessorImpl.invoke(NativeMethodAccessorImpl.java:62)
	at sun.reflect.DelegatingMethodAccessorImpl.invoke(DelegatingMethodAccessorImpl.java:43)
	at java.lang.reflect.Method.invoke(Method.java:498)
	at junit.framework.TestCase.runTest(TestCase.java:168)
	at junit.framework.TestCase.runBare(TestCase.java:134)
	at junit.framework.TestResult$1.protect(TestResult.java:110)
	at junit.framework.TestResult.runProtected(TestResult.java:128)
	at junit.framework.TestResult.run(TestResult.java:113)
	at junit.framework.TestCase.run(TestCase.java:124)
	at junit.framework.TestSuite.runTest(TestSuite.java:243)
	at junit.framework.TestSuite.run(TestSuite.java:238)
	at org.junit.internal.runners.JUnit38ClassRunner.run(JUnit38ClassRunner.java:83)
	at org.junit.runners.Suite.runChild(Suite.java:128)
	at org.junit.runners.Suite.runChild(Suite.java:24)
	at org.junit.runners.ParentRunner$3.run(ParentRunner.java:193)
	at org.junit.runners.ParentRunner$1.schedule(ParentRunner.java:52)
	at org.junit.runners.ParentRunner.runChildren(ParentRunner.java:191)
	at org.junit.runners.ParentRunner.access$000(ParentRunner.java:42)
	at org.junit.runners.ParentRunner$2.evaluate(ParentRunner.java:184)
	at org.junit.runners.ParentRunner.run(ParentRunner.java:236)
	at org.junit.runner.JUnitCore.run(JUnitCore.java:157)
	at org.junit.runner.JUnitCore.run(JUnitCore.java:136)
	at org.junit.runner.JUnitCore.run(JUnitCore.java:117)
	at br.usp.each.saeg.jaguardf.cli.JaguarRunner.run(JaguarRunner.java:64)
	at br.usp.each.saeg.jaguardf.cli.JaguarRunner.main(JaguarRunner.java:96)
WARNING:unknown:///unknown:1+2 - 3: Will not work in IE
java.lang.Exception
	at com.google.caja.reporting.EchoingMessageQueue$1.add(EchoingMessageQueue.java:52)
	at com.google.caja.reporting.EchoingMessageQueue$1.add(EchoingMessageQueue.java:40)
	at java.util.AbstractList.add(AbstractList.java:108)
	at com.google.caja.reporting.AbstractMessageQueue.addMessage(AbstractMessageQueue.java:25)
	at com.google.caja.parser.js.Parser.parseExpressionAtom(Parser.java:1138)
	at com.google.caja.parser.js.Parser.parseOp(Parser.java:792)
	at com.google.caja.parser.js.Parser.parseExpressionInt(Parser.java:727)
	at com.google.caja.parser.js.Parser.parseExpressionStmt(Parser.java:1281)
	at com.google.caja.parser.js.Parser.parseStatementWithoutLabel(Parser.java:706)
	at com.google.caja.parser.js.Parser.parseStatement(Parser.java:306)
	at com.google.caja.parser.js.Parser.parseTerminatedStatement(Parser.java:1312)
	at com.google.caja.parser.js.Parser.parseProgramOrFunctionBody(Parser.java:325)
	at com.google.caja.parser.js.Parser.parseProgram(Parser.java:314)
	at com.google.caja.parser.js.Parser.parse(Parser.java:272)
	at com.google.caja.parser.js.JsonMLParser.parse(JsonMLParser.java:42)
	at com.google.caja.parser.js.JsonMLParser.parse(JsonMLParser.java:31)
	at com.google.caja.parser.js.JsonMLParser.parse(JsonMLParser.java:26)
	at com.google.caja.parser.js.JsonMLParser.parse(JsonMLParser.java:22)
	at com.google.javascript.jscomp.jsonml.JsonMLConversionTest.testConversion(JsonMLConversionTest.java:104)
	at com.google.javascript.jscomp.jsonml.JsonMLConversionTest.testArray1(JsonMLConversionTest.java:127)
	at sun.reflect.NativeMethodAccessorImpl.invoke0(Native Method)
	at sun.reflect.NativeMethodAccessorImpl.invoke(NativeMethodAccessorImpl.java:62)
	at sun.reflect.DelegatingMethodAccessorImpl.invoke(DelegatingMethodAccessorImpl.java:43)
	at java.lang.reflect.Method.invoke(Method.java:498)
	at junit.framework.TestCase.runTest(TestCase.java:168)
	at junit.framework.TestCase.runBare(TestCase.java:134)
	at junit.framework.TestResult$1.protect(TestResult.java:110)
	at junit.framework.TestResult.runProtected(TestResult.java:128)
	at junit.framework.TestResult.run(TestResult.java:113)
	at junit.framework.TestCase.run(TestCase.java:124)
	at junit.framework.TestSuite.runTest(TestSuite.java:243)
	at junit.framework.TestSuite.run(TestSuite.java:238)
	at org.junit.internal.runners.JUnit38ClassRunner.run(JUnit38ClassRunner.java:83)
	at org.junit.runners.Suite.runChild(Suite.java:128)
	at org.junit.runners.Suite.runChild(Suite.java:24)
	at org.junit.runners.ParentRunner$3.run(ParentRunner.java:193)
	at org.junit.runners.ParentRunner$1.schedule(ParentRunner.java:52)
	at org.junit.runners.ParentRunner.runChildren(ParentRunner.java:191)
	at org.junit.runners.ParentRunner.access$000(ParentRunner.java:42)
	at org.junit.runners.ParentRunner$2.evaluate(ParentRunner.java:184)
	at org.junit.runners.ParentRunner.run(ParentRunner.java:236)
	at org.junit.runner.JUnitCore.run(JUnitCore.java:157)
	at org.junit.runner.JUnitCore.run(JUnitCore.java:136)
	at org.junit.runner.JUnitCore.run(JUnitCore.java:117)
	at br.usp.each.saeg.jaguardf.cli.JaguarRunner.run(JaguarRunner.java:64)
	at br.usp.each.saeg.jaguardf.cli.JaguarRunner.main(JaguarRunner.java:96)
WARNING:unknown:///unknown:1+2 - 3: Will not work in IE
java.lang.Exception
	at com.google.caja.reporting.EchoingMessageQueue$1.add(EchoingMessageQueue.java:52)
	at com.google.caja.reporting.EchoingMessageQueue$1.add(EchoingMessageQueue.java:40)
	at java.util.AbstractList.add(AbstractList.java:108)
	at com.google.caja.reporting.AbstractMessageQueue.addMessage(AbstractMessageQueue.java:25)
	at com.google.caja.parser.js.Parser.parseExpressionAtom(Parser.java:1138)
	at com.google.caja.parser.js.Parser.parseOp(Parser.java:792)
	at com.google.caja.parser.js.Parser.parseExpressionInt(Parser.java:727)
	at com.google.caja.parser.js.Parser.parseExpressionStmt(Parser.java:1281)
	at com.google.caja.parser.js.Parser.parseStatementWithoutLabel(Parser.java:706)
	at com.google.caja.parser.js.Parser.parseStatement(Parser.java:306)
	at com.google.caja.parser.js.Parser.parseTerminatedStatement(Parser.java:1312)
	at com.google.caja.parser.js.Parser.parseProgramOrFunctionBody(Parser.java:325)
	at com.google.caja.parser.js.Parser.parseProgram(Parser.java:314)
	at com.google.caja.parser.js.Parser.parse(Parser.java:272)
	at com.google.caja.parser.js.JsonMLParser.parse(JsonMLParser.java:42)
	at com.google.caja.parser.js.JsonMLParser.parse(JsonMLParser.java:31)
	at com.google.caja.parser.js.JsonMLParser.parse(JsonMLParser.java:26)
	at com.google.caja.parser.js.JsonMLParser.parse(JsonMLParser.java:22)
	at com.google.javascript.jscomp.jsonml.JsonMLConversionTest.testConversion(JsonMLConversionTest.java:111)
	at com.google.javascript.jscomp.jsonml.JsonMLConversionTest.testArray1(JsonMLConversionTest.java:127)
	at sun.reflect.NativeMethodAccessorImpl.invoke0(Native Method)
	at sun.reflect.NativeMethodAccessorImpl.invoke(NativeMethodAccessorImpl.java:62)
	at sun.reflect.DelegatingMethodAccessorImpl.invoke(DelegatingMethodAccessorImpl.java:43)
	at java.lang.reflect.Method.invoke(Method.java:498)
	at junit.framework.TestCase.runTest(TestCase.java:168)
	at junit.framework.TestCase.runBare(TestCase.java:134)
	at junit.framework.TestResult$1.protect(TestResult.java:110)
	at junit.framework.TestResult.runProtected(TestResult.java:128)
	at junit.framework.TestResult.run(TestResult.java:113)
	at junit.framework.TestCase.run(TestCase.java:124)
	at junit.framework.TestSuite.runTest(TestSuite.java:243)
	at junit.framework.TestSuite.run(TestSuite.java:238)
	at org.junit.internal.runners.JUnit38ClassRunner.run(JUnit38ClassRunner.java:83)
	at org.junit.runners.Suite.runChild(Suite.java:128)
	at org.junit.runners.Suite.runChild(Suite.java:24)
	at org.junit.runners.ParentRunner$3.run(ParentRunner.java:193)
	at org.junit.runners.ParentRunner$1.schedule(ParentRunner.java:52)
	at org.junit.runners.ParentRunner.runChildren(ParentRunner.java:191)
	at org.junit.runners.ParentRunner.access$000(ParentRunner.java:42)
	at org.junit.runners.ParentRunner$2.evaluate(ParentRunner.java:184)
	at org.junit.runners.ParentRunner.run(ParentRunner.java:236)
	at org.junit.runner.JUnitCore.run(JUnitCore.java:157)
	at org.junit.runner.JUnitCore.run(JUnitCore.java:136)
	at org.junit.runner.JUnitCore.run(JUnitCore.java:117)
	at br.usp.each.saeg.jaguardf.cli.JaguarRunner.run(JaguarRunner.java:64)
	at br.usp.each.saeg.jaguardf.cli.JaguarRunner.main(JaguarRunner.java:96)
LOG:unknown:///unknown:1+39: Semicolon inserted
LOG:unknown:///unknown:1+39: Semicolon inserted
LOG:unknown:///unknown:1+35: Semicolon inserted
LOG:unknown:///unknown:1+35: Semicolon inserted
LOG:unknown:///unknown:1+43: Semicolon inserted
LOG:unknown:///unknown:1+43: Semicolon inserted
LOG:unknown:///unknown:1+36: Semicolon inserted
LOG:unknown:///unknown:1+36: Semicolon inserted
LOG:unknown:///unknown:1+13: Semicolon inserted
LOG:unknown:///unknown:1+13: Semicolon inserted
LOG:unknown:///unknown:1+29: Semicolon inserted
LOG:unknown:///unknown:1+29: Semicolon inserted
LOG:unknown:///unknown:1+43: Semicolon inserted
LOG:unknown:///unknown:1+43: Semicolon inserted
LOG:unknown:///unknown:1+87: Semicolon inserted
LOG:unknown:///unknown:1+88: Semicolon inserted
LOG:unknown:///unknown:1+87: Semicolon inserted
LOG:unknown:///unknown:1+88: Semicolon inserted
LOG:unknown:///unknown:1+17: Semicolon inserted
LOG:unknown:///unknown:1+17: Semicolon inserted
LOG:unknown:///unknown:1+17: Semicolon inserted
LOG:unknown:///unknown:1+30: Semicolon inserted
LOG:unknown:///unknown:1+17: Semicolon inserted
LOG:unknown:///unknown:1+30: Semicolon inserted
LOG:unknown:///unknown:1+22: Semicolon inserted
LOG:unknown:///unknown:1+35: Semicolon inserted
LOG:unknown:///unknown:1+22: Semicolon inserted
LOG:unknown:///unknown:1+35: Semicolon inserted
LOG:unknown:///unknown:1+26: Semicolon inserted
LOG:unknown:///unknown:1+39: Semicolon inserted
LOG:unknown:///unknown:1+26: Semicolon inserted
LOG:unknown:///unknown:1+39: Semicolon inserted
LOG:unknown:///unknown:1+17: Semicolon inserted
LOG:unknown:///unknown:1+17: Semicolon inserted
LOG:unknown:///unknown:1+41: Semicolon inserted
LOG:unknown:///unknown:1+41: Semicolon inserted
LOG:unknown:///unknown:1+48: Semicolon inserted
LOG:unknown:///unknown:1+48: Semicolon inserted
LOG:unknown:///unknown:1+106: Semicolon inserted
LOG:unknown:///unknown:1+107: Semicolon inserted
LOG:unknown:///unknown:1+106: Semicolon inserted
LOG:unknown:///unknown:1+107: Semicolon inserted
LOG:unknown:///unknown:1+23: Semicolon inserted
LOG:unknown:///unknown:1+23: Semicolon inserted
LOG:unknown:///unknown:1+19: Semicolon inserted
LOG:unknown:///unknown:1+19: Semicolon inserted
LOG:unknown:///unknown:1+46: Semicolon inserted
LOG:unknown:///unknown:1+46: Semicolon inserted
LOG:unknown:///unknown:1+25: Semicolon inserted
LOG:unknown:///unknown:1+25: Semicolon inserted
LOG:unknown:///unknown:1+27: Semicolon inserted
LOG:unknown:///unknown:1+27: Semicolon inserted
LOG:unknown:///unknown:1+35: Semicolon inserted
LOG:unknown:///unknown:1+35: Semicolon inserted
LOG:unknown:///unknown:1+39: Semicolon inserted
LOG:unknown:///unknown:1+39: Semicolon inserted
LOG:unknown:///unknown:1+61: Semicolon inserted
LOG:unknown:///unknown:1+62: Semicolon inserted
LOG:unknown:///unknown:1+61: Semicolon inserted
LOG:unknown:///unknown:1+62: Semicolon inserted
LOG:unknown:///unknown:1+63: Semicolon inserted
LOG:unknown:///unknown:1+68: Semicolon inserted
LOG:unknown:///unknown:1+63: Semicolon inserted
LOG:unknown:///unknown:1+68: Semicolon inserted
LOG:unknown:///unknown:1+5: Semicolon inserted
LOG:unknown:///unknown:1+5: Semicolon inserted
LOG:unknown:///unknown:1+84: Semicolon inserted
LOG:unknown:///unknown:1+84: Semicolon inserted
LOG:unknown:///unknown:1+30: Semicolon inserted
LOG:unknown:///unknown:1+30: Semicolon inserted
LOG:unknown:///unknown:1+30: Semicolon inserted
LOG:unknown:///unknown:1+30: Semicolon inserted
LOG:unknown:///unknown:1+38: Semicolon inserted
LOG:unknown:///unknown:1+38: Semicolon inserted
LOG:unknown:///unknown:1+33: Semicolon inserted
LOG:unknown:///unknown:1+33: Semicolon inserted
LOG:unknown:///unknown:1+35: Semicolon inserted
LOG:unknown:///unknown:1+35: Semicolon inserted
LOG:unknown:///unknown:1+59: Semicolon inserted
LOG:unknown:///unknown:1+59: Semicolon inserted
LOG:unknown:///unknown:1+27: Semicolon inserted
LOG:unknown:///unknown:1+27: Semicolon inserted
LOG:unknown:///unknown:1+27: Semicolon inserted
LOG:unknown:///unknown:1+34: Semicolon inserted
LOG:unknown:///unknown:1+27: Semicolon inserted
LOG:unknown:///unknown:1+34: Semicolon inserted
LOG:unknown:///unknown:1+32: Semicolon inserted
LOG:unknown:///unknown:1+32: Semicolon inserted
LOG:unknown:///unknown:1+42: Semicolon inserted
LOG:unknown:///unknown:1+42: Semicolon inserted
LOG:unknown:///unknown:1+58: Semicolon inserted
LOG:unknown:///unknown:1+58: Semicolon inserted
LOG:unknown:///unknown:1+43: Semicolon inserted
LOG:unknown:///unknown:1+59: Semicolon inserted
LOG:unknown:///unknown:1+43: Semicolon inserted
LOG:unknown:///unknown:1+59: Semicolon inserted
LOG:unknown:///unknown:1+22: Semicolon inserted
LOG:unknown:///unknown:1+39: Semicolon inserted
LOG:unknown:///unknown:1+22: Semicolon inserted
LOG:unknown:///unknown:1+39: Semicolon inserted
LOG:unknown:///unknown:1+95: Semicolon inserted
LOG:unknown:///unknown:1+102: Semicolon inserted
LOG:unknown:///unknown:1+119: Semicolon inserted
LOG:unknown:///unknown:1+95: Semicolon inserted
LOG:unknown:///unknown:1+102: Semicolon inserted
LOG:unknown:///unknown:1+119: Semicolon inserted
LOG:unknown:///unknown:1+22: Semicolon inserted
LOG:unknown:///unknown:1+37: Semicolon inserted
LOG:unknown:///unknown:1+22: Semicolon inserted
LOG:unknown:///unknown:1+37: Semicolon inserted
LOG:unknown:///unknown:1+95: Semicolon inserted
LOG:unknown:///unknown:1+102: Semicolon inserted
LOG:unknown:///unknown:1+117: Semicolon inserted
LOG:unknown:///unknown:1+95: Semicolon inserted
LOG:unknown:///unknown:1+102: Semicolon inserted
LOG:unknown:///unknown:1+117: Semicolon inserted
LOG:unknown:///unknown:1+22: Semicolon inserted
LOG:unknown:///unknown:1+22: Semicolon inserted
LOG:unknown:///unknown:1+95: Semicolon inserted
LOG:unknown:///unknown:1+102: Semicolon inserted
LOG:unknown:///unknown:1+119: Semicolon inserted
LOG:unknown:///unknown:1+134: Semicolon inserted
LOG:unknown:///unknown:1+95: Semicolon inserted
LOG:unknown:///unknown:1+102: Semicolon inserted
LOG:unknown:///unknown:1+119: Semicolon inserted
LOG:unknown:///unknown:1+134: Semicolon inserted
LOG:unknown:///unknown:1+34: Semicolon inserted
LOG:unknown:///unknown:1+34: Semicolon inserted
LOG:unknown:///unknown:1+34: Semicolon inserted
LOG:unknown:///unknown:1+34: Semicolon inserted
LOG:unknown:///unknown:1+42: Semicolon inserted
LOG:unknown:///unknown:1+42: Semicolon inserted
LOG:unknown:///unknown:1+28: Semicolon inserted
LOG:unknown:///unknown:1+28: Semicolon inserted
LOG:unknown:///unknown:1+42: Semicolon inserted
LOG:unknown:///unknown:1+42: Semicolon inserted
LOG:unknown:///unknown:1+62: Semicolon inserted
LOG:unknown:///unknown:1+63: Semicolon inserted
LOG:unknown:///unknown:1+62: Semicolon inserted
LOG:unknown:///unknown:1+63: Semicolon inserted
Oct 23, 2021 5:56:49 AM com.google.javascript.jscomp.LoggerErrorManager println
SEVERE: ERROR - Syntax error: Wrong type of child number 1 for VarDecl. Expected: [InitPatt, IdPatt]. Found: IdExpr.

Oct 23, 2021 5:56:49 AM com.google.javascript.jscomp.LoggerErrorManager printSummary
WARNING: 1 error(s), 0 warning(s)
Oct 23, 2021 6:52:34 AM com.google.javascript.jscomp.parsing.ParserRunner parse
INFO: Error parsing input: JSCompiler test code: Compilation produced 1 syntax errors.
Oct 23, 2021 6:53:10 AM com.google.javascript.jscomp.parsing.ParserRunner parse
INFO: Error parsing input: JSCompiler test code: Compilation produced 1 syntax errors.
Oct 23, 2021 6:53:28 AM com.google.javascript.jscomp.parsing.ParserRunner parse
INFO: Error parsing input: JSCompiler test code: Compilation produced 2 syntax errors.
Oct 23, 2021 6:53:34 AM com.google.javascript.jscomp.parsing.ParserRunner parse
INFO: Error parsing input: JSCompiler test code: Compilation produced 1 syntax errors.
Oct 23, 2021 6:53:40 AM com.google.javascript.jscomp.parsing.ParserRunner parse
INFO: Error parsing input: JSCompiler test code: Compilation produced 1 syntax errors.
Oct 23, 2021 6:53:46 AM com.google.javascript.jscomp.parsing.ParserRunner parse
INFO: Error parsing input: JSCompiler test code: Compilation produced 1 syntax errors.
Oct 23, 2021 6:53:57 AM com.google.javascript.jscomp.parsing.ParserRunner parse
INFO: Error parsing input: JSCompiler test code: Compilation produced 1 syntax errors.
Oct 23, 2021 6:54:03 AM com.google.javascript.jscomp.parsing.ParserRunner parse
INFO: Error parsing input: JSCompiler test code: Compilation produced 2 syntax errors.
Oct 23, 2021 6:54:09 AM com.google.javascript.jscomp.parsing.ParserRunner parse
INFO: Error parsing input: JSCompiler test code: Compilation produced 2 syntax errors.
Oct 23, 2021 6:54:27 AM com.google.javascript.jscomp.parsing.ParserRunner parse
INFO: Error parsing input: JSCompiler test code: Compilation produced 2 syntax errors.
Oct 23, 2021 6:55:09 AM com.google.javascript.jscomp.parsing.ParserRunner parse
INFO: Error parsing input: JSCompiler test code: Compilation produced 1 syntax errors.
Oct 23, 2021 6:55:26 AM com.google.javascript.jscomp.parsing.ParserRunner parse
INFO: Error parsing input: JSCompiler test code: Compilation produced 1 syntax errors.
Oct 23, 2021 6:55:26 AM com.google.javascript.jscomp.parsing.ParserRunner parse
INFO: Error parsing input: JSCompiler test code: Compilation produced 1 syntax errors.
Oct 23, 2021 6:55:26 AM com.google.javascript.jscomp.parsing.ParserRunner parse
INFO: Error parsing input: JSCompiler test code: Compilation produced 1 syntax errors.
Oct 23, 2021 6:55:26 AM com.google.javascript.jscomp.parsing.ParserRunner parse
INFO: Error parsing input: JSCompiler test code: Compilation produced 1 syntax errors.
Oct 23, 2021 6:55:26 AM com.google.javascript.jscomp.parsing.ParserRunner parse
INFO: Error parsing input: JSCompiler test code: Compilation produced 1 syntax errors.
Oct 23, 2021 6:55:32 AM com.google.javascript.jscomp.parsing.ParserRunner parse
INFO: Error parsing input: JSCompiler test code: Compilation produced 1 syntax errors.
Oct 23, 2021 6:55:32 AM com.google.javascript.jscomp.parsing.ParserRunner parse
INFO: Error parsing input: JSCompiler test code: Compilation produced 1 syntax errors.
Oct 23, 2021 6:55:32 AM com.google.javascript.jscomp.parsing.ParserRunner parse
INFO: Error parsing input: JSCompiler test code: Compilation produced 1 syntax errors.
Oct 23, 2021 6:55:32 AM com.google.javascript.jscomp.parsing.ParserRunner parse
INFO: Error parsing input: JSCompiler test code: Compilation produced 1 syntax errors.
Oct 23, 2021 6:55:32 AM com.google.javascript.jscomp.parsing.ParserRunner parse
INFO: Error parsing input: JSCompiler test code: Compilation produced 1 syntax errors.
Oct 23, 2021 6:55:32 AM com.google.javascript.jscomp.parsing.ParserRunner parse
INFO: Error parsing input: JSCompiler test code: Compilation produced 1 syntax errors.
java.lang.IllegalStateException
	at com.google.common.base.Preconditions.checkState(Preconditions.java:129)
	at com.google.javascript.rhino.jstype.PrototypeObjectType.setImplicitPrototype(PrototypeObjectType.java:418)
	at com.google.javascript.rhino.jstype.FunctionType.setPrototypeBasedOn(FunctionType.java:295)
	at com.google.javascript.rhino.jstype.JSTypeTest.testInvalidSetPrototypeBasedOn(JSTypeTest.java:5228)
	at sun.reflect.NativeMethodAccessorImpl.invoke0(Native Method)
	at sun.reflect.NativeMethodAccessorImpl.invoke(NativeMethodAccessorImpl.java:62)
	at sun.reflect.DelegatingMethodAccessorImpl.invoke(DelegatingMethodAccessorImpl.java:43)
	at java.lang.reflect.Method.invoke(Method.java:498)
	at junit.framework.TestCase.runTest(TestCase.java:168)
	at junit.framework.TestCase.runBare(TestCase.java:134)
	at junit.framework.TestResult$1.protect(TestResult.java:110)
	at junit.framework.TestResult.runProtected(TestResult.java:128)
	at junit.framework.TestResult.run(TestResult.java:113)
	at junit.framework.TestCase.run(TestCase.java:124)
	at junit.framework.TestSuite.runTest(TestSuite.java:243)
	at junit.framework.TestSuite.run(TestSuite.java:238)
	at org.junit.internal.runners.JUnit38ClassRunner.run(JUnit38ClassRunner.java:83)
	at org.junit.runners.Suite.runChild(Suite.java:128)
	at org.junit.runners.Suite.runChild(Suite.java:24)
	at org.junit.runners.ParentRunner$3.run(ParentRunner.java:193)
	at org.junit.runners.ParentRunner$1.schedule(ParentRunner.java:52)
	at org.junit.runners.ParentRunner.runChildren(ParentRunner.java:191)
	at org.junit.runners.ParentRunner.access$000(ParentRunner.java:42)
	at org.junit.runners.ParentRunner$2.evaluate(ParentRunner.java:184)
	at org.junit.runners.ParentRunner.run(ParentRunner.java:236)
	at org.junit.runner.JUnitCore.run(JUnitCore.java:157)
	at org.junit.runner.JUnitCore.run(JUnitCore.java:136)
	at org.junit.runner.JUnitCore.run(JUnitCore.java:117)
	at br.usp.each.saeg.jaguardf.cli.JaguarRunner.run(JaguarRunner.java:64)
	at br.usp.each.saeg.jaguardf.cli.JaguarRunner.main(JaguarRunner.java:96)
07:25:25.640 [main] INFO  JaguarDF - Jaguar-DF has finished!

real	580m23.486s
user	573m35.148s
sys	5m48.883s
