21:53:06.328 [main] INFO  JaguarDF - Welcome to Jaguar-DF CLI!
21:53:07.261 [main] DEBUG JaguarDF - CLI Arguments: [--projectDir, d4jprojects/commons-math, --classesDir, target/classes, --testsDir, target/test-classes, --tests, tests.out, --logLevel, INFO]
Cannot find FastMath method corresponding to: public static int java.lang.StrictMath.addExact(int,int)
Cannot find FastMath method corresponding to: public static long java.lang.StrictMath.addExact(long,long)
Cannot find FastMath method corresponding to: public static int java.lang.StrictMath.multiplyExact(int,int)
Cannot find FastMath method corresponding to: public static long java.lang.StrictMath.multiplyExact(long,long)
Cannot find FastMath method corresponding to: public static long java.lang.StrictMath.subtractExact(long,long)
Cannot find FastMath method corresponding to: public static int java.lang.StrictMath.subtractExact(int,int)
Cannot find FastMath method corresponding to: public static int java.lang.StrictMath.toIntExact(long)
Cannot find FastMath method corresponding to: public static long java.lang.StrictMath.floorDiv(long,long)
Cannot find FastMath method corresponding to: public static int java.lang.StrictMath.floorDiv(int,int)
Cannot find FastMath method corresponding to: public static int java.lang.StrictMath.floorMod(int,int)
Cannot find FastMath method corresponding to: public static long java.lang.StrictMath.floorMod(long,long)
Cannot find FastMath method corresponding to: public static float java.lang.StrictMath.nextDown(float)
Cannot find FastMath method corresponding to: public static double java.lang.StrictMath.nextDown(double)
22:13:19.624 [main] INFO  JaguarDF - Test testDistributionClone(org.apache.commons.math3.distribution.GammaDistributionTest) : Failed
22:14:35.911 [main] INFO  JaguarDF - Test testDistributionClone(org.apache.commons.math3.distribution.LogNormalDistributionTest) : Failed
22:15:46.843 [main] INFO  JaguarDF - Test testDistributionClone(org.apache.commons.math3.distribution.NormalDistributionTest) : Failed
06:32:33.103 [main] INFO  JaguarDF - Jaguar-DF has finished!

real	519m29.629s
user	536m26.572s
sys	4m12.957s
