17:09:47.284 [main] INFO  JaguarDF - Welcome to Jaguar-DF CLI!
17:09:48.070 [main] DEBUG JaguarDF - CLI Arguments: [--projectDir, d4jprojects/closure-compiler, --classesDir, build/classes, --testsDir, build/test, --tests, tests.out, --logLevel, INFO]
Nov 03, 2020 5:10:42 PM com.google.javascript.jscomp.PhaseOptimizer$NamedPass process
INFO: checkVars
Nov 03, 2020 5:10:42 PM com.google.javascript.jscomp.PhaseOptimizer$NamedPass process
INFO: checkStrictMode
Nov 03, 2020 5:10:42 PM com.google.javascript.jscomp.PhaseOptimizer$NamedPass process
INFO: replaceMessages
Nov 03, 2020 5:10:42 PM com.google.javascript.jscomp.PhaseOptimizer$NamedPass process
INFO: processDefines
Nov 03, 2020 5:10:44 PM com.google.javascript.jscomp.PhaseOptimizer$NamedPass process
INFO: checkVars
Nov 03, 2020 5:10:44 PM com.google.javascript.jscomp.PhaseOptimizer$NamedPass process
INFO: checkStrictMode
Nov 03, 2020 5:10:44 PM com.google.javascript.jscomp.PhaseOptimizer$NamedPass process
INFO: replaceMessages
Nov 03, 2020 5:10:44 PM com.google.javascript.jscomp.PhaseOptimizer$NamedPass process
INFO: processDefines
Nov 03, 2020 5:10:46 PM com.google.javascript.jscomp.PhaseOptimizer$NamedPass process
INFO: checkVars
Nov 03, 2020 5:10:46 PM com.google.javascript.jscomp.PhaseOptimizer$NamedPass process
INFO: checkStrictMode
Nov 03, 2020 5:10:46 PM com.google.javascript.jscomp.PhaseOptimizer$NamedPass process
INFO: replaceMessages
Nov 03, 2020 5:10:46 PM com.google.javascript.jscomp.PhaseOptimizer$NamedPass process
INFO: processDefines
Nov 03, 2020 5:10:47 PM com.google.javascript.jscomp.PhaseOptimizer$NamedPass process
INFO: checkVars
Nov 03, 2020 5:10:47 PM com.google.javascript.jscomp.PhaseOptimizer$NamedPass process
INFO: checkStrictMode
Nov 03, 2020 5:10:47 PM com.google.javascript.jscomp.PhaseOptimizer$NamedPass process
INFO: replaceMessages
Nov 03, 2020 5:10:47 PM com.google.javascript.jscomp.PhaseOptimizer$NamedPass process
INFO: processDefines
Nov 03, 2020 5:10:49 PM com.google.javascript.jscomp.PhaseOptimizer$NamedPass process
INFO: checkVars
Nov 03, 2020 5:10:49 PM com.google.javascript.jscomp.PhaseOptimizer$NamedPass process
INFO: checkStrictMode
Nov 03, 2020 5:10:49 PM com.google.javascript.jscomp.PhaseOptimizer$NamedPass process
INFO: replaceMessages
Nov 03, 2020 5:10:49 PM com.google.javascript.jscomp.PhaseOptimizer$NamedPass process
INFO: processDefines
Nov 03, 2020 5:10:50 PM com.google.javascript.jscomp.PhaseOptimizer$NamedPass process
INFO: checkVars
Nov 03, 2020 5:10:50 PM com.google.javascript.jscomp.PhaseOptimizer$NamedPass process
INFO: checkStrictMode
Nov 03, 2020 5:10:50 PM com.google.javascript.jscomp.PhaseOptimizer$NamedPass process
INFO: replaceMessages
Nov 03, 2020 5:10:50 PM com.google.javascript.jscomp.PhaseOptimizer$NamedPass process
INFO: processDefines
Nov 03, 2020 5:10:51 PM com.google.javascript.jscomp.PhaseOptimizer$NamedPass process
INFO: checkVars
Nov 03, 2020 5:10:51 PM com.google.javascript.jscomp.PhaseOptimizer$NamedPass process
INFO: checkStrictMode
Nov 03, 2020 5:10:51 PM com.google.javascript.jscomp.PhaseOptimizer$NamedPass process
INFO: replaceMessages
Nov 03, 2020 5:10:51 PM com.google.javascript.jscomp.PhaseOptimizer$NamedPass process
INFO: processDefines
Nov 03, 2020 5:10:52 PM com.google.javascript.jscomp.PhaseOptimizer$NamedPass process
INFO: checkVars
Nov 03, 2020 5:10:52 PM com.google.javascript.jscomp.PhaseOptimizer$NamedPass process
INFO: checkStrictMode
Nov 03, 2020 5:10:52 PM com.google.javascript.jscomp.PhaseOptimizer$NamedPass process
INFO: replaceMessages
Nov 03, 2020 5:10:52 PM com.google.javascript.jscomp.PhaseOptimizer$NamedPass process
INFO: processDefines
Nov 03, 2020 5:10:53 PM com.google.javascript.jscomp.PhaseOptimizer$NamedPass process
INFO: checkVars
Nov 03, 2020 5:10:53 PM com.google.javascript.jscomp.PhaseOptimizer$NamedPass process
INFO: checkStrictMode
Nov 03, 2020 5:10:53 PM com.google.javascript.jscomp.PhaseOptimizer$NamedPass process
INFO: replaceMessages
Nov 03, 2020 5:10:53 PM com.google.javascript.jscomp.PhaseOptimizer$NamedPass process
INFO: processDefines
Nov 03, 2020 5:10:55 PM com.google.javascript.jscomp.PhaseOptimizer$NamedPass process
INFO: checkVars
Nov 03, 2020 5:10:55 PM com.google.javascript.jscomp.PhaseOptimizer$NamedPass process
INFO: checkStrictMode
Nov 03, 2020 5:10:55 PM com.google.javascript.jscomp.PhaseOptimizer$NamedPass process
INFO: replaceMessages
Nov 03, 2020 5:10:55 PM com.google.javascript.jscomp.PhaseOptimizer$NamedPass process
INFO: processDefines
Nov 03, 2020 5:10:55 PM com.google.javascript.jscomp.PhaseOptimizer$NamedPass process
INFO: checkVars
Nov 03, 2020 5:10:55 PM com.google.javascript.jscomp.PhaseOptimizer$NamedPass process
INFO: checkStrictMode
Nov 03, 2020 5:10:55 PM com.google.javascript.jscomp.PhaseOptimizer$NamedPass process
INFO: replaceMessages
Nov 03, 2020 5:10:55 PM com.google.javascript.jscomp.PhaseOptimizer$NamedPass process
INFO: processDefines
Nov 03, 2020 5:10:56 PM com.google.javascript.jscomp.PhaseOptimizer$NamedPass process
INFO: checkVars
Nov 03, 2020 5:10:56 PM com.google.javascript.jscomp.PhaseOptimizer$NamedPass process
INFO: checkStrictMode
Nov 03, 2020 5:10:56 PM com.google.javascript.jscomp.PhaseOptimizer$NamedPass process
INFO: replaceMessages
Nov 03, 2020 5:10:56 PM com.google.javascript.jscomp.PhaseOptimizer$NamedPass process
INFO: processDefines
Nov 03, 2020 5:10:57 PM com.google.javascript.jscomp.PhaseOptimizer$NamedPass process
INFO: checkVars
Nov 03, 2020 5:10:57 PM com.google.javascript.jscomp.PhaseOptimizer$NamedPass process
INFO: checkStrictMode
Nov 03, 2020 5:10:57 PM com.google.javascript.jscomp.PhaseOptimizer$NamedPass process
INFO: replaceMessages
Nov 03, 2020 5:10:57 PM com.google.javascript.jscomp.PhaseOptimizer$NamedPass process
INFO: processDefines
Nov 03, 2020 5:10:58 PM com.google.javascript.jscomp.PhaseOptimizer$NamedPass process
INFO: checkVars
Nov 03, 2020 5:10:58 PM com.google.javascript.jscomp.PhaseOptimizer$NamedPass process
INFO: checkStrictMode
Nov 03, 2020 5:10:58 PM com.google.javascript.jscomp.PhaseOptimizer$NamedPass process
INFO: replaceMessages
Nov 03, 2020 5:10:58 PM com.google.javascript.jscomp.PhaseOptimizer$NamedPass process
INFO: processDefines
Nov 03, 2020 5:11:00 PM com.google.javascript.jscomp.PhaseOptimizer$NamedPass process
INFO: checkVars
Nov 03, 2020 5:11:00 PM com.google.javascript.jscomp.PhaseOptimizer$NamedPass process
INFO: checkStrictMode
Nov 03, 2020 5:11:00 PM com.google.javascript.jscomp.PhaseOptimizer$NamedPass process
INFO: replaceMessages
Nov 03, 2020 5:11:00 PM com.google.javascript.jscomp.PhaseOptimizer$NamedPass process
INFO: processDefines
Nov 03, 2020 5:11:00 PM com.google.javascript.jscomp.PhaseOptimizer$NamedPass process
INFO: checkVars
Nov 03, 2020 5:11:00 PM com.google.javascript.jscomp.PhaseOptimizer$NamedPass process
INFO: checkStrictMode
Nov 03, 2020 5:11:00 PM com.google.javascript.jscomp.PhaseOptimizer$NamedPass process
INFO: replaceMessages
Nov 03, 2020 5:11:00 PM com.google.javascript.jscomp.PhaseOptimizer$NamedPass process
INFO: processDefines
Nov 03, 2020 5:11:02 PM com.google.javascript.jscomp.PhaseOptimizer$NamedPass process
INFO: checkVars
Nov 03, 2020 5:11:02 PM com.google.javascript.jscomp.PhaseOptimizer$NamedPass process
INFO: checkStrictMode
Nov 03, 2020 5:11:02 PM com.google.javascript.jscomp.PhaseOptimizer$NamedPass process
INFO: replaceMessages
Nov 03, 2020 5:11:02 PM com.google.javascript.jscomp.PhaseOptimizer$NamedPass process
INFO: processDefines
Nov 03, 2020 5:11:02 PM com.google.javascript.jscomp.PhaseOptimizer$NamedPass process
INFO: checkVars
Nov 03, 2020 5:11:02 PM com.google.javascript.jscomp.PhaseOptimizer$NamedPass process
INFO: checkStrictMode
Nov 03, 2020 5:11:02 PM com.google.javascript.jscomp.PhaseOptimizer$NamedPass process
INFO: replaceMessages
Nov 03, 2020 5:11:02 PM com.google.javascript.jscomp.PhaseOptimizer$NamedPass process
INFO: processDefines
Nov 03, 2020 5:11:04 PM com.google.javascript.jscomp.PhaseOptimizer$NamedPass process
INFO: checkVars
Nov 03, 2020 5:11:04 PM com.google.javascript.jscomp.PhaseOptimizer$NamedPass process
INFO: checkStrictMode
Nov 03, 2020 5:11:04 PM com.google.javascript.jscomp.PhaseOptimizer$NamedPass process
INFO: replaceMessages
Nov 03, 2020 5:11:04 PM com.google.javascript.jscomp.PhaseOptimizer$NamedPass process
INFO: processDefines
Nov 03, 2020 5:11:06 PM com.google.javascript.jscomp.PhaseOptimizer$NamedPass process
INFO: checkVars
Nov 03, 2020 5:11:06 PM com.google.javascript.jscomp.PhaseOptimizer$NamedPass process
INFO: checkStrictMode
Nov 03, 2020 5:11:06 PM com.google.javascript.jscomp.PhaseOptimizer$NamedPass process
INFO: replaceMessages
Nov 03, 2020 5:11:06 PM com.google.javascript.jscomp.PhaseOptimizer$NamedPass process
INFO: processDefines
Nov 03, 2020 5:11:08 PM com.google.javascript.jscomp.PhaseOptimizer$NamedPass process
INFO: checkVars
Nov 03, 2020 5:11:08 PM com.google.javascript.jscomp.PhaseOptimizer$NamedPass process
INFO: checkStrictMode
Nov 03, 2020 5:11:08 PM com.google.javascript.jscomp.PhaseOptimizer$NamedPass process
INFO: replaceMessages
Nov 03, 2020 5:11:08 PM com.google.javascript.jscomp.PhaseOptimizer$NamedPass process
INFO: processDefines
Nov 03, 2020 5:11:10 PM com.google.javascript.jscomp.PhaseOptimizer$NamedPass process
INFO: checkVars
Nov 03, 2020 5:11:10 PM com.google.javascript.jscomp.PhaseOptimizer$NamedPass process
INFO: checkStrictMode
Nov 03, 2020 5:11:10 PM com.google.javascript.jscomp.PhaseOptimizer$NamedPass process
INFO: replaceMessages
Nov 03, 2020 5:11:10 PM com.google.javascript.jscomp.PhaseOptimizer$NamedPass process
INFO: processDefines
Nov 03, 2020 5:11:12 PM com.google.javascript.jscomp.PhaseOptimizer$NamedPass process
INFO: checkVars
Nov 03, 2020 5:11:12 PM com.google.javascript.jscomp.PhaseOptimizer$NamedPass process
INFO: checkStrictMode
Nov 03, 2020 5:11:12 PM com.google.javascript.jscomp.PhaseOptimizer$NamedPass process
INFO: replaceMessages
Nov 03, 2020 5:11:12 PM com.google.javascript.jscomp.PhaseOptimizer$NamedPass process
INFO: processDefines
Nov 03, 2020 5:11:15 PM com.google.javascript.jscomp.PhaseOptimizer$NamedPass process
INFO: checkVars
Nov 03, 2020 5:11:15 PM com.google.javascript.jscomp.PhaseOptimizer$NamedPass process
INFO: checkStrictMode
Nov 03, 2020 5:11:15 PM com.google.javascript.jscomp.PhaseOptimizer$NamedPass process
INFO: replaceMessages
Nov 03, 2020 5:11:15 PM com.google.javascript.jscomp.PhaseOptimizer$NamedPass process
INFO: processDefines
Nov 03, 2020 5:11:15 PM com.google.javascript.jscomp.PhaseOptimizer$NamedPass process
INFO: checkVars
Nov 03, 2020 5:11:15 PM com.google.javascript.jscomp.PhaseOptimizer$NamedPass process
INFO: checkStrictMode
Nov 03, 2020 5:11:15 PM com.google.javascript.jscomp.PhaseOptimizer$NamedPass process
INFO: replaceMessages
Nov 03, 2020 5:11:15 PM com.google.javascript.jscomp.PhaseOptimizer$NamedPass process
INFO: processDefines
Nov 03, 2020 5:11:17 PM com.google.javascript.jscomp.PhaseOptimizer$NamedPass process
INFO: checkVars
Nov 03, 2020 5:11:17 PM com.google.javascript.jscomp.PhaseOptimizer$NamedPass process
INFO: checkStrictMode
Nov 03, 2020 5:11:17 PM com.google.javascript.jscomp.PhaseOptimizer$NamedPass process
INFO: replaceMessages
Nov 03, 2020 5:11:17 PM com.google.javascript.jscomp.PhaseOptimizer$NamedPass process
INFO: processDefines
Nov 03, 2020 5:11:19 PM com.google.javascript.jscomp.PhaseOptimizer$NamedPass process
INFO: checkVars
Nov 03, 2020 5:11:19 PM com.google.javascript.jscomp.PhaseOptimizer$NamedPass process
INFO: checkStrictMode
Nov 03, 2020 5:11:19 PM com.google.javascript.jscomp.PhaseOptimizer$NamedPass process
INFO: replaceMessages
Nov 03, 2020 5:11:19 PM com.google.javascript.jscomp.PhaseOptimizer$NamedPass process
INFO: processDefines
Nov 03, 2020 5:11:22 PM com.google.javascript.jscomp.PhaseOptimizer$NamedPass process
INFO: checkVars
Nov 03, 2020 5:11:22 PM com.google.javascript.jscomp.PhaseOptimizer$NamedPass process
INFO: checkStrictMode
Nov 03, 2020 5:11:22 PM com.google.javascript.jscomp.PhaseOptimizer$NamedPass process
INFO: replaceMessages
Nov 03, 2020 5:11:22 PM com.google.javascript.jscomp.PhaseOptimizer$NamedPass process
INFO: processDefines
Nov 03, 2020 5:11:24 PM com.google.javascript.jscomp.PhaseOptimizer$NamedPass process
INFO: checkVars
Nov 03, 2020 5:11:24 PM com.google.javascript.jscomp.PhaseOptimizer$NamedPass process
INFO: checkStrictMode
Nov 03, 2020 5:11:24 PM com.google.javascript.jscomp.PhaseOptimizer$NamedPass process
INFO: replaceMessages
Nov 03, 2020 5:11:24 PM com.google.javascript.jscomp.PhaseOptimizer$NamedPass process
INFO: processDefines
Nov 03, 2020 5:11:24 PM com.google.javascript.jscomp.PhaseOptimizer$NamedPass process
INFO: checkVars
Nov 03, 2020 5:11:24 PM com.google.javascript.jscomp.PhaseOptimizer$NamedPass process
INFO: checkStrictMode
Nov 03, 2020 5:11:24 PM com.google.javascript.jscomp.PhaseOptimizer$NamedPass process
INFO: replaceMessages
Nov 03, 2020 5:11:24 PM com.google.javascript.jscomp.PhaseOptimizer$NamedPass process
INFO: processDefines
Nov 03, 2020 5:11:26 PM com.google.javascript.jscomp.PhaseOptimizer$NamedPass process
INFO: checkVars
Nov 03, 2020 5:11:26 PM com.google.javascript.jscomp.PhaseOptimizer$NamedPass process
INFO: checkStrictMode
Nov 03, 2020 5:11:26 PM com.google.javascript.jscomp.PhaseOptimizer$NamedPass process
INFO: replaceMessages
Nov 03, 2020 5:11:26 PM com.google.javascript.jscomp.PhaseOptimizer$NamedPass process
INFO: processDefines
Nov 03, 2020 5:11:26 PM com.google.javascript.jscomp.PhaseOptimizer$NamedPass process
INFO: checkVars
Nov 03, 2020 5:11:26 PM com.google.javascript.jscomp.PhaseOptimizer$NamedPass process
INFO: checkStrictMode
Nov 03, 2020 5:11:26 PM com.google.javascript.jscomp.PhaseOptimizer$NamedPass process
INFO: replaceMessages
Nov 03, 2020 5:11:26 PM com.google.javascript.jscomp.PhaseOptimizer$NamedPass process
INFO: processDefines
Nov 03, 2020 5:11:28 PM com.google.javascript.jscomp.PhaseOptimizer$NamedPass process
INFO: checkVars
Nov 03, 2020 5:11:28 PM com.google.javascript.jscomp.PhaseOptimizer$NamedPass process
INFO: checkStrictMode
Nov 03, 2020 5:11:28 PM com.google.javascript.jscomp.PhaseOptimizer$NamedPass process
INFO: replaceMessages
Nov 03, 2020 5:11:28 PM com.google.javascript.jscomp.PhaseOptimizer$NamedPass process
INFO: processDefines
Nov 03, 2020 5:11:30 PM com.google.javascript.jscomp.PhaseOptimizer$NamedPass process
INFO: checkVars
Nov 03, 2020 5:11:30 PM com.google.javascript.jscomp.PhaseOptimizer$NamedPass process
INFO: checkStrictMode
Nov 03, 2020 5:11:30 PM com.google.javascript.jscomp.PhaseOptimizer$NamedPass process
INFO: replaceMessages
Nov 03, 2020 5:11:30 PM com.google.javascript.jscomp.PhaseOptimizer$NamedPass process
INFO: processDefines
Nov 03, 2020 5:11:39 PM com.google.javascript.jscomp.PhaseOptimizer$NamedPass process
INFO: checkVars
Nov 03, 2020 5:11:39 PM com.google.javascript.jscomp.PhaseOptimizer$NamedPass process
INFO: checkStrictMode
Nov 03, 2020 5:11:39 PM com.google.javascript.jscomp.PhaseOptimizer$NamedPass process
INFO: replaceMessages
Nov 03, 2020 5:11:39 PM com.google.javascript.jscomp.PhaseOptimizer$NamedPass process
INFO: processDefines
Nov 03, 2020 5:11:41 PM com.google.javascript.jscomp.PhaseOptimizer$NamedPass process
INFO: checkVars
Nov 03, 2020 5:11:41 PM com.google.javascript.jscomp.PhaseOptimizer$NamedPass process
INFO: checkStrictMode
Nov 03, 2020 5:11:41 PM com.google.javascript.jscomp.PhaseOptimizer$NamedPass process
INFO: replaceMessages
Nov 03, 2020 5:11:41 PM com.google.javascript.jscomp.PhaseOptimizer$NamedPass process
INFO: processDefines
Nov 03, 2020 5:11:43 PM com.google.javascript.jscomp.PhaseOptimizer$NamedPass process
INFO: checkVars
Nov 03, 2020 5:11:43 PM com.google.javascript.jscomp.PhaseOptimizer$NamedPass process
INFO: checkStrictMode
Nov 03, 2020 5:11:43 PM com.google.javascript.jscomp.PhaseOptimizer$NamedPass process
INFO: replaceMessages
Nov 03, 2020 5:11:43 PM com.google.javascript.jscomp.PhaseOptimizer$NamedPass process
INFO: processDefines
Nov 03, 2020 5:11:45 PM com.google.javascript.jscomp.PhaseOptimizer$NamedPass process
INFO: checkVars
Nov 03, 2020 5:11:45 PM com.google.javascript.jscomp.PhaseOptimizer$NamedPass process
INFO: checkStrictMode
Nov 03, 2020 5:11:45 PM com.google.javascript.jscomp.PhaseOptimizer$NamedPass process
INFO: replaceMessages
Nov 03, 2020 5:11:45 PM com.google.javascript.jscomp.PhaseOptimizer$NamedPass process
INFO: processDefines
Nov 03, 2020 5:11:47 PM com.google.javascript.jscomp.PhaseOptimizer$NamedPass process
INFO: checkVars
Nov 03, 2020 5:11:47 PM com.google.javascript.jscomp.PhaseOptimizer$NamedPass process
INFO: checkStrictMode
Nov 03, 2020 5:11:47 PM com.google.javascript.jscomp.PhaseOptimizer$NamedPass process
INFO: replaceMessages
Nov 03, 2020 5:11:47 PM com.google.javascript.jscomp.PhaseOptimizer$NamedPass process
INFO: processDefines
Nov 03, 2020 5:11:47 PM com.google.javascript.jscomp.PhaseOptimizer$NamedPass process
INFO: checkVars
Nov 03, 2020 5:11:47 PM com.google.javascript.jscomp.PhaseOptimizer$NamedPass process
INFO: checkStrictMode
Nov 03, 2020 5:11:47 PM com.google.javascript.jscomp.PhaseOptimizer$NamedPass process
INFO: replaceMessages
Nov 03, 2020 5:11:47 PM com.google.javascript.jscomp.PhaseOptimizer$NamedPass process
INFO: processDefines
Nov 03, 2020 5:11:50 PM com.google.javascript.jscomp.PhaseOptimizer$NamedPass process
INFO: checkVars
Nov 03, 2020 5:11:50 PM com.google.javascript.jscomp.PhaseOptimizer$NamedPass process
INFO: checkStrictMode
Nov 03, 2020 5:11:50 PM com.google.javascript.jscomp.PhaseOptimizer$NamedPass process
INFO: replaceMessages
Nov 03, 2020 5:11:50 PM com.google.javascript.jscomp.PhaseOptimizer$NamedPass process
INFO: processDefines
Nov 03, 2020 5:11:52 PM com.google.javascript.jscomp.PhaseOptimizer$NamedPass process
INFO: checkVars
Nov 03, 2020 5:11:52 PM com.google.javascript.jscomp.PhaseOptimizer$NamedPass process
INFO: checkStrictMode
Nov 03, 2020 5:11:52 PM com.google.javascript.jscomp.PhaseOptimizer$NamedPass process
INFO: replaceMessages
Nov 03, 2020 5:11:52 PM com.google.javascript.jscomp.PhaseOptimizer$NamedPass process
INFO: processDefines
Nov 03, 2020 5:11:54 PM com.google.javascript.jscomp.PhaseOptimizer$NamedPass process
INFO: checkVars
Nov 03, 2020 5:11:54 PM com.google.javascript.jscomp.PhaseOptimizer$NamedPass process
INFO: checkStrictMode
Nov 03, 2020 5:11:54 PM com.google.javascript.jscomp.PhaseOptimizer$NamedPass process
INFO: replaceMessages
Nov 03, 2020 5:11:54 PM com.google.javascript.jscomp.PhaseOptimizer$NamedPass process
INFO: processDefines
Nov 03, 2020 5:11:56 PM com.google.javascript.jscomp.PhaseOptimizer$NamedPass process
INFO: checkVars
Nov 03, 2020 5:11:56 PM com.google.javascript.jscomp.PhaseOptimizer$NamedPass process
INFO: checkStrictMode
Nov 03, 2020 5:11:56 PM com.google.javascript.jscomp.PhaseOptimizer$NamedPass process
INFO: replaceMessages
Nov 03, 2020 5:11:56 PM com.google.javascript.jscomp.PhaseOptimizer$NamedPass process
INFO: processDefines
Nov 03, 2020 5:11:56 PM com.google.javascript.jscomp.PhaseOptimizer$NamedPass process
INFO: checkVars
Nov 03, 2020 5:11:56 PM com.google.javascript.jscomp.PhaseOptimizer$NamedPass process
INFO: checkStrictMode
Nov 03, 2020 5:11:56 PM com.google.javascript.jscomp.PhaseOptimizer$NamedPass process
INFO: replaceMessages
Nov 03, 2020 5:11:56 PM com.google.javascript.jscomp.PhaseOptimizer$NamedPass process
INFO: processDefines
Nov 03, 2020 5:11:58 PM com.google.javascript.jscomp.PhaseOptimizer$NamedPass process
INFO: checkVars
Nov 03, 2020 5:11:58 PM com.google.javascript.jscomp.PhaseOptimizer$NamedPass process
INFO: checkStrictMode
Nov 03, 2020 5:11:58 PM com.google.javascript.jscomp.PhaseOptimizer$NamedPass process
INFO: replaceMessages
Nov 03, 2020 5:11:58 PM com.google.javascript.jscomp.PhaseOptimizer$NamedPass process
INFO: processDefines
Nov 03, 2020 5:11:58 PM com.google.javascript.jscomp.PhaseOptimizer$NamedPass process
INFO: checkVars
Nov 03, 2020 5:11:58 PM com.google.javascript.jscomp.PhaseOptimizer$NamedPass process
INFO: checkStrictMode
Nov 03, 2020 5:11:58 PM com.google.javascript.jscomp.PhaseOptimizer$NamedPass process
INFO: replaceMessages
Nov 03, 2020 5:11:58 PM com.google.javascript.jscomp.PhaseOptimizer$NamedPass process
INFO: processDefines
Nov 03, 2020 5:12:03 PM com.google.javascript.jscomp.PhaseOptimizer$NamedPass process
INFO: checkVars
Nov 03, 2020 5:12:03 PM com.google.javascript.jscomp.PhaseOptimizer$NamedPass process
INFO: checkStrictMode
Nov 03, 2020 5:12:03 PM com.google.javascript.jscomp.PhaseOptimizer$NamedPass process
INFO: replaceMessages
Nov 03, 2020 5:12:03 PM com.google.javascript.jscomp.PhaseOptimizer$NamedPass process
INFO: processDefines
Nov 03, 2020 5:12:05 PM com.google.javascript.jscomp.PhaseOptimizer$NamedPass process
INFO: checkVars
Nov 03, 2020 5:12:05 PM com.google.javascript.jscomp.PhaseOptimizer$NamedPass process
INFO: checkStrictMode
Nov 03, 2020 5:12:05 PM com.google.javascript.jscomp.PhaseOptimizer$NamedPass process
INFO: replaceMessages
Nov 03, 2020 5:12:05 PM com.google.javascript.jscomp.PhaseOptimizer$NamedPass process
INFO: processDefines
Nov 03, 2020 5:12:07 PM com.google.javascript.jscomp.PhaseOptimizer$NamedPass process
INFO: checkVars
Nov 03, 2020 5:12:07 PM com.google.javascript.jscomp.PhaseOptimizer$NamedPass process
INFO: checkStrictMode
Nov 03, 2020 5:12:07 PM com.google.javascript.jscomp.PhaseOptimizer$NamedPass process
INFO: replaceMessages
Nov 03, 2020 5:12:07 PM com.google.javascript.jscomp.PhaseOptimizer$NamedPass process
INFO: processDefines
Nov 03, 2020 5:12:11 PM com.google.javascript.jscomp.PhaseOptimizer$NamedPass process
INFO: checkVars
Nov 03, 2020 5:12:11 PM com.google.javascript.jscomp.PhaseOptimizer$NamedPass process
INFO: checkStrictMode
Nov 03, 2020 5:12:11 PM com.google.javascript.jscomp.PhaseOptimizer$NamedPass process
INFO: replaceMessages
Nov 03, 2020 5:12:11 PM com.google.javascript.jscomp.PhaseOptimizer$NamedPass process
INFO: processDefines
Nov 03, 2020 5:12:11 PM com.google.javascript.jscomp.PhaseOptimizer$NamedPass process
INFO: checkVars
Nov 03, 2020 5:12:11 PM com.google.javascript.jscomp.PhaseOptimizer$NamedPass process
INFO: checkStrictMode
Nov 03, 2020 5:12:11 PM com.google.javascript.jscomp.PhaseOptimizer$NamedPass process
INFO: replaceMessages
Nov 03, 2020 5:12:11 PM com.google.javascript.jscomp.PhaseOptimizer$NamedPass process
INFO: processDefines
Nov 03, 2020 5:12:14 PM com.google.javascript.jscomp.PhaseOptimizer$NamedPass process
INFO: checkVars
Nov 03, 2020 5:12:14 PM com.google.javascript.jscomp.PhaseOptimizer$NamedPass process
INFO: checkStrictMode
Nov 03, 2020 5:12:14 PM com.google.javascript.jscomp.PhaseOptimizer$NamedPass process
INFO: replaceMessages
Nov 03, 2020 5:12:14 PM com.google.javascript.jscomp.PhaseOptimizer$NamedPass process
INFO: processDefines
Nov 03, 2020 5:12:14 PM com.google.javascript.jscomp.PhaseOptimizer$NamedPass process
INFO: checkVars
Nov 03, 2020 5:12:14 PM com.google.javascript.jscomp.PhaseOptimizer$NamedPass process
INFO: checkStrictMode
Nov 03, 2020 5:12:14 PM com.google.javascript.jscomp.PhaseOptimizer$NamedPass process
INFO: replaceMessages
Nov 03, 2020 5:12:14 PM com.google.javascript.jscomp.PhaseOptimizer$NamedPass process
INFO: processDefines
Nov 03, 2020 5:12:16 PM com.google.javascript.jscomp.PhaseOptimizer$NamedPass process
INFO: checkVars
Nov 03, 2020 5:12:16 PM com.google.javascript.jscomp.PhaseOptimizer$NamedPass process
INFO: checkStrictMode
Nov 03, 2020 5:12:16 PM com.google.javascript.jscomp.PhaseOptimizer$NamedPass process
INFO: replaceMessages
Nov 03, 2020 5:12:16 PM com.google.javascript.jscomp.PhaseOptimizer$NamedPass process
INFO: processDefines
Nov 03, 2020 5:12:18 PM com.google.javascript.jscomp.PhaseOptimizer$NamedPass process
INFO: checkVars
Nov 03, 2020 5:12:18 PM com.google.javascript.jscomp.PhaseOptimizer$NamedPass process
INFO: checkStrictMode
Nov 03, 2020 5:12:18 PM com.google.javascript.jscomp.PhaseOptimizer$NamedPass process
INFO: replaceMessages
Nov 03, 2020 5:12:18 PM com.google.javascript.jscomp.PhaseOptimizer$NamedPass process
INFO: processDefines
Nov 03, 2020 5:13:30 PM com.google.javascript.jscomp.AliasStrings process
INFO: Aliasing common strings
Nov 03, 2020 5:13:30 PM com.google.javascript.jscomp.AliasStrings process
INFO: Aliasing common strings
Nov 03, 2020 5:13:30 PM com.google.javascript.jscomp.AliasStrings process
INFO: Aliasing common strings
Nov 03, 2020 5:13:30 PM com.google.javascript.jscomp.AliasStrings process
INFO: Aliasing common strings
Nov 03, 2020 5:13:30 PM com.google.javascript.jscomp.AliasStrings process
INFO: Aliasing common strings
Nov 03, 2020 5:13:30 PM com.google.javascript.jscomp.AliasStrings process
INFO: Aliasing common strings
Nov 03, 2020 5:13:33 PM com.google.javascript.jscomp.AliasStrings process
INFO: Aliasing common strings
Nov 03, 2020 5:13:33 PM com.google.javascript.jscomp.AliasStrings process
INFO: Aliasing common strings
Nov 03, 2020 5:13:35 PM com.google.javascript.jscomp.AliasStrings process
INFO: Aliasing common strings
Nov 03, 2020 5:13:35 PM com.google.javascript.jscomp.AliasStrings process
INFO: Aliasing common strings
Nov 03, 2020 5:13:38 PM com.google.javascript.jscomp.AliasStrings process
INFO: Aliasing common strings
Nov 03, 2020 5:13:38 PM com.google.javascript.jscomp.AliasStrings process
INFO: Aliasing common strings
Nov 03, 2020 5:13:40 PM com.google.javascript.jscomp.AliasStrings process
INFO: Aliasing common strings
Nov 03, 2020 5:13:40 PM com.google.javascript.jscomp.AliasStrings process
INFO: Aliasing common strings
Nov 03, 2020 5:13:42 PM com.google.javascript.jscomp.AliasStrings process
INFO: Aliasing common strings
Nov 03, 2020 5:13:42 PM com.google.javascript.jscomp.AliasStrings process
INFO: Aliasing common strings
Nov 03, 2020 5:13:45 PM com.google.javascript.jscomp.AliasStrings process
INFO: Aliasing common strings
Nov 03, 2020 5:13:45 PM com.google.javascript.jscomp.AliasStrings process
INFO: Aliasing common strings
Nov 03, 2020 5:13:45 PM com.google.javascript.jscomp.AliasStrings process
INFO: Aliasing common strings
Nov 03, 2020 5:13:45 PM com.google.javascript.jscomp.AliasStrings process
INFO: Aliasing common strings
Nov 03, 2020 5:13:45 PM com.google.javascript.jscomp.AliasStrings process
INFO: Aliasing common strings
Nov 03, 2020 5:13:45 PM com.google.javascript.jscomp.AliasStrings process
INFO: Aliasing common strings
Nov 03, 2020 5:13:45 PM com.google.javascript.jscomp.AliasStrings process
INFO: Aliasing common strings
Nov 03, 2020 5:13:45 PM com.google.javascript.jscomp.AliasStrings process
INFO: Aliasing common strings
Nov 03, 2020 5:13:45 PM com.google.javascript.jscomp.AliasStrings process
INFO: Aliasing common strings
Nov 03, 2020 5:13:45 PM com.google.javascript.jscomp.AliasStrings process
INFO: Aliasing common strings
Nov 03, 2020 5:13:45 PM com.google.javascript.jscomp.AliasStrings process
INFO: Aliasing common strings
Nov 03, 2020 5:13:45 PM com.google.javascript.jscomp.AliasStrings process
INFO: Aliasing common strings
Nov 03, 2020 5:13:45 PM com.google.javascript.jscomp.AliasStrings process
INFO: Aliasing common strings
Nov 03, 2020 5:13:45 PM com.google.javascript.jscomp.AliasStrings process
INFO: Aliasing common strings
Nov 03, 2020 5:13:45 PM com.google.javascript.jscomp.AliasStrings process
INFO: Aliasing common strings
Nov 03, 2020 5:13:45 PM com.google.javascript.jscomp.AliasStrings process
INFO: Aliasing common strings
Nov 03, 2020 5:13:47 PM com.google.javascript.jscomp.AliasStrings process
INFO: Aliasing common strings
Nov 03, 2020 5:13:47 PM com.google.javascript.jscomp.AliasStrings process
INFO: Aliasing common strings
Nov 03, 2020 5:13:47 PM com.google.javascript.jscomp.AliasStrings process
INFO: Aliasing common strings
Nov 03, 2020 5:13:47 PM com.google.javascript.jscomp.AliasStrings process
INFO: Aliasing common strings
Nov 03, 2020 5:13:47 PM com.google.javascript.jscomp.AliasStrings process
INFO: Aliasing common strings
Nov 03, 2020 5:13:47 PM com.google.javascript.jscomp.AliasStrings process
INFO: Aliasing common strings
Nov 03, 2020 5:13:47 PM com.google.javascript.jscomp.AliasStrings process
INFO: Aliasing common strings
Nov 03, 2020 5:13:47 PM com.google.javascript.jscomp.AliasStrings process
INFO: Aliasing common strings
Nov 03, 2020 5:13:47 PM com.google.javascript.jscomp.AliasStrings process
INFO: Aliasing common strings
Nov 03, 2020 5:13:47 PM com.google.javascript.jscomp.AliasStrings process
INFO: Aliasing common strings
Nov 03, 2020 5:13:47 PM com.google.javascript.jscomp.AliasStrings process
INFO: Aliasing common strings
Nov 03, 2020 5:13:47 PM com.google.javascript.jscomp.AliasStrings process
INFO: Aliasing common strings
Nov 03, 2020 5:13:47 PM com.google.javascript.jscomp.AliasStrings process
INFO: Aliasing common strings
Nov 03, 2020 5:13:47 PM com.google.javascript.jscomp.AliasStrings process
INFO: Aliasing common strings
Nov 03, 2020 5:13:50 PM com.google.javascript.jscomp.AliasStrings process
INFO: Aliasing common strings
Nov 03, 2020 5:13:50 PM com.google.javascript.jscomp.AliasStrings process
INFO: Aliasing common strings
Nov 03, 2020 5:13:50 PM com.google.javascript.jscomp.AliasStrings process
INFO: Aliasing common strings
Nov 03, 2020 5:13:50 PM com.google.javascript.jscomp.AliasStrings process
INFO: Aliasing common strings
Nov 03, 2020 5:13:50 PM com.google.javascript.jscomp.AliasStrings process
INFO: Aliasing common strings
Nov 03, 2020 5:13:50 PM com.google.javascript.jscomp.AliasStrings process
INFO: Aliasing common strings
Nov 03, 2020 5:13:50 PM com.google.javascript.jscomp.AliasStrings process
INFO: Aliasing common strings
Nov 03, 2020 5:13:50 PM com.google.javascript.jscomp.AliasStrings process
INFO: Aliasing common strings
Nov 03, 2020 5:13:50 PM com.google.javascript.jscomp.AliasStrings process
INFO: Aliasing common strings
Nov 03, 2020 5:13:50 PM com.google.javascript.jscomp.AliasStrings process
INFO: Aliasing common strings
Nov 03, 2020 5:13:52 PM com.google.javascript.jscomp.AliasStrings process
INFO: Aliasing common strings
Nov 03, 2020 5:13:52 PM com.google.javascript.jscomp.AliasStrings process
INFO: Aliasing common strings
Nov 03, 2020 5:13:52 PM com.google.javascript.jscomp.AliasStrings process
INFO: Aliasing common strings
Nov 03, 2020 5:13:52 PM com.google.javascript.jscomp.AliasStrings process
INFO: Aliasing common strings
Nov 03, 2020 5:13:52 PM com.google.javascript.jscomp.AliasStrings process
INFO: Aliasing common strings
Nov 03, 2020 5:13:52 PM com.google.javascript.jscomp.AliasStrings process
INFO: Aliasing common strings
Nov 03, 2020 5:13:54 PM com.google.javascript.jscomp.AliasStrings process
INFO: Aliasing common strings
Nov 03, 2020 5:13:54 PM com.google.javascript.jscomp.AliasStrings process
INFO: Aliasing common strings
Nov 03, 2020 5:13:57 PM com.google.javascript.jscomp.AliasStrings process
INFO: Aliasing common strings
Nov 03, 2020 5:13:57 PM com.google.javascript.jscomp.AliasStrings process
INFO: Aliasing common strings
Nov 03, 2020 5:13:59 PM com.google.javascript.jscomp.AliasStrings process
INFO: Aliasing common strings
Nov 03, 2020 5:13:59 PM com.google.javascript.jscomp.AliasStrings process
INFO: Aliasing common strings
Nov 03, 2020 5:13:59 PM com.google.javascript.jscomp.AliasStrings process
INFO: Aliasing common strings
Nov 03, 2020 5:13:59 PM com.google.javascript.jscomp.AliasStrings process
INFO: Aliasing common strings
Nov 03, 2020 5:14:02 PM com.google.javascript.jscomp.AliasStrings process
INFO: Aliasing common strings
Nov 03, 2020 5:14:02 PM com.google.javascript.jscomp.AliasStrings process
INFO: Aliasing common strings
Nov 03, 2020 5:14:05 PM com.google.javascript.jscomp.AmbiguateProperties process
INFO: Collapsed 2 properties into 1 and skipped renaming 0 properties.
Nov 03, 2020 5:14:08 PM com.google.javascript.jscomp.AmbiguateProperties process
INFO: Collapsed 1 properties into 1 and skipped renaming 0 properties.
Nov 03, 2020 5:14:11 PM com.google.javascript.jscomp.AmbiguateProperties process
INFO: Collapsed 0 properties into 1 and skipped renaming 1 properties.
Nov 03, 2020 5:14:14 PM com.google.javascript.jscomp.AmbiguateProperties process
INFO: Collapsed 0 properties into 1 and skipped renaming 1 properties.
Nov 03, 2020 5:14:17 PM com.google.javascript.jscomp.AmbiguateProperties process
INFO: Collapsed 0 properties into 1 and skipped renaming 1 properties.
Nov 03, 2020 5:14:20 PM com.google.javascript.jscomp.AmbiguateProperties process
INFO: Collapsed 2 properties into 2 and skipped renaming 0 properties.
Nov 03, 2020 5:14:23 PM com.google.javascript.jscomp.AmbiguateProperties process
INFO: Collapsed 0 properties into 1 and skipped renaming 2 properties.
Nov 03, 2020 5:14:26 PM com.google.javascript.jscomp.AmbiguateProperties process
INFO: Collapsed 3 properties into 2 and skipped renaming 0 properties.
Nov 03, 2020 5:14:29 PM com.google.javascript.jscomp.AmbiguateProperties process
INFO: Collapsed 3 properties into 2 and skipped renaming 0 properties.
Nov 03, 2020 5:14:32 PM com.google.javascript.jscomp.AmbiguateProperties process
INFO: Collapsed 10 properties into 5 and skipped renaming 0 properties.
Nov 03, 2020 5:14:35 PM com.google.javascript.jscomp.AmbiguateProperties process
INFO: Collapsed 6 properties into 3 and skipped renaming 0 properties.
Nov 03, 2020 5:14:39 PM com.google.javascript.jscomp.AmbiguateProperties process
INFO: Collapsed 20 properties into 10 and skipped renaming 0 properties.
Nov 03, 2020 5:14:42 PM com.google.javascript.jscomp.AmbiguateProperties process
INFO: Collapsed 10 properties into 1 and skipped renaming 0 properties.
Nov 03, 2020 5:14:45 PM com.google.javascript.jscomp.AmbiguateProperties process
INFO: Collapsed 2 properties into 1 and skipped renaming 0 properties.
Nov 03, 2020 5:14:48 PM com.google.javascript.jscomp.AmbiguateProperties process
INFO: Collapsed 1 properties into 1 and skipped renaming 0 properties.
Nov 03, 2020 5:14:51 PM com.google.javascript.jscomp.AmbiguateProperties process
INFO: Collapsed 0 properties into 1 and skipped renaming 0 properties.
Nov 03, 2020 5:14:54 PM com.google.javascript.jscomp.AmbiguateProperties process
INFO: Collapsed 0 properties into 1 and skipped renaming 0 properties.
Nov 03, 2020 5:14:57 PM com.google.javascript.jscomp.AmbiguateProperties process
INFO: Collapsed 2 properties into 2 and skipped renaming 0 properties.
Nov 03, 2020 5:15:00 PM com.google.javascript.jscomp.AmbiguateProperties process
INFO: Collapsed 0 properties into 1 and skipped renaming 1 properties.
Nov 03, 2020 5:15:03 PM com.google.javascript.jscomp.AmbiguateProperties process
INFO: Collapsed 1 properties into 1 and skipped renaming 0 properties.
Nov 03, 2020 5:15:06 PM com.google.javascript.jscomp.AmbiguateProperties process
INFO: Collapsed 0 properties into 1 and skipped renaming 1 properties.
Nov 03, 2020 5:15:09 PM com.google.javascript.jscomp.AmbiguateProperties process
INFO: Collapsed 0 properties into 1 and skipped renaming 1 properties.
Nov 03, 2020 5:15:12 PM com.google.javascript.jscomp.AmbiguateProperties process
INFO: Collapsed 0 properties into 1 and skipped renaming 1 properties.
Nov 03, 2020 5:15:15 PM com.google.javascript.jscomp.AmbiguateProperties process
INFO: Collapsed 0 properties into 1 and skipped renaming 1 properties.
Nov 03, 2020 5:15:18 PM com.google.javascript.jscomp.AmbiguateProperties process
INFO: Collapsed 0 properties into 1 and skipped renaming 0 properties.
Nov 03, 2020 5:15:21 PM com.google.javascript.jscomp.AmbiguateProperties process
INFO: Collapsed 1 properties into 1 and skipped renaming 0 properties.
Nov 03, 2020 5:15:24 PM com.google.javascript.jscomp.AmbiguateProperties process
INFO: Collapsed 0 properties into 1 and skipped renaming 0 properties.
Nov 03, 2020 5:15:27 PM com.google.javascript.jscomp.AmbiguateProperties process
INFO: Collapsed 1 properties into 1 and skipped renaming 0 properties.
Nov 03, 2020 5:15:30 PM com.google.javascript.jscomp.AmbiguateProperties process
INFO: Collapsed 2 properties into 1 and skipped renaming 0 properties.
Nov 03, 2020 5:15:33 PM com.google.javascript.jscomp.AmbiguateProperties process
INFO: Collapsed 3 properties into 1 and skipped renaming 0 properties.
Nov 03, 2020 5:15:36 PM com.google.javascript.jscomp.AmbiguateProperties process
INFO: Collapsed 1 properties into 1 and skipped renaming 1 properties.
Nov 03, 2020 5:15:36 PM com.google.javascript.jscomp.AmbiguateProperties process
INFO: Collapsed 0 properties into 1 and skipped renaming 2 properties.
Nov 03, 2020 5:15:36 PM com.google.javascript.jscomp.AmbiguateProperties process
INFO: Collapsed 2 properties into 1 and skipped renaming 0 properties.
Nov 03, 2020 5:15:39 PM com.google.javascript.jscomp.AmbiguateProperties process
INFO: Collapsed 0 properties into 1 and skipped renaming 1 properties.
Nov 03, 2020 5:15:42 PM com.google.javascript.jscomp.AmbiguateProperties process
INFO: Collapsed 3 properties into 3 and skipped renaming 0 properties.
Nov 03, 2020 5:15:45 PM com.google.javascript.jscomp.AmbiguateProperties process
INFO: Collapsed 3 properties into 3 and skipped renaming 0 properties.
Nov 03, 2020 5:15:48 PM com.google.javascript.jscomp.AmbiguateProperties process
INFO: Collapsed 2 properties into 2 and skipped renaming 0 properties.
Nov 03, 2020 5:15:51 PM com.google.javascript.jscomp.AmbiguateProperties process
INFO: Collapsed 2 properties into 2 and skipped renaming 0 properties.
Nov 03, 2020 5:15:54 PM com.google.javascript.jscomp.AmbiguateProperties process
INFO: Collapsed 2 properties into 2 and skipped renaming 0 properties.
Nov 03, 2020 5:15:57 PM com.google.javascript.jscomp.AmbiguateProperties process
INFO: Collapsed 1 properties into 1 and skipped renaming 1 properties.
Nov 03, 2020 5:16:00 PM com.google.javascript.jscomp.AmbiguateProperties process
INFO: Collapsed 1 properties into 1 and skipped renaming 1 properties.
Nov 03, 2020 5:32:04 PM com.google.javascript.jscomp.PhaseOptimizer$NamedPass process
INFO: processGoogScopeAliases
Nov 03, 2020 5:32:04 PM com.google.javascript.jscomp.PhaseOptimizer$NamedPass process
INFO: checkRequires
Nov 03, 2020 5:32:04 PM com.google.javascript.jscomp.PhaseOptimizer$NamedPass process
INFO: processProvidesAndRequires
Nov 03, 2020 5:32:04 PM com.google.javascript.jscomp.PhaseOptimizer$NamedPass process
INFO: checkVars
Nov 03, 2020 5:32:04 PM com.google.javascript.jscomp.PhaseOptimizer$NamedPass process
INFO: checkStrictMode
Nov 03, 2020 5:32:04 PM com.google.javascript.jscomp.PhaseOptimizer$NamedPass process
INFO: renameCssNames
Nov 03, 2020 5:32:04 PM com.google.javascript.jscomp.PhaseOptimizer$NamedPass process
INFO: replaceMessages
Nov 03, 2020 5:32:04 PM com.google.javascript.jscomp.PhaseOptimizer$NamedPass process
INFO: processDefines
Nov 03, 2020 5:32:04 PM com.google.javascript.jscomp.Compiler normalize
INFO: Normalizing
Nov 03, 2020 5:32:04 PM com.google.javascript.jscomp.PhaseOptimizer$NamedPass process
INFO: garbageCollectChecks
Nov 03, 2020 5:32:04 PM com.google.javascript.jscomp.PhaseOptimizer$NamedPass process
INFO: beforeStandardOptimizations
Nov 03, 2020 5:32:04 PM com.google.javascript.jscomp.PhaseOptimizer$NamedPass process
INFO: replaceIdGenerators
Nov 03, 2020 5:32:04 PM com.google.javascript.jscomp.PhaseOptimizer$NamedPass process
INFO: closureCodeRemoval
Nov 03, 2020 5:32:04 PM com.google.javascript.jscomp.PhaseOptimizer$NamedPass process
INFO: closureOptimizePrimitives
Nov 03, 2020 5:32:04 PM com.google.javascript.jscomp.PhaseOptimizer$NamedPass process
INFO: beforeMainOptimizations
Nov 03, 2020 5:32:04 PM com.google.javascript.jscomp.PhaseOptimizer$NamedPass process
INFO: beforeModuleMotion
Nov 03, 2020 5:32:04 PM com.google.javascript.jscomp.PhaseOptimizer$NamedPass process
INFO: afterModuleMotion
Nov 03, 2020 5:32:04 PM com.google.javascript.jscomp.PhaseOptimizer$NamedPass process
INFO: markUnnormalized
Nov 03, 2020 5:32:04 PM com.google.javascript.jscomp.PhaseOptimizer$NamedPass process
INFO: denormalize
Nov 03, 2020 5:32:04 PM com.google.javascript.jscomp.PhaseOptimizer$NamedPass process
INFO: invertNames
Nov 03, 2020 5:32:04 PM com.google.javascript.jscomp.PhaseOptimizer$NamedPass process
INFO: operaCompoundAssignFix
Nov 03, 2020 5:32:04 PM com.google.javascript.jscomp.PhaseOptimizer$NamedPass process
INFO: sanityCheckAst
Nov 03, 2020 5:32:04 PM com.google.javascript.jscomp.PhaseOptimizer$NamedPass process
INFO: sanityCheckVars
Nov 03, 2020 5:32:04 PM com.google.javascript.jscomp.LoggerErrorManager println
WARNING: foo.js:1: WARNING - 'foo.bar.goo' used but not goog.require'd
var foo = {}; var bar = new foo.bar.goo();
                                       ^

Nov 03, 2020 5:32:04 PM com.google.javascript.jscomp.LoggerErrorManager printSummary
WARNING: 0 error(s), 1 warning(s)
Closure Compiler (http://code.google.com/closure/compiler)
Version: Unversioned directory
Built on: 2020/11/03 09:07
Closure Compiler (http://code.google.com/closure/compiler)
Version: Unversioned directory
Built on: 2020/11/03 09:07
Nov 03, 2020 6:34:13 PM com.google.javascript.jscomp.LoggerErrorManager println
WARNING: testcode:1: WARNING - Unable to determine type of parameter a.b for exported function p1
var goog = {};goog.exportSymbol = function(a, b) {}; goog.exportProperty = function(a, b, c) {}; var a = {}; a.b = function(p1) {}; a.b.c = function(d, e, f) {};a.b.prototype.c = function(g, h, i) {};goog.exportSymbol('a.b', a.b);goog.exportProperty(a.b, 'c', a.b.c);goog.exportProperty(a.b.prototype, 'c', a.b.prototype.c);
                                                                                                                            ^

Nov 03, 2020 6:34:13 PM com.google.javascript.jscomp.LoggerErrorManager println
WARNING: testcode:1: WARNING - Unable to determine type of parameter a.b.c for exported function d
var goog = {};goog.exportSymbol = function(a, b) {}; goog.exportProperty = function(a, b, c) {}; var a = {}; a.b = function(p1) {}; a.b.c = function(d, e, f) {};a.b.prototype.c = function(g, h, i) {};goog.exportSymbol('a.b', a.b);goog.exportProperty(a.b, 'c', a.b.c);goog.exportProperty(a.b.prototype, 'c', a.b.prototype.c);
                                                                                                                                                     ^

Nov 03, 2020 6:34:13 PM com.google.javascript.jscomp.LoggerErrorManager println
WARNING: testcode:1: WARNING - Unable to determine type of parameter a.b.c for exported function e
var goog = {};goog.exportSymbol = function(a, b) {}; goog.exportProperty = function(a, b, c) {}; var a = {}; a.b = function(p1) {}; a.b.c = function(d, e, f) {};a.b.prototype.c = function(g, h, i) {};goog.exportSymbol('a.b', a.b);goog.exportProperty(a.b, 'c', a.b.c);goog.exportProperty(a.b.prototype, 'c', a.b.prototype.c);
                                                                                                                                                        ^

Nov 03, 2020 6:34:13 PM com.google.javascript.jscomp.LoggerErrorManager println
WARNING: testcode:1: WARNING - Unable to determine type of parameter a.b.c for exported function f
var goog = {};goog.exportSymbol = function(a, b) {}; goog.exportProperty = function(a, b, c) {}; var a = {}; a.b = function(p1) {}; a.b.c = function(d, e, f) {};a.b.prototype.c = function(g, h, i) {};goog.exportSymbol('a.b', a.b);goog.exportProperty(a.b, 'c', a.b.c);goog.exportProperty(a.b.prototype, 'c', a.b.prototype.c);
                                                                                                                                                           ^

Nov 03, 2020 6:34:13 PM com.google.javascript.jscomp.LoggerErrorManager println
WARNING: testcode:1: WARNING - Unable to determine type of parameter a.b.prototype.c for exported function g
var goog = {};goog.exportSymbol = function(a, b) {}; goog.exportProperty = function(a, b, c) {}; var a = {}; a.b = function(p1) {}; a.b.c = function(d, e, f) {};a.b.prototype.c = function(g, h, i) {};goog.exportSymbol('a.b', a.b);goog.exportProperty(a.b, 'c', a.b.c);goog.exportProperty(a.b.prototype, 'c', a.b.prototype.c);
                                                                                                                                                                                            ^

Nov 03, 2020 6:34:13 PM com.google.javascript.jscomp.LoggerErrorManager println
WARNING: testcode:1: WARNING - Unable to determine type of parameter a.b.prototype.c for exported function h
var goog = {};goog.exportSymbol = function(a, b) {}; goog.exportProperty = function(a, b, c) {}; var a = {}; a.b = function(p1) {}; a.b.c = function(d, e, f) {};a.b.prototype.c = function(g, h, i) {};goog.exportSymbol('a.b', a.b);goog.exportProperty(a.b, 'c', a.b.c);goog.exportProperty(a.b.prototype, 'c', a.b.prototype.c);
                                                                                                                                                                                               ^

Nov 03, 2020 6:34:13 PM com.google.javascript.jscomp.LoggerErrorManager println
WARNING: testcode:1: WARNING - Unable to determine type of parameter a.b.prototype.c for exported function i
var goog = {};goog.exportSymbol = function(a, b) {}; goog.exportProperty = function(a, b, c) {}; var a = {}; a.b = function(p1) {}; a.b.c = function(d, e, f) {};a.b.prototype.c = function(g, h, i) {};goog.exportSymbol('a.b', a.b);goog.exportProperty(a.b, 'c', a.b.c);goog.exportProperty(a.b.prototype, 'c', a.b.prototype.c);
                                                                                                                                                                                                  ^

Nov 03, 2020 6:34:13 PM com.google.javascript.jscomp.LoggerErrorManager printSummary
WARNING: 0 error(s), 7 warning(s), 100% typed
Nov 03, 2020 6:34:18 PM com.google.javascript.jscomp.LoggerErrorManager println
WARNING: testcode:1: WARNING - Unable to determine type of parameter a.b.c for exported function d
var goog = {};goog.exportSymbol = function(a, b) {}; goog.exportProperty = function(a, b, c) {}; var a = {}; a.b = {}; a.b.c = function(d, e, f) {};goog.exportSymbol('foobar', a.b.c)
                                                                                                                                        ^

Nov 03, 2020 6:34:18 PM com.google.javascript.jscomp.LoggerErrorManager println
WARNING: testcode:1: WARNING - Unable to determine type of parameter a.b.c for exported function e
var goog = {};goog.exportSymbol = function(a, b) {}; goog.exportProperty = function(a, b, c) {}; var a = {}; a.b = {}; a.b.c = function(d, e, f) {};goog.exportSymbol('foobar', a.b.c)
                                                                                                                                           ^

Nov 03, 2020 6:34:18 PM com.google.javascript.jscomp.LoggerErrorManager println
WARNING: testcode:1: WARNING - Unable to determine type of parameter a.b.c for exported function f
var goog = {};goog.exportSymbol = function(a, b) {}; goog.exportProperty = function(a, b, c) {}; var a = {}; a.b = {}; a.b.c = function(d, e, f) {};goog.exportSymbol('foobar', a.b.c)
                                                                                                                                              ^

Nov 03, 2020 6:34:18 PM com.google.javascript.jscomp.LoggerErrorManager printSummary
WARNING: 0 error(s), 3 warning(s), 100% typed
Nov 03, 2020 6:34:23 PM com.google.javascript.jscomp.LoggerErrorManager println
WARNING: testcode:1: WARNING - Unable to determine type of parameter a.b.c for exported function d
var goog = {};goog.exportSymbol = function(a, b) {}; goog.exportProperty = function(a, b, c) {}; var a = {}; a.b = {}; a.b.c = function(d, e, f) {};goog.exportProperty(a.b, 'cprop', a.b.c)
                                                                                                                                        ^

Nov 03, 2020 6:34:23 PM com.google.javascript.jscomp.LoggerErrorManager println
WARNING: testcode:1: WARNING - Unable to determine type of parameter a.b.c for exported function e
var goog = {};goog.exportSymbol = function(a, b) {}; goog.exportProperty = function(a, b, c) {}; var a = {}; a.b = {}; a.b.c = function(d, e, f) {};goog.exportProperty(a.b, 'cprop', a.b.c)
                                                                                                                                           ^

Nov 03, 2020 6:34:23 PM com.google.javascript.jscomp.LoggerErrorManager println
WARNING: testcode:1: WARNING - Unable to determine type of parameter a.b.c for exported function f
var goog = {};goog.exportSymbol = function(a, b) {}; goog.exportProperty = function(a, b, c) {}; var a = {}; a.b = {}; a.b.c = function(d, e, f) {};goog.exportProperty(a.b, 'cprop', a.b.c)
                                                                                                                                              ^

Nov 03, 2020 6:34:23 PM com.google.javascript.jscomp.LoggerErrorManager printSummary
WARNING: 0 error(s), 3 warning(s), 100% typed
Nov 03, 2020 6:34:28 PM com.google.javascript.jscomp.LoggerErrorManager println
WARNING: testcode:1: WARNING - Unable to determine type of parameter a for exported function d
var goog = {};goog.exportSymbol = function(a, b) {}; goog.exportProperty = function(a, b, c) {}; var a = function(d, e, f) {};goog.exportSymbol('foobar', a)
                                                                                                                  ^

Nov 03, 2020 6:34:28 PM com.google.javascript.jscomp.LoggerErrorManager println
WARNING: testcode:1: WARNING - Unable to determine type of parameter a for exported function e
var goog = {};goog.exportSymbol = function(a, b) {}; goog.exportProperty = function(a, b, c) {}; var a = function(d, e, f) {};goog.exportSymbol('foobar', a)
                                                                                                                     ^

Nov 03, 2020 6:34:28 PM com.google.javascript.jscomp.LoggerErrorManager println
WARNING: testcode:1: WARNING - Unable to determine type of parameter a for exported function f
var goog = {};goog.exportSymbol = function(a, b) {}; goog.exportProperty = function(a, b, c) {}; var a = function(d, e, f) {};goog.exportSymbol('foobar', a)
                                                                                                                        ^

Nov 03, 2020 6:34:28 PM com.google.javascript.jscomp.LoggerErrorManager printSummary
WARNING: 0 error(s), 3 warning(s), 100% typed
Nov 03, 2020 6:34:33 PM com.google.javascript.jscomp.LoggerErrorManager println
WARNING: testcode:2: WARNING - element type must match enum's type
found   : number
required: string
 @export */ var E = {A:1, B:2};goog.exportSymbol('E', E);
                       ^

Nov 03, 2020 6:34:33 PM com.google.javascript.jscomp.LoggerErrorManager println
WARNING: testcode:2: WARNING - element type must match enum's type
found   : number
required: string
 @export */ var E = {A:1, B:2};goog.exportSymbol('E', E);
                            ^

Nov 03, 2020 6:34:33 PM com.google.javascript.jscomp.LoggerErrorManager printSummary
WARNING: 0 error(s), 2 warning(s), 100% typed
Nov 03, 2020 6:34:38 PM com.google.javascript.jscomp.LoggerErrorManager println
WARNING: testcode:1: WARNING - Unable to determine type of parameter a.b.c for exported function d
var goog = {};goog.exportSymbol = function(a, b) {}; goog.exportProperty = function(a, b, c) {}; var a = {}; a.b = function(p1) {}; a.b.c = function(d, e, f) {};a.b.prototype.c = function(g, h, i) {};goog.exportSymbol('hello', a);goog.exportProperty(a.b, 'c', a.b.c);goog.exportProperty(a.b.prototype, 'c', a.b.prototype.c);
                                                                                                                                                     ^

Nov 03, 2020 6:34:38 PM com.google.javascript.jscomp.LoggerErrorManager println
WARNING: testcode:1: WARNING - Unable to determine type of parameter a.b.c for exported function e
var goog = {};goog.exportSymbol = function(a, b) {}; goog.exportProperty = function(a, b, c) {}; var a = {}; a.b = function(p1) {}; a.b.c = function(d, e, f) {};a.b.prototype.c = function(g, h, i) {};goog.exportSymbol('hello', a);goog.exportProperty(a.b, 'c', a.b.c);goog.exportProperty(a.b.prototype, 'c', a.b.prototype.c);
                                                                                                                                                        ^

Nov 03, 2020 6:34:38 PM com.google.javascript.jscomp.LoggerErrorManager println
WARNING: testcode:1: WARNING - Unable to determine type of parameter a.b.c for exported function f
var goog = {};goog.exportSymbol = function(a, b) {}; goog.exportProperty = function(a, b, c) {}; var a = {}; a.b = function(p1) {}; a.b.c = function(d, e, f) {};a.b.prototype.c = function(g, h, i) {};goog.exportSymbol('hello', a);goog.exportProperty(a.b, 'c', a.b.c);goog.exportProperty(a.b.prototype, 'c', a.b.prototype.c);
                                                                                                                                                           ^

Nov 03, 2020 6:34:38 PM com.google.javascript.jscomp.LoggerErrorManager println
WARNING: testcode:1: WARNING - Unable to determine type of parameter a.b.prototype.c for exported function g
var goog = {};goog.exportSymbol = function(a, b) {}; goog.exportProperty = function(a, b, c) {}; var a = {}; a.b = function(p1) {}; a.b.c = function(d, e, f) {};a.b.prototype.c = function(g, h, i) {};goog.exportSymbol('hello', a);goog.exportProperty(a.b, 'c', a.b.c);goog.exportProperty(a.b.prototype, 'c', a.b.prototype.c);
                                                                                                                                                                                            ^

Nov 03, 2020 6:34:38 PM com.google.javascript.jscomp.LoggerErrorManager println
WARNING: testcode:1: WARNING - Unable to determine type of parameter a.b.prototype.c for exported function h
var goog = {};goog.exportSymbol = function(a, b) {}; goog.exportProperty = function(a, b, c) {}; var a = {}; a.b = function(p1) {}; a.b.c = function(d, e, f) {};a.b.prototype.c = function(g, h, i) {};goog.exportSymbol('hello', a);goog.exportProperty(a.b, 'c', a.b.c);goog.exportProperty(a.b.prototype, 'c', a.b.prototype.c);
                                                                                                                                                                                               ^

Nov 03, 2020 6:34:38 PM com.google.javascript.jscomp.LoggerErrorManager println
WARNING: testcode:1: WARNING - Unable to determine type of parameter a.b.prototype.c for exported function i
var goog = {};goog.exportSymbol = function(a, b) {}; goog.exportProperty = function(a, b, c) {}; var a = {}; a.b = function(p1) {}; a.b.c = function(d, e, f) {};a.b.prototype.c = function(g, h, i) {};goog.exportSymbol('hello', a);goog.exportProperty(a.b, 'c', a.b.c);goog.exportProperty(a.b.prototype, 'c', a.b.prototype.c);
                                                                                                                                                                                                  ^

Nov 03, 2020 6:34:38 PM com.google.javascript.jscomp.LoggerErrorManager printSummary
WARNING: 0 error(s), 6 warning(s), 100% typed
Nov 03, 2020 6:34:43 PM com.google.javascript.jscomp.LoggerErrorManager println
WARNING: testcode:1: WARNING - Unable to determine type of parameter a.b for exported function p1
var goog = {};goog.exportSymbol = function(a, b) {}; goog.exportProperty = function(a, b, c) {}; var a = {}; a.b = function(p1) {}; a.b.c = function(d, e, f) {};a.b.prototype.c = function(g, h, i) {};goog.exportSymbol('prefix', a.b);goog.exportProperty(a.b, 'c', a.b.c);
                                                                                                                            ^

Nov 03, 2020 6:34:43 PM com.google.javascript.jscomp.LoggerErrorManager println
WARNING: testcode:1: WARNING - Unable to determine type of parameter a.b.c for exported function d
var goog = {};goog.exportSymbol = function(a, b) {}; goog.exportProperty = function(a, b, c) {}; var a = {}; a.b = function(p1) {}; a.b.c = function(d, e, f) {};a.b.prototype.c = function(g, h, i) {};goog.exportSymbol('prefix', a.b);goog.exportProperty(a.b, 'c', a.b.c);
                                                                                                                                                     ^

Nov 03, 2020 6:34:43 PM com.google.javascript.jscomp.LoggerErrorManager println
WARNING: testcode:1: WARNING - Unable to determine type of parameter a.b.c for exported function e
var goog = {};goog.exportSymbol = function(a, b) {}; goog.exportProperty = function(a, b, c) {}; var a = {}; a.b = function(p1) {}; a.b.c = function(d, e, f) {};a.b.prototype.c = function(g, h, i) {};goog.exportSymbol('prefix', a.b);goog.exportProperty(a.b, 'c', a.b.c);
                                                                                                                                                        ^

Nov 03, 2020 6:34:43 PM com.google.javascript.jscomp.LoggerErrorManager println
WARNING: testcode:1: WARNING - Unable to determine type of parameter a.b.c for exported function f
var goog = {};goog.exportSymbol = function(a, b) {}; goog.exportProperty = function(a, b, c) {}; var a = {}; a.b = function(p1) {}; a.b.c = function(d, e, f) {};a.b.prototype.c = function(g, h, i) {};goog.exportSymbol('prefix', a.b);goog.exportProperty(a.b, 'c', a.b.c);
                                                                                                                                                           ^

Nov 03, 2020 6:34:43 PM com.google.javascript.jscomp.LoggerErrorManager printSummary
WARNING: 0 error(s), 4 warning(s), 100% typed
Nov 03, 2020 6:35:22 PM com.google.javascript.jscomp.LoggerErrorManager println
WARNING: testcode:5: WARNING - Unable to determine return type for exported function internalName
internalName = function(a) {  return 6;
               ^

Nov 03, 2020 6:35:22 PM com.google.javascript.jscomp.LoggerErrorManager printSummary
WARNING: 0 error(s), 1 warning(s), 100% typed
Nov 03, 2020 6:35:42 PM com.google.javascript.jscomp.LoggerErrorManager println
WARNING: testcode:1: WARNING - Unable to determine return type for exported function InternalName
var goog = {};goog.exportSymbol = function(a, b) {}; goog.exportProperty = function(a, b, c) {}; var InternalName = function() {  return 6;};goog.exportSymbol('ExternalName', InternalName)
                                                                                                                    ^

Nov 03, 2020 6:35:42 PM com.google.javascript.jscomp.LoggerErrorManager printSummary
WARNING: 0 error(s), 1 warning(s), 100% typed
Nov 03, 2020 6:35:52 PM com.google.javascript.jscomp.LoggerErrorManager println
WARNING: testcode:4: WARNING - Unable to determine type of parameter InternalName for exported function b
 var InternalName = function(a,b,c) {  return 6;};goog.exportSymbol('ExternalName', InternalName)
                               ^

Nov 03, 2020 6:35:52 PM com.google.javascript.jscomp.LoggerErrorManager println
WARNING: testcode:4: WARNING - Unable to determine type of parameter InternalName for exported function c
 var InternalName = function(a,b,c) {  return 6;};goog.exportSymbol('ExternalName', InternalName)
                                 ^

Nov 03, 2020 6:35:52 PM com.google.javascript.jscomp.LoggerErrorManager printSummary
WARNING: 0 error(s), 2 warning(s), 100% typed
19:27:11.536 [main] INFO  JaguarDF - Test testBug545(com.google.javascript.jscomp.InlineObjectLiteralsTest) : Failed
Nov 03, 2020 11:34:22 PM com.google.javascript.jscomp.LoggerErrorManager println
WARNING: in1:1: WARNING - Suspicious code. The result of the 'getprop' operator is not being used.
/** @constructor */ function Foo() {} this.Foo;
                                      ^

Nov 03, 2020 11:34:22 PM com.google.javascript.jscomp.LoggerErrorManager println
WARNING: in1:1: WARNING - dangerous use of the global this object
/** @constructor */ function Foo() {} this.Foo;
                                      ^

Nov 03, 2020 11:34:22 PM com.google.javascript.jscomp.LoggerErrorManager printSummary
WARNING: 0 error(s), 2 warning(s), 75% typed
Nov 03, 2020 11:35:24 PM com.google.javascript.jscomp.LoggerErrorManager println
WARNING: in1:1: WARNING - Suspicious code. The result of the 'add' operator is not being used.
/** @constructor */ var DomHelper = function(){};/** method */ DomHelper.method = function() {};function f() { var x = DomHelper; x.method() + x.method(); }
                                                                                                                                             ^

Nov 03, 2020 11:35:24 PM com.google.javascript.jscomp.LoggerErrorManager printSummary
WARNING: 0 error(s), 1 warning(s), 100% typed
Nov 03, 2020 11:35:41 PM com.google.javascript.jscomp.LoggerErrorManager println
SEVERE: in1:1: ERROR - variable x is undeclared
/** @constructor */ var DomHelper = function(){};DomHelper.prototype.method = function() {   this.field = 3;  return x.field;}
                                                                                                                     ^

Nov 03, 2020 11:35:41 PM com.google.javascript.jscomp.LoggerErrorManager printSummary
WARNING: 1 error(s), 0 warning(s), 83.3% typed
LOG:unknown:///unknown:1+18: Semicolon inserted
LOG:unknown:///unknown:1+18: Semicolon inserted
LOG:unknown:///unknown:1+97: Semicolon inserted
LOG:unknown:///unknown:1+98: Semicolon inserted
LOG:unknown:///unknown:1+97: Semicolon inserted
LOG:unknown:///unknown:1+98: Semicolon inserted
LOG:unknown:///unknown:1+23: Semicolon inserted
LOG:unknown:///unknown:1+23: Semicolon inserted
LOG:unknown:///unknown:1+40: Semicolon inserted
LOG:unknown:///unknown:1+40: Semicolon inserted
LOG:unknown:///unknown:1+39: Semicolon inserted
LOG:unknown:///unknown:1+66: Semicolon inserted
LOG:unknown:///unknown:1+39: Semicolon inserted
LOG:unknown:///unknown:1+66: Semicolon inserted
LOG:unknown:///unknown:1+102: Semicolon inserted
LOG:unknown:///unknown:1+103: Semicolon inserted
LOG:unknown:///unknown:1+102: Semicolon inserted
LOG:unknown:///unknown:1+103: Semicolon inserted
LOG:unknown:///unknown:1+19: Semicolon inserted
LOG:unknown:///unknown:1+19: Semicolon inserted
LOG:unknown:///unknown:1+37: Semicolon inserted
LOG:unknown:///unknown:1+37: Semicolon inserted
LOG:unknown:///unknown:1+35: Semicolon inserted
LOG:unknown:///unknown:1+62: Semicolon inserted
LOG:unknown:///unknown:1+35: Semicolon inserted
LOG:unknown:///unknown:1+62: Semicolon inserted
LOG:unknown:///unknown:1+98: Semicolon inserted
LOG:unknown:///unknown:1+99: Semicolon inserted
LOG:unknown:///unknown:1+98: Semicolon inserted
LOG:unknown:///unknown:1+99: Semicolon inserted
LOG:unknown:///unknown:1+68: Semicolon inserted
LOG:unknown:///unknown:1+72: Semicolon inserted
LOG:unknown:///unknown:1+68: Semicolon inserted
LOG:unknown:///unknown:1+72: Semicolon inserted
LOG:unknown:///unknown:1+30: Semicolon inserted
LOG:unknown:///unknown:1+30: Semicolon inserted
LOG:unknown:///unknown:1+109: Semicolon inserted
LOG:unknown:///unknown:1+110: Semicolon inserted
LOG:unknown:///unknown:1+109: Semicolon inserted
LOG:unknown:///unknown:1+110: Semicolon inserted
LOG:unknown:///unknown:1+19: Semicolon inserted
LOG:unknown:///unknown:1+19: Semicolon inserted
LOG:unknown:///unknown:1+43: Semicolon inserted
LOG:unknown:///unknown:1+43: Semicolon inserted
LOG:unknown:///unknown:1+48: Semicolon inserted
LOG:unknown:///unknown:1+48: Semicolon inserted
LOG:unknown:///unknown:1+44: Semicolon inserted
LOG:unknown:///unknown:1+71: Semicolon inserted
LOG:unknown:///unknown:1+44: Semicolon inserted
LOG:unknown:///unknown:1+71: Semicolon inserted
LOG:unknown:///unknown:1+104: Semicolon inserted
LOG:unknown:///unknown:1+105: Semicolon inserted
LOG:unknown:///unknown:1+104: Semicolon inserted
LOG:unknown:///unknown:1+105: Semicolon inserted
LOG:unknown:///unknown:1+16: Semicolon inserted
LOG:unknown:///unknown:1+16: Semicolon inserted
LOG:unknown:///unknown:1+20: Semicolon inserted
LOG:unknown:///unknown:1+20: Semicolon inserted
WARNING:unknown:///unknown:1+2 - 3: Will not work in IE
java.lang.Exception
	at com.google.caja.reporting.EchoingMessageQueue$1.add(EchoingMessageQueue.java:52)
	at com.google.caja.reporting.EchoingMessageQueue$1.add(EchoingMessageQueue.java:40)
	at java.util.AbstractList.add(AbstractList.java:108)
	at com.google.caja.reporting.AbstractMessageQueue.addMessage(AbstractMessageQueue.java:25)
	at com.google.caja.parser.js.Parser.parseExpressionAtom(Parser.java:1138)
	at com.google.caja.parser.js.Parser.parseOp(Parser.java:792)
	at com.google.caja.parser.js.Parser.parseExpressionInt(Parser.java:727)
	at com.google.caja.parser.js.Parser.parseExpressionStmt(Parser.java:1281)
	at com.google.caja.parser.js.Parser.parseStatementWithoutLabel(Parser.java:706)
	at com.google.caja.parser.js.Parser.parseStatement(Parser.java:306)
	at com.google.caja.parser.js.Parser.parseTerminatedStatement(Parser.java:1312)
	at com.google.caja.parser.js.Parser.parseProgramOrFunctionBody(Parser.java:325)
	at com.google.caja.parser.js.Parser.parseProgram(Parser.java:314)
	at com.google.caja.parser.js.Parser.parse(Parser.java:272)
	at com.google.caja.parser.js.JsonMLParser.parse(JsonMLParser.java:42)
	at com.google.caja.parser.js.JsonMLParser.parse(JsonMLParser.java:31)
	at com.google.caja.parser.js.JsonMLParser.parse(JsonMLParser.java:26)
	at com.google.caja.parser.js.JsonMLParser.parse(JsonMLParser.java:22)
	at com.google.javascript.jscomp.jsonml.JsonMLConversionTest.testConversion(JsonMLConversionTest.java:79)
	at com.google.javascript.jscomp.jsonml.JsonMLConversionTest.testArray(JsonMLConversionTest.java:91)
	at sun.reflect.NativeMethodAccessorImpl.invoke0(Native Method)
	at sun.reflect.NativeMethodAccessorImpl.invoke(NativeMethodAccessorImpl.java:62)
	at sun.reflect.DelegatingMethodAccessorImpl.invoke(DelegatingMethodAccessorImpl.java:43)
	at java.lang.reflect.Method.invoke(Method.java:498)
	at junit.framework.TestCase.runTest(TestCase.java:168)
	at junit.framework.TestCase.runBare(TestCase.java:134)
	at junit.framework.TestResult$1.protect(TestResult.java:110)
	at junit.framework.TestResult.runProtected(TestResult.java:128)
	at junit.framework.TestResult.run(TestResult.java:113)
	at junit.framework.TestCase.run(TestCase.java:124)
	at junit.framework.TestSuite.runTest(TestSuite.java:243)
	at junit.framework.TestSuite.run(TestSuite.java:238)
	at org.junit.internal.runners.JUnit38ClassRunner.run(JUnit38ClassRunner.java:83)
	at org.junit.runners.Suite.runChild(Suite.java:128)
	at org.junit.runners.Suite.runChild(Suite.java:24)
	at org.junit.runners.ParentRunner$3.run(ParentRunner.java:193)
	at org.junit.runners.ParentRunner$1.schedule(ParentRunner.java:52)
	at org.junit.runners.ParentRunner.runChildren(ParentRunner.java:191)
	at org.junit.runners.ParentRunner.access$000(ParentRunner.java:42)
	at org.junit.runners.ParentRunner$2.evaluate(ParentRunner.java:184)
	at org.junit.runners.ParentRunner.run(ParentRunner.java:236)
	at org.junit.runner.JUnitCore.run(JUnitCore.java:157)
	at org.junit.runner.JUnitCore.run(JUnitCore.java:136)
	at org.junit.runner.JUnitCore.run(JUnitCore.java:117)
	at br.usp.each.saeg.jaguardf.cli.JaguarRunner.run(JaguarRunner.java:64)
	at br.usp.each.saeg.jaguardf.cli.JaguarRunner.main(JaguarRunner.java:96)
WARNING:unknown:///unknown:1+2 - 3: Will not work in IE
java.lang.Exception
	at com.google.caja.reporting.EchoingMessageQueue$1.add(EchoingMessageQueue.java:52)
	at com.google.caja.reporting.EchoingMessageQueue$1.add(EchoingMessageQueue.java:40)
	at java.util.AbstractList.add(AbstractList.java:108)
	at com.google.caja.reporting.AbstractMessageQueue.addMessage(AbstractMessageQueue.java:25)
	at com.google.caja.parser.js.Parser.parseExpressionAtom(Parser.java:1138)
	at com.google.caja.parser.js.Parser.parseOp(Parser.java:792)
	at com.google.caja.parser.js.Parser.parseExpressionInt(Parser.java:727)
	at com.google.caja.parser.js.Parser.parseExpressionStmt(Parser.java:1281)
	at com.google.caja.parser.js.Parser.parseStatementWithoutLabel(Parser.java:706)
	at com.google.caja.parser.js.Parser.parseStatement(Parser.java:306)
	at com.google.caja.parser.js.Parser.parseTerminatedStatement(Parser.java:1312)
	at com.google.caja.parser.js.Parser.parseProgramOrFunctionBody(Parser.java:325)
	at com.google.caja.parser.js.Parser.parseProgram(Parser.java:314)
	at com.google.caja.parser.js.Parser.parse(Parser.java:272)
	at com.google.caja.parser.js.JsonMLParser.parse(JsonMLParser.java:42)
	at com.google.caja.parser.js.JsonMLParser.parse(JsonMLParser.java:31)
	at com.google.caja.parser.js.JsonMLParser.parse(JsonMLParser.java:26)
	at com.google.caja.parser.js.JsonMLParser.parse(JsonMLParser.java:22)
	at com.google.javascript.jscomp.jsonml.JsonMLConversionTest.testConversion(JsonMLConversionTest.java:86)
	at com.google.javascript.jscomp.jsonml.JsonMLConversionTest.testArray(JsonMLConversionTest.java:91)
	at sun.reflect.NativeMethodAccessorImpl.invoke0(Native Method)
	at sun.reflect.NativeMethodAccessorImpl.invoke(NativeMethodAccessorImpl.java:62)
	at sun.reflect.DelegatingMethodAccessorImpl.invoke(DelegatingMethodAccessorImpl.java:43)
	at java.lang.reflect.Method.invoke(Method.java:498)
	at junit.framework.TestCase.runTest(TestCase.java:168)
	at junit.framework.TestCase.runBare(TestCase.java:134)
	at junit.framework.TestResult$1.protect(TestResult.java:110)
	at junit.framework.TestResult.runProtected(TestResult.java:128)
	at junit.framework.TestResult.run(TestResult.java:113)
	at junit.framework.TestCase.run(TestCase.java:124)
	at junit.framework.TestSuite.runTest(TestSuite.java:243)
	at junit.framework.TestSuite.run(TestSuite.java:238)
	at org.junit.internal.runners.JUnit38ClassRunner.run(JUnit38ClassRunner.java:83)
	at org.junit.runners.Suite.runChild(Suite.java:128)
	at org.junit.runners.Suite.runChild(Suite.java:24)
	at org.junit.runners.ParentRunner$3.run(ParentRunner.java:193)
	at org.junit.runners.ParentRunner$1.schedule(ParentRunner.java:52)
	at org.junit.runners.ParentRunner.runChildren(ParentRunner.java:191)
	at org.junit.runners.ParentRunner.access$000(ParentRunner.java:42)
	at org.junit.runners.ParentRunner$2.evaluate(ParentRunner.java:184)
	at org.junit.runners.ParentRunner.run(ParentRunner.java:236)
	at org.junit.runner.JUnitCore.run(JUnitCore.java:157)
	at org.junit.runner.JUnitCore.run(JUnitCore.java:136)
	at org.junit.runner.JUnitCore.run(JUnitCore.java:117)
	at br.usp.each.saeg.jaguardf.cli.JaguarRunner.run(JaguarRunner.java:64)
	at br.usp.each.saeg.jaguardf.cli.JaguarRunner.main(JaguarRunner.java:96)
WARNING:unknown:///unknown:1+2 - 3: Will not work in IE
java.lang.Exception
	at com.google.caja.reporting.EchoingMessageQueue$1.add(EchoingMessageQueue.java:52)
	at com.google.caja.reporting.EchoingMessageQueue$1.add(EchoingMessageQueue.java:40)
	at java.util.AbstractList.add(AbstractList.java:108)
	at com.google.caja.reporting.AbstractMessageQueue.addMessage(AbstractMessageQueue.java:25)
	at com.google.caja.parser.js.Parser.parseExpressionAtom(Parser.java:1138)
	at com.google.caja.parser.js.Parser.parseOp(Parser.java:792)
	at com.google.caja.parser.js.Parser.parseExpressionInt(Parser.java:727)
	at com.google.caja.parser.js.Parser.parseExpressionStmt(Parser.java:1281)
	at com.google.caja.parser.js.Parser.parseStatementWithoutLabel(Parser.java:706)
	at com.google.caja.parser.js.Parser.parseStatement(Parser.java:306)
	at com.google.caja.parser.js.Parser.parseTerminatedStatement(Parser.java:1312)
	at com.google.caja.parser.js.Parser.parseProgramOrFunctionBody(Parser.java:325)
	at com.google.caja.parser.js.Parser.parseProgram(Parser.java:314)
	at com.google.caja.parser.js.Parser.parse(Parser.java:272)
	at com.google.caja.parser.js.JsonMLParser.parse(JsonMLParser.java:42)
	at com.google.caja.parser.js.JsonMLParser.parse(JsonMLParser.java:31)
	at com.google.caja.parser.js.JsonMLParser.parse(JsonMLParser.java:26)
	at com.google.caja.parser.js.JsonMLParser.parse(JsonMLParser.java:22)
	at com.google.javascript.jscomp.jsonml.JsonMLConversionTest.testConversion(JsonMLConversionTest.java:79)
	at com.google.javascript.jscomp.jsonml.JsonMLConversionTest.testArray1(JsonMLConversionTest.java:102)
	at sun.reflect.NativeMethodAccessorImpl.invoke0(Native Method)
	at sun.reflect.NativeMethodAccessorImpl.invoke(NativeMethodAccessorImpl.java:62)
	at sun.reflect.DelegatingMethodAccessorImpl.invoke(DelegatingMethodAccessorImpl.java:43)
	at java.lang.reflect.Method.invoke(Method.java:498)
	at junit.framework.TestCase.runTest(TestCase.java:168)
	at junit.framework.TestCase.runBare(TestCase.java:134)
	at junit.framework.TestResult$1.protect(TestResult.java:110)
	at junit.framework.TestResult.runProtected(TestResult.java:128)
	at junit.framework.TestResult.run(TestResult.java:113)
	at junit.framework.TestCase.run(TestCase.java:124)
	at junit.framework.TestSuite.runTest(TestSuite.java:243)
	at junit.framework.TestSuite.run(TestSuite.java:238)
	at org.junit.internal.runners.JUnit38ClassRunner.run(JUnit38ClassRunner.java:83)
	at org.junit.runners.Suite.runChild(Suite.java:128)
	at org.junit.runners.Suite.runChild(Suite.java:24)
	at org.junit.runners.ParentRunner$3.run(ParentRunner.java:193)
	at org.junit.runners.ParentRunner$1.schedule(ParentRunner.java:52)
	at org.junit.runners.ParentRunner.runChildren(ParentRunner.java:191)
	at org.junit.runners.ParentRunner.access$000(ParentRunner.java:42)
	at org.junit.runners.ParentRunner$2.evaluate(ParentRunner.java:184)
	at org.junit.runners.ParentRunner.run(ParentRunner.java:236)
	at org.junit.runner.JUnitCore.run(JUnitCore.java:157)
	at org.junit.runner.JUnitCore.run(JUnitCore.java:136)
	at org.junit.runner.JUnitCore.run(JUnitCore.java:117)
	at br.usp.each.saeg.jaguardf.cli.JaguarRunner.run(JaguarRunner.java:64)
	at br.usp.each.saeg.jaguardf.cli.JaguarRunner.main(JaguarRunner.java:96)
WARNING:unknown:///unknown:1+2 - 3: Will not work in IE
java.lang.Exception
	at com.google.caja.reporting.EchoingMessageQueue$1.add(EchoingMessageQueue.java:52)
	at com.google.caja.reporting.EchoingMessageQueue$1.add(EchoingMessageQueue.java:40)
	at java.util.AbstractList.add(AbstractList.java:108)
	at com.google.caja.reporting.AbstractMessageQueue.addMessage(AbstractMessageQueue.java:25)
	at com.google.caja.parser.js.Parser.parseExpressionAtom(Parser.java:1138)
	at com.google.caja.parser.js.Parser.parseOp(Parser.java:792)
	at com.google.caja.parser.js.Parser.parseExpressionInt(Parser.java:727)
	at com.google.caja.parser.js.Parser.parseExpressionStmt(Parser.java:1281)
	at com.google.caja.parser.js.Parser.parseStatementWithoutLabel(Parser.java:706)
	at com.google.caja.parser.js.Parser.parseStatement(Parser.java:306)
	at com.google.caja.parser.js.Parser.parseTerminatedStatement(Parser.java:1312)
	at com.google.caja.parser.js.Parser.parseProgramOrFunctionBody(Parser.java:325)
	at com.google.caja.parser.js.Parser.parseProgram(Parser.java:314)
	at com.google.caja.parser.js.Parser.parse(Parser.java:272)
	at com.google.caja.parser.js.JsonMLParser.parse(JsonMLParser.java:42)
	at com.google.caja.parser.js.JsonMLParser.parse(JsonMLParser.java:31)
	at com.google.caja.parser.js.JsonMLParser.parse(JsonMLParser.java:26)
	at com.google.caja.parser.js.JsonMLParser.parse(JsonMLParser.java:22)
	at com.google.javascript.jscomp.jsonml.JsonMLConversionTest.testConversion(JsonMLConversionTest.java:86)
	at com.google.javascript.jscomp.jsonml.JsonMLConversionTest.testArray1(JsonMLConversionTest.java:102)
	at sun.reflect.NativeMethodAccessorImpl.invoke0(Native Method)
	at sun.reflect.NativeMethodAccessorImpl.invoke(NativeMethodAccessorImpl.java:62)
	at sun.reflect.DelegatingMethodAccessorImpl.invoke(DelegatingMethodAccessorImpl.java:43)
	at java.lang.reflect.Method.invoke(Method.java:498)
	at junit.framework.TestCase.runTest(TestCase.java:168)
	at junit.framework.TestCase.runBare(TestCase.java:134)
	at junit.framework.TestResult$1.protect(TestResult.java:110)
	at junit.framework.TestResult.runProtected(TestResult.java:128)
	at junit.framework.TestResult.run(TestResult.java:113)
	at junit.framework.TestCase.run(TestCase.java:124)
	at junit.framework.TestSuite.runTest(TestSuite.java:243)
	at junit.framework.TestSuite.run(TestSuite.java:238)
	at org.junit.internal.runners.JUnit38ClassRunner.run(JUnit38ClassRunner.java:83)
	at org.junit.runners.Suite.runChild(Suite.java:128)
	at org.junit.runners.Suite.runChild(Suite.java:24)
	at org.junit.runners.ParentRunner$3.run(ParentRunner.java:193)
	at org.junit.runners.ParentRunner$1.schedule(ParentRunner.java:52)
	at org.junit.runners.ParentRunner.runChildren(ParentRunner.java:191)
	at org.junit.runners.ParentRunner.access$000(ParentRunner.java:42)
	at org.junit.runners.ParentRunner$2.evaluate(ParentRunner.java:184)
	at org.junit.runners.ParentRunner.run(ParentRunner.java:236)
	at org.junit.runner.JUnitCore.run(JUnitCore.java:157)
	at org.junit.runner.JUnitCore.run(JUnitCore.java:136)
	at org.junit.runner.JUnitCore.run(JUnitCore.java:117)
	at br.usp.each.saeg.jaguardf.cli.JaguarRunner.run(JaguarRunner.java:64)
	at br.usp.each.saeg.jaguardf.cli.JaguarRunner.main(JaguarRunner.java:96)
LOG:unknown:///unknown:1+39: Semicolon inserted
LOG:unknown:///unknown:1+39: Semicolon inserted
LOG:unknown:///unknown:1+35: Semicolon inserted
LOG:unknown:///unknown:1+35: Semicolon inserted
LOG:unknown:///unknown:1+43: Semicolon inserted
LOG:unknown:///unknown:1+43: Semicolon inserted
LOG:unknown:///unknown:1+36: Semicolon inserted
LOG:unknown:///unknown:1+36: Semicolon inserted
LOG:unknown:///unknown:1+13: Semicolon inserted
LOG:unknown:///unknown:1+13: Semicolon inserted
LOG:unknown:///unknown:1+29: Semicolon inserted
LOG:unknown:///unknown:1+29: Semicolon inserted
LOG:unknown:///unknown:1+43: Semicolon inserted
LOG:unknown:///unknown:1+43: Semicolon inserted
LOG:unknown:///unknown:1+87: Semicolon inserted
LOG:unknown:///unknown:1+88: Semicolon inserted
LOG:unknown:///unknown:1+87: Semicolon inserted
LOG:unknown:///unknown:1+88: Semicolon inserted
LOG:unknown:///unknown:1+17: Semicolon inserted
LOG:unknown:///unknown:1+17: Semicolon inserted
LOG:unknown:///unknown:1+17: Semicolon inserted
LOG:unknown:///unknown:1+30: Semicolon inserted
LOG:unknown:///unknown:1+17: Semicolon inserted
LOG:unknown:///unknown:1+30: Semicolon inserted
LOG:unknown:///unknown:1+22: Semicolon inserted
LOG:unknown:///unknown:1+35: Semicolon inserted
LOG:unknown:///unknown:1+22: Semicolon inserted
LOG:unknown:///unknown:1+35: Semicolon inserted
LOG:unknown:///unknown:1+26: Semicolon inserted
LOG:unknown:///unknown:1+39: Semicolon inserted
LOG:unknown:///unknown:1+26: Semicolon inserted
LOG:unknown:///unknown:1+39: Semicolon inserted
LOG:unknown:///unknown:1+17: Semicolon inserted
LOG:unknown:///unknown:1+17: Semicolon inserted
LOG:unknown:///unknown:1+41: Semicolon inserted
LOG:unknown:///unknown:1+41: Semicolon inserted
LOG:unknown:///unknown:1+48: Semicolon inserted
LOG:unknown:///unknown:1+48: Semicolon inserted
LOG:unknown:///unknown:1+106: Semicolon inserted
LOG:unknown:///unknown:1+107: Semicolon inserted
LOG:unknown:///unknown:1+106: Semicolon inserted
LOG:unknown:///unknown:1+107: Semicolon inserted
LOG:unknown:///unknown:1+23: Semicolon inserted
LOG:unknown:///unknown:1+23: Semicolon inserted
LOG:unknown:///unknown:1+19: Semicolon inserted
LOG:unknown:///unknown:1+19: Semicolon inserted
LOG:unknown:///unknown:1+46: Semicolon inserted
LOG:unknown:///unknown:1+46: Semicolon inserted
LOG:unknown:///unknown:1+25: Semicolon inserted
LOG:unknown:///unknown:1+25: Semicolon inserted
LOG:unknown:///unknown:1+27: Semicolon inserted
LOG:unknown:///unknown:1+27: Semicolon inserted
LOG:unknown:///unknown:1+35: Semicolon inserted
LOG:unknown:///unknown:1+35: Semicolon inserted
LOG:unknown:///unknown:1+39: Semicolon inserted
LOG:unknown:///unknown:1+39: Semicolon inserted
LOG:unknown:///unknown:1+61: Semicolon inserted
LOG:unknown:///unknown:1+62: Semicolon inserted
LOG:unknown:///unknown:1+61: Semicolon inserted
LOG:unknown:///unknown:1+62: Semicolon inserted
LOG:unknown:///unknown:1+63: Semicolon inserted
LOG:unknown:///unknown:1+68: Semicolon inserted
LOG:unknown:///unknown:1+63: Semicolon inserted
LOG:unknown:///unknown:1+68: Semicolon inserted
LOG:unknown:///unknown:1+5: Semicolon inserted
LOG:unknown:///unknown:1+5: Semicolon inserted
LOG:unknown:///unknown:1+84: Semicolon inserted
LOG:unknown:///unknown:1+84: Semicolon inserted
LOG:unknown:///unknown:1+30: Semicolon inserted
LOG:unknown:///unknown:1+30: Semicolon inserted
LOG:unknown:///unknown:1+30: Semicolon inserted
LOG:unknown:///unknown:1+30: Semicolon inserted
LOG:unknown:///unknown:1+38: Semicolon inserted
LOG:unknown:///unknown:1+38: Semicolon inserted
LOG:unknown:///unknown:1+33: Semicolon inserted
LOG:unknown:///unknown:1+33: Semicolon inserted
LOG:unknown:///unknown:1+35: Semicolon inserted
LOG:unknown:///unknown:1+35: Semicolon inserted
LOG:unknown:///unknown:1+59: Semicolon inserted
LOG:unknown:///unknown:1+59: Semicolon inserted
LOG:unknown:///unknown:1+27: Semicolon inserted
LOG:unknown:///unknown:1+27: Semicolon inserted
LOG:unknown:///unknown:1+27: Semicolon inserted
LOG:unknown:///unknown:1+34: Semicolon inserted
LOG:unknown:///unknown:1+27: Semicolon inserted
LOG:unknown:///unknown:1+34: Semicolon inserted
LOG:unknown:///unknown:1+32: Semicolon inserted
LOG:unknown:///unknown:1+32: Semicolon inserted
LOG:unknown:///unknown:1+42: Semicolon inserted
LOG:unknown:///unknown:1+42: Semicolon inserted
LOG:unknown:///unknown:1+58: Semicolon inserted
LOG:unknown:///unknown:1+58: Semicolon inserted
LOG:unknown:///unknown:1+43: Semicolon inserted
LOG:unknown:///unknown:1+59: Semicolon inserted
LOG:unknown:///unknown:1+43: Semicolon inserted
LOG:unknown:///unknown:1+59: Semicolon inserted
LOG:unknown:///unknown:1+22: Semicolon inserted
LOG:unknown:///unknown:1+39: Semicolon inserted
LOG:unknown:///unknown:1+22: Semicolon inserted
LOG:unknown:///unknown:1+39: Semicolon inserted
LOG:unknown:///unknown:1+95: Semicolon inserted
LOG:unknown:///unknown:1+102: Semicolon inserted
LOG:unknown:///unknown:1+119: Semicolon inserted
LOG:unknown:///unknown:1+95: Semicolon inserted
LOG:unknown:///unknown:1+102: Semicolon inserted
LOG:unknown:///unknown:1+119: Semicolon inserted
LOG:unknown:///unknown:1+22: Semicolon inserted
LOG:unknown:///unknown:1+37: Semicolon inserted
LOG:unknown:///unknown:1+22: Semicolon inserted
LOG:unknown:///unknown:1+37: Semicolon inserted
LOG:unknown:///unknown:1+95: Semicolon inserted
LOG:unknown:///unknown:1+102: Semicolon inserted
LOG:unknown:///unknown:1+117: Semicolon inserted
LOG:unknown:///unknown:1+95: Semicolon inserted
LOG:unknown:///unknown:1+102: Semicolon inserted
LOG:unknown:///unknown:1+117: Semicolon inserted
LOG:unknown:///unknown:1+22: Semicolon inserted
LOG:unknown:///unknown:1+22: Semicolon inserted
LOG:unknown:///unknown:1+95: Semicolon inserted
LOG:unknown:///unknown:1+102: Semicolon inserted
LOG:unknown:///unknown:1+119: Semicolon inserted
LOG:unknown:///unknown:1+134: Semicolon inserted
LOG:unknown:///unknown:1+95: Semicolon inserted
LOG:unknown:///unknown:1+102: Semicolon inserted
LOG:unknown:///unknown:1+119: Semicolon inserted
LOG:unknown:///unknown:1+134: Semicolon inserted
LOG:unknown:///unknown:1+34: Semicolon inserted
LOG:unknown:///unknown:1+34: Semicolon inserted
LOG:unknown:///unknown:1+34: Semicolon inserted
LOG:unknown:///unknown:1+34: Semicolon inserted
LOG:unknown:///unknown:1+42: Semicolon inserted
LOG:unknown:///unknown:1+42: Semicolon inserted
LOG:unknown:///unknown:1+28: Semicolon inserted
LOG:unknown:///unknown:1+28: Semicolon inserted
LOG:unknown:///unknown:1+42: Semicolon inserted
LOG:unknown:///unknown:1+42: Semicolon inserted
LOG:unknown:///unknown:1+62: Semicolon inserted
LOG:unknown:///unknown:1+63: Semicolon inserted
LOG:unknown:///unknown:1+62: Semicolon inserted
LOG:unknown:///unknown:1+63: Semicolon inserted
LOG:unknown:///unknown:1+15: Semicolon inserted
LOG:unknown:///unknown:1+15: Semicolon inserted
LOG:unknown:///unknown:1+34: Semicolon inserted
LOG:unknown:///unknown:1+34: Semicolon inserted
LOG:unknown:///unknown:1+107: Semicolon inserted
LOG:unknown:///unknown:1+108: Semicolon inserted
LOG:unknown:///unknown:1+117: Semicolon inserted
LOG:unknown:///unknown:1+107: Semicolon inserted
LOG:unknown:///unknown:1+108: Semicolon inserted
LOG:unknown:///unknown:1+117: Semicolon inserted
LOG:unknown:///unknown:1+19: Semicolon inserted
LOG:unknown:///unknown:1+19: Semicolon inserted
Nov 04, 2020 1:57:00 AM com.google.javascript.jscomp.LoggerErrorManager println
SEVERE: ERROR - Syntax error: Wrong type of child number 1 for VarDecl. Expected: [InitPatt, IdPatt]. Found: IdExpr.

Nov 04, 2020 1:57:00 AM com.google.javascript.jscomp.LoggerErrorManager printSummary
WARNING: 1 error(s), 0 warning(s)
Nov 04, 2020 2:56:21 AM com.google.javascript.jscomp.parsing.ParserRunner parse
INFO: Error parsing input: JSCompiler test code: Compilation produced 1 syntax errors.
Nov 04, 2020 2:56:59 AM com.google.javascript.jscomp.parsing.ParserRunner parse
INFO: Error parsing input: JSCompiler test code: Compilation produced 1 syntax errors.
Nov 04, 2020 2:57:18 AM com.google.javascript.jscomp.parsing.ParserRunner parse
INFO: Error parsing input: JSCompiler test code: Compilation produced 2 syntax errors.
Nov 04, 2020 2:57:24 AM com.google.javascript.jscomp.parsing.ParserRunner parse
INFO: Error parsing input: JSCompiler test code: Compilation produced 1 syntax errors.
Nov 04, 2020 2:57:30 AM com.google.javascript.jscomp.parsing.ParserRunner parse
INFO: Error parsing input: JSCompiler test code: Compilation produced 1 syntax errors.
Nov 04, 2020 2:57:36 AM com.google.javascript.jscomp.parsing.ParserRunner parse
INFO: Error parsing input: JSCompiler test code: Compilation produced 1 syntax errors.
Nov 04, 2020 2:57:49 AM com.google.javascript.jscomp.parsing.ParserRunner parse
INFO: Error parsing input: JSCompiler test code: Compilation produced 1 syntax errors.
Nov 04, 2020 2:57:55 AM com.google.javascript.jscomp.parsing.ParserRunner parse
INFO: Error parsing input: JSCompiler test code: Compilation produced 2 syntax errors.
Nov 04, 2020 2:58:01 AM com.google.javascript.jscomp.parsing.ParserRunner parse
INFO: Error parsing input: JSCompiler test code: Compilation produced 2 syntax errors.
Nov 04, 2020 2:58:20 AM com.google.javascript.jscomp.parsing.ParserRunner parse
INFO: Error parsing input: JSCompiler test code: Compilation produced 2 syntax errors.
Nov 04, 2020 2:59:04 AM com.google.javascript.jscomp.parsing.ParserRunner parse
INFO: Error parsing input: JSCompiler test code: Compilation produced 1 syntax errors.
Nov 04, 2020 2:59:23 AM com.google.javascript.jscomp.parsing.ParserRunner parse
INFO: Error parsing input: JSCompiler test code: Compilation produced 1 syntax errors.
Nov 04, 2020 2:59:23 AM com.google.javascript.jscomp.parsing.ParserRunner parse
INFO: Error parsing input: JSCompiler test code: Compilation produced 1 syntax errors.
Nov 04, 2020 2:59:23 AM com.google.javascript.jscomp.parsing.ParserRunner parse
INFO: Error parsing input: JSCompiler test code: Compilation produced 1 syntax errors.
Nov 04, 2020 2:59:23 AM com.google.javascript.jscomp.parsing.ParserRunner parse
INFO: Error parsing input: JSCompiler test code: Compilation produced 1 syntax errors.
Nov 04, 2020 2:59:23 AM com.google.javascript.jscomp.parsing.ParserRunner parse
INFO: Error parsing input: JSCompiler test code: Compilation produced 1 syntax errors.
Nov 04, 2020 2:59:29 AM com.google.javascript.jscomp.parsing.ParserRunner parse
INFO: Error parsing input: JSCompiler test code: Compilation produced 1 syntax errors.
Nov 04, 2020 2:59:29 AM com.google.javascript.jscomp.parsing.ParserRunner parse
INFO: Error parsing input: JSCompiler test code: Compilation produced 1 syntax errors.
Nov 04, 2020 2:59:29 AM com.google.javascript.jscomp.parsing.ParserRunner parse
INFO: Error parsing input: JSCompiler test code: Compilation produced 1 syntax errors.
Nov 04, 2020 2:59:29 AM com.google.javascript.jscomp.parsing.ParserRunner parse
INFO: Error parsing input: JSCompiler test code: Compilation produced 1 syntax errors.
Nov 04, 2020 2:59:29 AM com.google.javascript.jscomp.parsing.ParserRunner parse
INFO: Error parsing input: JSCompiler test code: Compilation produced 1 syntax errors.
Nov 04, 2020 2:59:29 AM com.google.javascript.jscomp.parsing.ParserRunner parse
INFO: Error parsing input: JSCompiler test code: Compilation produced 1 syntax errors.
Nov 04, 2020 2:59:35 AM com.google.javascript.jscomp.parsing.ParserRunner parse
INFO: Error parsing input: JSCompiler test code: Compilation produced 1 syntax errors.
03:32:13.815 [main] INFO  JaguarDF - Jaguar-DF has finished!

real	622m30.371s
user	611m32.139s
sys	9m53.590s
