03:40:31.124 [main] INFO  JaguarDF - Welcome to Jaguar-DF CLI!
03:40:31.881 [main] DEBUG JaguarDF - CLI Arguments: [--projectDir, d4jprojects/commons-math, --classesDir, target/classes, --testsDir, target/test-classes, --tests, tests.out, --logLevel, INFO]
Cannot find FastMath method corresponding to: public static int java.lang.StrictMath.addExact(int,int)
Cannot find FastMath method corresponding to: public static long java.lang.StrictMath.addExact(long,long)
Cannot find FastMath method corresponding to: public static int java.lang.StrictMath.multiplyExact(int,int)
Cannot find FastMath method corresponding to: public static long java.lang.StrictMath.multiplyExact(long,long)
Cannot find FastMath method corresponding to: public static long java.lang.StrictMath.subtractExact(long,long)
Cannot find FastMath method corresponding to: public static int java.lang.StrictMath.subtractExact(int,int)
Cannot find FastMath method corresponding to: public static int java.lang.StrictMath.toIntExact(long)
Cannot find FastMath method corresponding to: public static long java.lang.StrictMath.floorDiv(long,long)
Cannot find FastMath method corresponding to: public static int java.lang.StrictMath.floorDiv(int,int)
Cannot find FastMath method corresponding to: public static int java.lang.StrictMath.floorMod(int,int)
Cannot find FastMath method corresponding to: public static long java.lang.StrictMath.floorMod(long,long)
Cannot find FastMath method corresponding to: public static float java.lang.StrictMath.nextDown(float)
Cannot find FastMath method corresponding to: public static double java.lang.StrictMath.nextDown(double)
03:56:17.212 [main] INFO  JaguarDF - Test testFloatValueForLargeNumeratorAndDenominator(org.apache.commons.math.fraction.BigFractionTest) : Failed
03:56:45.806 [main] INFO  JaguarDF - Test testDoubleValueForLargeNumeratorAndDenominator(org.apache.commons.math.fraction.BigFractionTest) : Failed
19, 3441
org.apache.commons.math.optimization.direct.BOBYQAOptimizerTest$Rosen BEGIN
org.apache.commons.math.optimization.direct.BOBYQAOptimizerTest$Rosen END
org.apache.commons.math.optimization.direct.BOBYQAOptimizerTest$ElliRotated BEGIN
org.apache.commons.math.optimization.direct.BOBYQAOptimizerTest$ElliRotated END
org.apache.commons.math.optimization.direct.BOBYQAOptimizerTest$Elli BEGIN
org.apache.commons.math.optimization.direct.BOBYQAOptimizerTest$Elli END
org.apache.commons.math.optimization.direct.BOBYQAOptimizerTest$Rosen BEGIN
org.apache.commons.math.optimization.direct.BOBYQAOptimizerTest$TwoAxes BEGIN
org.apache.commons.math.optimization.direct.BOBYQAOptimizerTest$TwoAxes END
org.apache.commons.math.optimization.direct.BOBYQAOptimizerTest$Rosen BEGIN
org.apache.commons.math.optimization.direct.BOBYQAOptimizerTest$Cigar BEGIN
org.apache.commons.math.optimization.direct.BOBYQAOptimizerTest$Cigar END
org.apache.commons.math.optimization.direct.BOBYQAOptimizerTest$Rosen BEGIN
org.apache.commons.math.optimization.direct.BOBYQAOptimizerTest$Rosen END
org.apache.commons.math.optimization.direct.BOBYQAOptimizerTest$Rastrigin BEGIN
org.apache.commons.math.optimization.direct.BOBYQAOptimizerTest$Rastrigin END
org.apache.commons.math.optimization.direct.BOBYQAOptimizerTest$SsDiffPow BEGIN
org.apache.commons.math.optimization.direct.BOBYQAOptimizerTest$SsDiffPow END
org.apache.commons.math.optimization.direct.BOBYQAOptimizerTest$MinusElli BEGIN
org.apache.commons.math.optimization.direct.BOBYQAOptimizerTest$MinusElli END
org.apache.commons.math.optimization.direct.BOBYQAOptimizerTest$MinusElli BEGIN
org.apache.commons.math.optimization.direct.BOBYQAOptimizerTest$MinusElli END
org.apache.commons.math.optimization.direct.BOBYQAOptimizerTest$Rosen BEGIN
org.apache.commons.math.optimization.direct.BOBYQAOptimizerTest$Rosen END
org.apache.commons.math.optimization.direct.BOBYQAOptimizerTest$Rosen BEGIN
org.apache.commons.math.optimization.direct.BOBYQAOptimizerTest$Rosen END
org.apache.commons.math.optimization.direct.BOBYQAOptimizerTest$Rosen BEGIN
org.apache.commons.math.optimization.direct.BOBYQAOptimizerTest$Rosen END
org.apache.commons.math.optimization.direct.BOBYQAOptimizerTest$Rosen BEGIN
org.apache.commons.math.optimization.direct.BOBYQAOptimizerTest$Rosen END
org.apache.commons.math.optimization.direct.BOBYQAOptimizerTest$Rosen BEGIN
org.apache.commons.math.optimization.direct.BOBYQAOptimizerTest$Rosen END
org.apache.commons.math.optimization.direct.BOBYQAOptimizerTest$Rosen BEGIN
org.apache.commons.math.optimization.direct.BOBYQAOptimizerTest$Rosen END
org.apache.commons.math.optimization.direct.BOBYQAOptimizerTest$Rosen BEGIN
org.apache.commons.math.optimization.direct.BOBYQAOptimizerTest$Rosen END
org.apache.commons.math.optimization.direct.BOBYQAOptimizerTest$Rosen BEGIN
org.apache.commons.math.optimization.direct.BOBYQAOptimizerTest$Rosen END
org.apache.commons.math.optimization.direct.BOBYQAOptimizerTest$Rosen BEGIN
org.apache.commons.math.optimization.direct.BOBYQAOptimizerTest$Rosen END
org.apache.commons.math.optimization.direct.BOBYQAOptimizerTest$Rosen BEGIN
org.apache.commons.math.optimization.direct.BOBYQAOptimizerTest$Rosen END
org.apache.commons.math.optimization.direct.BOBYQAOptimizerTest$Rosen BEGIN
org.apache.commons.math.optimization.direct.BOBYQAOptimizerTest$Rosen END
org.apache.commons.math.optimization.direct.BOBYQAOptimizerTest$Rosen BEGIN
org.apache.commons.math.optimization.direct.BOBYQAOptimizerTest$Rosen END
org.apache.commons.math.optimization.direct.BOBYQAOptimizerTest$Rosen BEGIN
org.apache.commons.math.optimization.direct.BOBYQAOptimizerTest$Rosen END
org.apache.commons.math.optimization.direct.BOBYQAOptimizerTest$Rosen BEGIN
org.apache.commons.math.optimization.direct.BOBYQAOptimizerTest$Rosen END
org.apache.commons.math.optimization.direct.BOBYQAOptimizerTest$Rosen BEGIN
org.apache.commons.math.optimization.direct.BOBYQAOptimizerTest$Rosen END
org.apache.commons.math.optimization.direct.BOBYQAOptimizerTest$Rosen BEGIN
org.apache.commons.math.optimization.direct.BOBYQAOptimizerTest$Rosen END
org.apache.commons.math.optimization.direct.BOBYQAOptimizerTest$Rosen BEGIN
org.apache.commons.math.optimization.direct.BOBYQAOptimizerTest$Rosen END
org.apache.commons.math.optimization.direct.BOBYQAOptimizerTest$Rosen BEGIN
org.apache.commons.math.optimization.direct.BOBYQAOptimizerTest$Rosen END
org.apache.commons.math.optimization.direct.BOBYQAOptimizerTest$Rosen BEGIN
org.apache.commons.math.optimization.direct.BOBYQAOptimizerTest$Rosen END
org.apache.commons.math.optimization.direct.BOBYQAOptimizerTest$Rosen BEGIN
org.apache.commons.math.optimization.direct.BOBYQAOptimizerTest$Rosen END
org.apache.commons.math.optimization.direct.BOBYQAOptimizerTest$Rosen BEGIN
org.apache.commons.math.optimization.direct.BOBYQAOptimizerTest$Rosen END
org.apache.commons.math.optimization.direct.BOBYQAOptimizerTest$Rosen BEGIN
org.apache.commons.math.optimization.direct.BOBYQAOptimizerTest$Rosen END
org.apache.commons.math.optimization.direct.BOBYQAOptimizerTest$Rosen BEGIN
org.apache.commons.math.optimization.direct.BOBYQAOptimizerTest$Rosen END
org.apache.commons.math.optimization.direct.BOBYQAOptimizerTest$Rosen BEGIN
org.apache.commons.math.optimization.direct.BOBYQAOptimizerTest$Rosen END
org.apache.commons.math.optimization.direct.BOBYQAOptimizerTest$Rosen BEGIN
org.apache.commons.math.optimization.direct.BOBYQAOptimizerTest$Rosen END
org.apache.commons.math.optimization.direct.BOBYQAOptimizerTest$Rosen BEGIN
org.apache.commons.math.optimization.direct.BOBYQAOptimizerTest$Rosen END
org.apache.commons.math.optimization.direct.BOBYQAOptimizerTest$Rosen BEGIN
org.apache.commons.math.optimization.direct.BOBYQAOptimizerTest$Rosen END
org.apache.commons.math.optimization.direct.BOBYQAOptimizerTest$Rosen BEGIN
org.apache.commons.math.optimization.direct.BOBYQAOptimizerTest$Rosen END
org.apache.commons.math.optimization.direct.BOBYQAOptimizerTest$Rosen BEGIN
org.apache.commons.math.optimization.direct.BOBYQAOptimizerTest$Rosen END
org.apache.commons.math.optimization.direct.BOBYQAOptimizerTest$Rosen BEGIN
org.apache.commons.math.optimization.direct.BOBYQAOptimizerTest$Rosen END
org.apache.commons.math.optimization.direct.BOBYQAOptimizerTest$Rosen BEGIN
org.apache.commons.math.optimization.direct.BOBYQAOptimizerTest$Rosen END
org.apache.commons.math.optimization.direct.BOBYQAOptimizerTest$Rosen BEGIN
org.apache.commons.math.optimization.direct.BOBYQAOptimizerTest$Rosen END
org.apache.commons.math.optimization.direct.BOBYQAOptimizerTest$Rosen BEGIN
org.apache.commons.math.optimization.direct.BOBYQAOptimizerTest$Rosen END
org.apache.commons.math.optimization.direct.BOBYQAOptimizerTest$Rosen BEGIN
org.apache.commons.math.optimization.direct.BOBYQAOptimizerTest$Rosen END
org.apache.commons.math.optimization.direct.BOBYQAOptimizerTest$Rosen BEGIN
org.apache.commons.math.optimization.direct.BOBYQAOptimizerTest$Rosen END
org.apache.commons.math.optimization.direct.BOBYQAOptimizerTest$Rosen BEGIN
org.apache.commons.math.optimization.direct.BOBYQAOptimizerTest$Rosen END
org.apache.commons.math.optimization.direct.BOBYQAOptimizerTest$Rosen BEGIN
org.apache.commons.math.optimization.direct.BOBYQAOptimizerTest$Rosen END
org.apache.commons.math.optimization.direct.BOBYQAOptimizerTest$Rosen BEGIN
org.apache.commons.math.optimization.direct.BOBYQAOptimizerTest$Rosen END
org.apache.commons.math.optimization.direct.BOBYQAOptimizerTest$Rosen BEGIN
org.apache.commons.math.optimization.direct.BOBYQAOptimizerTest$Rosen END
org.apache.commons.math.optimization.direct.BOBYQAOptimizerTest$Rosen BEGIN
org.apache.commons.math.optimization.direct.BOBYQAOptimizerTest$Rosen END
org.apache.commons.math.optimization.direct.BOBYQAOptimizerTest$Rosen BEGIN
org.apache.commons.math.optimization.direct.BOBYQAOptimizerTest$Rosen END
org.apache.commons.math.optimization.direct.BOBYQAOptimizerTest$Rosen BEGIN
org.apache.commons.math.optimization.direct.BOBYQAOptimizerTest$Rosen END
org.apache.commons.math.optimization.direct.BOBYQAOptimizerTest$Rosen BEGIN
org.apache.commons.math.optimization.direct.BOBYQAOptimizerTest$Rosen END
org.apache.commons.math.optimization.direct.BOBYQAOptimizerTest$Rosen BEGIN
org.apache.commons.math.optimization.direct.BOBYQAOptimizerTest$Rosen END
org.apache.commons.math.optimization.direct.BOBYQAOptimizerTest$Rosen BEGIN
org.apache.commons.math.optimization.direct.BOBYQAOptimizerTest$Rosen END
org.apache.commons.math.optimization.direct.BOBYQAOptimizerTest$Rosen BEGIN
org.apache.commons.math.optimization.direct.BOBYQAOptimizerTest$Rosen END
org.apache.commons.math.optimization.direct.BOBYQAOptimizerTest$Rosen BEGIN
org.apache.commons.math.optimization.direct.BOBYQAOptimizerTest$Rosen END
org.apache.commons.math.optimization.direct.BOBYQAOptimizerTest$CigTab BEGIN
org.apache.commons.math.optimization.direct.BOBYQAOptimizerTest$CigTab END
org.apache.commons.math.optimization.direct.BOBYQAOptimizerTest$Rosen BEGIN
org.apache.commons.math.optimization.direct.BOBYQAOptimizerTest$Sphere BEGIN
org.apache.commons.math.optimization.direct.BOBYQAOptimizerTest$Sphere END
org.apache.commons.math.optimization.direct.BOBYQAOptimizerTest$Tablet BEGIN
org.apache.commons.math.optimization.direct.BOBYQAOptimizerTest$Tablet END
org.apache.commons.math.optimization.direct.BOBYQAOptimizerTest$Rosen BEGIN
07:58:51.284 [main] INFO  JaguarDF - Jaguar-DF has finished!

real	258m22.952s
user	256m32.697s
sys	1m32.374s
