05:07:32.476 [main] INFO  JaguarDF - Welcome to Jaguar-DF CLI!
05:07:33.111 [main] DEBUG JaguarDF - CLI Arguments: [--projectDir, d4jprojects/closure-compiler, --classesDir, build/classes, --testsDir, build/test, --tests, tests.out, --logLevel, INFO]
Nov 05, 2020 5:09:02 AM com.google.javascript.jscomp.AliasStrings process
INFO: Aliasing common strings
Nov 05, 2020 5:09:02 AM com.google.javascript.jscomp.AliasStrings process
INFO: Aliasing common strings
Nov 05, 2020 5:09:02 AM com.google.javascript.jscomp.AliasStrings process
INFO: Aliasing common strings
Nov 05, 2020 5:09:02 AM com.google.javascript.jscomp.AliasStrings process
INFO: Aliasing common strings
Nov 05, 2020 5:09:02 AM com.google.javascript.jscomp.AliasStrings process
INFO: Aliasing common strings
Nov 05, 2020 5:09:02 AM com.google.javascript.jscomp.AliasStrings process
INFO: Aliasing common strings
Nov 05, 2020 5:09:04 AM com.google.javascript.jscomp.AliasStrings process
INFO: Aliasing common strings
Nov 05, 2020 5:09:04 AM com.google.javascript.jscomp.AliasStrings process
INFO: Aliasing common strings
Nov 05, 2020 5:09:06 AM com.google.javascript.jscomp.AliasStrings process
INFO: Aliasing common strings
Nov 05, 2020 5:09:06 AM com.google.javascript.jscomp.AliasStrings process
INFO: Aliasing common strings
Nov 05, 2020 5:09:06 AM com.google.javascript.jscomp.AliasStrings process
INFO: Aliasing common strings
Nov 05, 2020 5:09:06 AM com.google.javascript.jscomp.AliasStrings process
INFO: Aliasing common strings
Nov 05, 2020 5:09:06 AM com.google.javascript.jscomp.AliasStrings process
INFO: Aliasing common strings
Nov 05, 2020 5:09:06 AM com.google.javascript.jscomp.AliasStrings process
INFO: Aliasing common strings
Nov 05, 2020 5:09:06 AM com.google.javascript.jscomp.AliasStrings process
INFO: Aliasing common strings
Nov 05, 2020 5:09:06 AM com.google.javascript.jscomp.AliasStrings process
INFO: Aliasing common strings
Nov 05, 2020 5:09:06 AM com.google.javascript.jscomp.AliasStrings process
INFO: Aliasing common strings
Nov 05, 2020 5:09:06 AM com.google.javascript.jscomp.AliasStrings process
INFO: Aliasing common strings
Nov 05, 2020 5:09:06 AM com.google.javascript.jscomp.AliasStrings process
INFO: Aliasing common strings
Nov 05, 2020 5:09:06 AM com.google.javascript.jscomp.AliasStrings process
INFO: Aliasing common strings
Nov 05, 2020 5:09:06 AM com.google.javascript.jscomp.AliasStrings process
INFO: Aliasing common strings
Nov 05, 2020 5:09:06 AM com.google.javascript.jscomp.AliasStrings process
INFO: Aliasing common strings
Nov 05, 2020 5:09:06 AM com.google.javascript.jscomp.AliasStrings process
INFO: Aliasing common strings
Nov 05, 2020 5:09:06 AM com.google.javascript.jscomp.AliasStrings process
INFO: Aliasing common strings
Nov 05, 2020 5:09:08 AM com.google.javascript.jscomp.AliasStrings process
INFO: Aliasing common strings
Nov 05, 2020 5:09:08 AM com.google.javascript.jscomp.AliasStrings process
INFO: Aliasing common strings
Nov 05, 2020 5:09:08 AM com.google.javascript.jscomp.AliasStrings process
INFO: Aliasing common strings
Nov 05, 2020 5:09:08 AM com.google.javascript.jscomp.AliasStrings process
INFO: Aliasing common strings
Nov 05, 2020 5:09:08 AM com.google.javascript.jscomp.AliasStrings process
INFO: Aliasing common strings
Nov 05, 2020 5:09:08 AM com.google.javascript.jscomp.AliasStrings process
INFO: Aliasing common strings
Nov 05, 2020 5:09:08 AM com.google.javascript.jscomp.AliasStrings process
INFO: Aliasing common strings
Nov 05, 2020 5:09:08 AM com.google.javascript.jscomp.AliasStrings process
INFO: Aliasing common strings
Nov 05, 2020 5:09:08 AM com.google.javascript.jscomp.AliasStrings process
INFO: Aliasing common strings
Nov 05, 2020 5:09:08 AM com.google.javascript.jscomp.AliasStrings process
INFO: Aliasing common strings
Nov 05, 2020 5:09:10 AM com.google.javascript.jscomp.AliasStrings process
INFO: Aliasing common strings
Nov 05, 2020 5:09:10 AM com.google.javascript.jscomp.AliasStrings process
INFO: Aliasing common strings
Nov 05, 2020 5:09:12 AM com.google.javascript.jscomp.AliasStrings process
INFO: Aliasing common strings
Nov 05, 2020 5:09:12 AM com.google.javascript.jscomp.AliasStrings process
INFO: Aliasing common strings
Nov 05, 2020 5:09:12 AM com.google.javascript.jscomp.AliasStrings process
INFO: Aliasing common strings
Nov 05, 2020 5:09:12 AM com.google.javascript.jscomp.AliasStrings process
INFO: Aliasing common strings
Nov 05, 2020 5:09:12 AM com.google.javascript.jscomp.AliasStrings process
INFO: Aliasing common strings
Nov 05, 2020 5:09:12 AM com.google.javascript.jscomp.AliasStrings process
INFO: Aliasing common strings
Nov 05, 2020 5:09:12 AM com.google.javascript.jscomp.AliasStrings process
INFO: Aliasing common strings
Nov 05, 2020 5:09:12 AM com.google.javascript.jscomp.AliasStrings process
INFO: Aliasing common strings
Nov 05, 2020 5:09:12 AM com.google.javascript.jscomp.AliasStrings process
INFO: Aliasing common strings
Nov 05, 2020 5:09:12 AM com.google.javascript.jscomp.AliasStrings process
INFO: Aliasing common strings
Nov 05, 2020 5:09:12 AM com.google.javascript.jscomp.AliasStrings process
INFO: Aliasing common strings
Nov 05, 2020 5:09:12 AM com.google.javascript.jscomp.AliasStrings process
INFO: Aliasing common strings
Nov 05, 2020 5:09:12 AM com.google.javascript.jscomp.AliasStrings process
INFO: Aliasing common strings
Nov 05, 2020 5:09:12 AM com.google.javascript.jscomp.AliasStrings process
INFO: Aliasing common strings
Nov 05, 2020 5:09:14 AM com.google.javascript.jscomp.AliasStrings process
INFO: Aliasing common strings
Nov 05, 2020 5:09:14 AM com.google.javascript.jscomp.AliasStrings process
INFO: Aliasing common strings
Nov 05, 2020 5:09:14 AM com.google.javascript.jscomp.AliasStrings process
INFO: Aliasing common strings
Nov 05, 2020 5:09:14 AM com.google.javascript.jscomp.AliasStrings process
INFO: Aliasing common strings
Nov 05, 2020 5:09:14 AM com.google.javascript.jscomp.AliasStrings process
INFO: Aliasing common strings
Nov 05, 2020 5:09:14 AM com.google.javascript.jscomp.AliasStrings process
INFO: Aliasing common strings
Nov 05, 2020 5:09:16 AM com.google.javascript.jscomp.AliasStrings process
INFO: Aliasing common strings
Nov 05, 2020 5:09:16 AM com.google.javascript.jscomp.AliasStrings process
INFO: Aliasing common strings
Nov 05, 2020 5:09:18 AM com.google.javascript.jscomp.AliasStrings process
INFO: Aliasing common strings
Nov 05, 2020 5:09:18 AM com.google.javascript.jscomp.AliasStrings process
INFO: Aliasing common strings
Nov 05, 2020 5:09:18 AM com.google.javascript.jscomp.AliasStrings process
INFO: Aliasing common strings
Nov 05, 2020 5:09:18 AM com.google.javascript.jscomp.AliasStrings process
INFO: Aliasing common strings
Nov 05, 2020 5:09:20 AM com.google.javascript.jscomp.AliasStrings process
INFO: Aliasing common strings
Nov 05, 2020 5:09:20 AM com.google.javascript.jscomp.AliasStrings process
INFO: Aliasing common strings
Nov 05, 2020 5:09:22 AM com.google.javascript.jscomp.AliasStrings process
INFO: Aliasing common strings
Nov 05, 2020 5:09:22 AM com.google.javascript.jscomp.AliasStrings process
INFO: Aliasing common strings
Nov 05, 2020 5:09:24 AM com.google.javascript.jscomp.AliasStrings process
INFO: Aliasing common strings
Nov 05, 2020 5:09:24 AM com.google.javascript.jscomp.AliasStrings process
INFO: Aliasing common strings
Nov 05, 2020 5:09:26 AM com.google.javascript.jscomp.AmbiguateProperties process
INFO: Collapsed 1 properties into 1 and skipped renaming 0 properties.
Nov 05, 2020 5:09:28 AM com.google.javascript.jscomp.AmbiguateProperties process
INFO: Collapsed 2 properties into 2 and skipped renaming 0 properties.
Nov 05, 2020 5:09:31 AM com.google.javascript.jscomp.AmbiguateProperties process
INFO: Collapsed 2 properties into 1 and skipped renaming 0 properties.
Nov 05, 2020 5:09:33 AM com.google.javascript.jscomp.AmbiguateProperties process
INFO: Collapsed 3 properties into 2 and skipped renaming 0 properties.
Nov 05, 2020 5:09:35 AM com.google.javascript.jscomp.AmbiguateProperties process
INFO: Collapsed 3 properties into 2 and skipped renaming 0 properties.
Nov 05, 2020 5:09:38 AM com.google.javascript.jscomp.AmbiguateProperties process
INFO: Collapsed 10 properties into 5 and skipped renaming 0 properties.
Nov 05, 2020 5:09:40 AM com.google.javascript.jscomp.AmbiguateProperties process
INFO: Collapsed 6 properties into 3 and skipped renaming 0 properties.
Nov 05, 2020 5:09:42 AM com.google.javascript.jscomp.AmbiguateProperties process
INFO: Collapsed 20 properties into 10 and skipped renaming 0 properties.
Nov 05, 2020 5:09:45 AM com.google.javascript.jscomp.AmbiguateProperties process
INFO: Collapsed 10 properties into 1 and skipped renaming 0 properties.
Nov 05, 2020 5:09:47 AM com.google.javascript.jscomp.AmbiguateProperties process
INFO: Collapsed 2 properties into 1 and skipped renaming 0 properties.
Nov 05, 2020 5:09:49 AM com.google.javascript.jscomp.AmbiguateProperties process
INFO: Collapsed 0 properties into 1 and skipped renaming 1 properties.
Nov 05, 2020 5:09:52 AM com.google.javascript.jscomp.AmbiguateProperties process
INFO: Collapsed 0 properties into 1 and skipped renaming 0 properties.
Nov 05, 2020 5:09:54 AM com.google.javascript.jscomp.AmbiguateProperties process
INFO: Collapsed 2 properties into 2 and skipped renaming 0 properties.
Nov 05, 2020 5:09:57 AM com.google.javascript.jscomp.AmbiguateProperties process
INFO: Collapsed 0 properties into 1 and skipped renaming 1 properties.
Nov 05, 2020 5:09:59 AM com.google.javascript.jscomp.AmbiguateProperties process
INFO: Collapsed 1 properties into 1 and skipped renaming 0 properties.
Nov 05, 2020 5:10:01 AM com.google.javascript.jscomp.AmbiguateProperties process
INFO: Collapsed 0 properties into 1 and skipped renaming 1 properties.
Nov 05, 2020 5:10:04 AM com.google.javascript.jscomp.AmbiguateProperties process
INFO: Collapsed 0 properties into 1 and skipped renaming 1 properties.
Nov 05, 2020 5:10:06 AM com.google.javascript.jscomp.AmbiguateProperties process
INFO: Collapsed 0 properties into 1 and skipped renaming 1 properties.
Nov 05, 2020 5:10:08 AM com.google.javascript.jscomp.AmbiguateProperties process
INFO: Collapsed 0 properties into 1 and skipped renaming 1 properties.
Nov 05, 2020 5:10:11 AM com.google.javascript.jscomp.AmbiguateProperties process
INFO: Collapsed 0 properties into 1 and skipped renaming 0 properties.
Nov 05, 2020 5:10:13 AM com.google.javascript.jscomp.AmbiguateProperties process
INFO: Collapsed 1 properties into 1 and skipped renaming 0 properties.
Nov 05, 2020 5:10:15 AM com.google.javascript.jscomp.AmbiguateProperties process
INFO: Collapsed 0 properties into 1 and skipped renaming 0 properties.
Nov 05, 2020 5:10:18 AM com.google.javascript.jscomp.AmbiguateProperties process
INFO: Collapsed 1 properties into 1 and skipped renaming 0 properties.
Nov 05, 2020 5:10:20 AM com.google.javascript.jscomp.AmbiguateProperties process
INFO: Collapsed 2 properties into 1 and skipped renaming 0 properties.
Nov 05, 2020 5:10:23 AM com.google.javascript.jscomp.AmbiguateProperties process
INFO: Collapsed 3 properties into 1 and skipped renaming 0 properties.
Nov 05, 2020 5:10:25 AM com.google.javascript.jscomp.AmbiguateProperties process
INFO: Collapsed 1 properties into 1 and skipped renaming 1 properties.
Nov 05, 2020 5:10:25 AM com.google.javascript.jscomp.AmbiguateProperties process
INFO: Collapsed 0 properties into 1 and skipped renaming 2 properties.
Nov 05, 2020 5:10:25 AM com.google.javascript.jscomp.AmbiguateProperties process
INFO: Collapsed 2 properties into 1 and skipped renaming 0 properties.
Nov 05, 2020 5:10:27 AM com.google.javascript.jscomp.AmbiguateProperties process
INFO: Collapsed 0 properties into 1 and skipped renaming 1 properties.
Nov 05, 2020 5:10:30 AM com.google.javascript.jscomp.AmbiguateProperties process
INFO: Collapsed 3 properties into 3 and skipped renaming 0 properties.
Nov 05, 2020 5:10:32 AM com.google.javascript.jscomp.AmbiguateProperties process
INFO: Collapsed 3 properties into 3 and skipped renaming 0 properties.
Nov 05, 2020 5:10:34 AM com.google.javascript.jscomp.AmbiguateProperties process
INFO: Collapsed 2 properties into 2 and skipped renaming 0 properties.
Nov 05, 2020 5:10:37 AM com.google.javascript.jscomp.AmbiguateProperties process
INFO: Collapsed 2 properties into 2 and skipped renaming 0 properties.
Nov 05, 2020 5:10:39 AM com.google.javascript.jscomp.AmbiguateProperties process
INFO: Collapsed 2 properties into 2 and skipped renaming 0 properties.
Nov 05, 2020 5:10:42 AM com.google.javascript.jscomp.AmbiguateProperties process
INFO: Collapsed 1 properties into 1 and skipped renaming 1 properties.
Nov 05, 2020 5:10:44 AM com.google.javascript.jscomp.AmbiguateProperties process
INFO: Collapsed 1 properties into 1 and skipped renaming 1 properties.
Nov 05, 2020 5:21:02 AM com.google.javascript.jscomp.PhaseOptimizer$NamedPass process
INFO: processGoogScopeAliases
Nov 05, 2020 5:21:02 AM com.google.javascript.jscomp.PhaseOptimizer$NamedPass process
INFO: checkRequires
Nov 05, 2020 5:21:02 AM com.google.javascript.jscomp.PhaseOptimizer$NamedPass process
INFO: processProvidesAndRequires
Nov 05, 2020 5:21:02 AM com.google.javascript.jscomp.PhaseOptimizer$NamedPass process
INFO: checkVars
Nov 05, 2020 5:21:02 AM com.google.javascript.jscomp.PhaseOptimizer$NamedPass process
INFO: renameCssNames
Nov 05, 2020 5:21:02 AM com.google.javascript.jscomp.PhaseOptimizer$NamedPass process
INFO: replaceMessages
Nov 05, 2020 5:21:02 AM com.google.javascript.jscomp.PhaseOptimizer$NamedPass process
INFO: processDefines
Nov 05, 2020 5:21:02 AM com.google.javascript.jscomp.Compiler normalize
INFO: Normalizing
Nov 05, 2020 5:21:02 AM com.google.javascript.jscomp.PhaseOptimizer$NamedPass process
INFO: beforeStandardOptimizations
Nov 05, 2020 5:21:02 AM com.google.javascript.jscomp.PhaseOptimizer$NamedPass process
INFO: closureCodeRemoval
Nov 05, 2020 5:21:02 AM com.google.javascript.jscomp.PhaseOptimizer$NamedPass process
INFO: beforeMainOptimizations
Nov 05, 2020 5:21:02 AM com.google.javascript.jscomp.PhaseOptimizer$NamedPass process
INFO: beforeModuleMotion
Nov 05, 2020 5:21:02 AM com.google.javascript.jscomp.PhaseOptimizer$NamedPass process
INFO: afterModuleMotion
Nov 05, 2020 5:21:02 AM com.google.javascript.jscomp.PhaseOptimizer$NamedPass process
INFO: markUnnormalized
Nov 05, 2020 5:21:02 AM com.google.javascript.jscomp.PhaseOptimizer$NamedPass process
INFO: denormalize
Nov 05, 2020 5:21:02 AM com.google.javascript.jscomp.PhaseOptimizer$NamedPass process
INFO: invertNames
Nov 05, 2020 5:21:02 AM com.google.javascript.jscomp.LoggerErrorManager println
WARNING: foo.js:1: WARNING - 'foo.bar.goo' used but not goog.require'd

Nov 05, 2020 5:21:02 AM com.google.javascript.jscomp.LoggerErrorManager printSummary
WARNING: 0 error(s), 1 warning(s)
05:39:46.315 [main] INFO  JaguarDF - Test testIssue297(com.google.javascript.jscomp.CommandLineRunnerTest) : Failed
Closure Compiler (http://code.google.com/closure/compiler)
Version: Unversioned directory
Built on: 2020/11/04 21:06
05:54:27.245 [main] INFO  JaguarDF - Test testIssue297a(com.google.javascript.jscomp.DeadAssignmentsEliminationTest) : Failed
05:54:31.069 [main] INFO  JaguarDF - Test testIssue297b(com.google.javascript.jscomp.DeadAssignmentsEliminationTest) : Failed
05:54:34.975 [main] INFO  JaguarDF - Test testIssue297c(com.google.javascript.jscomp.DeadAssignmentsEliminationTest) : Failed
05:54:38.811 [main] INFO  JaguarDF - Test testIssue297d(com.google.javascript.jscomp.DeadAssignmentsEliminationTest) : Failed
05:54:42.717 [main] INFO  JaguarDF - Test testIssue297e(com.google.javascript.jscomp.DeadAssignmentsEliminationTest) : Failed
05:54:46.550 [main] INFO  JaguarDF - Test testIssue297f(com.google.javascript.jscomp.DeadAssignmentsEliminationTest) : Failed
Nov 05, 2020 6:04:45 AM com.google.javascript.jscomp.LoggerErrorManager println
WARNING: testcode:1: WARNING - Unable to determine type of parameter a for exported function d

Nov 05, 2020 6:04:45 AM com.google.javascript.jscomp.LoggerErrorManager println
WARNING: testcode:1: WARNING - Unable to determine type of parameter a for exported function e

Nov 05, 2020 6:04:45 AM com.google.javascript.jscomp.LoggerErrorManager println
WARNING: testcode:1: WARNING - Unable to determine type of parameter a for exported function f

Nov 05, 2020 6:04:45 AM com.google.javascript.jscomp.LoggerErrorManager printSummary
WARNING: 0 error(s), 3 warning(s), 100% typed
Nov 05, 2020 6:04:49 AM com.google.javascript.jscomp.LoggerErrorManager println
WARNING: testcode:1: WARNING - Unable to determine type of parameter a.b.c for exported function d

Nov 05, 2020 6:04:49 AM com.google.javascript.jscomp.LoggerErrorManager println
WARNING: testcode:1: WARNING - Unable to determine type of parameter a.b.c for exported function e

Nov 05, 2020 6:04:49 AM com.google.javascript.jscomp.LoggerErrorManager println
WARNING: testcode:1: WARNING - Unable to determine type of parameter a.b.c for exported function f

Nov 05, 2020 6:04:49 AM com.google.javascript.jscomp.LoggerErrorManager printSummary
WARNING: 0 error(s), 3 warning(s), 100% typed
Nov 05, 2020 6:04:53 AM com.google.javascript.jscomp.LoggerErrorManager println
WARNING: testcode:1: WARNING - Unable to determine type of parameter a.b for exported function p1

Nov 05, 2020 6:04:53 AM com.google.javascript.jscomp.LoggerErrorManager println
WARNING: testcode:1: WARNING - Unable to determine type of parameter a.b.c for exported function d

Nov 05, 2020 6:04:53 AM com.google.javascript.jscomp.LoggerErrorManager println
WARNING: testcode:1: WARNING - Unable to determine type of parameter a.b.c for exported function e

Nov 05, 2020 6:04:53 AM com.google.javascript.jscomp.LoggerErrorManager println
WARNING: testcode:1: WARNING - Unable to determine type of parameter a.b.c for exported function f

Nov 05, 2020 6:04:53 AM com.google.javascript.jscomp.LoggerErrorManager println
WARNING: testcode:1: WARNING - Unable to determine type of parameter a.b.prototype.c for exported function g

Nov 05, 2020 6:04:53 AM com.google.javascript.jscomp.LoggerErrorManager println
WARNING: testcode:1: WARNING - Unable to determine type of parameter a.b.prototype.c for exported function h

Nov 05, 2020 6:04:53 AM com.google.javascript.jscomp.LoggerErrorManager println
WARNING: testcode:1: WARNING - Unable to determine type of parameter a.b.prototype.c for exported function i

Nov 05, 2020 6:04:53 AM com.google.javascript.jscomp.LoggerErrorManager printSummary
WARNING: 0 error(s), 7 warning(s), 100% typed
Nov 05, 2020 6:04:57 AM com.google.javascript.jscomp.LoggerErrorManager println
WARNING: testcode:1: WARNING - Unable to determine type of parameter a.b.c for exported function d

Nov 05, 2020 6:04:57 AM com.google.javascript.jscomp.LoggerErrorManager println
WARNING: testcode:1: WARNING - Unable to determine type of parameter a.b.c for exported function e

Nov 05, 2020 6:04:57 AM com.google.javascript.jscomp.LoggerErrorManager println
WARNING: testcode:1: WARNING - Unable to determine type of parameter a.b.c for exported function f

Nov 05, 2020 6:04:57 AM com.google.javascript.jscomp.LoggerErrorManager println
WARNING: testcode:1: WARNING - Unable to determine type of parameter a.b.prototype.c for exported function g

Nov 05, 2020 6:04:57 AM com.google.javascript.jscomp.LoggerErrorManager println
WARNING: testcode:1: WARNING - Unable to determine type of parameter a.b.prototype.c for exported function h

Nov 05, 2020 6:04:57 AM com.google.javascript.jscomp.LoggerErrorManager println
WARNING: testcode:1: WARNING - Unable to determine type of parameter a.b.prototype.c for exported function i

Nov 05, 2020 6:04:57 AM com.google.javascript.jscomp.LoggerErrorManager printSummary
WARNING: 0 error(s), 6 warning(s), 100% typed
Nov 05, 2020 6:05:01 AM com.google.javascript.jscomp.LoggerErrorManager println
WARNING: testcode:1: WARNING - Unable to determine type of parameter a.b for exported function p1

Nov 05, 2020 6:05:01 AM com.google.javascript.jscomp.LoggerErrorManager println
WARNING: testcode:1: WARNING - Unable to determine type of parameter a.b.c for exported function d

Nov 05, 2020 6:05:01 AM com.google.javascript.jscomp.LoggerErrorManager println
WARNING: testcode:1: WARNING - Unable to determine type of parameter a.b.c for exported function e

Nov 05, 2020 6:05:01 AM com.google.javascript.jscomp.LoggerErrorManager println
WARNING: testcode:1: WARNING - Unable to determine type of parameter a.b.c for exported function f

Nov 05, 2020 6:05:01 AM com.google.javascript.jscomp.LoggerErrorManager printSummary
WARNING: 0 error(s), 4 warning(s), 100% typed
Nov 05, 2020 6:05:34 AM com.google.javascript.jscomp.LoggerErrorManager println
WARNING: testcode:5: WARNING - Unable to determine return type for exported function internalName
internalName = function(a) {  return 6;
                       ^

Nov 05, 2020 6:05:34 AM com.google.javascript.jscomp.LoggerErrorManager printSummary
WARNING: 0 error(s), 1 warning(s), 100% typed
Nov 05, 2020 6:05:50 AM com.google.javascript.jscomp.LoggerErrorManager println
WARNING: testcode:1: WARNING - Unable to determine return type for exported function InternalName

Nov 05, 2020 6:05:50 AM com.google.javascript.jscomp.LoggerErrorManager printSummary
WARNING: 0 error(s), 1 warning(s), 100% typed
Nov 05, 2020 6:05:58 AM com.google.javascript.jscomp.LoggerErrorManager println
WARNING: testcode:4: WARNING - Unable to determine type of parameter InternalName for exported function b

Nov 05, 2020 6:05:58 AM com.google.javascript.jscomp.LoggerErrorManager println
WARNING: testcode:4: WARNING - Unable to determine type of parameter InternalName for exported function c

Nov 05, 2020 6:05:58 AM com.google.javascript.jscomp.LoggerErrorManager printSummary
WARNING: 0 error(s), 2 warning(s), 100% typed
Nov 05, 2020 6:06:02 AM com.google.javascript.jscomp.LoggerErrorManager println
WARNING: testcode:1: WARNING - Unable to determine type of parameter a.b.c for exported function d

Nov 05, 2020 6:06:02 AM com.google.javascript.jscomp.LoggerErrorManager println
WARNING: testcode:1: WARNING - Unable to determine type of parameter a.b.c for exported function e

Nov 05, 2020 6:06:02 AM com.google.javascript.jscomp.LoggerErrorManager println
WARNING: testcode:1: WARNING - Unable to determine type of parameter a.b.c for exported function f

Nov 05, 2020 6:06:02 AM com.google.javascript.jscomp.LoggerErrorManager printSummary
WARNING: 0 error(s), 3 warning(s), 100% typed
line: [0, 0, 0, 0, 0, 0, 0, 0, 1, 1, 1, 1, 1, 1, 1, 1, 1, 1, 2, 2, 3, 3]
line: [0, 0, 0, 0, 0, 0, 0, 0, 1, 1, 1, 1, 1, 1, 1, 1, 1, 1, 2, 3, 3, 3, 3, 3, 3, 3, 3, 3, 3, 2, 4, 4, 4, 4, 4, 4, 4, 4, 4, 4, 2, 5, 6, 6, 6, 6, 7, 7, 7, 7, 7, 7, 7, 7, 8, 8, 8, 8, 8, 8, 8, 8, 8, 5]
line: [0, 0, 0, 0, 0, 0, 0, 0, 1, 1, 1, 1, 1, 1, 1, 1, 1, 1, 2, 3, 3, 3, 3, 3, 3, 3, 3, 3, 3, 2, 4, 4, 4, 4, 4, 4, 4, 4, 4, 4, 2, 5, 6, 6, 6, 6, 7, 7, 7, 7, 7, 7, 7, 7, 8, 8, 8, 8, 8, 8, 8, 8, 8, 9, 9, 9, 9, 9, 10, 10, 10, 10, 10, 10, 10, 10, 11, 11, 11, 11, 11, 11, 11, 11, 11, 11, 5]
line: [0, 0, 0, 0, 0, 0, 0, 0, 1, 1, 1, 1, 1, 1, 1, 1, 1, 1, 2, 3, 3, 3, 3, 3, 3, 3, 3, 3, 3, 2, 4, 4, 4, 4, 4, 4, 4, 4, 4, 4, 2, 5, 6, 6, 6, 6, 7, 7, 7, 7, 7, 7, 7, 7, 8, 8, 8, 8, 8, 8, 8, 8, 8, 9, 9, 9, 9, 9, 10, 10, 10, 10, 10, 10, 10, 10, 11, 11, 11, 11, 11, 11, 11, 11, 11, 11, 5, 12, 12, 12, 12, 12, 12, 12, 12, 13, 13, 13, 13, 13, 13, 13, 13, 13, 13, 13, 14, 15, 15, 15, 15, 15, 15, 15, 15, 15, 15, 14, 16, 16, 16, 16, 16, 16, 16, 16, 16, 16, 14, 17, 18, 18, 18, 18, 19, 19, 19, 19, 19, 19, 19, 19, 19, 20, 20, 20, 20, 20, 20, 20, 20, 20, 20, 21, 21, 21, 21, 21, 22, 22, 22, 22, 22, 22, 22, 22, 22, 23, 23, 23, 23, 23, 23, 23, 23, 23, 23, 17]
Nov 05, 2020 12:06:02 PM com.google.javascript.jscomp.parsing.ParserRunner parse
INFO: Error parsing input: JSCompiler test code: Compilation produced 1 syntax errors.
Nov 05, 2020 12:06:22 PM com.google.javascript.jscomp.parsing.ParserRunner parse
INFO: Error parsing input: JSCompiler test code: Compilation produced 1 syntax errors.
Nov 05, 2020 12:06:37 PM com.google.javascript.jscomp.parsing.ParserRunner parse
INFO: Error parsing input: JSCompiler test code: Compilation produced 1 syntax errors.
Nov 05, 2020 12:06:42 PM com.google.javascript.jscomp.parsing.ParserRunner parse
INFO: Error parsing input: JSCompiler test code: Compilation produced 1 syntax errors.
Nov 05, 2020 12:06:46 PM com.google.javascript.jscomp.parsing.ParserRunner parse
INFO: Error parsing input: JSCompiler test code: Compilation produced 1 syntax errors.
Nov 05, 2020 12:06:56 PM com.google.javascript.jscomp.parsing.ParserRunner parse
INFO: Error parsing input: JSCompiler test code: Compilation produced 1 syntax errors.
Nov 05, 2020 12:07:01 PM com.google.javascript.jscomp.parsing.ParserRunner parse
INFO: Error parsing input: JSCompiler test code: Compilation produced 2 syntax errors.
Nov 05, 2020 12:07:06 PM com.google.javascript.jscomp.parsing.ParserRunner parse
INFO: Error parsing input: JSCompiler test code: Compilation produced 2 syntax errors.
Nov 05, 2020 12:07:21 PM com.google.javascript.jscomp.parsing.ParserRunner parse
INFO: Error parsing input: JSCompiler test code: Compilation produced 2 syntax errors.
Nov 05, 2020 12:07:55 PM com.google.javascript.jscomp.parsing.ParserRunner parse
INFO: Error parsing input: JSCompiler test code: Compilation produced 1 syntax errors.
Nov 05, 2020 12:08:05 PM com.google.javascript.jscomp.parsing.ParserRunner parse
INFO: Error parsing input: JSCompiler test code: Compilation produced 2 syntax errors.
java.lang.IllegalStateException
	at com.google.common.base.Preconditions.checkState(Preconditions.java:129)
	at com.google.javascript.rhino.jstype.PrototypeObjectType.setImplicitPrototype(PrototypeObjectType.java:390)
	at com.google.javascript.rhino.jstype.FunctionType.setPrototypeBasedOn(FunctionType.java:277)
	at com.google.javascript.rhino.jstype.JSTypeTest.testInvalidSetPrototypeBasedOn(JSTypeTest.java:4992)
	at sun.reflect.NativeMethodAccessorImpl.invoke0(Native Method)
	at sun.reflect.NativeMethodAccessorImpl.invoke(NativeMethodAccessorImpl.java:62)
	at sun.reflect.DelegatingMethodAccessorImpl.invoke(DelegatingMethodAccessorImpl.java:43)
	at java.lang.reflect.Method.invoke(Method.java:498)
	at junit.framework.TestCase.runTest(TestCase.java:168)
	at junit.framework.TestCase.runBare(TestCase.java:134)
	at junit.framework.TestResult$1.protect(TestResult.java:110)
	at junit.framework.TestResult.runProtected(TestResult.java:128)
	at junit.framework.TestResult.run(TestResult.java:113)
	at junit.framework.TestCase.run(TestCase.java:124)
	at junit.framework.TestSuite.runTest(TestSuite.java:243)
	at junit.framework.TestSuite.run(TestSuite.java:238)
	at org.junit.internal.runners.JUnit38ClassRunner.run(JUnit38ClassRunner.java:83)
	at org.junit.runners.Suite.runChild(Suite.java:128)
	at org.junit.runners.Suite.runChild(Suite.java:24)
	at org.junit.runners.ParentRunner$3.run(ParentRunner.java:193)
	at org.junit.runners.ParentRunner$1.schedule(ParentRunner.java:52)
	at org.junit.runners.ParentRunner.runChildren(ParentRunner.java:191)
	at org.junit.runners.ParentRunner.access$000(ParentRunner.java:42)
	at org.junit.runners.ParentRunner$2.evaluate(ParentRunner.java:184)
	at org.junit.runners.ParentRunner.run(ParentRunner.java:236)
	at org.junit.runner.JUnitCore.run(JUnitCore.java:157)
	at org.junit.runner.JUnitCore.run(JUnitCore.java:136)
	at org.junit.runner.JUnitCore.run(JUnitCore.java:117)
	at br.usp.each.saeg.jaguardf.cli.JaguarRunner.run(JaguarRunner.java:64)
	at br.usp.each.saeg.jaguardf.cli.JaguarRunner.main(JaguarRunner.java:96)
12:31:13.538 [main] INFO  JaguarDF - Jaguar-DF has finished!

real	443m43.926s
user	440m32.610s
sys	4m33.706s
