13:24:49.377 [main] INFO  JaguarDF - Welcome to Jaguar-DF CLI!
13:24:50.303 [main] DEBUG JaguarDF - CLI Arguments: [--projectDir, d4jprojects/commons-math, --classesDir, target/classes, --testsDir, target/test-classes, --tests, tests.out, --logLevel, INFO]
Cannot find FastMath method corresponding to: public static int java.lang.StrictMath.addExact(int,int)
Cannot find FastMath method corresponding to: public static long java.lang.StrictMath.addExact(long,long)
Cannot find FastMath method corresponding to: public static int java.lang.StrictMath.multiplyExact(int,int)
Cannot find FastMath method corresponding to: public static long java.lang.StrictMath.multiplyExact(long,long)
Cannot find FastMath method corresponding to: public static long java.lang.StrictMath.subtractExact(long,long)
Cannot find FastMath method corresponding to: public static int java.lang.StrictMath.subtractExact(int,int)
Cannot find FastMath method corresponding to: public static int java.lang.StrictMath.toIntExact(long)
Cannot find FastMath method corresponding to: public static long java.lang.StrictMath.floorDiv(long,long)
Cannot find FastMath method corresponding to: public static int java.lang.StrictMath.floorDiv(int,int)
Cannot find FastMath method corresponding to: public static int java.lang.StrictMath.floorMod(int,int)
Cannot find FastMath method corresponding to: public static long java.lang.StrictMath.floorMod(long,long)
Cannot find FastMath method corresponding to: public static float java.lang.StrictMath.nextDown(float)
Cannot find FastMath method corresponding to: public static double java.lang.StrictMath.nextDown(double)
13:59:13.041 [main] INFO  JaguarDF - Test testLargeSample(org.apache.commons.math3.fitting.PolynomialFitterTest) : Failed
22:06:10.801 [main] INFO  JaguarDF - Jaguar-DF has finished!

real	521m24.525s
user	517m47.013s
sys	2m56.058s
