12:46:55.810 [main] INFO  JaguarDF - Welcome to Jaguar-DF CLI!
12:46:56.700 [main] DEBUG JaguarDF - CLI Arguments: [--projectDir, d4jprojects/closure-compiler, --classesDir, build/classes, --testsDir, build/test, --tests, tests.out, --logLevel, INFO]
Oct 22, 2021 12:48:35 PM com.google.javascript.jscomp.AliasStrings process
INFO: Aliasing common strings
Oct 22, 2021 12:48:35 PM com.google.javascript.jscomp.AliasStrings process
INFO: Aliasing common strings
Oct 22, 2021 12:48:35 PM com.google.javascript.jscomp.AliasStrings process
INFO: Aliasing common strings
Oct 22, 2021 12:48:35 PM com.google.javascript.jscomp.AliasStrings process
INFO: Aliasing common strings
Oct 22, 2021 12:48:35 PM com.google.javascript.jscomp.AliasStrings process
INFO: Aliasing common strings
Oct 22, 2021 12:48:35 PM com.google.javascript.jscomp.AliasStrings process
INFO: Aliasing common strings
Oct 22, 2021 12:48:37 PM com.google.javascript.jscomp.AliasStrings process
INFO: Aliasing common strings
Oct 22, 2021 12:48:37 PM com.google.javascript.jscomp.AliasStrings process
INFO: Aliasing common strings
Oct 22, 2021 12:48:37 PM com.google.javascript.jscomp.AliasStrings process
INFO: Aliasing common strings
Oct 22, 2021 12:48:37 PM com.google.javascript.jscomp.AliasStrings process
INFO: Aliasing common strings
Oct 22, 2021 12:48:37 PM com.google.javascript.jscomp.AliasStrings process
INFO: Aliasing common strings
Oct 22, 2021 12:48:37 PM com.google.javascript.jscomp.AliasStrings process
INFO: Aliasing common strings
Oct 22, 2021 12:48:37 PM com.google.javascript.jscomp.AliasStrings process
INFO: Aliasing common strings
Oct 22, 2021 12:48:37 PM com.google.javascript.jscomp.AliasStrings process
INFO: Aliasing common strings
Oct 22, 2021 12:48:37 PM com.google.javascript.jscomp.AliasStrings process
INFO: Aliasing common strings
Oct 22, 2021 12:48:37 PM com.google.javascript.jscomp.AliasStrings process
INFO: Aliasing common strings
Oct 22, 2021 12:48:39 PM com.google.javascript.jscomp.AliasStrings process
INFO: Aliasing common strings
Oct 22, 2021 12:48:39 PM com.google.javascript.jscomp.AliasStrings process
INFO: Aliasing common strings
Oct 22, 2021 12:48:39 PM com.google.javascript.jscomp.AliasStrings process
INFO: Aliasing common strings
Oct 22, 2021 12:48:39 PM com.google.javascript.jscomp.AliasStrings process
INFO: Aliasing common strings
Oct 22, 2021 12:48:39 PM com.google.javascript.jscomp.AliasStrings process
INFO: Aliasing common strings
Oct 22, 2021 12:48:39 PM com.google.javascript.jscomp.AliasStrings process
INFO: Aliasing common strings
Oct 22, 2021 12:48:41 PM com.google.javascript.jscomp.AliasStrings process
INFO: Aliasing common strings
Oct 22, 2021 12:48:41 PM com.google.javascript.jscomp.AliasStrings process
INFO: Aliasing common strings
Oct 22, 2021 12:48:43 PM com.google.javascript.jscomp.AliasStrings process
INFO: Aliasing common strings
Oct 22, 2021 12:48:43 PM com.google.javascript.jscomp.AliasStrings process
INFO: Aliasing common strings
Oct 22, 2021 12:48:43 PM com.google.javascript.jscomp.AliasStrings process
INFO: Aliasing common strings
Oct 22, 2021 12:48:43 PM com.google.javascript.jscomp.AliasStrings process
INFO: Aliasing common strings
Oct 22, 2021 12:48:45 PM com.google.javascript.jscomp.AliasStrings process
INFO: Aliasing common strings
Oct 22, 2021 12:48:45 PM com.google.javascript.jscomp.AliasStrings process
INFO: Aliasing common strings
Oct 22, 2021 12:48:47 PM com.google.javascript.jscomp.AliasStrings process
INFO: Aliasing common strings
Oct 22, 2021 12:48:47 PM com.google.javascript.jscomp.AliasStrings process
INFO: Aliasing common strings
Oct 22, 2021 12:48:47 PM com.google.javascript.jscomp.AliasStrings process
INFO: Aliasing common strings
Oct 22, 2021 12:48:47 PM com.google.javascript.jscomp.AliasStrings process
INFO: Aliasing common strings
Oct 22, 2021 12:48:47 PM com.google.javascript.jscomp.AliasStrings process
INFO: Aliasing common strings
Oct 22, 2021 12:48:47 PM com.google.javascript.jscomp.AliasStrings process
INFO: Aliasing common strings
Oct 22, 2021 12:48:47 PM com.google.javascript.jscomp.AliasStrings process
INFO: Aliasing common strings
Oct 22, 2021 12:48:47 PM com.google.javascript.jscomp.AliasStrings process
INFO: Aliasing common strings
Oct 22, 2021 12:48:47 PM com.google.javascript.jscomp.AliasStrings process
INFO: Aliasing common strings
Oct 22, 2021 12:48:47 PM com.google.javascript.jscomp.AliasStrings process
INFO: Aliasing common strings
Oct 22, 2021 12:48:47 PM com.google.javascript.jscomp.AliasStrings process
INFO: Aliasing common strings
Oct 22, 2021 12:48:47 PM com.google.javascript.jscomp.AliasStrings process
INFO: Aliasing common strings
Oct 22, 2021 12:48:47 PM com.google.javascript.jscomp.AliasStrings process
INFO: Aliasing common strings
Oct 22, 2021 12:48:47 PM com.google.javascript.jscomp.AliasStrings process
INFO: Aliasing common strings
Oct 22, 2021 12:48:47 PM com.google.javascript.jscomp.AliasStrings process
INFO: Aliasing common strings
Oct 22, 2021 12:48:47 PM com.google.javascript.jscomp.AliasStrings process
INFO: Aliasing common strings
Oct 22, 2021 12:48:49 PM com.google.javascript.jscomp.AliasStrings process
INFO: Aliasing common strings
Oct 22, 2021 12:48:49 PM com.google.javascript.jscomp.AliasStrings process
INFO: Aliasing common strings
Oct 22, 2021 12:48:51 PM com.google.javascript.jscomp.AliasStrings process
INFO: Aliasing common strings
Oct 22, 2021 12:48:51 PM com.google.javascript.jscomp.AliasStrings process
INFO: Aliasing common strings
Oct 22, 2021 12:48:53 PM com.google.javascript.jscomp.AliasStrings process
INFO: Aliasing common strings
Oct 22, 2021 12:48:53 PM com.google.javascript.jscomp.AliasStrings process
INFO: Aliasing common strings
Oct 22, 2021 12:48:53 PM com.google.javascript.jscomp.AliasStrings process
INFO: Aliasing common strings
Oct 22, 2021 12:48:53 PM com.google.javascript.jscomp.AliasStrings process
INFO: Aliasing common strings
Oct 22, 2021 12:48:53 PM com.google.javascript.jscomp.AliasStrings process
INFO: Aliasing common strings
Oct 22, 2021 12:48:53 PM com.google.javascript.jscomp.AliasStrings process
INFO: Aliasing common strings
Oct 22, 2021 12:48:53 PM com.google.javascript.jscomp.AliasStrings process
INFO: Aliasing common strings
Oct 22, 2021 12:48:53 PM com.google.javascript.jscomp.AliasStrings process
INFO: Aliasing common strings
Oct 22, 2021 12:48:53 PM com.google.javascript.jscomp.AliasStrings process
INFO: Aliasing common strings
Oct 22, 2021 12:48:53 PM com.google.javascript.jscomp.AliasStrings process
INFO: Aliasing common strings
Oct 22, 2021 12:48:53 PM com.google.javascript.jscomp.AliasStrings process
INFO: Aliasing common strings
Oct 22, 2021 12:48:53 PM com.google.javascript.jscomp.AliasStrings process
INFO: Aliasing common strings
Oct 22, 2021 12:48:53 PM com.google.javascript.jscomp.AliasStrings process
INFO: Aliasing common strings
Oct 22, 2021 12:48:53 PM com.google.javascript.jscomp.AliasStrings process
INFO: Aliasing common strings
Oct 22, 2021 12:48:55 PM com.google.javascript.jscomp.AliasStrings process
INFO: Aliasing common strings
Oct 22, 2021 12:48:55 PM com.google.javascript.jscomp.AliasStrings process
INFO: Aliasing common strings
Oct 22, 2021 12:48:57 PM com.google.javascript.jscomp.AliasStrings process
INFO: Aliasing common strings
Oct 22, 2021 12:48:57 PM com.google.javascript.jscomp.AliasStrings process
INFO: Aliasing common strings
Oct 22, 2021 12:49:00 PM com.google.javascript.jscomp.AmbiguateProperties process
INFO: Collapsed 0 properties into 1 and skipped renaming 1 properties.
Oct 22, 2021 12:49:03 PM com.google.javascript.jscomp.AmbiguateProperties process
INFO: Collapsed 0 properties into 1 and skipped renaming 0 properties.
Oct 22, 2021 12:49:05 PM com.google.javascript.jscomp.AmbiguateProperties process
INFO: Collapsed 2 properties into 2 and skipped renaming 0 properties.
Oct 22, 2021 12:49:07 PM com.google.javascript.jscomp.AmbiguateProperties process
INFO: Collapsed 0 properties into 1 and skipped renaming 1 properties.
Oct 22, 2021 12:49:10 PM com.google.javascript.jscomp.AmbiguateProperties process
INFO: Collapsed 1 properties into 1 and skipped renaming 0 properties.
Oct 22, 2021 12:49:12 PM com.google.javascript.jscomp.AmbiguateProperties process
INFO: Collapsed 0 properties into 1 and skipped renaming 1 properties.
Oct 22, 2021 12:49:15 PM com.google.javascript.jscomp.AmbiguateProperties process
INFO: Collapsed 0 properties into 1 and skipped renaming 1 properties.
Oct 22, 2021 12:49:17 PM com.google.javascript.jscomp.AmbiguateProperties process
INFO: Collapsed 0 properties into 1 and skipped renaming 1 properties.
Oct 22, 2021 12:49:19 PM com.google.javascript.jscomp.AmbiguateProperties process
INFO: Collapsed 0 properties into 1 and skipped renaming 1 properties.
Oct 22, 2021 12:49:22 PM com.google.javascript.jscomp.AmbiguateProperties process
INFO: Collapsed 0 properties into 1 and skipped renaming 0 properties.
Oct 22, 2021 12:49:24 PM com.google.javascript.jscomp.AmbiguateProperties process
INFO: Collapsed 1 properties into 1 and skipped renaming 0 properties.
Oct 22, 2021 12:49:27 PM com.google.javascript.jscomp.AmbiguateProperties process
INFO: Collapsed 0 properties into 1 and skipped renaming 0 properties.
Oct 22, 2021 12:49:29 PM com.google.javascript.jscomp.AmbiguateProperties process
INFO: Collapsed 1 properties into 1 and skipped renaming 0 properties.
Oct 22, 2021 12:49:32 PM com.google.javascript.jscomp.AmbiguateProperties process
INFO: Collapsed 2 properties into 1 and skipped renaming 0 properties.
Oct 22, 2021 12:49:34 PM com.google.javascript.jscomp.AmbiguateProperties process
INFO: Collapsed 3 properties into 1 and skipped renaming 0 properties.
Oct 22, 2021 12:49:37 PM com.google.javascript.jscomp.AmbiguateProperties process
INFO: Collapsed 1 properties into 1 and skipped renaming 1 properties.
Oct 22, 2021 12:49:37 PM com.google.javascript.jscomp.AmbiguateProperties process
INFO: Collapsed 0 properties into 1 and skipped renaming 2 properties.
Oct 22, 2021 12:49:37 PM com.google.javascript.jscomp.AmbiguateProperties process
INFO: Collapsed 2 properties into 1 and skipped renaming 0 properties.
Oct 22, 2021 12:49:39 PM com.google.javascript.jscomp.AmbiguateProperties process
INFO: Collapsed 3 properties into 3 and skipped renaming 0 properties.
Oct 22, 2021 12:49:41 PM com.google.javascript.jscomp.AmbiguateProperties process
INFO: Collapsed 3 properties into 3 and skipped renaming 0 properties.
Oct 22, 2021 12:49:44 PM com.google.javascript.jscomp.AmbiguateProperties process
INFO: Collapsed 2 properties into 2 and skipped renaming 0 properties.
Oct 22, 2021 12:49:46 PM com.google.javascript.jscomp.AmbiguateProperties process
INFO: Collapsed 2 properties into 2 and skipped renaming 0 properties.
Oct 22, 2021 12:49:49 PM com.google.javascript.jscomp.AmbiguateProperties process
INFO: Collapsed 2 properties into 2 and skipped renaming 0 properties.
Oct 22, 2021 12:49:52 PM com.google.javascript.jscomp.AmbiguateProperties process
INFO: Collapsed 1 properties into 1 and skipped renaming 1 properties.
Oct 22, 2021 12:49:54 PM com.google.javascript.jscomp.AmbiguateProperties process
INFO: Collapsed 1 properties into 1 and skipped renaming 1 properties.
Oct 22, 2021 12:49:57 PM com.google.javascript.jscomp.AmbiguateProperties process
INFO: Collapsed 1 properties into 1 and skipped renaming 0 properties.
Oct 22, 2021 12:49:59 PM com.google.javascript.jscomp.AmbiguateProperties process
INFO: Collapsed 2 properties into 2 and skipped renaming 0 properties.
Oct 22, 2021 12:50:02 PM com.google.javascript.jscomp.AmbiguateProperties process
INFO: Collapsed 2 properties into 1 and skipped renaming 0 properties.
Oct 22, 2021 12:50:04 PM com.google.javascript.jscomp.AmbiguateProperties process
INFO: Collapsed 3 properties into 2 and skipped renaming 0 properties.
Oct 22, 2021 12:50:06 PM com.google.javascript.jscomp.AmbiguateProperties process
INFO: Collapsed 3 properties into 2 and skipped renaming 0 properties.
Oct 22, 2021 12:50:09 PM com.google.javascript.jscomp.AmbiguateProperties process
INFO: Collapsed 10 properties into 5 and skipped renaming 0 properties.
Oct 22, 2021 12:50:11 PM com.google.javascript.jscomp.AmbiguateProperties process
INFO: Collapsed 6 properties into 3 and skipped renaming 0 properties.
Oct 22, 2021 12:50:14 PM com.google.javascript.jscomp.AmbiguateProperties process
INFO: Collapsed 20 properties into 10 and skipped renaming 0 properties.
Oct 22, 2021 12:50:16 PM com.google.javascript.jscomp.AmbiguateProperties process
INFO: Collapsed 10 properties into 1 and skipped renaming 0 properties.
Oct 22, 2021 12:50:19 PM com.google.javascript.jscomp.AmbiguateProperties process
INFO: Collapsed 2 properties into 1 and skipped renaming 0 properties.
Oct 22, 2021 12:50:21 PM com.google.javascript.jscomp.AmbiguateProperties process
INFO: Collapsed 0 properties into 1 and skipped renaming 1 properties.
Oct 22, 2021 1:00:27 PM com.google.javascript.jscomp.PhaseOptimizer$NamedPass process
INFO: processGoogScopeAliases
Oct 22, 2021 1:00:27 PM com.google.javascript.jscomp.PhaseOptimizer$NamedPass process
INFO: checkRequires
Oct 22, 2021 1:00:27 PM com.google.javascript.jscomp.PhaseOptimizer$NamedPass process
INFO: processProvidesAndRequires
Oct 22, 2021 1:00:27 PM com.google.javascript.jscomp.PhaseOptimizer$NamedPass process
INFO: checkVars
Oct 22, 2021 1:00:27 PM com.google.javascript.jscomp.PhaseOptimizer$NamedPass process
INFO: renameCssNames
Oct 22, 2021 1:00:27 PM com.google.javascript.jscomp.PhaseOptimizer$NamedPass process
INFO: replaceMessages
Oct 22, 2021 1:00:27 PM com.google.javascript.jscomp.PhaseOptimizer$NamedPass process
INFO: processDefines
Oct 22, 2021 1:00:27 PM com.google.javascript.jscomp.Compiler normalize
INFO: Normalizing
Oct 22, 2021 1:00:27 PM com.google.javascript.jscomp.PhaseOptimizer$NamedPass process
INFO: beforeStandardOptimizations
Oct 22, 2021 1:00:27 PM com.google.javascript.jscomp.PhaseOptimizer$NamedPass process
INFO: closureCodeRemoval
Oct 22, 2021 1:00:27 PM com.google.javascript.jscomp.PhaseOptimizer$NamedPass process
INFO: beforeMainOptimizations
Oct 22, 2021 1:00:27 PM com.google.javascript.jscomp.PhaseOptimizer$NamedPass process
INFO: beforeModuleMotion
Oct 22, 2021 1:00:27 PM com.google.javascript.jscomp.PhaseOptimizer$NamedPass process
INFO: afterModuleMotion
Oct 22, 2021 1:00:27 PM com.google.javascript.jscomp.PhaseOptimizer$NamedPass process
INFO: markUnnormalized
Oct 22, 2021 1:00:27 PM com.google.javascript.jscomp.PhaseOptimizer$NamedPass process
INFO: denormalize
Oct 22, 2021 1:00:27 PM com.google.javascript.jscomp.PhaseOptimizer$NamedPass process
INFO: invertNames
Oct 22, 2021 1:00:27 PM com.google.javascript.jscomp.LoggerErrorManager println
WARNING: foo.js:1: WARNING - 'foo.bar.goo' used but not goog.require'd

Oct 22, 2021 1:00:27 PM com.google.javascript.jscomp.LoggerErrorManager printSummary
WARNING: 0 error(s), 1 warning(s)
Closure Compiler (http://code.google.com/closure/compiler)
Version: Unversioned directory
Built on: 2021/10/22 05:45
Oct 22, 2021 1:43:12 PM com.google.javascript.jscomp.LoggerErrorManager println
WARNING: testcode:1: WARNING - Unable to determine type of parameter a for exported function d

Oct 22, 2021 1:43:12 PM com.google.javascript.jscomp.LoggerErrorManager println
WARNING: testcode:1: WARNING - Unable to determine type of parameter a for exported function e

Oct 22, 2021 1:43:12 PM com.google.javascript.jscomp.LoggerErrorManager println
WARNING: testcode:1: WARNING - Unable to determine type of parameter a for exported function f

Oct 22, 2021 1:43:12 PM com.google.javascript.jscomp.LoggerErrorManager printSummary
WARNING: 0 error(s), 3 warning(s), 100% typed
Oct 22, 2021 1:43:16 PM com.google.javascript.jscomp.LoggerErrorManager println
WARNING: testcode:1: WARNING - Unable to determine type of parameter a.b.c for exported function d

Oct 22, 2021 1:43:16 PM com.google.javascript.jscomp.LoggerErrorManager println
WARNING: testcode:1: WARNING - Unable to determine type of parameter a.b.c for exported function e

Oct 22, 2021 1:43:16 PM com.google.javascript.jscomp.LoggerErrorManager println
WARNING: testcode:1: WARNING - Unable to determine type of parameter a.b.c for exported function f

Oct 22, 2021 1:43:16 PM com.google.javascript.jscomp.LoggerErrorManager printSummary
WARNING: 0 error(s), 3 warning(s), 100% typed
Oct 22, 2021 1:43:20 PM com.google.javascript.jscomp.LoggerErrorManager println
WARNING: testcode:1: WARNING - Unable to determine type of parameter a.b for exported function p1

Oct 22, 2021 1:43:20 PM com.google.javascript.jscomp.LoggerErrorManager println
WARNING: testcode:1: WARNING - Unable to determine type of parameter a.b.c for exported function d

Oct 22, 2021 1:43:20 PM com.google.javascript.jscomp.LoggerErrorManager println
WARNING: testcode:1: WARNING - Unable to determine type of parameter a.b.c for exported function e

Oct 22, 2021 1:43:20 PM com.google.javascript.jscomp.LoggerErrorManager println
WARNING: testcode:1: WARNING - Unable to determine type of parameter a.b.c for exported function f

Oct 22, 2021 1:43:20 PM com.google.javascript.jscomp.LoggerErrorManager println
WARNING: testcode:1: WARNING - Unable to determine type of parameter a.b.prototype.c for exported function g

Oct 22, 2021 1:43:20 PM com.google.javascript.jscomp.LoggerErrorManager println
WARNING: testcode:1: WARNING - Unable to determine type of parameter a.b.prototype.c for exported function h

Oct 22, 2021 1:43:20 PM com.google.javascript.jscomp.LoggerErrorManager println
WARNING: testcode:1: WARNING - Unable to determine type of parameter a.b.prototype.c for exported function i

Oct 22, 2021 1:43:20 PM com.google.javascript.jscomp.LoggerErrorManager printSummary
WARNING: 0 error(s), 7 warning(s), 100% typed
Oct 22, 2021 1:43:24 PM com.google.javascript.jscomp.LoggerErrorManager println
WARNING: testcode:1: WARNING - Unable to determine type of parameter a.b.c for exported function d

Oct 22, 2021 1:43:24 PM com.google.javascript.jscomp.LoggerErrorManager println
WARNING: testcode:1: WARNING - Unable to determine type of parameter a.b.c for exported function e

Oct 22, 2021 1:43:24 PM com.google.javascript.jscomp.LoggerErrorManager println
WARNING: testcode:1: WARNING - Unable to determine type of parameter a.b.c for exported function f

Oct 22, 2021 1:43:24 PM com.google.javascript.jscomp.LoggerErrorManager println
WARNING: testcode:1: WARNING - Unable to determine type of parameter a.b.prototype.c for exported function g

Oct 22, 2021 1:43:24 PM com.google.javascript.jscomp.LoggerErrorManager println
WARNING: testcode:1: WARNING - Unable to determine type of parameter a.b.prototype.c for exported function h

Oct 22, 2021 1:43:24 PM com.google.javascript.jscomp.LoggerErrorManager println
WARNING: testcode:1: WARNING - Unable to determine type of parameter a.b.prototype.c for exported function i

Oct 22, 2021 1:43:24 PM com.google.javascript.jscomp.LoggerErrorManager printSummary
WARNING: 0 error(s), 6 warning(s), 100% typed
Oct 22, 2021 1:43:28 PM com.google.javascript.jscomp.LoggerErrorManager println
WARNING: testcode:1: WARNING - Unable to determine type of parameter a.b for exported function p1

Oct 22, 2021 1:43:28 PM com.google.javascript.jscomp.LoggerErrorManager println
WARNING: testcode:1: WARNING - Unable to determine type of parameter a.b.c for exported function d

Oct 22, 2021 1:43:28 PM com.google.javascript.jscomp.LoggerErrorManager println
WARNING: testcode:1: WARNING - Unable to determine type of parameter a.b.c for exported function e

Oct 22, 2021 1:43:28 PM com.google.javascript.jscomp.LoggerErrorManager println
WARNING: testcode:1: WARNING - Unable to determine type of parameter a.b.c for exported function f

Oct 22, 2021 1:43:28 PM com.google.javascript.jscomp.LoggerErrorManager printSummary
WARNING: 0 error(s), 4 warning(s), 100% typed
Oct 22, 2021 1:44:01 PM com.google.javascript.jscomp.LoggerErrorManager println
WARNING: testcode:5: WARNING - Unable to determine return type for exported function internalName
internalName = function(a) {  return 6;
                       ^

Oct 22, 2021 1:44:01 PM com.google.javascript.jscomp.LoggerErrorManager printSummary
WARNING: 0 error(s), 1 warning(s), 100% typed
Oct 22, 2021 1:44:17 PM com.google.javascript.jscomp.LoggerErrorManager println
WARNING: testcode:1: WARNING - Unable to determine return type for exported function InternalName

Oct 22, 2021 1:44:17 PM com.google.javascript.jscomp.LoggerErrorManager printSummary
WARNING: 0 error(s), 1 warning(s), 100% typed
Oct 22, 2021 1:44:26 PM com.google.javascript.jscomp.LoggerErrorManager println
WARNING: testcode:4: WARNING - Unable to determine type of parameter InternalName for exported function b

Oct 22, 2021 1:44:26 PM com.google.javascript.jscomp.LoggerErrorManager println
WARNING: testcode:4: WARNING - Unable to determine type of parameter InternalName for exported function c

Oct 22, 2021 1:44:26 PM com.google.javascript.jscomp.LoggerErrorManager printSummary
WARNING: 0 error(s), 2 warning(s), 100% typed
Oct 22, 2021 1:44:30 PM com.google.javascript.jscomp.LoggerErrorManager println
WARNING: testcode:1: WARNING - Unable to determine type of parameter a.b.c for exported function d

Oct 22, 2021 1:44:30 PM com.google.javascript.jscomp.LoggerErrorManager println
WARNING: testcode:1: WARNING - Unable to determine type of parameter a.b.c for exported function e

Oct 22, 2021 1:44:30 PM com.google.javascript.jscomp.LoggerErrorManager println
WARNING: testcode:1: WARNING - Unable to determine type of parameter a.b.c for exported function f

Oct 22, 2021 1:44:30 PM com.google.javascript.jscomp.LoggerErrorManager printSummary
WARNING: 0 error(s), 3 warning(s), 100% typed
16:08:07.888 [main] INFO  JaguarDF - Test testDuplicateVarInExterns(com.google.javascript.jscomp.NormalizeTest) : Failed
16:08:25.389 [main] INFO  JaguarDF - Test testMakeLocalNamesUnique(com.google.javascript.jscomp.NormalizeTest) : Failed
line: [0, 0, 0, 0, 0, 0, 0, 0, 1, 1, 1, 1, 1, 1, 1, 1, 1, 1, 2, 2, 3, 3]
line: [0, 0, 0, 0, 0, 0, 0, 0, 1, 1, 1, 1, 1, 1, 1, 1, 1, 1, 2, 3, 3, 3, 3, 3, 3, 3, 3, 3, 3, 2, 4, 4, 4, 4, 4, 4, 4, 4, 4, 4, 2, 5, 6, 6, 6, 6, 7, 7, 7, 7, 7, 7, 7, 7, 8, 8, 8, 8, 8, 8, 8, 8, 8, 5]
line: [0, 0, 0, 0, 0, 0, 0, 0, 1, 1, 1, 1, 1, 1, 1, 1, 1, 1, 2, 3, 3, 3, 3, 3, 3, 3, 3, 3, 3, 2, 4, 4, 4, 4, 4, 4, 4, 4, 4, 4, 2, 5, 6, 6, 6, 6, 7, 7, 7, 7, 7, 7, 7, 7, 8, 8, 8, 8, 8, 8, 8, 8, 8, 9, 9, 9, 9, 9, 10, 10, 10, 10, 10, 10, 10, 10, 11, 11, 11, 11, 11, 11, 11, 11, 11, 11, 5]
line: [0, 0, 0, 0, 0, 0, 0, 0, 1, 1, 1, 1, 1, 1, 1, 1, 1, 1, 2, 3, 3, 3, 3, 3, 3, 3, 3, 3, 3, 2, 4, 4, 4, 4, 4, 4, 4, 4, 4, 4, 2, 5, 6, 6, 6, 6, 7, 7, 7, 7, 7, 7, 7, 7, 8, 8, 8, 8, 8, 8, 8, 8, 8, 9, 9, 9, 9, 9, 10, 10, 10, 10, 10, 10, 10, 10, 11, 11, 11, 11, 11, 11, 11, 11, 11, 11, 5, 12, 12, 12, 12, 12, 12, 12, 12, 13, 13, 13, 13, 13, 13, 13, 13, 13, 13, 13, 14, 15, 15, 15, 15, 15, 15, 15, 15, 15, 15, 14, 16, 16, 16, 16, 16, 16, 16, 16, 16, 16, 14, 17, 18, 18, 18, 18, 19, 19, 19, 19, 19, 19, 19, 19, 19, 20, 20, 20, 20, 20, 20, 20, 20, 20, 20, 21, 21, 21, 21, 21, 22, 22, 22, 22, 22, 22, 22, 22, 22, 23, 23, 23, 23, 23, 23, 23, 23, 23, 23, 17]
Oct 22, 2021 7:48:43 PM com.google.javascript.jscomp.parsing.ParserRunner parse
INFO: Error parsing input: JSCompiler test code: Compilation produced 1 syntax errors.
Oct 22, 2021 7:49:04 PM com.google.javascript.jscomp.parsing.ParserRunner parse
INFO: Error parsing input: JSCompiler test code: Compilation produced 1 syntax errors.
Oct 22, 2021 7:49:19 PM com.google.javascript.jscomp.parsing.ParserRunner parse
INFO: Error parsing input: JSCompiler test code: Compilation produced 2 syntax errors.
Oct 22, 2021 7:49:24 PM com.google.javascript.jscomp.parsing.ParserRunner parse
INFO: Error parsing input: JSCompiler test code: Compilation produced 1 syntax errors.
Oct 22, 2021 7:49:30 PM com.google.javascript.jscomp.parsing.ParserRunner parse
INFO: Error parsing input: JSCompiler test code: Compilation produced 1 syntax errors.
Oct 22, 2021 7:49:35 PM com.google.javascript.jscomp.parsing.ParserRunner parse
INFO: Error parsing input: JSCompiler test code: Compilation produced 1 syntax errors.
Oct 22, 2021 7:49:45 PM com.google.javascript.jscomp.parsing.ParserRunner parse
INFO: Error parsing input: JSCompiler test code: Compilation produced 1 syntax errors.
Oct 22, 2021 7:49:50 PM com.google.javascript.jscomp.parsing.ParserRunner parse
INFO: Error parsing input: JSCompiler test code: Compilation produced 2 syntax errors.
Oct 22, 2021 7:49:55 PM com.google.javascript.jscomp.parsing.ParserRunner parse
INFO: Error parsing input: JSCompiler test code: Compilation produced 2 syntax errors.
Oct 22, 2021 7:50:11 PM com.google.javascript.jscomp.parsing.ParserRunner parse
INFO: Error parsing input: JSCompiler test code: Compilation produced 2 syntax errors.
Oct 22, 2021 7:50:47 PM com.google.javascript.jscomp.parsing.ParserRunner parse
INFO: Error parsing input: JSCompiler test code: Compilation produced 1 syntax errors.
java.lang.IllegalStateException
	at com.google.common.base.Preconditions.checkState(Preconditions.java:129)
	at com.google.javascript.rhino.jstype.PrototypeObjectType.setImplicitPrototype(PrototypeObjectType.java:390)
	at com.google.javascript.rhino.jstype.FunctionType.setPrototypeBasedOn(FunctionType.java:277)
	at com.google.javascript.rhino.jstype.JSTypeTest.testInvalidSetPrototypeBasedOn(JSTypeTest.java:4989)
	at sun.reflect.NativeMethodAccessorImpl.invoke0(Native Method)
	at sun.reflect.NativeMethodAccessorImpl.invoke(NativeMethodAccessorImpl.java:62)
	at sun.reflect.DelegatingMethodAccessorImpl.invoke(DelegatingMethodAccessorImpl.java:43)
	at java.lang.reflect.Method.invoke(Method.java:498)
	at junit.framework.TestCase.runTest(TestCase.java:168)
	at junit.framework.TestCase.runBare(TestCase.java:134)
	at junit.framework.TestResult$1.protect(TestResult.java:110)
	at junit.framework.TestResult.runProtected(TestResult.java:128)
	at junit.framework.TestResult.run(TestResult.java:113)
	at junit.framework.TestCase.run(TestCase.java:124)
	at junit.framework.TestSuite.runTest(TestSuite.java:243)
	at junit.framework.TestSuite.run(TestSuite.java:238)
	at org.junit.internal.runners.JUnit38ClassRunner.run(JUnit38ClassRunner.java:83)
	at org.junit.runners.Suite.runChild(Suite.java:128)
	at org.junit.runners.Suite.runChild(Suite.java:24)
	at org.junit.runners.ParentRunner$3.run(ParentRunner.java:193)
	at org.junit.runners.ParentRunner$1.schedule(ParentRunner.java:52)
	at org.junit.runners.ParentRunner.runChildren(ParentRunner.java:191)
	at org.junit.runners.ParentRunner.access$000(ParentRunner.java:42)
	at org.junit.runners.ParentRunner$2.evaluate(ParentRunner.java:184)
	at org.junit.runners.ParentRunner.run(ParentRunner.java:236)
	at org.junit.runner.JUnitCore.run(JUnitCore.java:157)
	at org.junit.runner.JUnitCore.run(JUnitCore.java:136)
	at org.junit.runner.JUnitCore.run(JUnitCore.java:117)
	at br.usp.each.saeg.jaguardf.cli.JaguarRunner.run(JaguarRunner.java:64)
	at br.usp.each.saeg.jaguardf.cli.JaguarRunner.main(JaguarRunner.java:96)
20:15:48.147 [main] INFO  JaguarDF - Jaguar-DF has finished!

real	448m56.623s
user	443m31.606s
sys	4m41.376s
